#
# There is insufficient memory for the Java Runtime Environment to continue.
# Native memory allocation (malloc) failed to allocate 1073536 bytes for Chunk::new
# Possible reasons:
#   The system is out of physical RAM or swap space
#   In 32 bit mode, the process size limit was hit
# Possible solutions:
#   Reduce memory load on the system
#   Increase physical memory or swap space
#   Check if swap backing store is full
#   Use 64 bit Java on a 64 bit OS
#   Decrease Java heap size (-Xmx/-Xms)
#   Decrease number of Java threads
#   Decrease Java thread stack sizes (-Xss)
#   Set larger code cache with -XX:ReservedCodeCacheSize=
# This output file may be truncated or incomplete.
#
#  Out of Memory Error (allocation.cpp:390), pid=5180, tid=3572
#
# JRE version: Java(TM) SE Runtime Environment (8.0_51-b16) (build 1.8.0_51-b16)
# Java VM: Java HotSpot(TM) 64-Bit Server VM (25.51-b03 mixed mode windows-amd64 compressed oops)
# Failed to write core dump. Minidumps are not enabled by default on client versions of Windows
#

---------------  T H R E A D  ---------------

Current thread (0x0000000055193000):  JavaThread "C2 CompilerThread1" daemon [_thread_in_native, id=3572, stack(0x00000000568e0000,0x00000000569e0000)]

Stack: [0x00000000568e0000,0x00000000569e0000]
Native frames: (J=compiled Java code, j=interpreted, Vv=VM code, C=native code)
V  [jvm.dll+0x32b4ca]


Current CompileTask:
C2:   3897 1979 %     4       com.android.dx.ssa.SCCP::run @ 93 (298 bytes)


---------------  P R O C E S S  ---------------

Java Threads: ( => current thread )
  0x0000000056cfc000 JavaThread "pool-1-thread-4" [_thread_blocked, id=3076, stack(0x0000000058260000,0x0000000058360000)]
  0x0000000056c5d000 JavaThread "pool-1-thread-3" [_thread_blocked, id=5280, stack(0x0000000058040000,0x0000000058140000)]
  0x0000000056c5c800 JavaThread "pool-1-thread-2" [_thread_blocked, id=5256, stack(0x0000000057e30000,0x0000000057f30000)]
  0x0000000056cd8000 JavaThread "pool-2-thread-1" [_thread_blocked, id=2884, stack(0x0000000057d00000,0x0000000057e00000)]
  0x0000000056cdc000 JavaThread "pool-1-thread-1" [_thread_blocked, id=2324, stack(0x0000000057b10000,0x0000000057c10000)]
  0x0000000055197000 JavaThread "Service Thread" daemon [_thread_blocked, id=5220, stack(0x0000000056e90000,0x0000000056f90000)]
  0x0000000055194800 JavaThread "C1 CompilerThread2" daemon [_thread_blocked, id=3240, stack(0x00000000563e0000,0x00000000564e0000)]
=>0x0000000055193000 JavaThread "C2 CompilerThread1" daemon [_thread_in_native, id=3572, stack(0x00000000568e0000,0x00000000569e0000)]
  0x000000005518e000 JavaThread "C2 CompilerThread0" daemon [_thread_in_vm, id=6096, stack(0x00000000567e0000,0x00000000568e0000)]
  0x000000005518c800 JavaThread "Attach Listener" daemon [_thread_blocked, id=5768, stack(0x00000000561c0000,0x00000000562c0000)]
  0x000000005519d000 JavaThread "Signal Dispatcher" daemon [_thread_blocked, id=4332, stack(0x0000000056650000,0x0000000056750000)]
  0x0000000055131000 JavaThread "Finalizer" daemon [_thread_blocked, id=5072, stack(0x00000000564f0000,0x00000000565f0000)]
  0x0000000055130000 JavaThread "Reference Handler" daemon [_thread_blocked, id=5452, stack(0x00000000562e0000,0x00000000563e0000)]
  0x0000000001d1e800 JavaThread "main" [_thread_blocked, id=3092, stack(0x00000000023a0000,0x00000000024a0000)]

Other Threads:
  0x000000005512a800 VMThread [stack: 0x0000000056060000,0x0000000056160000] [id=3644]
  0x00000000569e5000 WatcherThread [stack: 0x0000000057090000,0x0000000057190000] [id=4900]

VM state:not at safepoint (normal execution)

VM Mutex/Monitor currently owned by a thread: None

Heap:
 PSYoungGen      total 138240K, used 60016K [0x00000000eab00000, 0x00000000f3700000, 0x0000000100000000)
  eden space 133120K, 41% used [0x00000000eab00000,0x00000000ee09f8e0,0x00000000f2d00000)
  from space 5120K, 99% used [0x00000000f3200000,0x00000000f36fc780,0x00000000f3700000)
  to   space 5120K, 0% used [0x00000000f2d00000,0x00000000f2d00000,0x00000000f3200000)
 ParOldGen       total 87552K, used 25242K [0x00000000c0000000, 0x00000000c5580000, 0x00000000eab00000)
  object space 87552K, 28% used [0x00000000c0000000,0x00000000c18a69d0,0x00000000c5580000)
 Metaspace       used 6377K, capacity 7192K, committed 7424K, reserved 1056768K
  class space    used 608K, capacity 656K, committed 768K, reserved 1048576K

Card table byte_map: [0x0000000011b30000,0x0000000011d40000] byte_map_base: 0x0000000011530000

Marking Bits: (ParMarkBitMap*) 0x0000000065a84040
 Begin Bits: [0x00000000125a0000, 0x00000000135a0000)
 End Bits:   [0x00000000135a0000, 0x00000000145a0000)

Polling page: 0x0000000000340000

CodeCache: size=245760Kb used=8335Kb max_used=8335Kb free=237424Kb
 bounds [0x0000000002770000, 0x0000000002fb0000, 0x0000000011770000]
 total_blobs=2165 nmethods=1895 adapters=182
 compilation: enabled

Compilation events (10 events):
Event: 3.816 Thread 0x000000005518e000 1980       4       com.android.dx.rop.code.Rop::hashCode (54 bytes)
Event: 3.824 Thread 0x000000005518e000 nmethod 1980 0x0000000002f4d750 code [0x0000000002f4d8c0, 0x0000000002f4dfb8]
Event: 3.824 Thread 0x000000005518e000 1976       4       com.android.dx.ssa.back.FirstFitLocalCombiningAllocator::getAlignment (32 bytes)
Event: 3.824 Thread 0x000000005518e000 nmethod 1976 0x0000000002c0d110 code [0x0000000002c0d240, 0x0000000002c0d2b8]
Event: 3.824 Thread 0x000000005518e000 1974       4       com.android.dx.dex.code.RopTranslator::getRegs (64 bytes)
Event: 3.829 Thread 0x000000005518e000 nmethod 1974 0x0000000002f54ed0 code [0x0000000002f55060, 0x0000000002f55508]
Event: 3.830 Thread 0x000000005518e000 1981       4       com.android.dx.cf.code.Simulator$SimVisitor::visitLocal (329 bytes)
Event: 3.883 Thread 0x0000000055194800 1984   !   3       com.android.dx.rop.code.RegisterSpec::intern (70 bytes)
Event: 3.883 Thread 0x0000000055194800 nmethod 1984 0x0000000002f56010 code [0x0000000002f56240, 0x0000000002f56ee8]
Event: 3.883 Thread 0x0000000055194800 1985       3       com.android.dx.ssa.LiteralOpUpgrader$1::visitNonMoveInsn (203 bytes)

GC Heap History (8 events):
Event: 0.931 GC heap before
{Heap before GC invocations=1 (full 0):
 PSYoungGen      total 38400K, used 33280K [0x00000000eab00000, 0x00000000ed580000, 0x0000000100000000)
  eden space 33280K, 100% used [0x00000000eab00000,0x00000000ecb80000,0x00000000ecb80000)
  from space 5120K, 0% used [0x00000000ed080000,0x00000000ed080000,0x00000000ed580000)
  to   space 5120K, 0% used [0x00000000ecb80000,0x00000000ecb80000,0x00000000ed080000)
 ParOldGen       total 87552K, used 0K [0x00000000c0000000, 0x00000000c5580000, 0x00000000eab00000)
  object space 87552K, 0% used [0x00000000c0000000,0x00000000c0000000,0x00000000c5580000)
 Metaspace       used 5901K, capacity 6896K, committed 7040K, reserved 1056768K
  class space    used 587K, capacity 616K, committed 640K, reserved 1048576K
Event: 1.005 GC heap after
Heap after GC invocations=1 (full 0):
 PSYoungGen      total 38400K, used 5089K [0x00000000eab00000, 0x00000000ef600000, 0x0000000100000000)
  eden space 33280K, 0% used [0x00000000eab00000,0x00000000eab00000,0x00000000ecb80000)
  from space 5120K, 99% used [0x00000000ecb80000,0x00000000ed078718,0x00000000ed080000)
  to   space 5120K, 0% used [0x00000000ef100000,0x00000000ef100000,0x00000000ef600000)
 ParOldGen       total 87552K, used 1186K [0x00000000c0000000, 0x00000000c5580000, 0x00000000eab00000)
  object space 87552K, 1% used [0x00000000c0000000,0x00000000c0128b48,0x00000000c5580000)
 Metaspace       used 5901K, capacity 6896K, committed 7040K, reserved 1056768K
  class space    used 587K, capacity 616K, committed 640K, reserved 1048576K
}
Event: 1.230 GC heap before
{Heap before GC invocations=2 (full 0):
 PSYoungGen      total 38400K, used 38369K [0x00000000eab00000, 0x00000000ef600000, 0x0000000100000000)
  eden space 33280K, 100% used [0x00000000eab00000,0x00000000ecb80000,0x00000000ecb80000)
  from space 5120K, 99% used [0x00000000ecb80000,0x00000000ed078718,0x00000000ed080000)
  to   space 5120K, 0% used [0x00000000ef100000,0x00000000ef100000,0x00000000ef600000)
 ParOldGen       total 87552K, used 1186K [0x00000000c0000000, 0x00000000c5580000, 0x00000000eab00000)
  object space 87552K, 1% used [0x00000000c0000000,0x00000000c0128b48,0x00000000c5580000)
 Metaspace       used 6088K, capacity 7024K, committed 7296K, reserved 1056768K
  class space    used 587K, capacity 616K, committed 640K, reserved 1048576K
Event: 1.347 GC heap after
Heap after GC invocations=2 (full 0):
 PSYoungGen      total 71680K, used 5088K [0x00000000eab00000, 0x00000000ef600000, 0x0000000100000000)
  eden space 66560K, 0% used [0x00000000eab00000,0x00000000eab00000,0x00000000eec00000)
  from space 5120K, 99% used [0x00000000ef100000,0x00000000ef5f8028,0x00000000ef600000)
  to   space 5120K, 0% used [0x00000000eec00000,0x00000000eec00000,0x00000000ef100000)
 ParOldGen       total 87552K, used 5288K [0x00000000c0000000, 0x00000000c5580000, 0x00000000eab00000)
  object space 87552K, 6% used [0x00000000c0000000,0x00000000c052a3f0,0x00000000c5580000)
 Metaspace       used 6088K, capacity 7024K, committed 7296K, reserved 1056768K
  class space    used 587K, capacity 616K, committed 640K, reserved 1048576K
}
Event: 2.054 GC heap before
{Heap before GC invocations=3 (full 0):
 PSYoungGen      total 71680K, used 71648K [0x00000000eab00000, 0x00000000ef600000, 0x0000000100000000)
  eden space 66560K, 100% used [0x00000000eab00000,0x00000000eec00000,0x00000000eec00000)
  from space 5120K, 99% used [0x00000000ef100000,0x00000000ef5f8028,0x00000000ef600000)
  to   space 5120K, 0% used [0x00000000eec00000,0x00000000eec00000,0x00000000ef100000)
 ParOldGen       total 87552K, used 5288K [0x00000000c0000000, 0x00000000c5580000, 0x00000000eab00000)
  object space 87552K, 6% used [0x00000000c0000000,0x00000000c052a3f0,0x00000000c5580000)
 Metaspace       used 6207K, capacity 7088K, committed 7296K, reserved 1056768K
  class space    used 588K, capacity 616K, committed 640K, reserved 1048576K
Event: 2.077 GC heap after
Heap after GC invocations=3 (full 0):
 PSYoungGen      total 71680K, used 5110K [0x00000000eab00000, 0x00000000f3700000, 0x0000000100000000)
  eden space 66560K, 0% used [0x00000000eab00000,0x00000000eab00000,0x00000000eec00000)
  from space 5120K, 99% used [0x00000000eec00000,0x00000000ef0fdbc0,0x00000000ef100000)
  to   space 5120K, 0% used [0x00000000f3200000,0x00000000f3200000,0x00000000f3700000)
 ParOldGen       total 87552K, used 14947K [0x00000000c0000000, 0x00000000c5580000, 0x00000000eab00000)
  object space 87552K, 17% used [0x00000000c0000000,0x00000000c0e98ee0,0x00000000c5580000)
 Metaspace       used 6207K, capacity 7088K, committed 7296K, reserved 1056768K
  class space    used 588K, capacity 616K, committed 640K, reserved 1048576K
}
Event: 2.266 GC heap before
{Heap before GC invocations=4 (full 0):
 PSYoungGen      total 71680K, used 71670K [0x00000000eab00000, 0x00000000f3700000, 0x0000000100000000)
  eden space 66560K, 100% used [0x00000000eab00000,0x00000000eec00000,0x00000000eec00000)
  from space 5120K, 99% used [0x00000000eec00000,0x00000000ef0fdbc0,0x00000000ef100000)
  to   space 5120K, 0% used [0x00000000f3200000,0x00000000f3200000,0x00000000f3700000)
 ParOldGen       total 87552K, used 14947K [0x00000000c0000000, 0x00000000c5580000, 0x00000000eab00000)
  object space 87552K, 17% used [0x00000000c0000000,0x00000000c0e98ee0,0x00000000c5580000)
 Metaspace       used 6359K, capacity 7192K, committed 7424K, reserved 1056768K
  class space    used 608K, capacity 656K, committed 768K, reserved 1048576K
Event: 2.363 GC heap after
Heap after GC invocations=4 (full 0):
 PSYoungGen      total 138240K, used 5105K [0x00000000eab00000, 0x00000000f3700000, 0x0000000100000000)
  eden space 133120K, 0% used [0x00000000eab00000,0x00000000eab00000,0x00000000f2d00000)
  from space 5120K, 99% used [0x00000000f3200000,0x00000000f36fc780,0x00000000f3700000)
  to   space 5120K, 0% used [0x00000000f2d00000,0x00000000f2d00000,0x00000000f3200000)
 ParOldGen       total 87552K, used 25242K [0x00000000c0000000, 0x00000000c5580000, 0x00000000eab00000)
  object space 87552K, 28% used [0x00000000c0000000,0x00000000c18a69d0,0x00000000c5580000)
 Metaspace       used 6359K, capacity 7192K, committed 7424K, reserved 1056768K
  class space    used 608K, capacity 656K, committed 768K, reserved 1048576K
}

Deoptimization events (10 events):
Event: 2.172 Thread 0x0000000056cdc000 Uncommon trap: reason=unstable_if action=reinterpret pc=0x0000000002b44000 method=java.util.HashMap.putVal(ILjava/lang/Object;Ljava/lang/Object;ZZ)Ljava/lang/Object; @ 162
Event: 2.190 Thread 0x0000000001d1e800 Uncommon trap: reason=unstable_if action=reinterpret pc=0x0000000002e1914c method=java.util.HashMap.resize()[Ljava/util/HashMap$Node; @ 206
Event: 2.219 Thread 0x0000000056c5c800 Uncommon trap: reason=unstable_if action=reinterpret pc=0x0000000002db4380 method=com.android.dx.ssa.SCCP.simulateBranch(Lcom/android/dx/ssa/SsaInsn;)V @ 64
Event: 2.219 Thread 0x0000000056c5c800 Uncommon trap: reason=unstable_if action=reinterpret pc=0x0000000002e50504 method=com.android.dx.ssa.LiteralOpUpgrader$1.visitNonMoveInsn(Lcom/android/dx/ssa/NormalSsaInsn;)V @ 55
Event: 2.219 Thread 0x0000000056c5c800 Uncommon trap: reason=unstable_if action=reinterpret pc=0x0000000002b36f0c method=com.android.dx.ssa.SsaMethod.updateOneDefinition(Lcom/android/dx/ssa/SsaInsn;Lcom/android/dx/rop/code/RegisterSpec;)V @ 4
Event: 2.369 Thread 0x0000000056c5c800 Uncommon trap: reason=unstable_if action=reinterpret pc=0x0000000002dedb00 method=java.util.HashMap.getNode(ILjava/lang/Object;)Ljava/util/HashMap$Node; @ 84
Event: 2.407 Thread 0x0000000056c5d000 Uncommon trap: reason=bimorphic action=maybe_recompile pc=0x0000000002e4c000 method=java.util.HashMap.putVal(ILjava/lang/Object;Ljava/lang/Object;ZZ)Ljava/lang/Object; @ 203
Event: 3.212 Thread 0x0000000056cdc000 Uncommon trap: reason=bimorphic action=maybe_recompile pc=0x0000000002eae4e4 method=com.android.dx.cf.code.BytecodeArray.parseInstruction(ILcom/android/dx/cf/code/BytecodeArray$Visitor;)I @ 1501
Event: 3.212 Thread 0x0000000056cdc000 Uncommon trap: reason=bimorphic action=maybe_recompile pc=0x0000000002eae4e4 method=com.android.dx.cf.code.BytecodeArray.parseInstruction(ILcom/android/dx/cf/code/BytecodeArray$Visitor;)I @ 1501
Event: 3.222 Thread 0x0000000056cdc000 Uncommon trap: reason=bimorphic action=maybe_recompile pc=0x0000000002e4c000 method=java.util.HashMap.putVal(ILjava/lang/Object;Ljava/lang/Object;ZZ)Ljava/lang/Object; @ 203

Internal exceptions (7 events):
Event: 0.111 Thread 0x0000000001d1e800 Exception <a 'java/lang/NoSuchMethodError': Method sun.misc.Unsafe.defineClass(Ljava/lang/String;[BII)Ljava/lang/Class; name or signature does not match> (0x00000000eab0d5e0) thrown at [C:\re\workspace\8-2-build-windows-amd64-cygwin\jdk8u51\3951\hotspot\sr’ó÷^m¼?
Event: 0.111 Thread 0x0000000001d1e800 Exception <a 'java/lang/NoSuchMethodError': Method sun.misc.Unsafe.prefetchRead(Ljava/lang/Object;J)V name or signature does not match> (0x00000000eab0d870) thrown at [C:\re\workspace\8-2-build-windows-amd64-cygwin\jdk8u51\3951\hotspot\src\share\vm\prims\j—–Þ˜bKó?
Event: 1.206 Thread 0x0000000056c5c800 Implicit null exception at 0x0000000002b863a8 to 0x0000000002b87a75
Event: 1.208 Thread 0x0000000056c5c800 Implicit null exception at 0x0000000002b974b3 to 0x0000000002b98921
Event: 2.173 Thread 0x0000000056cdc000 Exception <a 'java/lang/ArrayIndexOutOfBoundsException': 18> (0x00000000ecad2cc0) thrown at [C:\re\workspace\8-2-build-windows-amd64-cygwin\jdk8u51\3951\hotspot\src\share\vm\interpreter\interpreterRuntime.cpp, line 366]
Event: 2.173 Thread 0x0000000056cdc000 Exception <a 'java/lang/ArrayIndexOutOfBoundsException': 145> (0x00000000ecad4790) thrown at [C:\re\workspace\8-2-build-windows-amd64-cygwin\jdk8u51\3951\hotspot\src\share\vm\interpreter\interpreterRuntime.cpp, line 366]
Event: 2.174 Thread 0x0000000056cdc000 Exception <a 'java/lang/ArrayIndexOutOfBoundsException'> (0x00000000ecad59c8) thrown at [C:\re\workspace\8-2-build-windows-amd64-cygwin\jdk8u51\3951\hotspot\src\share\vm\runtime\sharedRuntime.cpp, line 605]

Events (10 events):
Event: 3.212 Thread 0x0000000056cdc000 Uncommon trap: trap_request=0xffffffc6 fr.pc=0x0000000002eae4e4
Event: 3.212 Thread 0x0000000056cdc000 DEOPT PACKING pc=0x0000000002eae4e4 sp=0x0000000057c0e520
Event: 3.213 Thread 0x0000000056cdc000 DEOPT UNPACKING pc=0x00000000027b582a sp=0x0000000057c0e4f0 mode 2
Event: 3.222 Thread 0x0000000056cdc000 Uncommon trap: trap_request=0xffffffc6 fr.pc=0x0000000002e4c000
Event: 3.222 Thread 0x0000000056cdc000 DEOPT PACKING pc=0x0000000002e4c000 sp=0x0000000057c0e6b0
Event: 3.222 Thread 0x0000000056cdc000 DEOPT UNPACKING pc=0x00000000027b582a sp=0x0000000057c0e638 mode 2
Event: 3.787 Thread 0x0000000056cdc000 DEOPT PACKING pc=0x0000000002b72cfd sp=0x0000000057c0eb40
Event: 3.787 Thread 0x0000000056cdc000 DEOPT UNPACKING pc=0x00000000027b787f sp=0x0000000057c0e820 mode 0
Event: 3.883 Thread 0x0000000056cdc000 DEOPT PACKING pc=0x0000000002b6fbc7 sp=0x0000000057c0e960
Event: 3.883 Thread 0x0000000056cdc000 DEOPT UNPACKING pc=0x00000000027b787f sp=0x0000000057c0e770 mode 0


Dynamic libraries:
0x000000013f060000 - 0x000000013f097000 	C:\java\jdk8u51\bin\java.exe
0x0000000077bd0000 - 0x0000000077d7a000 	C:\Windows\SYSTEM32\ntdll.dll
0x0000000077ab0000 - 0x0000000077bcf000 	C:\Windows\system32\kernel32.dll
0x000007fefd970000 - 0x000007fefd9da000 	C:\Windows\system32\KERNELBASE.dll
0x000007feff040000 - 0x000007feff11b000 	C:\Windows\system32\ADVAPI32.dll
0x000007feffbd0000 - 0x000007feffc6f000 	C:\Windows\system32\msvcrt.dll
0x000007feff1a0000 - 0x000007feff1bf000 	C:\Windows\SYSTEM32\sechost.dll
0x000007feff880000 - 0x000007feff9ad000 	C:\Windows\system32\RPCRT4.dll
0x00000000779b0000 - 0x0000000077aaa000 	C:\Windows\system32\USER32.dll
0x000007feff1c0000 - 0x000007feff227000 	C:\Windows\system32\GDI32.dll
0x000007fefed60000 - 0x000007fefed6e000 	C:\Windows\system32\LPK.dll
0x000007feff230000 - 0x000007feff2fa000 	C:\Windows\system32\USP10.dll
0x000007fefc220000 - 0x000007fefc414000 	C:\Windows\WinSxS\amd64_microsoft.windows.common-controls_6595b64144ccf1df_6.0.7601.18837_none_fa3b1e3d17594757\COMCTL32.dll
0x000007feffc70000 - 0x000007feffce1000 	C:\Windows\system32\SHLWAPI.dll
0x000007feffba0000 - 0x000007feffbce000 	C:\Windows\system32\IMM32.DLL
0x000007feffdd0000 - 0x000007feffed9000 	C:\Windows\system32\MSCTF.dll
0x0000000061990000 - 0x0000000061a62000 	C:\java\jdk8u51\jre\bin\msvcr100.dll
0x0000000065280000 - 0x0000000065b03000 	C:\java\jdk8u51\jre\bin\server\jvm.dll
0x000007fef8df0000 - 0x000007fef8df9000 	C:\Windows\system32\WSOCK32.dll
0x000007fefea60000 - 0x000007fefeaad000 	C:\Windows\system32\WS2_32.dll
0x000007fefeb50000 - 0x000007fefeb58000 	C:\Windows\system32\NSI.dll
0x000007fefb090000 - 0x000007fefb0cb000 	C:\Windows\system32\WINMM.dll
0x000007fefc840000 - 0x000007fefc84c000 	C:\Windows\system32\VERSION.dll
0x0000000077da0000 - 0x0000000077da7000 	C:\Windows\system32\PSAPI.DLL
0x0000000066d40000 - 0x0000000066d4f000 	C:\java\jdk8u51\jre\bin\verify.dll
0x0000000066be0000 - 0x0000000066c09000 	C:\java\jdk8u51\jre\bin\java.dll
0x0000000066bc0000 - 0x0000000066bd6000 	C:\java\jdk8u51\jre\bin\zip.dll
0x000007fefdcd0000 - 0x000007fefea59000 	C:\Windows\system32\SHELL32.dll
0x000007feff300000 - 0x000007feff503000 	C:\Windows\system32\ole32.dll
0x000007fefd920000 - 0x000007fefd92f000 	C:\Windows\system32\profapi.dll

VM Arguments:
jvm_args: -Djava.awt.headless=true -Xmx1024M -Dfile.encoding=windows-1252 -Duser.country=GB -Duser.language=en -Duser.variant 
java_command: com.android.dx.command.Main --dex --force-jumbo --num-threads=4 --output C:\LoicDev\Ancien_Dico_Stage\app\build\intermediates\pre-dexed\debug\httpclient-android-4.3.5.1_9b0d149523fbcb48f4d56ef589a5d05077989d90.jar C:\Users\dineen\.gradle\caches\modules-2\files-2.1\org.apache.httpcomponents\httpclient-android\4.3.5.1\eecbb0b998e77629862a13d957d552b3be58fc4e\httpclient-android-4.3.5.1.jar
java_class_path (initial): C:\AndroidSDK\build-tools\23.0.3\lib\dx.jar
Launcher Type: SUN_STANDARD

Environment Variables:
JAVA_HOME=C:\java\jdk8u51
PATH=C:\Program Files (x86)\Intel\iCLS Client\;C:\Program Files\Intel\iCLS Client\;C:\ProgramData\Oracle\Java\javapath;C:\Windows\system32;C:\Windows;C:\Windows\System32\Wbem;C:\Windows\System32\WindowsPowerShell\v1.0\;C:\Program Files (x86)\AMD\ATI.ACE\Core-Static;C:\java\jdk8u51\bin;C:\Program Files (x86)\Windows Kits\8.1\Windows Performance Toolkit\;C:\Program Files\Microsoft SQL Server\110\Tools\Binn\;C:\Program Files (x86)\Microsoft SDKs\TypeScript\1.0\;C:\Program Files\Microsoft SQL Server\120\Tools\Binn\;C:\Program Files\Intel\Intel(R) Management Engine Components\DAL;C:\Program Files\Intel\Intel(R) Management Engine Components\IPT;C:\Program Files (x86)\Intel\Intel(R) Management Engine Components\DAL;C:\Program Files (x86)\Intel\Intel(R) Management Engine Components\IPT;C:\Program Files\Git\cmd;C:\Program Files (x86)\WinMerge
USERNAME=dineen
OS=Windows_NT
PROCESSOR_IDENTIFIER=Intel64 Family 6 Model 58 Stepping 9, GenuineIntel



---------------  S Y S T E M  ---------------

OS: Windows 7 , 64 bit Build 7601 (6.1.7601.23418)

CPU:total 4 (4 cores per cpu, 1 threads per core) family 6 model 58 stepping 9, cmov, cx8, fxsr, mmx, sse, sse2, sse3, ssse3, sse4.1, sse4.2, popcnt, avx, aes, clmul, erms, tsc, tscinvbit, tscinv

Memory: 4k page, physical 8342068k(844564k free), swap 10437360k(5224k free)

vm_info: Java HotSpot(TM) 64-Bit Server VM (25.51-b03) for windows-amd64 JRE (1.8.0_51-b16), built on Jun  8 2015 18:03:07 by "java_re" with MS VC++ 10.0 (VS2010)

time: Wed Aug 03 14:26:08 2016
elapsed time: 3 seconds (0d 0h 0m 3s)

