#
# There is insufficient memory for the Java Runtime Environment to continue.
# Native memory allocation (malloc) failed to allocate 32744 bytes for ChunkPool::allocate
# Possible reasons:
#   The system is out of physical RAM or swap space
#   In 32 bit mode, the process size limit was hit
# Possible solutions:
#   Reduce memory load on the system
#   Increase physical memory or swap space
#   Check if swap backing store is full
#   Use 64 bit Java on a 64 bit OS
#   Decrease Java heap size (-Xmx/-Xms)
#   Decrease number of Java threads
#   Decrease Java thread stack sizes (-Xss)
#   Set larger code cache with -XX:ReservedCodeCacheSize=
# This output file may be truncated or incomplete.
#
#  Out of Memory Error (allocation.cpp:273), pid=4668, tid=5924
#
# JRE version: Java(TM) SE Runtime Environment (8.0_51-b16) (build 1.8.0_51-b16)
# Java VM: Java HotSpot(TM) 64-Bit Server VM (25.51-b03 mixed mode windows-amd64 compressed oops)
# Failed to write core dump. Minidumps are not enabled by default on client versions of Windows
#

---------------  T H R E A D  ---------------

Current thread (0x0000000054e7e800):  JavaThread "C2 CompilerThread0" daemon [_thread_in_native, id=5924, stack(0x00000000565f0000,0x00000000566f0000)]

Stack: [0x00000000565f0000,0x00000000566f0000]
Native frames: (J=compiled Java code, j=interpreted, Vv=VM code, C=native code)
V  [jvm.dll+0x32b4ca]


Current CompileTask:
C2:   1860 1240       4       com.android.dx.ssa.SCCP::simulateStmt (481 bytes)


---------------  P R O C E S S  ---------------

Java Threads: ( => current thread )
  0x0000000056deb800 JavaThread "pool-2-thread-4" [_thread_blocked, id=5744, stack(0x0000000057d70000,0x0000000057e70000)]
  0x0000000056de9000 JavaThread "pool-2-thread-3" [_thread_in_Java, id=4780, stack(0x0000000057ec0000,0x0000000057fc0000)]
  0x0000000056dbf000 JavaThread "pool-2-thread-2" [_thread_blocked, id=5716, stack(0x0000000057c00000,0x0000000057d00000)]
  0x0000000056dbe800 JavaThread "pool-3-thread-1" [_thread_in_vm, id=4524, stack(0x0000000057060000,0x0000000057160000)]
  0x0000000056dbd800 JavaThread "pool-2-thread-1" [_thread_blocked, id=3772, stack(0x0000000057a90000,0x0000000057b90000)]
  0x0000000054e87000 JavaThread "Service Thread" daemon [_thread_blocked, id=5632, stack(0x0000000056ee0000,0x0000000056fe0000)]
  0x0000000054e85000 JavaThread "C1 CompilerThread2" daemon [_thread_in_native, id=5516, stack(0x00000000569c0000,0x0000000056ac0000)]
  0x0000000054e83800 JavaThread "C2 CompilerThread1" daemon [_thread_in_native, id=5196, stack(0x0000000056810000,0x0000000056910000)]
=>0x0000000054e7e800 JavaThread "C2 CompilerThread0" daemon [_thread_in_native, id=5924, stack(0x00000000565f0000,0x00000000566f0000)]
  0x0000000054e8e800 JavaThread "Attach Listener" daemon [_thread_blocked, id=1512, stack(0x00000000564c0000,0x00000000565c0000)]
  0x0000000054e8d800 JavaThread "Signal Dispatcher" daemon [_thread_blocked, id=3108, stack(0x0000000056050000,0x0000000056150000)]
  0x0000000054e21800 JavaThread "Finalizer" daemon [_thread_blocked, id=5916, stack(0x0000000056360000,0x0000000056460000)]
  0x0000000054e20000 JavaThread "Reference Handler" daemon [_thread_blocked, id=708, stack(0x00000000561b0000,0x00000000562b0000)]
  0x000000000217e800 JavaThread "main" [_thread_blocked, id=3980, stack(0x00000000021c0000,0x00000000022c0000)]

Other Threads:
  0x0000000054e1a800 VMThread [stack: 0x0000000055f40000,0x0000000056040000] [id=5528]
  0x0000000056b1d000 WatcherThread [stack: 0x0000000057170000,0x0000000057270000] [id=2708]

VM state:not at safepoint (normal execution)

VM Mutex/Monitor currently owned by a thread:  ([mutex/lock_event])
[0x000000000217b870] CodeCache_lock - owner thread: 0x0000000056dbe800
[0x000000000217c9a0] AdapterHandlerLibrary_lock - owner thread: 0x0000000056dbe800
[0x000000000217cfa0] MethodData_lock - owner thread: 0x0000000000000000

Heap:
 PSYoungGen      total 38400K, used 15229K [0x00000000eab00000, 0x00000000ef600000, 0x0000000100000000)
  eden space 33280K, 30% used [0x00000000eab00000,0x00000000eb4e51f8,0x00000000ecb80000)
  from space 5120K, 99% used [0x00000000ecb80000,0x00000000ed07a410,0x00000000ed080000)
  to   space 5120K, 0% used [0x00000000ef100000,0x00000000ef100000,0x00000000ef600000)
 ParOldGen       total 87552K, used 872K [0x00000000c0000000, 0x00000000c5580000, 0x00000000eab00000)
  object space 87552K, 0% used [0x00000000c0000000,0x00000000c00da318,0x00000000c5580000)
 Metaspace       used 5961K, capacity 6896K, committed 7040K, reserved 1056768K
  class space    used 584K, capacity 616K, committed 640K, reserved 1048576K

Card table byte_map: [0x00000000119f0000,0x0000000011c00000] byte_map_base: 0x00000000113f0000

Marking Bits: (ParMarkBitMap*) 0x000000006fc84040
 Begin Bits: [0x0000000012290000, 0x0000000013290000)
 End Bits:   [0x0000000013290000, 0x0000000014290000)

Polling page: 0x0000000000330000

CodeCache: size=245760Kb used=4924Kb max_used=4933Kb free=240835Kb
 bounds [0x0000000002630000, 0x0000000002b10000, 0x0000000011630000]
 total_blobs=1515 nmethods=1245 adapters=182
 compilation: enabled

Compilation events (10 events):
Event: 1.829 Thread 0x0000000054e85000 nmethod 1242 0x0000000002af0290 code [0x0000000002af0400, 0x0000000002af0588]
Event: 1.837 Thread 0x0000000054e83800 nmethod 1243 0x0000000002af8550 code [0x0000000002af86e0, 0x0000000002af8f28]
Event: 1.837 Thread 0x0000000054e83800 1244       4       com.android.dx.ssa.SCCP::simulateBranch (666 bytes)
Event: 1.855 Thread 0x0000000054e85000 1245       3       java.util.concurrent.ThreadPoolExecutor::isRunning (10 bytes)
Event: 1.855 Thread 0x0000000054e85000 nmethod 1245 0x0000000002afecd0 code [0x0000000002afee20, 0x0000000002afefb0]
Event: 1.855 Thread 0x0000000054e85000 1246       3       com.android.dx.cf.attrib.BaseAttribute::<init> (24 bytes)
Event: 1.855 Thread 0x0000000054e85000 nmethod 1246 0x0000000002af8010 code [0x0000000002af8180, 0x0000000002af8448]
Event: 1.855 Thread 0x0000000054e85000 1247       3       com.android.dx.cf.direct.DirectClassFile::parseToEndIfNecessary (12 bytes)
Event: 1.856 Thread 0x0000000054e85000 nmethod 1247 0x0000000002af7c50 code [0x0000000002af7dc0, 0x0000000002af7f88]
Event: 1.859 Thread 0x0000000054e85000 1251       3       com.android.dx.ssa.back.IdenticalBlockCombiner::process (323 bytes)

GC Heap History (2 events):
Event: 1.511 GC heap before
{Heap before GC invocations=1 (full 0):
 PSYoungGen      total 38400K, used 33280K [0x00000000eab00000, 0x00000000ed580000, 0x0000000100000000)
  eden space 33280K, 100% used [0x00000000eab00000,0x00000000ecb80000,0x00000000ecb80000)
  from space 5120K, 0% used [0x00000000ed080000,0x00000000ed080000,0x00000000ed580000)
  to   space 5120K, 0% used [0x00000000ecb80000,0x00000000ecb80000,0x00000000ed080000)
 ParOldGen       total 87552K, used 0K [0x00000000c0000000, 0x00000000c5580000, 0x00000000eab00000)
  object space 87552K, 0% used [0x00000000c0000000,0x00000000c0000000,0x00000000c5580000)
 Metaspace       used 5836K, capacity 6768K, committed 7040K, reserved 1056768K
  class space    used 583K, capacity 616K, committed 640K, reserved 1048576K
Event: 1.679 GC heap after
Heap after GC invocations=1 (full 0):
 PSYoungGen      total 38400K, used 5097K [0x00000000eab00000, 0x00000000ef600000, 0x0000000100000000)
  eden space 33280K, 0% used [0x00000000eab00000,0x00000000eab00000,0x00000000ecb80000)
  from space 5120K, 99% used [0x00000000ecb80000,0x00000000ed07a410,0x00000000ed080000)
  to   space 5120K, 0% used [0x00000000ef100000,0x00000000ef100000,0x00000000ef600000)
 ParOldGen       total 87552K, used 872K [0x00000000c0000000, 0x00000000c5580000, 0x00000000eab00000)
  object space 87552K, 0% used [0x00000000c0000000,0x00000000c00da318,0x00000000c5580000)
 Metaspace       used 5836K, capacity 6768K, committed 7040K, reserved 1056768K
  class space    used 583K, capacity 616K, committed 640K, reserved 1048576K
}

Deoptimization events (3 events):
Event: 0.478 Thread 0x000000000217e800 Uncommon trap: reason=unstable_if action=reinterpret pc=0x000000000279b500 method=java.lang.String.indexOf(II)I @ 49
Event: 1.415 Thread 0x000000000217e800 Uncommon trap: reason=unstable_if action=reinterpret pc=0x0000000002a3fc40 method=com.android.dx.ssa.SsaRenamer$BlockRenamer.addMapping(ILcom/android/dx/rop/code/RegisterSpec;)V @ 120
Event: 1.726 Thread 0x0000000056dbd800 Uncommon trap: reason=unstable_if action=reinterpret pc=0x00000000029f2e84 method=com.android.dx.rop.cst.Constant.compareTo(Lcom/android/dx/rop/cst/Constant;)I @ 12

Internal exceptions (2 events):
Event: 0.072 Thread 0x000000000217e800 Exception <a 'java/lang/NoSuchMethodError': Method sun.misc.Unsafe.defineClass(Ljava/lang/String;[BII)Ljava/lang/Class; name or signature does not match> (0x00000000eab0d608) thrown at [C:\re\workspace\8-2-build-windows-amd64-cygwin\jdk8u51\3951\hotspot\sráºÙË´|²?
Event: 0.072 Thread 0x000000000217e800 Exception <a 'java/lang/NoSuchMethodError': Method sun.misc.Unsafe.prefetchRead(Ljava/lang/Object;J)V name or signature does not match> (0x00000000eab0d898) thrown at [C:\re\workspace\8-2-build-windows-amd64-cygwin\jdk8u51\3951\hotspot\src\share\vm\prims\j

Events (10 events):
Event: 1.415 Thread 0x000000000217e800 Uncommon trap: trap_request=0xffffff65 fr.pc=0x0000000002a3fc40
Event: 1.415 Thread 0x000000000217e800 DEOPT PACKING pc=0x0000000002a3fc40 sp=0x00000000022bdf30
Event: 1.415 Thread 0x000000000217e800 DEOPT UNPACKING pc=0x000000000267582a sp=0x00000000022bdec0 mode 2
Event: 1.465 Executing VM operation: ParallelGCFailedAllocation
Event: 1.679 Executing VM operation: ParallelGCFailedAllocation done
Event: 1.704 loading class java/util/DualPivotQuicksort
Event: 1.704 loading class java/util/DualPivotQuicksort done
Event: 1.726 Thread 0x0000000056dbd800 Uncommon trap: trap_request=0xffffff65 fr.pc=0x00000000029f2e84
Event: 1.726 Thread 0x0000000056dbd800 DEOPT PACKING pc=0x00000000029f2e84 sp=0x0000000057b8eaa0
Event: 1.726 Thread 0x0000000056dbd800 DEOPT UNPACKING pc=0x000000000267582a sp=0x0000000057b8ea40 mode 2


Dynamic libraries:
0x000000013f130000 - 0x000000013f167000 	C:\java\jdk8u51\bin\java.exe
0x00000000774e0000 - 0x000000007768a000 	C:\Windows\SYSTEM32\ntdll.dll
0x00000000772c0000 - 0x00000000773df000 	C:\Windows\system32\kernel32.dll
0x000007fefd540000 - 0x000007fefd5aa000 	C:\Windows\system32\KERNELBASE.dll
0x000007fefeea0000 - 0x000007fefef7b000 	C:\Windows\system32\ADVAPI32.dll
0x000007fefee00000 - 0x000007fefee9f000 	C:\Windows\system32\msvcrt.dll
0x000007fefed60000 - 0x000007fefed7f000 	C:\Windows\SYSTEM32\sechost.dll
0x000007feff190000 - 0x000007feff2bd000 	C:\Windows\system32\RPCRT4.dll
0x00000000773e0000 - 0x00000000774da000 	C:\Windows\system32\USER32.dll
0x000007fefda70000 - 0x000007fefdad7000 	C:\Windows\system32\GDI32.dll
0x000007fefebe0000 - 0x000007fefebee000 	C:\Windows\system32\LPK.dll
0x000007fefd630000 - 0x000007fefd6fa000 	C:\Windows\system32\USP10.dll
0x000007fefbb70000 - 0x000007fefbd64000 	C:\Windows\WinSxS\amd64_microsoft.windows.common-controls_6595b64144ccf1df_6.0.7601.18837_none_fa3b1e3d17594757\COMCTL32.dll
0x000007fefed80000 - 0x000007fefedf1000 	C:\Windows\system32\SHLWAPI.dll
0x000007feff530000 - 0x000007feff55e000 	C:\Windows\system32\IMM32.DLL
0x000007feff3a0000 - 0x000007feff4a9000 	C:\Windows\system32\MSCTF.dll
0x0000000069740000 - 0x0000000069812000 	C:\java\jdk8u51\jre\bin\msvcr100.dll
0x000000006f480000 - 0x000000006fd03000 	C:\java\jdk8u51\jre\bin\server\jvm.dll
0x000007fef9330000 - 0x000007fef9339000 	C:\Windows\system32\WSOCK32.dll
0x000007fefec10000 - 0x000007fefec5d000 	C:\Windows\system32\WS2_32.dll
0x000007fefd620000 - 0x000007fefd628000 	C:\Windows\system32\NSI.dll
0x000007fefac30000 - 0x000007fefac6b000 	C:\Windows\system32\WINMM.dll
0x000007fefc350000 - 0x000007fefc35c000 	C:\Windows\system32\VERSION.dll
0x00000000776b0000 - 0x00000000776b7000 	C:\Windows\system32\PSAPI.DLL
0x00000000748e0000 - 0x00000000748ef000 	C:\java\jdk8u51\jre\bin\verify.dll
0x00000000748b0000 - 0x00000000748d9000 	C:\java\jdk8u51\jre\bin\java.dll
0x0000000074890000 - 0x00000000748a6000 	C:\java\jdk8u51\jre\bin\zip.dll
0x000007fefdae0000 - 0x000007fefe869000 	C:\Windows\system32\SHELL32.dll
0x000007fefef80000 - 0x000007feff183000 	C:\Windows\system32\ole32.dll
0x000007fefd270000 - 0x000007fefd27f000 	C:\Windows\system32\profapi.dll

VM Arguments:
jvm_args: -Djava.awt.headless=true -Xmx1024M -Dfile.encoding=windows-1252 -Duser.country=GB -Duser.language=en -Duser.variant 
java_command: com.android.dx.command.Main --dex --force-jumbo --num-threads=4 --multi-dex --output C:\Users\dineen\Desktop\14-06-16\Ancien_Dico_Stage\app\build\intermediates\transforms\dex\debug\folders\1000\10\internal_impl-22.2.0_2570e0a8cfa4272ec17dcdba7f090eb7fa540a76 C:\Users\dineen\Desktop\14-06-16\Ancien_Dico_Stage\app\build\intermediates\exploded-aar\com.android.support\support-v4\22.2.0\jars\libs\internal_impl-22.2.0.jar
java_class_path (initial): C:\AndroidSDK\build-tools\23.0.3\lib\dx.jar
Launcher Type: SUN_STANDARD

Environment Variables:
JAVA_HOME=C:\java\jdk8u51
PATH=C:\Program Files (x86)\Intel\iCLS Client\;C:\Program Files\Intel\iCLS Client\;C:\ProgramData\Oracle\Java\javapath;C:\Windows\system32;C:\Windows;C:\Windows\System32\Wbem;C:\Windows\System32\WindowsPowerShell\v1.0\;C:\Program Files (x86)\AMD\ATI.ACE\Core-Static;C:\java\jdk8u51\bin;C:\Program Files (x86)\Windows Kits\8.1\Windows Performance Toolkit\;C:\Program Files\Microsoft SQL Server\110\Tools\Binn\;C:\Program Files (x86)\Microsoft SDKs\TypeScript\1.0\;C:\Program Files\Microsoft SQL Server\120\Tools\Binn\;C:\Program Files\Intel\Intel(R) Management Engine Components\DAL;C:\Program Files\Intel\Intel(R) Management Engine Components\IPT;C:\Program Files (x86)\Intel\Intel(R) Management Engine Components\DAL;C:\Program Files (x86)\Intel\Intel(R) Management Engine Components\IPT;C:\Program Files\Git\cmd
USERNAME=dineen
OS=Windows_NT
PROCESSOR_IDENTIFIER=Intel64 Family 6 Model 58 Stepping 9, GenuineIntel



---------------  S Y S T E M  ---------------

OS: Windows 7 , 64 bit Build 7601 (6.1.7601.23418)

CPU:total 4 (4 cores per cpu, 1 threads per core) family 6 model 58 stepping 9, cmov, cx8, fxsr, mmx, sse, sse2, sse3, ssse3, sse4.1, sse4.2, popcnt, avx, aes, clmul, erms, tsc, tscinvbit, tscinv

Memory: 4k page, physical 8342068k(974744k free), swap 10437360k(5096k free)

vm_info: Java HotSpot(TM) 64-Bit Server VM (25.51-b03) for windows-amd64 JRE (1.8.0_51-b16), built on Jun  8 2015 18:03:07 by "java_re" with MS VC++ 10.0 (VS2010)

time: Wed Jun 15 10:59:56 2016
elapsed time: 1 seconds (0d 0h 0m 1s)

