#
# There is insufficient memory for the Java Runtime Environment to continue.
# Native memory allocation (malloc) failed to allocate 131088 bytes for Chunk::new
# Possible reasons:
#   The system is out of physical RAM or swap space
#   In 32 bit mode, the process size limit was hit
# Possible solutions:
#   Reduce memory load on the system
#   Increase physical memory or swap space
#   Check if swap backing store is full
#   Use 64 bit Java on a 64 bit OS
#   Decrease Java heap size (-Xmx/-Xms)
#   Decrease number of Java threads
#   Decrease Java thread stack sizes (-Xss)
#   Set larger code cache with -XX:ReservedCodeCacheSize=
# This output file may be truncated or incomplete.
#
#  Out of Memory Error (allocation.cpp:390), pid=6084, tid=1036
#
# JRE version: Java(TM) SE Runtime Environment (8.0_51-b16) (build 1.8.0_51-b16)
# Java VM: Java HotSpot(TM) 64-Bit Server VM (25.51-b03 mixed mode windows-amd64 compressed oops)
# Failed to write core dump. Minidumps are not enabled by default on client versions of Windows
#

---------------  T H R E A D  ---------------

Current thread (0x0000000054fb0000):  JavaThread "C2 CompilerThread0" daemon [_thread_in_native, id=1036, stack(0x00000000565c0000,0x00000000566c0000)]

Stack: [0x00000000565c0000,0x00000000566c0000],  sp=0x0000000057cf0178,  free space=23744k
Native frames: (J=compiled Java code, j=interpreted, Vv=VM code, C=native code)
V  [jvm.dll+0x32b4ca]


Current CompileTask:
C2:   8729 1554       4       com.android.dx.ssa.SsaRenamer$1::visitBlock (16 bytes)


---------------  P R O C E S S  ---------------

Java Threads: ( => current thread )
  0x00000000569fe800 JavaThread "pool-2-thread-4" [_thread_blocked, id=6036, stack(0x0000000057220000,0x0000000057320000)]
  0x00000000569ee800 JavaThread "pool-2-thread-3" [_thread_blocked, id=2292, stack(0x0000000057560000,0x0000000057660000)]
  0x00000000569e6800 JavaThread "pool-2-thread-2" [_thread_blocked, id=4500, stack(0x0000000057460000,0x0000000057560000)]
  0x00000000569b4800 JavaThread "pool-3-thread-1" [_thread_blocked, id=5932, stack(0x0000000057340000,0x0000000057440000)]
  0x00000000569b4000 JavaThread "pool-2-thread-1" [_thread_blocked, id=2404, stack(0x0000000057110000,0x0000000057210000)]
  0x0000000056735800 JavaThread "Service Thread" daemon [_thread_blocked, id=4744, stack(0x0000000056fc0000,0x00000000570c0000)]
  0x0000000056718800 JavaThread "C1 CompilerThread2" daemon [_thread_blocked, id=5680, stack(0x0000000056e30000,0x0000000056f30000)]
  0x0000000056717000 JavaThread "C2 CompilerThread1" daemon [_thread_blocked, id=4704, stack(0x0000000056b40000,0x0000000056c40000)]
=>0x0000000054fb0000 JavaThread "C2 CompilerThread0" daemon [_thread_in_native, id=1036, stack(0x00000000565c0000,0x00000000566c0000)]
  0x0000000054fbe800 JavaThread "Attach Listener" daemon [_thread_blocked, id=5408, stack(0x00000000564c0000,0x00000000565c0000)]
  0x0000000054fbd000 JavaThread "Signal Dispatcher" daemon [_thread_blocked, id=852, stack(0x0000000055ea0000,0x0000000055fa0000)]
  0x0000000054f57000 JavaThread "Finalizer" daemon [_thread_blocked, id=4960, stack(0x00000000562e0000,0x00000000563e0000)]
  0x0000000054f50000 JavaThread "Reference Handler" daemon [_thread_blocked, id=1996, stack(0x00000000561c0000,0x00000000562c0000)]
  0x000000000222e800 JavaThread "main" [_thread_blocked, id=5432, stack(0x00000000023c0000,0x00000000024c0000)]

Other Threads:
  0x0000000054f4a800 VMThread [stack: 0x0000000056090000,0x0000000056190000] [id=3764]
  0x000000005673d000 WatcherThread [stack: 0x0000000056cc0000,0x0000000056dc0000] [id=3320]

VM state:not at safepoint (normal execution)

VM Mutex/Monitor currently owned by a thread:  ([mutex/lock_event])
[0x000000000222ca20] Heap_lock - owner thread: 0x000000000222e800
[0x000000000222cd20] MultiArray_lock - owner thread: 0x00000000569ee800
[0x000000000222cf20] Compile_lock - owner thread: 0x00000000569ee800

Heap:
 PSYoungGen      total 38400K, used 5099K [0x00000000eab00000, 0x00000000ed580000, 0x0000000100000000)
  eden space 33280K, 0% used [0x00000000eab00000,0x00000000eab00000,0x00000000ecb80000)
  from space 5120K, 99% used [0x00000000ed080000,0x00000000ed57acf0,0x00000000ed580000)
  to   space 5120K, 0% used [0x00000000ecb80000,0x00000000ecb80000,0x00000000ed080000)
 ParOldGen       total 87552K, used 4797K [0x00000000c0000000, 0x00000000c5580000, 0x00000000eab00000)
  object space 87552K, 5% used [0x00000000c0000000,0x00000000c04af7f0,0x00000000c5580000)
 Metaspace       used 6211K, capacity 7096K, committed 7296K, reserved 1056768K
  class space    used 610K, capacity 624K, committed 640K, reserved 1048576K

Card table byte_map: [0x0000000011b50000,0x0000000011d60000] byte_map_base: 0x0000000011550000

Marking Bits: (ParMarkBitMap*) 0x000000006fc84040
 Begin Bits: [0x00000000123c0000, 0x00000000133c0000)
 End Bits:   [0x00000000133c0000, 0x00000000143c0000)

Polling page: 0x0000000000140000

CodeCache: size=245760Kb used=7137Kb max_used=7137Kb free=238622Kb
 bounds [0x0000000002790000, 0x0000000002e90000, 0x0000000011790000]
 total_blobs=1863 nmethods=1593 adapters=182
 compilation: disabled (not enough contiguous free space left)

Compilation events (10 events):
Event: 8.688 Thread 0x0000000056718800 1591       3       com.android.dx.cf.code.LineNumberList::concat (92 bytes)
Event: 8.689 Thread 0x0000000056718800 nmethod 1591 0x0000000002e89b90 code [0x0000000002e89ec0, 0x0000000002e8baa8]
Event: 8.689 Thread 0x0000000056718800 1592   !   3       com.android.dx.cf.code.Ropper::convert (52 bytes)
Event: 8.690 Thread 0x0000000056718800 nmethod 1592 0x0000000002e79c10 code [0x0000000002e79e40, 0x0000000002e7a988]
Event: 8.690 Thread 0x0000000056718800 1593       3       com.android.dx.cf.code.Ropper::<init> (213 bytes)
Event: 8.691 Thread 0x0000000056718800 nmethod 1593 0x0000000002e8cf90 code [0x0000000002e8d2a0, 0x0000000002e8ecb8]
Event: 8.691 Thread 0x0000000056718800 1594       3       com.android.dx.cf.code.BasicBlocker::identifyBlocks (18 bytes)
Event: 8.691 Thread 0x0000000056718800 nmethod 1594 0x0000000002e79750 code [0x0000000002e798e0, 0x0000000002e79b28]
Event: 8.691 Thread 0x0000000056718800 1595       3       com.android.dx.cf.code.BasicBlocker::<init> (79 bytes)
Event: 8.693 Thread 0x0000000056718800 


GC Heap History (3 events):
Event: 6.049 GC heap before
{Heap before GC invocations=1 (full 0):
 PSYoungGen      total 38400K, used 33280K [0x00000000eab00000, 0x00000000ed580000, 0x0000000100000000)
  eden space 33280K, 100% used [0x00000000eab00000,0x00000000ecb80000,0x00000000ecb80000)
  from space 5120K, 0% used [0x00000000ed080000,0x00000000ed080000,0x00000000ed580000)
  to   space 5120K, 0% used [0x00000000ecb80000,0x00000000ecb80000,0x00000000ed080000)
 ParOldGen       total 87552K, used 0K [0x00000000c0000000, 0x00000000c5580000, 0x00000000eab00000)
  object space 87552K, 0% used [0x00000000c0000000,0x00000000c0000000,0x00000000c5580000)
 Metaspace       used 5969K, capacity 6960K, committed 7040K, reserved 1056768K
  class space    used 590K, capacity 616K, committed 640K, reserved 1048576K
Event: 6.107 GC heap after
Heap after GC invocations=1 (full 0):
 PSYoungGen      total 38400K, used 5089K [0x00000000eab00000, 0x00000000ed580000, 0x0000000100000000)
  eden space 33280K, 0% used [0x00000000eab00000,0x00000000eab00000,0x00000000ecb80000)
  from space 5120K, 99% used [0x00000000ecb80000,0x00000000ed078418,0x00000000ed080000)
  to   space 5120K, 0% used [0x00000000ed080000,0x00000000ed080000,0x00000000ed580000)
 ParOldGen       total 87552K, used 793K [0x00000000c0000000, 0x00000000c5580000, 0x00000000eab00000)
  object space 87552K, 0% used [0x00000000c0000000,0x00000000c00c67e0,0x00000000c5580000)
 Metaspace       used 5969K, capacity 6960K, committed 7040K, reserved 1056768K
  class space    used 590K, capacity 616K, committed 640K, reserved 1048576K
}
Event: 8.704 GC heap before
{Heap before GC invocations=2 (full 0):
 PSYoungGen      total 38400K, used 37565K [0x00000000eab00000, 0x00000000ed580000, 0x0000000100000000)
  eden space 33280K, 97% used [0x00000000eab00000,0x00000000ecab7290,0x00000000ecb80000)
  from space 5120K, 99% used [0x00000000ecb80000,0x00000000ed078418,0x00000000ed080000)
  to   space 5120K, 0% used [0x00000000ed080000,0x00000000ed080000,0x00000000ed580000)
 ParOldGen       total 87552K, used 793K [0x00000000c0000000, 0x00000000c5580000, 0x00000000eab00000)
  object space 87552K, 0% used [0x00000000c0000000,0x00000000c00c67e0,0x00000000c5580000)
 Metaspace       used 6211K, capacity 7096K, committed 7296K, reserved 1056768K
  class space    used 610K, capacity 624K, committed 640K, reserved 1048576K

Deoptimization events (10 events):
Event: 7.867 Thread 0x00000000569b4000 Uncommon trap: reason=bimorphic action=maybe_recompile pc=0x0000000002dc7e38 method=com.android.dx.cf.code.RopperMachine.run(Lcom/android/dx/cf/code/Frame;II)V @ 978
Event: 7.867 Thread 0x00000000569b4000 Uncommon trap: reason=bimorphic action=maybe_recompile pc=0x0000000002dc7e38 method=com.android.dx.cf.code.RopperMachine.run(Lcom/android/dx/cf/code/Frame;II)V @ 978
Event: 7.868 Thread 0x00000000569b4000 Uncommon trap: reason=unstable_if action=reinterpret pc=0x0000000002c6247c method=com.android.dx.ssa.SCCP.simulateStmt(Lcom/android/dx/ssa/SsaInsn;)V @ 53
Event: 8.603 Thread 0x00000000569b4000 Uncommon trap: reason=unstable_if action=reinterpret pc=0x0000000002e261a0 method=com.android.dx.cf.code.RopperMachine.run(Lcom/android/dx/cf/code/Frame;II)V @ 1250
Event: 8.603 Thread 0x00000000569b4000 Uncommon trap: reason=unstable_if action=reinterpret pc=0x0000000002db4388 method=com.android.dx.rop.code.LocalVariableInfo.mergeStarts(ILcom/android/dx/rop/code/RegisterSpecSet;)Z @ 31
Event: 8.630 Thread 0x00000000569fe800 Uncommon trap: reason=unstable_if action=reinterpret pc=0x0000000002cecb4c method=com.android.dx.ssa.SCCP.simulateBranch(Lcom/android/dx/ssa/SsaInsn;)V @ 64
Event: 8.693 Thread 0x00000000569ee800 Uncommon trap: reason=unstable_if action=reinterpret pc=0x0000000002dab274 method=com.android.dx.util.BitIntSet.has(I)Z @ 8
Event: 8.699 Thread 0x00000000569ee800 Uncommon trap: reason=uninitialized action=reinterpret pc=0x0000000002cabef4 method=com.android.dx.cf.code.BytecodeArray.parseInstruction(ILcom/android/dx/cf/code/BytecodeArray$Visitor;)I @ 999
Event: 8.701 Thread 0x00000000569ee800 Uncommon trap: reason=bimorphic action=maybe_recompile pc=0x0000000002c0addc method=java.util.HashMap.putVal(ILjava/lang/Object;Ljava/lang/Object;ZZ)Ljava/lang/Object; @ 203
Event: 8.702 Thread 0x00000000569ee800 Uncommon trap: reason=unstable_if action=reinterpret pc=0x0000000002b6f2a0 method=java.util.HashMap.putVal(ILjava/lang/Object;Ljava/lang/Object;ZZ)Ljava/lang/Object; @ 162

Internal exceptions (5 events):
Event: 0.368 Thread 0x000000000222e800 Exception <a 'java/lang/NoSuchMethodError': Method sun.misc.Unsafe.defineClass(Ljava/lang/String;[BII)Ljava/lang/Class; name or signature does not match> (0x00000000eab0d490) thrown at [C:\re\workspace\8-2-build-windows-amd64-cygwin\jdk8u51\3951\hotspot\srãd‹×?
Event: 0.368 Thread 0x000000000222e800 Exception <a 'java/lang/NoSuchMethodError': Method sun.misc.Unsafe.prefetchRead(Ljava/lang/Object;J)V name or signature does not match> (0x00000000eab0d720) thrown at [C:\re\workspace\8-2-build-windows-amd64-cygwin\jdk8u51\3951\hotspot\src\share\vm\prims\j^ãh˜×g!@
Event: 8.703 Thread 0x00000000569ee800 Exception <a 'java/lang/ArrayIndexOutOfBoundsException': 18> (0x00000000eca59228) thrown at [C:\re\workspace\8-2-build-windows-amd64-cygwin\jdk8u51\3951\hotspot\src\share\vm\interpreter\interpreterRuntime.cpp, line 366]
Event: 8.703 Thread 0x00000000569ee800 Exception <a 'java/lang/ArrayIndexOutOfBoundsException': 145> (0x00000000eca5ad10) thrown at [C:\re\workspace\8-2-build-windows-amd64-cygwin\jdk8u51\3951\hotspot\src\share\vm\interpreter\interpreterRuntime.cpp, line 366]
Event: 8.703 Thread 0x00000000569ee800 Exception <a 'java/lang/ArrayIndexOutOfBoundsException': 40> (0x00000000eca5bf48) thrown at [C:\re\workspace\8-2-build-windows-amd64-cygwin\jdk8u51\3951\hotspot\src\share\vm\interpreter\interpreterRuntime.cpp, line 366]

Events (10 events):
Event: 8.703 loading class sun/reflect/generics/reflectiveObjects/ParameterizedTypeImpl done
Event: 8.703 loading class java/lang/reflect/TypeVariable
Event: 8.703 loading class java/lang/reflect/TypeVariable done
Event: 8.704 loading class sun/reflect/generics/reflectiveObjects/TypeVariableImpl
Event: 8.704 loading class sun/reflect/generics/reflectiveObjects/LazyReflectiveObjectGenerator
Event: 8.704 loading class sun/reflect/generics/reflectiveObjects/LazyReflectiveObjectGenerator done
Event: 8.704 loading class sun/reflect/generics/reflectiveObjects/TypeVariableImpl done
Event: 8.704 Executing VM operation: CollectForMetadataAllocation
Event: 8.704 Executing VM operation: CollectForMetadataAllocation done
Event: 8.704 Executing VM operation: ParallelGCSystemGC


Dynamic libraries:
0x000000013f130000 - 0x000000013f167000 	C:\java\jdk8u51\bin\java.exe
0x00000000774e0000 - 0x000000007768a000 	C:\Windows\SYSTEM32\ntdll.dll
0x00000000772c0000 - 0x00000000773df000 	C:\Windows\system32\kernel32.dll
0x000007fefd540000 - 0x000007fefd5aa000 	C:\Windows\system32\KERNELBASE.dll
0x000007fefeea0000 - 0x000007fefef7b000 	C:\Windows\system32\ADVAPI32.dll
0x000007fefee00000 - 0x000007fefee9f000 	C:\Windows\system32\msvcrt.dll
0x000007fefed60000 - 0x000007fefed7f000 	C:\Windows\SYSTEM32\sechost.dll
0x000007feff190000 - 0x000007feff2bd000 	C:\Windows\system32\RPCRT4.dll
0x00000000773e0000 - 0x00000000774da000 	C:\Windows\system32\USER32.dll
0x000007fefda70000 - 0x000007fefdad7000 	C:\Windows\system32\GDI32.dll
0x000007fefebe0000 - 0x000007fefebee000 	C:\Windows\system32\LPK.dll
0x000007fefd630000 - 0x000007fefd6fa000 	C:\Windows\system32\USP10.dll
0x000007fefbb70000 - 0x000007fefbd64000 	C:\Windows\WinSxS\amd64_microsoft.windows.common-controls_6595b64144ccf1df_6.0.7601.18837_none_fa3b1e3d17594757\COMCTL32.dll
0x000007fefed80000 - 0x000007fefedf1000 	C:\Windows\system32\SHLWAPI.dll
0x000007feff530000 - 0x000007feff55e000 	C:\Windows\system32\IMM32.DLL
0x000007feff3a0000 - 0x000007feff4a9000 	C:\Windows\system32\MSCTF.dll
0x0000000069740000 - 0x0000000069812000 	C:\java\jdk8u51\jre\bin\msvcr100.dll
0x000000006f480000 - 0x000000006fd03000 	C:\java\jdk8u51\jre\bin\server\jvm.dll
0x000007fef9330000 - 0x000007fef9339000 	C:\Windows\system32\WSOCK32.dll
0x000007fefec10000 - 0x000007fefec5d000 	C:\Windows\system32\WS2_32.dll
0x000007fefd620000 - 0x000007fefd628000 	C:\Windows\system32\NSI.dll
0x000007fefac30000 - 0x000007fefac6b000 	C:\Windows\system32\WINMM.dll
0x000007fefc350000 - 0x000007fefc35c000 	C:\Windows\system32\VERSION.dll
0x00000000776b0000 - 0x00000000776b7000 	C:\Windows\system32\PSAPI.DLL
0x00000000748e0000 - 0x00000000748ef000 	C:\java\jdk8u51\jre\bin\verify.dll
0x00000000748b0000 - 0x00000000748d9000 	C:\java\jdk8u51\jre\bin\java.dll
0x0000000074890000 - 0x00000000748a6000 	C:\java\jdk8u51\jre\bin\zip.dll
0x000007fefdae0000 - 0x000007fefe869000 	C:\Windows\system32\SHELL32.dll
0x000007fefef80000 - 0x000007feff183000 	C:\Windows\system32\ole32.dll
0x000007fefd270000 - 0x000007fefd27f000 	C:\Windows\system32\profapi.dll

VM Arguments:
jvm_args: -Djava.awt.headless=true -Xmx1024M -Dfile.encoding=windows-1252 -Duser.country=GB -Duser.language=en -Duser.variant 
java_command: com.android.dx.command.Main --dex --force-jumbo --num-threads=4 --multi-dex --output C:\Users\dineen\Desktop\14-06-16\Ancien_Dico_Stage\app\build\intermediates\transforms\dex\debug\folders\1000\10\com.android.support-appcompat-v7-22.2.0_6a7940939d1ceea40f7792d5b8b2fb4a5872c50e C:\Users\dineen\Desktop\14-06-16\Ancien_Dico_Stage\app\build\intermediates\exploded-aar\com.android.support\appcompat-v7\22.2.0\jars\classes.jar
java_class_path (initial): C:\AndroidSDK\build-tools\23.0.3\lib\dx.jar
Launcher Type: SUN_STANDARD

Environment Variables:
JAVA_HOME=C:\java\jdk8u51
PATH=C:\Program Files (x86)\Intel\iCLS Client\;C:\Program Files\Intel\iCLS Client\;C:\ProgramData\Oracle\Java\javapath;C:\Windows\system32;C:\Windows;C:\Windows\System32\Wbem;C:\Windows\System32\WindowsPowerShell\v1.0\;C:\Program Files (x86)\AMD\ATI.ACE\Core-Static;C:\java\jdk8u51\bin;C:\Program Files (x86)\Windows Kits\8.1\Windows Performance Toolkit\;C:\Program Files\Microsoft SQL Server\110\Tools\Binn\;C:\Program Files (x86)\Microsoft SDKs\TypeScript\1.0\;C:\Program Files\Microsoft SQL Server\120\Tools\Binn\;C:\Program Files\Intel\Intel(R) Management Engine Components\DAL;C:\Program Files\Intel\Intel(R) Management Engine Components\IPT;C:\Program Files (x86)\Intel\Intel(R) Management Engine Components\DAL;C:\Program Files (x86)\Intel\Intel(R) Management Engine Components\IPT;C:\Program Files\Git\cmd
USERNAME=dineen
OS=Windows_NT
PROCESSOR_IDENTIFIER=Intel64 Family 6 Model 58 Stepping 9, GenuineIntel



---------------  S Y S T E M  ---------------

OS: Windows 7 , 64 bit Build 7601 (6.1.7601.23418)

CPU:total 4 (4 cores per cpu, 1 threads per core) family 6 model 58 stepping 9, cmov, cx8, fxsr, mmx, sse, sse2, sse3, ssse3, sse4.1, sse4.2, popcnt, avx, aes, clmul, erms, tsc, tscinvbit, tscinv

Memory: 4k page, physical 8342068k(966448k free), swap 10437360k(5084k free)

vm_info: Java HotSpot(TM) 64-Bit Server VM (25.51-b03) for windows-amd64 JRE (1.8.0_51-b16), built on Jun  8 2015 18:03:07 by "java_re" with MS VC++ 10.0 (VS2010)

time: Wed Jun 15 10:59:56 2016
elapsed time: 8 seconds (0d 0h 0m 8s)

