#
# There is insufficient memory for the Java Runtime Environment to continue.
# Native memory allocation (malloc) failed to allocate 443216 bytes for Chunk::new
# Possible reasons:
#   The system is out of physical RAM or swap space
#   In 32 bit mode, the process size limit was hit
# Possible solutions:
#   Reduce memory load on the system
#   Increase physical memory or swap space
#   Check if swap backing store is full
#   Use 64 bit Java on a 64 bit OS
#   Decrease Java heap size (-Xmx/-Xms)
#   Decrease number of Java threads
#   Decrease Java thread stack sizes (-Xss)
#   Set larger code cache with -XX:ReservedCodeCacheSize=
# This output file may be truncated or incomplete.
#
#  Out of Memory Error (allocation.cpp:390), pid=5928, tid=6068
#
# JRE version: Java(TM) SE Runtime Environment (8.0_51-b16) (build 1.8.0_51-b16)
# Java VM: Java HotSpot(TM) 64-Bit Server VM (25.51-b03 mixed mode windows-amd64 compressed oops)
# Failed to write core dump. Minidumps are not enabled by default on client versions of Windows
#

---------------  T H R E A D  ---------------

Current thread (0x00000000568c0800):  JavaThread "C2 CompilerThread1" daemon [_thread_in_native, id=6068, stack(0x0000000056ed0000,0x0000000056fd0000)]

Stack: [0x0000000056ed0000,0x0000000056fd0000]
Native frames: (J=compiled Java code, j=interpreted, Vv=VM code, C=native code)
V  [jvm.dll+0x32b4ca]


Current CompileTask:
C2:   6861 1497       4       com.android.dx.ssa.SsaMethod::forEachBlockDepthFirst (194 bytes)


---------------  P R O C E S S  ---------------

Java Threads: ( => current thread )
  0x0000000056b46000 JavaThread "pool-2-thread-4" [_thread_blocked, id=3080, stack(0x0000000058340000,0x0000000058440000)]
  0x0000000056b43000 JavaThread "pool-2-thread-3" [_thread_blocked, id=4888, stack(0x0000000058220000,0x0000000058320000)]
  0x0000000056be1000 JavaThread "pool-2-thread-2" [_thread_blocked, id=5944, stack(0x0000000058080000,0x0000000058180000)]
  0x0000000056bdf000 JavaThread "pool-3-thread-1" [_thread_blocked, id=2404, stack(0x0000000057e30000,0x0000000057f30000)]
  0x0000000056b63000 JavaThread "pool-2-thread-1" [_thread_blocked, id=1568, stack(0x0000000057cf0000,0x0000000057df0000)]
  0x0000000056943800 JavaThread "Service Thread" daemon [_thread_blocked, id=5312, stack(0x0000000057080000,0x0000000057180000)]
  0x0000000055009000 JavaThread "C1 CompilerThread2" daemon [_thread_blocked, id=3392, stack(0x0000000056040000,0x0000000056140000)]
=>0x00000000568c0800 JavaThread "C2 CompilerThread1" daemon [_thread_in_native, id=6068, stack(0x0000000056ed0000,0x0000000056fd0000)]
  0x0000000055000000 JavaThread "C2 CompilerThread0" daemon [_thread_in_native, id=2560, stack(0x0000000056d50000,0x0000000056e50000)]
  0x000000005500e800 JavaThread "Attach Listener" daemon [_thread_blocked, id=5616, stack(0x00000000567b0000,0x00000000568b0000)]
  0x000000005500d000 JavaThread "Signal Dispatcher" daemon [_thread_blocked, id=5984, stack(0x0000000056620000,0x0000000056720000)]
  0x0000000054fa1800 JavaThread "Finalizer" daemon [_thread_blocked, id=3656, stack(0x0000000056510000,0x0000000056610000)]
  0x0000000054fa0000 JavaThread "Reference Handler" daemon [_thread_blocked, id=4108, stack(0x0000000056390000,0x0000000056490000)]
  0x00000000021ee800 JavaThread "main" [_thread_blocked, id=5932, stack(0x0000000002520000,0x0000000002620000)]

Other Threads:
  0x0000000054f9a800 VMThread [stack: 0x00000000561f0000,0x00000000562f0000] [id=3092]
  0x0000000056945800 WatcherThread [stack: 0x00000000572c0000,0x00000000573c0000] [id=2236]

VM state:not at safepoint (normal execution)

VM Mutex/Monitor currently owned by a thread: None

Heap:
 PSYoungGen      total 38400K, used 27270K [0x00000000eab00000, 0x00000000ef600000, 0x0000000100000000)
  eden space 33280K, 66% used [0x00000000eab00000,0x00000000ec0a2e18,0x00000000ecb80000)
  from space 5120K, 99% used [0x00000000ecb80000,0x00000000ed07eab8,0x00000000ed080000)
  to   space 5120K, 0% used [0x00000000ef100000,0x00000000ef100000,0x00000000ef600000)
 ParOldGen       total 87552K, used 1626K [0x00000000c0000000, 0x00000000c5580000, 0x00000000eab00000)
  object space 87552K, 1% used [0x00000000c0000000,0x00000000c0196878,0x00000000c5580000)
 Metaspace       used 6177K, capacity 7088K, committed 7296K, reserved 1056768K
  class space    used 590K, capacity 616K, committed 640K, reserved 1048576K

Card table byte_map: [0x0000000011cb0000,0x0000000011ec0000] byte_map_base: 0x00000000116b0000

Marking Bits: (ParMarkBitMap*) 0x000000006fc84040
 Begin Bits: [0x0000000012410000, 0x0000000013410000)
 End Bits:   [0x0000000013410000, 0x0000000014410000)

Polling page: 0x0000000000130000

CodeCache: size=245760Kb used=6037Kb max_used=6050Kb free=239722Kb
 bounds [0x00000000028f0000, 0x0000000002ee0000, 0x00000000118f0000]
 total_blobs=1764 nmethods=1495 adapters=182
 compilation: enabled

Compilation events (10 events):
Event: 6.746 Thread 0x0000000055009000 1518       3       com.android.dx.dex.file.AnnotationUtils::makeSignature (251 bytes)
Event: 6.748 Thread 0x0000000055009000 nmethod 1518 0x0000000002ecf690 code [0x0000000002ecfae0, 0x0000000002ed24c8]
Event: 6.748 Thread 0x0000000055009000 1519       3       com.android.dx.dex.file.ValueEncoder::addContents (75 bytes)
Event: 6.749 Thread 0x0000000055009000 nmethod 1519 0x0000000002ed4390 code [0x0000000002ed4640, 0x0000000002ed5c78]
Event: 6.751 Thread 0x00000000568c0800 nmethod 1471 0x0000000002ed68d0 code [0x0000000002ed6c00, 0x0000000002ed8c48]
Event: 6.751 Thread 0x00000000568c0800 1494       4       com.android.dx.ssa.SsaMethod::getUseListCopy (56 bytes)
Event: 6.756 Thread 0x00000000568c0800 nmethod 1494 0x0000000002ecba90 code [0x0000000002ecbc00, 0x0000000002ecc168]
Event: 6.756 Thread 0x00000000568c0800 1497       4       com.android.dx.ssa.SsaMethod::forEachBlockDepthFirst (194 bytes)
Event: 6.776 Thread 0x0000000055009000 1520       3       java.util.concurrent.locks.ReentrantLock$NonfairSync::lock (25 bytes)
Event: 6.776 Thread 0x0000000055009000 nmethod 1520 0x0000000002ecae10 code [0x0000000002ecafe0, 0x0000000002ecb818]

GC Heap History (2 events):
Event: 5.457 GC heap before
{Heap before GC invocations=1 (full 0):
 PSYoungGen      total 38400K, used 33280K [0x00000000eab00000, 0x00000000ed580000, 0x0000000100000000)
  eden space 33280K, 100% used [0x00000000eab00000,0x00000000ecb80000,0x00000000ecb80000)
  from space 5120K, 0% used [0x00000000ed080000,0x00000000ed080000,0x00000000ed580000)
  to   space 5120K, 0% used [0x00000000ecb80000,0x00000000ecb80000,0x00000000ed080000)
 ParOldGen       total 87552K, used 0K [0x00000000c0000000, 0x00000000c5580000, 0x00000000eab00000)
  object space 87552K, 0% used [0x00000000c0000000,0x00000000c0000000,0x00000000c5580000)
 Metaspace       used 5932K, capacity 6896K, committed 7040K, reserved 1056768K
  class space    used 590K, capacity 616K, committed 640K, reserved 1048576K
Event: 5.517 GC heap after
Heap after GC invocations=1 (full 0):
 PSYoungGen      total 38400K, used 5114K [0x00000000eab00000, 0x00000000ef600000, 0x0000000100000000)
  eden space 33280K, 0% used [0x00000000eab00000,0x00000000eab00000,0x00000000ecb80000)
  from space 5120K, 99% used [0x00000000ecb80000,0x00000000ed07eab8,0x00000000ed080000)
  to   space 5120K, 0% used [0x00000000ef100000,0x00000000ef100000,0x00000000ef600000)
 ParOldGen       total 87552K, used 1626K [0x00000000c0000000, 0x00000000c5580000, 0x00000000eab00000)
  object space 87552K, 1% used [0x00000000c0000000,0x00000000c0196878,0x00000000c5580000)
 Metaspace       used 5932K, capacity 6896K, committed 7040K, reserved 1056768K
  class space    used 590K, capacity 616K, committed 640K, reserved 1048576K
}

Deoptimization events (10 events):
Event: 4.872 Thread 0x0000000056b43000 Uncommon trap: reason=class_check action=maybe_recompile pc=0x0000000002b58c20 method=com.android.dx.ssa.NormalSsaInsn.accept(Lcom/android/dx/ssa/SsaInsn$Visitor;)V @ 9
Event: 4.872 Thread 0x0000000056b43000 Uncommon trap: reason=class_check action=maybe_recompile pc=0x0000000002b58c20 method=com.android.dx.ssa.NormalSsaInsn.accept(Lcom/android/dx/ssa/SsaInsn$Visitor;)V @ 9
Event: 4.931 Thread 0x0000000056b46000 Uncommon trap: reason=class_check action=maybe_recompile pc=0x0000000002c02b1c method=com.android.dx.ssa.SsaBasicBlock.forEachInsn(Lcom/android/dx/ssa/SsaInsn$Visitor;)V @ 23
Event: 4.940 Thread 0x0000000056b43000 Uncommon trap: reason=class_check action=maybe_recompile pc=0x0000000002c02b1c method=com.android.dx.ssa.SsaBasicBlock.forEachInsn(Lcom/android/dx/ssa/SsaInsn$Visitor;)V @ 23
Event: 4.940 Thread 0x0000000056b43000 Uncommon trap: reason=class_check action=maybe_recompile pc=0x0000000002c02b1c method=com.android.dx.ssa.SsaBasicBlock.forEachInsn(Lcom/android/dx/ssa/SsaInsn$Visitor;)V @ 23
Event: 4.940 Thread 0x0000000056b43000 Uncommon trap: reason=class_check action=maybe_recompile pc=0x0000000002c02b1c method=com.android.dx.ssa.SsaBasicBlock.forEachInsn(Lcom/android/dx/ssa/SsaInsn$Visitor;)V @ 23
Event: 5.569 Thread 0x0000000056b63000 Uncommon trap: reason=null_check action=make_not_entrant pc=0x0000000002c7fe04 method=com.android.dx.ssa.SsaRenamer.getLocalForNewReg(I)Lcom/android/dx/rop/code/LocalItem; @ 19
Event: 5.756 Thread 0x0000000056b63000 Uncommon trap: reason=unstable_if action=reinterpret pc=0x0000000002d35588 method=com.android.dx.util.LabeledList.set(ILcom/android/dx/util/LabeledItem;)V @ 16
Event: 5.863 Thread 0x0000000056be1000 Uncommon trap: reason=null_check action=make_not_entrant pc=0x0000000002ce5910 method=com.android.dx.rop.type.Type.equals(Ljava/lang/Object;)Z @ 8
Event: 5.864 Thread 0x0000000056be1000 Uncommon trap: reason=unstable_if action=reinterpret pc=0x0000000002d6c454 method=com.android.dx.ssa.SsaRenamer$BlockRenamer.visitMoveInsn(Lcom/android/dx/ssa/NormalSsaInsn;)V @ 104

Internal exceptions (4 events):
Event: 0.060 Thread 0x00000000021ee800 Exception <a 'java/lang/NoSuchMethodError': Method sun.misc.Unsafe.defineClass(Ljava/lang/String;[BII)Ljava/lang/Class; name or signature does not match> (0x00000000eab0d488) thrown at [C:\re\workspace\8-2-build-windows-amd64-cygwin\jdk8u51\3951\hotspot\srWGà¯,ËÆ?
Event: 0.060 Thread 0x00000000021ee800 Exception <a 'java/lang/NoSuchMethodError': Method sun.misc.Unsafe.prefetchRead(Ljava/lang/Object;J)V name or signature does not match> (0x00000000eab0d718) thrown at [C:\re\workspace\8-2-build-windows-amd64-cygwin\jdk8u51\3951\hotspot\src\share\vm\prims\jêû◊ïF@
Event: 5.569 Thread 0x0000000056b63000 Implicit null exception at 0x0000000002c7d87c to 0x0000000002c7fde5
Event: 5.863 Thread 0x0000000056be1000 Implicit null exception at 0x0000000002ce5812 to 0x0000000002ce5902

Events (10 events):
Event: 5.569 Thread 0x0000000056b63000 DEOPT UNPACKING pc=0x000000000293582a sp=0x0000000057dee4a8 mode 2
Event: 5.756 Thread 0x0000000056b63000 Uncommon trap: trap_request=0xffffff65 fr.pc=0x0000000002d35588
Event: 5.756 Thread 0x0000000056b63000 DEOPT PACKING pc=0x0000000002d35588 sp=0x0000000057dee6a0
Event: 5.756 Thread 0x0000000056b63000 DEOPT UNPACKING pc=0x000000000293582a sp=0x0000000057dee688 mode 2
Event: 5.863 Thread 0x0000000056be1000 Uncommon trap: trap_request=0xfffffff4 fr.pc=0x0000000002ce5910
Event: 5.863 Thread 0x0000000056be1000 DEOPT PACKING pc=0x0000000002ce5910 sp=0x000000005817e6f0
Event: 5.863 Thread 0x0000000056be1000 DEOPT UNPACKING pc=0x000000000293582a sp=0x000000005817e688 mode 2
Event: 5.864 Thread 0x0000000056be1000 Uncommon trap: trap_request=0xffffff65 fr.pc=0x0000000002d6c454
Event: 5.864 Thread 0x0000000056be1000 DEOPT PACKING pc=0x0000000002d6c454 sp=0x000000005817e910
Event: 5.864 Thread 0x0000000056be1000 DEOPT UNPACKING pc=0x000000000293582a sp=0x000000005817e848 mode 2


Dynamic libraries:
0x000000013f130000 - 0x000000013f167000 	C:\java\jdk8u51\bin\java.exe
0x00000000774e0000 - 0x000000007768a000 	C:\Windows\SYSTEM32\ntdll.dll
0x00000000772c0000 - 0x00000000773df000 	C:\Windows\system32\kernel32.dll
0x000007fefd540000 - 0x000007fefd5aa000 	C:\Windows\system32\KERNELBASE.dll
0x000007fefeea0000 - 0x000007fefef7b000 	C:\Windows\system32\ADVAPI32.dll
0x000007fefee00000 - 0x000007fefee9f000 	C:\Windows\system32\msvcrt.dll
0x000007fefed60000 - 0x000007fefed7f000 	C:\Windows\SYSTEM32\sechost.dll
0x000007feff190000 - 0x000007feff2bd000 	C:\Windows\system32\RPCRT4.dll
0x00000000773e0000 - 0x00000000774da000 	C:\Windows\system32\USER32.dll
0x000007fefda70000 - 0x000007fefdad7000 	C:\Windows\system32\GDI32.dll
0x000007fefebe0000 - 0x000007fefebee000 	C:\Windows\system32\LPK.dll
0x000007fefd630000 - 0x000007fefd6fa000 	C:\Windows\system32\USP10.dll
0x000007fefbb70000 - 0x000007fefbd64000 	C:\Windows\WinSxS\amd64_microsoft.windows.common-controls_6595b64144ccf1df_6.0.7601.18837_none_fa3b1e3d17594757\COMCTL32.dll
0x000007fefed80000 - 0x000007fefedf1000 	C:\Windows\system32\SHLWAPI.dll
0x000007feff530000 - 0x000007feff55e000 	C:\Windows\system32\IMM32.DLL
0x000007feff3a0000 - 0x000007feff4a9000 	C:\Windows\system32\MSCTF.dll
0x0000000069740000 - 0x0000000069812000 	C:\java\jdk8u51\jre\bin\msvcr100.dll
0x000000006f480000 - 0x000000006fd03000 	C:\java\jdk8u51\jre\bin\server\jvm.dll
0x000007fef9330000 - 0x000007fef9339000 	C:\Windows\system32\WSOCK32.dll
0x000007fefec10000 - 0x000007fefec5d000 	C:\Windows\system32\WS2_32.dll
0x000007fefd620000 - 0x000007fefd628000 	C:\Windows\system32\NSI.dll
0x000007fefac30000 - 0x000007fefac6b000 	C:\Windows\system32\WINMM.dll
0x000007fefc350000 - 0x000007fefc35c000 	C:\Windows\system32\VERSION.dll
0x00000000776b0000 - 0x00000000776b7000 	C:\Windows\system32\PSAPI.DLL
0x00000000748e0000 - 0x00000000748ef000 	C:\java\jdk8u51\jre\bin\verify.dll
0x00000000748b0000 - 0x00000000748d9000 	C:\java\jdk8u51\jre\bin\java.dll
0x0000000074890000 - 0x00000000748a6000 	C:\java\jdk8u51\jre\bin\zip.dll
0x000007fefdae0000 - 0x000007fefe869000 	C:\Windows\system32\SHELL32.dll
0x000007fefef80000 - 0x000007feff183000 	C:\Windows\system32\ole32.dll
0x000007fefd270000 - 0x000007fefd27f000 	C:\Windows\system32\profapi.dll

VM Arguments:
jvm_args: -Djava.awt.headless=true -Xmx1024M -Dfile.encoding=windows-1252 -Duser.country=GB -Duser.language=en -Duser.variant 
java_command: com.android.dx.command.Main --dex --force-jumbo --num-threads=4 --multi-dex --output C:\Users\dineen\Desktop\14-06-16\Ancien_Dico_Stage\app\build\intermediates\transforms\dex\debug\folders\1000\10\kotlin-runtime-1.0.2_d6f872e31171afdea707e4550916e52243e967ac C:\Users\dineen\.gradle\caches\modules-2\files-2.1\org.jetbrains.kotlin\kotlin-runtime\1.0.2\8ec2d49a780ddba5e9b6860a72969e4d5bbc0c55\kotlin-runtime-1.0.2.jar
java_class_path (initial): C:\AndroidSDK\build-tools\23.0.3\lib\dx.jar
Launcher Type: SUN_STANDARD

Environment Variables:
JAVA_HOME=C:\java\jdk8u51
PATH=C:\Program Files (x86)\Intel\iCLS Client\;C:\Program Files\Intel\iCLS Client\;C:\ProgramData\Oracle\Java\javapath;C:\Windows\system32;C:\Windows;C:\Windows\System32\Wbem;C:\Windows\System32\WindowsPowerShell\v1.0\;C:\Program Files (x86)\AMD\ATI.ACE\Core-Static;C:\java\jdk8u51\bin;C:\Program Files (x86)\Windows Kits\8.1\Windows Performance Toolkit\;C:\Program Files\Microsoft SQL Server\110\Tools\Binn\;C:\Program Files (x86)\Microsoft SDKs\TypeScript\1.0\;C:\Program Files\Microsoft SQL Server\120\Tools\Binn\;C:\Program Files\Intel\Intel(R) Management Engine Components\DAL;C:\Program Files\Intel\Intel(R) Management Engine Components\IPT;C:\Program Files (x86)\Intel\Intel(R) Management Engine Components\DAL;C:\Program Files (x86)\Intel\Intel(R) Management Engine Components\IPT;C:\Program Files\Git\cmd
USERNAME=dineen
OS=Windows_NT
PROCESSOR_IDENTIFIER=Intel64 Family 6 Model 58 Stepping 9, GenuineIntel



---------------  S Y S T E M  ---------------

OS: Windows 7 , 64 bit Build 7601 (6.1.7601.23418)

CPU:total 4 (4 cores per cpu, 1 threads per core) family 6 model 58 stepping 9, cmov, cx8, fxsr, mmx, sse, sse2, sse3, ssse3, sse4.1, sse4.2, popcnt, avx, aes, clmul, erms, tsc, tscinvbit, tscinv

Memory: 4k page, physical 8342068k(981052k free), swap 10437360k(55916k free)

vm_info: Java HotSpot(TM) 64-Bit Server VM (25.51-b03) for windows-amd64 JRE (1.8.0_51-b16), built on Jun  8 2015 18:03:07 by "java_re" with MS VC++ 10.0 (VS2010)

time: Wed Jun 15 10:59:45 2016
elapsed time: 7 seconds (0d 0h 0m 7s)

