#
# There is insufficient memory for the Java Runtime Environment to continue.
# Native memory allocation (malloc) failed to allocate 43456 bytes for Chunk::new
# Possible reasons:
#   The system is out of physical RAM or swap space
#   In 32 bit mode, the process size limit was hit
# Possible solutions:
#   Reduce memory load on the system
#   Increase physical memory or swap space
#   Check if swap backing store is full
#   Use 64 bit Java on a 64 bit OS
#   Decrease Java heap size (-Xmx/-Xms)
#   Decrease number of Java threads
#   Decrease Java thread stack sizes (-Xss)
#   Set larger code cache with -XX:ReservedCodeCacheSize=
# This output file may be truncated or incomplete.
#
#  Out of Memory Error (allocation.cpp:390), pid=3088, tid=712
#
# JRE version: Java(TM) SE Runtime Environment (8.0_51-b16) (build 1.8.0_51-b16)
# Java VM: Java HotSpot(TM) 64-Bit Server VM (25.51-b03 mixed mode windows-amd64 compressed oops)
# Failed to write core dump. Minidumps are not enabled by default on client versions of Windows
#

---------------  T H R E A D  ---------------

Current thread (0x0000000055170000):  JavaThread "C2 CompilerThread0" daemon [_thread_in_native, id=712, stack(0x0000000056990000,0x0000000056a90000)]

Stack: [0x0000000056990000,0x0000000056a90000]
Native frames: (J=compiled Java code, j=interpreted, Vv=VM code, C=native code)
V  [jvm.dll+0x32b4ca]


Current CompileTask:
C2:   8707 2182       4       java.util.Arrays::hashCode (56 bytes)


---------------  P R O C E S S  ---------------

Java Threads: ( => current thread )
  0x0000000057090000 JavaThread "pool-1-thread-1" [_thread_in_vm, id=5004, stack(0x0000000055f50000,0x0000000056050000)]
  0x0000000056e24800 JavaThread "Service Thread" daemon [_thread_blocked, id=4176, stack(0x00000000571d0000,0x00000000572d0000)]
  0x0000000055176800 JavaThread "C1 CompilerThread2" daemon [_thread_blocked, id=5888, stack(0x0000000056cb0000,0x0000000056db0000)]
  0x0000000055175000 JavaThread "C2 CompilerThread1" daemon [_thread_in_native, id=5872, stack(0x0000000056ba0000,0x0000000056ca0000)]
=>0x0000000055170000 JavaThread "C2 CompilerThread0" daemon [_thread_in_native, id=712, stack(0x0000000056990000,0x0000000056a90000)]
  0x000000005517e800 JavaThread "Attach Listener" daemon [_thread_blocked, id=5172, stack(0x00000000567b0000,0x00000000568b0000)]
  0x000000005517d000 JavaThread "Signal Dispatcher" daemon [_thread_blocked, id=1012, stack(0x00000000565c0000,0x00000000566c0000)]
  0x0000000055117000 JavaThread "Finalizer" daemon [_thread_blocked, id=4364, stack(0x00000000564c0000,0x00000000565c0000)]
  0x0000000055110000 JavaThread "Reference Handler" daemon [_thread_blocked, id=5256, stack(0x00000000562f0000,0x00000000563f0000)]
  0x000000000221e800 JavaThread "main" [_thread_blocked, id=4320, stack(0x0000000002430000,0x0000000002530000)]

Other Threads:
  0x000000005510a800 VMThread [stack: 0x00000000560f0000,0x00000000561f0000] [id=3796]
  0x0000000056e28000 WatcherThread [stack: 0x0000000057370000,0x0000000057470000] [id=332]

VM state:not at safepoint (normal execution)

VM Mutex/Monitor currently owned by a thread: None

Heap:
 PSYoungGen      total 148480K, used 35425K [0x00000000eab00000, 0x00000000fe400000, 0x0000000100000000)
  eden space 131584K, 14% used [0x00000000eab00000,0x00000000ebd1a4a8,0x00000000f2b80000)
  from space 16896K, 99% used [0x00000000f2b80000,0x00000000f3bfe1c8,0x00000000f3c00000)
  to   space 28672K, 0% used [0x00000000fc800000,0x00000000fc800000,0x00000000fe400000)
 ParOldGen       total 87552K, used 49578K [0x00000000c0000000, 0x00000000c5580000, 0x00000000eab00000)
  object space 87552K, 56% used [0x00000000c0000000,0x00000000c306a8b0,0x00000000c5580000)
 Metaspace       used 6329K, capacity 7152K, committed 7296K, reserved 1056768K
  class space    used 597K, capacity 616K, committed 640K, reserved 1048576K

Card table byte_map: [0x0000000011bc0000,0x0000000011dd0000] byte_map_base: 0x00000000115c0000

Marking Bits: (ParMarkBitMap*) 0x000000006fc84040
 Begin Bits: [0x0000000012580000, 0x0000000013580000)
 End Bits:   [0x0000000013580000, 0x0000000014580000)

Polling page: 0x0000000000330000

CodeCache: size=245760Kb used=9909Kb max_used=9909Kb free=235850Kb
 bounds [0x0000000002800000, 0x00000000031c0000, 0x0000000011800000]
 total_blobs=2347 nmethods=2077 adapters=182
 compilation: enabled

Compilation events (10 events):
Event: 8.706 Thread 0x0000000055176800 nmethod 2178 0x00000000031aaf50 code [0x00000000031ab260, 0x00000000031acd28]
Event: 8.706 Thread 0x0000000055176800 2179       1       com.android.dx.dex.file.ClassDefItem::getSuperclass (5 bytes)
Event: 8.706 Thread 0x0000000055176800 nmethod 2179 0x000000000316ad50 code [0x000000000316aea0, 0x000000000316afb0]
Event: 8.706 Thread 0x0000000055176800 2181       3       com.android.dx.dex.file.IndexedItem::hasIndex (13 bytes)
Event: 8.706 Thread 0x0000000055176800 nmethod 2181 0x000000000316bdd0 code [0x000000000316bf20, 0x000000000316c0d0]
Event: 8.706 Thread 0x0000000055176800 2180       1       com.android.dx.dex.file.TypeListItem::getList (5 bytes)
Event: 8.706 Thread 0x0000000055176800 nmethod 2180 0x0000000003190f10 code [0x0000000003191060, 0x0000000003191170]
Event: 8.706 Thread 0x0000000055176800 2183       1       com.android.dx.dex.file.Section::getAlignment (5 bytes)
Event: 8.706 Thread 0x0000000055176800 nmethod 2183 0x0000000003170410 code [0x0000000003170560, 0x0000000003170670]
Event: 8.706 Thread 0x0000000055176800 2184       3       com.android.dx.cf.direct.DirectClassFile$DcfTypeList::getType (26 bytes)

GC Heap History (10 events):
Event: 4.299 GC heap before
{Heap before GC invocations=3 (full 0):
 PSYoungGen      total 38400K, used 38391K [0x00000000eab00000, 0x00000000ef600000, 0x0000000100000000)
  eden space 33280K, 100% used [0x00000000eab00000,0x00000000ecb80000,0x00000000ecb80000)
  from space 5120K, 99% used [0x00000000ed080000,0x00000000ed57df10,0x00000000ed580000)
  to   space 5120K, 0% used [0x00000000ecb80000,0x00000000ecb80000,0x00000000ed080000)
 ParOldGen       total 87552K, used 8341K [0x00000000c0000000, 0x00000000c5580000, 0x00000000eab00000)
  object space 87552K, 9% used [0x00000000c0000000,0x00000000c0825788,0x00000000c5580000)
 Metaspace       used 6143K, capacity 7088K, committed 7296K, reserved 1056768K
  class space    used 588K, capacity 616K, committed 640K, reserved 1048576K
Event: 4.495 GC heap after
Heap after GC invocations=3 (full 0):
 PSYoungGen      total 38400K, used 5091K [0x00000000eab00000, 0x00000000ef600000, 0x0000000100000000)
  eden space 33280K, 0% used [0x00000000eab00000,0x00000000eab00000,0x00000000ecb80000)
  from space 5120K, 99% used [0x00000000ecb80000,0x00000000ed078cd0,0x00000000ed080000)
  to   space 5120K, 0% used [0x00000000ef100000,0x00000000ef100000,0x00000000ef600000)
 ParOldGen       total 87552K, used 13434K [0x00000000c0000000, 0x00000000c5580000, 0x00000000eab00000)
  object space 87552K, 15% used [0x00000000c0000000,0x00000000c0d1e9d8,0x00000000c5580000)
 Metaspace       used 6143K, capacity 7088K, committed 7296K, reserved 1056768K
  class space    used 588K, capacity 616K, committed 640K, reserved 1048576K
}
Event: 4.678 GC heap before
{Heap before GC invocations=4 (full 0):
 PSYoungGen      total 38400K, used 38371K [0x00000000eab00000, 0x00000000ef600000, 0x0000000100000000)
  eden space 33280K, 100% used [0x00000000eab00000,0x00000000ecb80000,0x00000000ecb80000)
  from space 5120K, 99% used [0x00000000ecb80000,0x00000000ed078cd0,0x00000000ed080000)
  to   space 5120K, 0% used [0x00000000ef100000,0x00000000ef100000,0x00000000ef600000)
 ParOldGen       total 87552K, used 13434K [0x00000000c0000000, 0x00000000c5580000, 0x00000000eab00000)
  object space 87552K, 15% used [0x00000000c0000000,0x00000000c0d1e9d8,0x00000000c5580000)
 Metaspace       used 6151K, capacity 7088K, committed 7296K, reserved 1056768K
  class space    used 588K, capacity 616K, committed 640K, reserved 1048576K
Event: 4.691 GC heap after
Heap after GC invocations=4 (full 0):
 PSYoungGen      total 71680K, used 5107K [0x00000000eab00000, 0x00000000ef600000, 0x0000000100000000)
  eden space 66560K, 0% used [0x00000000eab00000,0x00000000eab00000,0x00000000eec00000)
  from space 5120K, 99% used [0x00000000ef100000,0x00000000ef5fccc0,0x00000000ef600000)
  to   space 5120K, 0% used [0x00000000eec00000,0x00000000eec00000,0x00000000ef100000)
 ParOldGen       total 87552K, used 18743K [0x00000000c0000000, 0x00000000c5580000, 0x00000000eab00000)
  object space 87552K, 21% used [0x00000000c0000000,0x00000000c124dec8,0x00000000c5580000)
 Metaspace       used 6151K, capacity 7088K, committed 7296K, reserved 1056768K
  class space    used 588K, capacity 616K, committed 640K, reserved 1048576K
}
Event: 5.110 GC heap before
{Heap before GC invocations=5 (full 0):
 PSYoungGen      total 71680K, used 71667K [0x00000000eab00000, 0x00000000ef600000, 0x0000000100000000)
  eden space 66560K, 100% used [0x00000000eab00000,0x00000000eec00000,0x00000000eec00000)
  from space 5120K, 99% used [0x00000000ef100000,0x00000000ef5fccc0,0x00000000ef600000)
  to   space 5120K, 0% used [0x00000000eec00000,0x00000000eec00000,0x00000000ef100000)
 ParOldGen       total 87552K, used 18743K [0x00000000c0000000, 0x00000000c5580000, 0x00000000eab00000)
  object space 87552K, 21% used [0x00000000c0000000,0x00000000c124dec8,0x00000000c5580000)
 Metaspace       used 6169K, capacity 7088K, committed 7296K, reserved 1056768K
  class space    used 590K, capacity 616K, committed 640K, reserved 1048576K
Event: 5.154 GC heap after
Heap after GC invocations=5 (full 0):
 PSYoungGen      total 71680K, used 5103K [0x00000000eab00000, 0x00000000f4b00000, 0x0000000100000000)
  eden space 66560K, 0% used [0x00000000eab00000,0x00000000eab00000,0x00000000eec00000)
  from space 5120K, 99% used [0x00000000eec00000,0x00000000ef0fbca8,0x00000000ef100000)
  to   space 15360K, 0% used [0x00000000f3c00000,0x00000000f3c00000,0x00000000f4b00000)
 ParOldGen       total 87552K, used 29625K [0x00000000c0000000, 0x00000000c5580000, 0x00000000eab00000)
  object space 87552K, 33% used [0x00000000c0000000,0x00000000c1cee668,0x00000000c5580000)
 Metaspace       used 6169K, capacity 7088K, committed 7296K, reserved 1056768K
  class space    used 590K, capacity 616K, committed 640K, reserved 1048576K
}
Event: 6.049 GC heap before
{Heap before GC invocations=6 (full 0):
 PSYoungGen      total 71680K, used 71663K [0x00000000eab00000, 0x00000000f4b00000, 0x0000000100000000)
  eden space 66560K, 100% used [0x00000000eab00000,0x00000000eec00000,0x00000000eec00000)
  from space 5120K, 99% used [0x00000000eec00000,0x00000000ef0fbca8,0x00000000ef100000)
  to   space 15360K, 0% used [0x00000000f3c00000,0x00000000f3c00000,0x00000000f4b00000)
 ParOldGen       total 87552K, used 29625K [0x00000000c0000000, 0x00000000c5580000, 0x00000000eab00000)
  object space 87552K, 33% used [0x00000000c0000000,0x00000000c1cee668,0x00000000c5580000)
 Metaspace       used 6193K, capacity 7152K, committed 7296K, reserved 1056768K
  class space    used 591K, capacity 616K, committed 640K, reserved 1048576K
Event: 6.107 GC heap after
Heap after GC invocations=6 (full 0):
 PSYoungGen      total 146944K, used 15233K [0x00000000eab00000, 0x00000000f4e00000, 0x0000000100000000)
  eden space 131584K, 0% used [0x00000000eab00000,0x00000000eab00000,0x00000000f2b80000)
  from space 15360K, 99% used [0x00000000f3c00000,0x00000000f4ae0630,0x00000000f4b00000)
  to   space 16896K, 0% used [0x00000000f2b80000,0x00000000f2b80000,0x00000000f3c00000)
 ParOldGen       total 87552K, used 29633K [0x00000000c0000000, 0x00000000c5580000, 0x00000000eab00000)
  object space 87552K, 33% used [0x00000000c0000000,0x00000000c1cf0668,0x00000000c5580000)
 Metaspace       used 6193K, capacity 7152K, committed 7296K, reserved 1056768K
  class space    used 591K, capacity 616K, committed 640K, reserved 1048576K
}
Event: 8.087 GC heap before
{Heap before GC invocations=7 (full 0):
 PSYoungGen      total 146944K, used 146817K [0x00000000eab00000, 0x00000000f4e00000, 0x0000000100000000)
  eden space 131584K, 100% used [0x00000000eab00000,0x00000000f2b80000,0x00000000f2b80000)
  from space 15360K, 99% used [0x00000000f3c00000,0x00000000f4ae0630,0x00000000f4b00000)
  to   space 16896K, 0% used [0x00000000f2b80000,0x00000000f2b80000,0x00000000f3c00000)
 ParOldGen       total 87552K, used 29633K [0x00000000c0000000, 0x00000000c5580000, 0x00000000eab00000)
  object space 87552K, 33% used [0x00000000c0000000,0x00000000c1cf0668,0x00000000c5580000)
 Metaspace       used 6283K, capacity 7152K, committed 7296K, reserved 1056768K
  class space    used 592K, capacity 616K, committed 640K, reserved 1048576K
Event: 8.316 GC heap after
Heap after GC invocations=7 (full 0):
 PSYoungGen      total 148480K, used 16888K [0x00000000eab00000, 0x00000000fe400000, 0x0000000100000000)
  eden space 131584K, 0% used [0x00000000eab00000,0x00000000eab00000,0x00000000f2b80000)
  from space 16896K, 99% used [0x00000000f2b80000,0x00000000f3bfe1c8,0x00000000f3c00000)
  to   space 28672K, 0% used [0x00000000fc800000,0x00000000fc800000,0x00000000fe400000)
 ParOldGen       total 87552K, used 49578K [0x00000000c0000000, 0x00000000c5580000, 0x00000000eab00000)
  object space 87552K, 56% used [0x00000000c0000000,0x00000000c306a8b0,0x00000000c5580000)
 Metaspace       used 6283K, capacity 7152K, committed 7296K, reserved 1056768K
  class space    used 592K, capacity 616K, committed 640K, reserved 1048576K
}

Deoptimization events (10 events):
Event: 7.172 Thread 0x00000000571ae800 Uncommon trap: reason=unstable_if action=reinterpret pc=0x0000000002c4c86c method=com.android.dx.util.IntList.binarysearch(I)I @ 105
Event: 7.172 Thread 0x00000000571ae800 Uncommon trap: reason=unstable_if action=reinterpret pc=0x0000000002f9cc78 method=com.android.dx.ssa.SsaBasicBlock.newFromRop(Lcom/android/dx/rop/code/RopMethod;ILcom/android/dx/ssa/SsaMethod;)Lcom/android/dx/ssa/SsaBasicBlock; @ 164
Event: 7.172 Thread 0x00000000571ae800 Uncommon trap: reason=unstable_if action=reinterpret pc=0x0000000003024064 method=com.android.dx.ssa.SsaMethod.blockIndexToRopLabel(I)I @ 1
Event: 7.603 Thread 0x00000000574b0800 Uncommon trap: reason=unstable_if action=reinterpret pc=0x0000000002d1a384 method=com.android.dx.rop.cst.Constant.compareTo(Lcom/android/dx/rop/cst/Constant;)I @ 12
Event: 7.831 Thread 0x00000000571ae800 Uncommon trap: reason=unstable_if action=reinterpret pc=0x0000000002a34654 method=java.util.HashMap.getNode(ILjava/lang/Object;)Ljava/util/HashMap$Node; @ 62
Event: 8.705 Thread 0x0000000057090000 Uncommon trap: reason=class_check action=maybe_recompile pc=0x0000000002ce67c8 method=java.util.Arrays.hashCode([Ljava/lang/Object;)I @ 43
Event: 8.705 Thread 0x0000000057090000 Uncommon trap: reason=class_check action=maybe_recompile pc=0x0000000002ce67c8 method=java.util.Arrays.hashCode([Ljava/lang/Object;)I @ 43
Event: 8.705 Thread 0x0000000057090000 Uncommon trap: reason=class_check action=maybe_recompile pc=0x0000000002ce67c8 method=java.util.Arrays.hashCode([Ljava/lang/Object;)I @ 43
Event: 8.705 Thread 0x0000000057090000 Uncommon trap: reason=class_check action=maybe_recompile pc=0x0000000002ce67c8 method=java.util.Arrays.hashCode([Ljava/lang/Object;)I @ 43
Event: 8.705 Thread 0x0000000057090000 Uncommon trap: reason=class_check action=maybe_recompile pc=0x0000000002ce1934 method=java.util.Arrays.hashCode([Ljava/lang/Object;)I @ 43

Internal exceptions (4 events):
Event: 0.353 Thread 0x000000000221e800 Exception <a 'java/lang/NoSuchMethodError': Method sun.misc.Unsafe.defineClass(Ljava/lang/String;[BII)Ljava/lang/Class; name or signature does not match> (0x00000000eab0d480) thrown at [C:\re\workspace\8-2-build-windows-amd64-cygwin\jdk8u51\3951\hotspot\srG÷µ›#ú÷?
Event: 0.353 Thread 0x000000000221e800 Exception <a 'java/lang/NoSuchMethodError': Method sun.misc.Unsafe.prefetchRead(Ljava/lang/Object;J)V name or signature does not match> (0x00000000eab0d710) thrown at [C:\re\workspace\8-2-build-windows-amd64-cygwin\jdk8u51\3951\hotspot\src\share\vm\prims\jfõ_3≥@
Event: 2.712 Thread 0x00000000571ae800 Implicit null exception at 0x0000000002ab7101 to 0x0000000002ab9501
Event: 2.756 Thread 0x00000000571ae800 Implicit null exception at 0x0000000002b2d795 to 0x0000000002b306a5

Events (10 events):
Event: 8.705 Thread 0x0000000057090000 DEOPT UNPACKING pc=0x000000000284582a sp=0x000000005604eb50 mode 2
Event: 8.705 Thread 0x0000000057090000 Uncommon trap: trap_request=0xffffffde fr.pc=0x0000000002ce67c8
Event: 8.705 Thread 0x0000000057090000 DEOPT PACKING pc=0x0000000002ce67c8 sp=0x000000005604ec20
Event: 8.705 Thread 0x0000000057090000 DEOPT UNPACKING pc=0x000000000284582a sp=0x000000005604eb50 mode 2
Event: 8.705 Thread 0x0000000057090000 Uncommon trap: trap_request=0xffffffde fr.pc=0x0000000002ce67c8
Event: 8.705 Thread 0x0000000057090000 DEOPT PACKING pc=0x0000000002ce67c8 sp=0x000000005604ebf0
Event: 8.705 Thread 0x0000000057090000 DEOPT UNPACKING pc=0x000000000284582a sp=0x000000005604eb20 mode 2
Event: 8.705 Thread 0x0000000057090000 Uncommon trap: trap_request=0xffffffde fr.pc=0x0000000002ce1934
Event: 8.705 Thread 0x0000000057090000 DEOPT PACKING pc=0x0000000002ce1934 sp=0x000000005604eba0
Event: 8.705 Thread 0x0000000057090000 DEOPT UNPACKING pc=0x000000000284582a sp=0x000000005604eb28 mode 2


Dynamic libraries:
0x000000013f130000 - 0x000000013f167000 	C:\java\jdk8u51\bin\java.exe
0x00000000774e0000 - 0x000000007768a000 	C:\Windows\SYSTEM32\ntdll.dll
0x00000000772c0000 - 0x00000000773df000 	C:\Windows\system32\kernel32.dll
0x000007fefd540000 - 0x000007fefd5aa000 	C:\Windows\system32\KERNELBASE.dll
0x000007fefeea0000 - 0x000007fefef7b000 	C:\Windows\system32\ADVAPI32.dll
0x000007fefee00000 - 0x000007fefee9f000 	C:\Windows\system32\msvcrt.dll
0x000007fefed60000 - 0x000007fefed7f000 	C:\Windows\SYSTEM32\sechost.dll
0x000007feff190000 - 0x000007feff2bd000 	C:\Windows\system32\RPCRT4.dll
0x00000000773e0000 - 0x00000000774da000 	C:\Windows\system32\USER32.dll
0x000007fefda70000 - 0x000007fefdad7000 	C:\Windows\system32\GDI32.dll
0x000007fefebe0000 - 0x000007fefebee000 	C:\Windows\system32\LPK.dll
0x000007fefd630000 - 0x000007fefd6fa000 	C:\Windows\system32\USP10.dll
0x000007fefbb70000 - 0x000007fefbd64000 	C:\Windows\WinSxS\amd64_microsoft.windows.common-controls_6595b64144ccf1df_6.0.7601.18837_none_fa3b1e3d17594757\COMCTL32.dll
0x000007fefed80000 - 0x000007fefedf1000 	C:\Windows\system32\SHLWAPI.dll
0x000007feff530000 - 0x000007feff55e000 	C:\Windows\system32\IMM32.DLL
0x000007feff3a0000 - 0x000007feff4a9000 	C:\Windows\system32\MSCTF.dll
0x0000000069740000 - 0x0000000069812000 	C:\java\jdk8u51\jre\bin\msvcr100.dll
0x000000006f480000 - 0x000000006fd03000 	C:\java\jdk8u51\jre\bin\server\jvm.dll
0x000007fef9330000 - 0x000007fef9339000 	C:\Windows\system32\WSOCK32.dll
0x000007fefec10000 - 0x000007fefec5d000 	C:\Windows\system32\WS2_32.dll
0x000007fefd620000 - 0x000007fefd628000 	C:\Windows\system32\NSI.dll
0x000007fefac30000 - 0x000007fefac6b000 	C:\Windows\system32\WINMM.dll
0x000007fefc350000 - 0x000007fefc35c000 	C:\Windows\system32\VERSION.dll
0x00000000776b0000 - 0x00000000776b7000 	C:\Windows\system32\PSAPI.DLL
0x00000000748e0000 - 0x00000000748ef000 	C:\java\jdk8u51\jre\bin\verify.dll
0x00000000748b0000 - 0x00000000748d9000 	C:\java\jdk8u51\jre\bin\java.dll
0x0000000074890000 - 0x00000000748a6000 	C:\java\jdk8u51\jre\bin\zip.dll
0x000007fefdae0000 - 0x000007fefe869000 	C:\Windows\system32\SHELL32.dll
0x000007fefef80000 - 0x000007feff183000 	C:\Windows\system32\ole32.dll
0x000007fefd270000 - 0x000007fefd27f000 	C:\Windows\system32\profapi.dll

VM Arguments:
jvm_args: -Djava.awt.headless=true -Xmx1024M -Dfile.encoding=windows-1252 -Duser.country=GB -Duser.language=en -Duser.variant 
java_command: com.android.dx.command.Main --dex --force-jumbo --num-threads=4 --multi-dex --output C:\Users\dineen\Desktop\14-06-16\Ancien_Dico_Stage\app\build\intermediates\transforms\dex\debug\folders\1000\10\kotlin-stdlib-1.0.2_f8c66ef073f0a4571442499d4a910b32a1527ddf C:\Users\dineen\.gradle\caches\modules-2\files-2.1\org.jetbrains.kotlin\kotlin-stdlib\1.0.2\22063f19bfd8e50f21fc310842a91ff5b31bb272\kotlin-stdlib-1.0.2.jar
java_class_path (initial): C:\AndroidSDK\build-tools\23.0.3\lib\dx.jar
Launcher Type: SUN_STANDARD

Environment Variables:
JAVA_HOME=C:\java\jdk8u51
PATH=C:\Program Files (x86)\Intel\iCLS Client\;C:\Program Files\Intel\iCLS Client\;C:\ProgramData\Oracle\Java\javapath;C:\Windows\system32;C:\Windows;C:\Windows\System32\Wbem;C:\Windows\System32\WindowsPowerShell\v1.0\;C:\Program Files (x86)\AMD\ATI.ACE\Core-Static;C:\java\jdk8u51\bin;C:\Program Files (x86)\Windows Kits\8.1\Windows Performance Toolkit\;C:\Program Files\Microsoft SQL Server\110\Tools\Binn\;C:\Program Files (x86)\Microsoft SDKs\TypeScript\1.0\;C:\Program Files\Microsoft SQL Server\120\Tools\Binn\;C:\Program Files\Intel\Intel(R) Management Engine Components\DAL;C:\Program Files\Intel\Intel(R) Management Engine Components\IPT;C:\Program Files (x86)\Intel\Intel(R) Management Engine Components\DAL;C:\Program Files (x86)\Intel\Intel(R) Management Engine Components\IPT;C:\Program Files\Git\cmd
USERNAME=dineen
OS=Windows_NT
PROCESSOR_IDENTIFIER=Intel64 Family 6 Model 58 Stepping 9, GenuineIntel



---------------  S Y S T E M  ---------------

OS: Windows 7 , 64 bit Build 7601 (6.1.7601.23418)

CPU:total 4 (4 cores per cpu, 1 threads per core) family 6 model 58 stepping 9, cmov, cx8, fxsr, mmx, sse, sse2, sse3, ssse3, sse4.1, sse4.2, popcnt, avx, aes, clmul, erms, tsc, tscinvbit, tscinv

Memory: 4k page, physical 8342068k(974644k free), swap 10437360k(5060k free)

vm_info: Java HotSpot(TM) 64-Bit Server VM (25.51-b03) for windows-amd64 JRE (1.8.0_51-b16), built on Jun  8 2015 18:03:07 by "java_re" with MS VC++ 10.0 (VS2010)

time: Wed Jun 15 10:59:56 2016
elapsed time: 8 seconds (0d 0h 0m 8s)

