#
# There is insufficient memory for the Java Runtime Environment to continue.
# Native memory allocation (malloc) failed to allocate 380976 bytes for Chunk::new
# Possible reasons:
#   The system is out of physical RAM or swap space
#   In 32 bit mode, the process size limit was hit
# Possible solutions:
#   Reduce memory load on the system
#   Increase physical memory or swap space
#   Check if swap backing store is full
#   Use 64 bit Java on a 64 bit OS
#   Decrease Java heap size (-Xmx/-Xms)
#   Decrease number of Java threads
#   Decrease Java thread stack sizes (-Xss)
#   Set larger code cache with -XX:ReservedCodeCacheSize=
# This output file may be truncated or incomplete.
#
#  Out of Memory Error (allocation.cpp:390), pid=5304, tid=5916
#
# JRE version: Java(TM) SE Runtime Environment (8.0_51-b16) (build 1.8.0_51-b16)
# Java VM: Java HotSpot(TM) 64-Bit Server VM (25.51-b03 mixed mode windows-amd64 compressed oops)
# Failed to write core dump. Minidumps are not enabled by default on client versions of Windows
#

---------------  T H R E A D  ---------------

Current thread (0x0000000054f80000):  JavaThread "C2 CompilerThread0" daemon [_thread_in_native, id=5916, stack(0x0000000056150000,0x0000000056250000)]

Stack: [0x0000000056150000,0x0000000056250000]
Native frames: (J=compiled Java code, j=interpreted, Vv=VM code, C=native code)
V  [jvm.dll+0x32b4ca]


Current CompileTask:
C2:   1876  646       4       com.android.dx.ssa.SsaBasicBlock::forEachInsn (37 bytes)


---------------  P R O C E S S  ---------------

Java Threads: ( => current thread )
  0x0000000056a46800 JavaThread "pool-2-thread-4" [_thread_blocked, id=2432, stack(0x00000000571f0000,0x00000000572f0000)]
  0x0000000056a43800 JavaThread "pool-2-thread-3" [_thread_blocked, id=3772, stack(0x0000000057630000,0x0000000057730000)]
  0x0000000056a43000 JavaThread "pool-2-thread-2" [_thread_blocked, id=2708, stack(0x0000000057420000,0x0000000057520000)]
  0x0000000056a3e000 JavaThread "pool-3-thread-1" [_thread_blocked, id=5632, stack(0x0000000056fd0000,0x00000000570d0000)]
  0x0000000056a28000 JavaThread "pool-2-thread-1" [_thread_blocked, id=5516, stack(0x0000000057300000,0x0000000057400000)]
  0x0000000056932000 JavaThread "Service Thread" daemon [_thread_blocked, id=5924, stack(0x0000000056e80000,0x0000000056f80000)]
  0x00000000568d1000 JavaThread "C1 CompilerThread2" daemon [_thread_blocked, id=1512, stack(0x0000000056ce0000,0x0000000056de0000)]
  0x0000000054f88800 JavaThread "C2 CompilerThread1" daemon [_thread_blocked, id=3108, stack(0x00000000567d0000,0x00000000568d0000)]
=>0x0000000054f80000 JavaThread "C2 CompilerThread0" daemon [_thread_in_native, id=5916, stack(0x0000000056150000,0x0000000056250000)]
  0x0000000054f8e800 JavaThread "Attach Listener" daemon [_thread_blocked, id=708, stack(0x0000000056640000,0x0000000056740000)]
  0x0000000054f8d000 JavaThread "Signal Dispatcher" daemon [_thread_blocked, id=5528, stack(0x0000000056510000,0x0000000056610000)]
  0x0000000054f27000 JavaThread "Finalizer" daemon [_thread_blocked, id=5596, stack(0x00000000562c0000,0x00000000563c0000)]
  0x0000000054f20000 JavaThread "Reference Handler" daemon [_thread_blocked, id=5396, stack(0x0000000055f40000,0x0000000056040000)]
  0x000000000207e800 JavaThread "main" [_thread_blocked, id=3900, stack(0x00000000021f0000,0x00000000022f0000)]

Other Threads:
  0x0000000054f1a800 VMThread [stack: 0x0000000056040000,0x0000000056140000] [id=1748]
  0x0000000056936000 WatcherThread [stack: 0x00000000570d0000,0x00000000571d0000] [id=5196]

VM state:not at safepoint (normal execution)

VM Mutex/Monitor currently owned by a thread: None

Heap:
 PSYoungGen      total 38400K, used 15375K [0x00000000eab00000, 0x00000000ed580000, 0x0000000100000000)
  eden space 33280K, 46% used [0x00000000eab00000,0x00000000eba03de8,0x00000000ecb80000)
  from space 5120K, 0% used [0x00000000ed080000,0x00000000ed080000,0x00000000ed580000)
  to   space 5120K, 0% used [0x00000000ecb80000,0x00000000ecb80000,0x00000000ed080000)
 ParOldGen       total 87552K, used 0K [0x00000000c0000000, 0x00000000c5580000, 0x00000000eab00000)
  object space 87552K, 0% used [0x00000000c0000000,0x00000000c0000000,0x00000000c5580000)
 Metaspace       used 5510K, capacity 6576K, committed 6784K, reserved 1056768K
  class space    used 580K, capacity 616K, committed 640K, reserved 1048576K

Card table byte_map: [0x0000000011a00000,0x0000000011c10000] byte_map_base: 0x0000000011400000

Marking Bits: (ParMarkBitMap*) 0x000000006fc84040
 Begin Bits: [0x0000000012390000, 0x0000000013390000)
 End Bits:   [0x0000000013390000, 0x0000000014390000)

Polling page: 0x0000000000330000

CodeCache: size=245760Kb used=2694Kb max_used=2694Kb free=243065Kb
 bounds [0x0000000002640000, 0x00000000028f0000, 0x0000000011640000]
 total_blobs=924 nmethods=655 adapters=182
 compilation: enabled

Compilation events (10 events):
Event: 1.858 Thread 0x00000000568d1000  638       3       com.android.dx.rop.code.PlainInsn::withNewRegisters (18 bytes)
Event: 1.858 Thread 0x00000000568d1000 nmethod 638 0x00000000028e1a50 code [0x00000000028e1bc0, 0x00000000028e1ec8]
Event: 1.858 Thread 0x00000000568d1000  655       3       com.android.dx.ssa.SsaRenamer$BlockRenamer$RenamingMapper::map (28 bytes)
Event: 1.859 Thread 0x00000000568d1000 nmethod 655 0x00000000028db890 code [0x00000000028dba20, 0x00000000028dbee8]
Event: 1.859 Thread 0x00000000568d1000  636       3       com.android.dx.rop.code.ThrowingCstInsn::<init> (51 bytes)
Event: 1.859 Thread 0x00000000568d1000 nmethod 636 0x00000000028dae10 code [0x00000000028dafe0, 0x00000000028db5d8]
Event: 1.859 Thread 0x00000000568d1000  656       3       com.android.dx.ssa.RegisterMapper::<init> (5 bytes)
Event: 1.859 Thread 0x00000000568d1000 nmethod 656 0x00000000028e1690 code [0x00000000028e17e0, 0x00000000028e1990]
Event: 1.859 Thread 0x00000000568d1000  632       3       com.android.dx.ssa.Optimizer::getAdvice (4 bytes)
Event: 1.859 Thread 0x00000000568d1000 nmethod 632 0x00000000028e2dd0 code [0x00000000028e2f20, 0x00000000028e3050]

GC Heap History (0 events):
No events

Deoptimization events (6 events):
Event: 1.658 Thread 0x0000000056a43800 Uncommon trap: reason=class_check action=maybe_recompile pc=0x00000000027cf7cc method=java.util.HashMap.getNode(ILjava/lang/Object;)Ljava/util/HashMap$Node; @ 126
Event: 1.658 Thread 0x0000000056a43800 Uncommon trap: reason=class_check action=maybe_recompile pc=0x00000000027cf7cc method=java.util.HashMap.getNode(ILjava/lang/Object;)Ljava/util/HashMap$Node; @ 126
Event: 1.668 Thread 0x0000000056a43000 Uncommon trap: reason=class_check action=maybe_recompile pc=0x00000000027cf7cc method=java.util.HashMap.getNode(ILjava/lang/Object;)Ljava/util/HashMap$Node; @ 126
Event: 1.668 Thread 0x0000000056a43000 Uncommon trap: reason=class_check action=maybe_recompile pc=0x00000000027cf7cc method=java.util.HashMap.getNode(ILjava/lang/Object;)Ljava/util/HashMap$Node; @ 126
Event: 1.688 Thread 0x000000000207e800 Uncommon trap: reason=unstable_if action=reinterpret pc=0x0000000002804e00 method=java.util.HashMap.getNode(ILjava/lang/Object;)Ljava/util/HashMap$Node; @ 62
Event: 1.758 Thread 0x0000000056a43800 Uncommon trap: reason=unstable_if action=reinterpret pc=0x0000000002892cd4 method=java.util.HashMap.getNode(ILjava/lang/Object;)Ljava/util/HashMap$Node; @ 129

Internal exceptions (2 events):
Event: 0.654 Thread 0x000000000207e800 Exception <a 'java/lang/NoSuchMethodError': Method sun.misc.Unsafe.defineClass(Ljava/lang/String;[BII)Ljava/lang/Class; name or signature does not match> (0x00000000eab0d3d8) thrown at [C:\re\workspace\8-2-build-windows-amd64-cygwin\jdk8u51\3951\hotspot\srÅ©V»Ó‰?
Event: 0.654 Thread 0x000000000207e800 Exception <a 'java/lang/NoSuchMethodError': Method sun.misc.Unsafe.prefetchRead(Ljava/lang/Object;J)V name or signature does not match> (0x00000000eab0d668) thrown at [C:\re\workspace\8-2-build-windows-amd64-cygwin\jdk8u51\3951\hotspot\src\share\vm\prims\j

Events (10 events):
Event: 1.730 loading class com/android/dx/cf/code/BytecodeArray$ConstantParserVisitor done
Event: 1.752 loading class com/android/dx/rop/cst/CstArray$List
Event: 1.752 loading class com/android/dx/rop/cst/CstArray$List done
Event: 1.752 loading class com/android/dx/dex/file/FieldAnnotationStruct
Event: 1.752 loading class com/android/dx/dex/file/FieldAnnotationStruct done
Event: 1.758 Thread 0x0000000056a43800 Uncommon trap: trap_request=0xffffff65 fr.pc=0x0000000002892cd4
Event: 1.758 Thread 0x0000000056a43800 DEOPT PACKING pc=0x0000000002892cd4 sp=0x000000005772e810
Event: 1.758 Thread 0x0000000056a43800 DEOPT UNPACKING pc=0x000000000268582a sp=0x000000005772e798 mode 2
Event: 1.759 Executing VM operation: ForceSafepoint
Event: 1.814 Executing VM operation: ForceSafepoint done


Dynamic libraries:
0x000000013f130000 - 0x000000013f167000 	C:\java\jdk8u51\bin\java.exe
0x00000000774e0000 - 0x000000007768a000 	C:\Windows\SYSTEM32\ntdll.dll
0x00000000772c0000 - 0x00000000773df000 	C:\Windows\system32\kernel32.dll
0x000007fefd540000 - 0x000007fefd5aa000 	C:\Windows\system32\KERNELBASE.dll
0x000007fefeea0000 - 0x000007fefef7b000 	C:\Windows\system32\ADVAPI32.dll
0x000007fefee00000 - 0x000007fefee9f000 	C:\Windows\system32\msvcrt.dll
0x000007fefed60000 - 0x000007fefed7f000 	C:\Windows\SYSTEM32\sechost.dll
0x000007feff190000 - 0x000007feff2bd000 	C:\Windows\system32\RPCRT4.dll
0x00000000773e0000 - 0x00000000774da000 	C:\Windows\system32\USER32.dll
0x000007fefda70000 - 0x000007fefdad7000 	C:\Windows\system32\GDI32.dll
0x000007fefebe0000 - 0x000007fefebee000 	C:\Windows\system32\LPK.dll
0x000007fefd630000 - 0x000007fefd6fa000 	C:\Windows\system32\USP10.dll
0x000007fefbb70000 - 0x000007fefbd64000 	C:\Windows\WinSxS\amd64_microsoft.windows.common-controls_6595b64144ccf1df_6.0.7601.18837_none_fa3b1e3d17594757\COMCTL32.dll
0x000007fefed80000 - 0x000007fefedf1000 	C:\Windows\system32\SHLWAPI.dll
0x000007feff530000 - 0x000007feff55e000 	C:\Windows\system32\IMM32.DLL
0x000007feff3a0000 - 0x000007feff4a9000 	C:\Windows\system32\MSCTF.dll
0x0000000069740000 - 0x0000000069812000 	C:\java\jdk8u51\jre\bin\msvcr100.dll
0x000000006f480000 - 0x000000006fd03000 	C:\java\jdk8u51\jre\bin\server\jvm.dll
0x000007fef9330000 - 0x000007fef9339000 	C:\Windows\system32\WSOCK32.dll
0x000007fefec10000 - 0x000007fefec5d000 	C:\Windows\system32\WS2_32.dll
0x000007fefd620000 - 0x000007fefd628000 	C:\Windows\system32\NSI.dll
0x000007fefac30000 - 0x000007fefac6b000 	C:\Windows\system32\WINMM.dll
0x000007fefc350000 - 0x000007fefc35c000 	C:\Windows\system32\VERSION.dll
0x00000000776b0000 - 0x00000000776b7000 	C:\Windows\system32\PSAPI.DLL
0x00000000748e0000 - 0x00000000748ef000 	C:\java\jdk8u51\jre\bin\verify.dll
0x00000000748b0000 - 0x00000000748d9000 	C:\java\jdk8u51\jre\bin\java.dll
0x0000000074890000 - 0x00000000748a6000 	C:\java\jdk8u51\jre\bin\zip.dll
0x000007fefdae0000 - 0x000007fefe869000 	C:\Windows\system32\SHELL32.dll
0x000007fefef80000 - 0x000007feff183000 	C:\Windows\system32\ole32.dll
0x000007fefd270000 - 0x000007fefd27f000 	C:\Windows\system32\profapi.dll

VM Arguments:
jvm_args: -Djava.awt.headless=true -Xmx1024M -Dfile.encoding=windows-1252 -Duser.country=GB -Duser.language=en -Duser.variant 
java_command: com.android.dx.command.Main --dex --force-jumbo --num-threads=4 --multi-dex --output C:\Users\dineen\Desktop\14-06-16\Ancien_Dico_Stage\app\build\intermediates\transforms\dex\debug\folders\1000\5\slice_7 C:\Users\dineen\Desktop\14-06-16\Ancien_Dico_Stage\app\build\intermediates\transforms\instantRunSlicer\debug\folders\1\5\slice_7
java_class_path (initial): C:\AndroidSDK\build-tools\23.0.3\lib\dx.jar
Launcher Type: SUN_STANDARD

Environment Variables:
JAVA_HOME=C:\java\jdk8u51
PATH=C:\Program Files (x86)\Intel\iCLS Client\;C:\Program Files\Intel\iCLS Client\;C:\ProgramData\Oracle\Java\javapath;C:\Windows\system32;C:\Windows;C:\Windows\System32\Wbem;C:\Windows\System32\WindowsPowerShell\v1.0\;C:\Program Files (x86)\AMD\ATI.ACE\Core-Static;C:\java\jdk8u51\bin;C:\Program Files (x86)\Windows Kits\8.1\Windows Performance Toolkit\;C:\Program Files\Microsoft SQL Server\110\Tools\Binn\;C:\Program Files (x86)\Microsoft SDKs\TypeScript\1.0\;C:\Program Files\Microsoft SQL Server\120\Tools\Binn\;C:\Program Files\Intel\Intel(R) Management Engine Components\DAL;C:\Program Files\Intel\Intel(R) Management Engine Components\IPT;C:\Program Files (x86)\Intel\Intel(R) Management Engine Components\DAL;C:\Program Files (x86)\Intel\Intel(R) Management Engine Components\IPT;C:\Program Files\Git\cmd
USERNAME=dineen
OS=Windows_NT
PROCESSOR_IDENTIFIER=Intel64 Family 6 Model 58 Stepping 9, GenuineIntel



---------------  S Y S T E M  ---------------

OS: Windows 7 , 64 bit Build 7601 (6.1.7601.23418)

CPU:total 4 (4 cores per cpu, 1 threads per core) family 6 model 58 stepping 9, cmov, cx8, fxsr, mmx, sse, sse2, sse3, ssse3, sse4.1, sse4.2, popcnt, avx, aes, clmul, erms, tsc, tscinvbit, tscinv

Memory: 4k page, physical 8342068k(982308k free), swap 10437360k(57216k free)

vm_info: Java HotSpot(TM) 64-Bit Server VM (25.51-b03) for windows-amd64 JRE (1.8.0_51-b16), built on Jun  8 2015 18:03:07 by "java_re" with MS VC++ 10.0 (VS2010)

time: Wed Jun 15 10:59:45 2016
elapsed time: 2 seconds (0d 0h 0m 2s)

