#
# There is insufficient memory for the Java Runtime Environment to continue.
# Native memory allocation (malloc) failed to allocate 1084736 bytes for Chunk::new
# Possible reasons:
#   The system is out of physical RAM or swap space
#   In 32 bit mode, the process size limit was hit
# Possible solutions:
#   Reduce memory load on the system
#   Increase physical memory or swap space
#   Check if swap backing store is full
#   Use 64 bit Java on a 64 bit OS
#   Decrease Java heap size (-Xmx/-Xms)
#   Decrease number of Java threads
#   Decrease Java thread stack sizes (-Xss)
#   Set larger code cache with -XX:ReservedCodeCacheSize=
# This output file may be truncated or incomplete.
#
#  Out of Memory Error (allocation.cpp:390), pid=5884, tid=4480
#
# JRE version: Java(TM) SE Runtime Environment (8.0_51-b16) (build 1.8.0_51-b16)
# Java VM: Java HotSpot(TM) 64-Bit Server VM (25.51-b03 mixed mode windows-amd64 compressed oops)
# Failed to write core dump. Minidumps are not enabled by default on client versions of Windows
#

---------------  T H R E A D  ---------------

Current thread (0x00000000550c9000):  JavaThread "C2 CompilerThread0" daemon [_thread_in_native, id=4480, stack(0x0000000056b70000,0x0000000056c70000)]

Stack: [0x0000000056b70000,0x0000000056c70000]
Native frames: (J=compiled Java code, j=interpreted, Vv=VM code, C=native code)
V  [jvm.dll+0x32b4ca]


Current CompileTask:
C2:   2313 1945       4       com.android.dx.ssa.SsaConverter::placePhiFunctions (394 bytes)


---------------  P R O C E S S  ---------------

Java Threads: ( => current thread )
  0x0000000056730000 JavaThread "pool-2-thread-3" [_thread_in_Java, id=4552, stack(0x00000000578f0000,0x00000000579f0000)]
  0x00000000565be800 JavaThread "pool-3-thread-1" [_thread_blocked, id=5304, stack(0x0000000057640000,0x0000000057740000)]
  0x00000000564ce000 JavaThread "Service Thread" daemon [_thread_blocked, id=5696, stack(0x00000000570d0000,0x00000000571d0000)]
  0x0000000056459800 JavaThread "C1 CompilerThread2" daemon [_thread_blocked, id=5640, stack(0x0000000056ef0000,0x0000000056ff0000)]
  0x0000000056457800 JavaThread "C2 CompilerThread1" daemon [_thread_in_native, id=4600, stack(0x0000000056d90000,0x0000000056e90000)]
=>0x00000000550c9000 JavaThread "C2 CompilerThread0" daemon [_thread_in_native, id=4480, stack(0x0000000056b70000,0x0000000056c70000)]
  0x00000000550c8000 JavaThread "Attach Listener" daemon [_thread_blocked, id=2240, stack(0x0000000055ed0000,0x0000000055fd0000)]
  0x000000005645c000 JavaThread "Signal Dispatcher" daemon [_thread_blocked, id=1704, stack(0x0000000056900000,0x0000000056a00000)]
  0x000000005506c000 JavaThread "Finalizer" daemon [_thread_blocked, id=3180, stack(0x0000000056350000,0x0000000056450000)]
  0x0000000055065000 JavaThread "Reference Handler" daemon [_thread_blocked, id=5332, stack(0x0000000056180000,0x0000000056280000)]
  0x00000000020be800 JavaThread "main" [_thread_blocked, id=4688, stack(0x0000000002250000,0x0000000002350000)]

Other Threads:
  0x000000005505c000 VMThread [stack: 0x0000000056010000,0x0000000056110000] [id=5280]
  0x00000000550cf000 WatcherThread [stack: 0x00000000572d0000,0x00000000573d0000] [id=1320]

VM state:not at safepoint (normal execution)

VM Mutex/Monitor currently owned by a thread: None

Heap:
 PSYoungGen      total 138240K, used 40651K [0x00000000eab00000, 0x00000000fe600000, 0x0000000100000000)
  eden space 133120K, 30% used [0x00000000eab00000,0x00000000ed2b2d10,0x00000000f2d00000)
  from space 5120K, 0% used [0x00000000f2d00000,0x00000000f2d00000,0x00000000f3200000)
  to   space 28160K, 0% used [0x00000000fca80000,0x00000000fca80000,0x00000000fe600000)
 ParOldGen       total 117248K, used 43431K [0x00000000c0000000, 0x00000000c7280000, 0x00000000eab00000)
  object space 117248K, 37% used [0x00000000c0000000,0x00000000c2a69c30,0x00000000c7280000)
 Metaspace       used 6160K, capacity 7152K, committed 7296K, reserved 1056768K
  class space    used 592K, capacity 616K, committed 640K, reserved 1048576K

Card table byte_map: [0x00000000119e0000,0x0000000011bf0000] byte_map_base: 0x00000000113e0000

Marking Bits: (ParMarkBitMap*) 0x0000000063ba4040
 Begin Bits: [0x00000000124d0000, 0x00000000134d0000)
 End Bits:   [0x00000000134d0000, 0x00000000144d0000)

Polling page: 0x00000000001c0000

CodeCache: size=245760Kb used=7931Kb max_used=7931Kb free=237828Kb
 bounds [0x0000000002620000, 0x0000000002df0000, 0x0000000011620000]
 total_blobs=2191 nmethods=1921 adapters=182
 compilation: enabled

Compilation events (10 events):
Event: 2.291 Thread 0x0000000056459800 1962       3       com.android.dx.rop.code.RegisterSpecList::withFirst (64 bytes)
Event: 2.291 Thread 0x0000000056459800 nmethod 1962 0x0000000002de1b90 code [0x0000000002de1e20, 0x0000000002de3148]
Event: 2.291 Thread 0x0000000056459800 1963       2       com.android.dx.dex.cf.CfTranslator::translate0 (259 bytes)
Event: 2.293 Thread 0x0000000056459800 nmethod 1963 0x0000000002de3e50 code [0x0000000002de4140, 0x0000000002de4e18]
Event: 2.296 Thread 0x0000000056459800 1964       2       java.util.Collections$UnmodifiableCollection::size (10 bytes)
Event: 2.296 Thread 0x0000000056459800 nmethod 1964 0x0000000002dda7d0 code [0x0000000002dda940, 0x0000000002ddaac8]
Event: 2.297 Thread 0x0000000056459800 1965       2       com.android.dx.cf.iface.StdFieldList::get (9 bytes)
Event: 2.297 Thread 0x0000000056459800 nmethod 1965 0x0000000002dda3d0 code [0x0000000002dda540, 0x0000000002dda708]
Event: 2.297 Thread 0x0000000056459800 1966       2       com.android.dx.dex.file.EncodedField::<init> (25 bytes)
Event: 2.297 Thread 0x0000000056459800 nmethod 1966 0x0000000002dd9f50 code [0x0000000002dda0c0, 0x0000000002dda2e8]

GC Heap History (10 events):
Event: 0.947 GC heap before
{Heap before GC invocations=2 (full 0):
 PSYoungGen      total 38400K, used 38377K [0x00000000eab00000, 0x00000000ef600000, 0x0000000100000000)
  eden space 33280K, 100% used [0x00000000eab00000,0x00000000ecb80000,0x00000000ecb80000)
  from space 5120K, 99% used [0x00000000ecb80000,0x00000000ed07a4b0,0x00000000ed080000)
  to   space 5120K, 0% used [0x00000000ef100000,0x00000000ef100000,0x00000000ef600000)
 ParOldGen       total 87552K, used 7342K [0x00000000c0000000, 0x00000000c5580000, 0x00000000eab00000)
  object space 87552K, 8% used [0x00000000c0000000,0x00000000c072bb08,0x00000000c5580000)
 Metaspace       used 5806K, capacity 6832K, committed 7040K, reserved 1056768K
  class space    used 590K, capacity 616K, committed 640K, reserved 1048576K
Event: 0.960 GC heap after
Heap after GC invocations=2 (full 0):
 PSYoungGen      total 71680K, used 5113K [0x00000000eab00000, 0x00000000ef600000, 0x0000000100000000)
  eden space 66560K, 0% used [0x00000000eab00000,0x00000000eab00000,0x00000000eec00000)
  from space 5120K, 99% used [0x00000000ef100000,0x00000000ef5fe4a0,0x00000000ef600000)
  to   space 5120K, 0% used [0x00000000eec00000,0x00000000eec00000,0x00000000ef100000)
 ParOldGen       total 87552K, used 19522K [0x00000000c0000000, 0x00000000c5580000, 0x00000000eab00000)
  object space 87552K, 22% used [0x00000000c0000000,0x00000000c1310ad8,0x00000000c5580000)
 Metaspace       used 5806K, capacity 6832K, committed 7040K, reserved 1056768K
  class space    used 590K, capacity 616K, committed 640K, reserved 1048576K
}
Event: 1.253 GC heap before
{Heap before GC invocations=3 (full 0):
 PSYoungGen      total 71680K, used 71673K [0x00000000eab00000, 0x00000000ef600000, 0x0000000100000000)
  eden space 66560K, 100% used [0x00000000eab00000,0x00000000eec00000,0x00000000eec00000)
  from space 5120K, 99% used [0x00000000ef100000,0x00000000ef5fe4a0,0x00000000ef600000)
  to   space 5120K, 0% used [0x00000000eec00000,0x00000000eec00000,0x00000000ef100000)
 ParOldGen       total 87552K, used 19522K [0x00000000c0000000, 0x00000000c5580000, 0x00000000eab00000)
  object space 87552K, 22% used [0x00000000c0000000,0x00000000c1310ad8,0x00000000c5580000)
 Metaspace       used 5991K, capacity 7024K, committed 7296K, reserved 1056768K
  class space    used 590K, capacity 616K, committed 640K, reserved 1048576K
Event: 1.267 GC heap after
Heap after GC invocations=3 (full 0):
 PSYoungGen      total 71680K, used 5094K [0x00000000eab00000, 0x00000000f3700000, 0x0000000100000000)
  eden space 66560K, 0% used [0x00000000eab00000,0x00000000eab00000,0x00000000eec00000)
  from space 5120K, 99% used [0x00000000eec00000,0x00000000ef0f9bd8,0x00000000ef100000)
  to   space 5120K, 0% used [0x00000000f3200000,0x00000000f3200000,0x00000000f3700000)
 ParOldGen       total 87552K, used 30733K [0x00000000c0000000, 0x00000000c5580000, 0x00000000eab00000)
  object space 87552K, 35% used [0x00000000c0000000,0x00000000c1e034e8,0x00000000c5580000)
 Metaspace       used 5991K, capacity 7024K, committed 7296K, reserved 1056768K
  class space    used 590K, capacity 616K, committed 640K, reserved 1048576K
}
Event: 1.559 GC heap before
{Heap before GC invocations=4 (full 0):
 PSYoungGen      total 71680K, used 71654K [0x00000000eab00000, 0x00000000f3700000, 0x0000000100000000)
  eden space 66560K, 100% used [0x00000000eab00000,0x00000000eec00000,0x00000000eec00000)
  from space 5120K, 99% used [0x00000000eec00000,0x00000000ef0f9bd8,0x00000000ef100000)
  to   space 5120K, 0% used [0x00000000f3200000,0x00000000f3200000,0x00000000f3700000)
 ParOldGen       total 87552K, used 30733K [0x00000000c0000000, 0x00000000c5580000, 0x00000000eab00000)
  object space 87552K, 35% used [0x00000000c0000000,0x00000000c1e034e8,0x00000000c5580000)
 Metaspace       used 6066K, capacity 7088K, committed 7296K, reserved 1056768K
  class space    used 591K, capacity 616K, committed 640K, reserved 1048576K
Event: 1.597 GC heap after
Heap after GC invocations=4 (full 0):
 PSYoungGen      total 138240K, used 5091K [0x00000000eab00000, 0x00000000f3700000, 0x0000000100000000)
  eden space 133120K, 0% used [0x00000000eab00000,0x00000000eab00000,0x00000000f2d00000)
  from space 5120K, 99% used [0x00000000f3200000,0x00000000f36f8ca8,0x00000000f3700000)
  to   space 5120K, 0% used [0x00000000f2d00000,0x00000000f2d00000,0x00000000f3200000)
 ParOldGen       total 87552K, used 45933K [0x00000000c0000000, 0x00000000c5580000, 0x00000000eab00000)
  object space 87552K, 52% used [0x00000000c0000000,0x00000000c2cdb758,0x00000000c5580000)
 Metaspace       used 6066K, capacity 7088K, committed 7296K, reserved 1056768K
  class space    used 591K, capacity 616K, committed 640K, reserved 1048576K
}
Event: 2.075 GC heap before
{Heap before GC invocations=5 (full 0):
 PSYoungGen      total 138240K, used 138211K [0x00000000eab00000, 0x00000000f3700000, 0x0000000100000000)
  eden space 133120K, 100% used [0x00000000eab00000,0x00000000f2d00000,0x00000000f2d00000)
  from space 5120K, 99% used [0x00000000f3200000,0x00000000f36f8ca8,0x00000000f3700000)
  to   space 5120K, 0% used [0x00000000f2d00000,0x00000000f2d00000,0x00000000f3200000)
 ParOldGen       total 87552K, used 45933K [0x00000000c0000000, 0x00000000c5580000, 0x00000000eab00000)
  object space 87552K, 52% used [0x00000000c0000000,0x00000000c2cdb758,0x00000000c5580000)
 Metaspace       used 6140K, capacity 7152K, committed 7296K, reserved 1056768K
  class space    used 591K, capacity 616K, committed 640K, reserved 1048576K
Event: 2.104 GC heap after
Heap after GC invocations=5 (full 0):
 PSYoungGen      total 138240K, used 5102K [0x00000000eab00000, 0x00000000fe600000, 0x0000000100000000)
  eden space 133120K, 0% used [0x00000000eab00000,0x00000000eab00000,0x00000000f2d00000)
  from space 5120K, 99% used [0x00000000f2d00000,0x00000000f31fb998,0x00000000f3200000)
  to   space 28160K, 0% used [0x00000000fca80000,0x00000000fca80000,0x00000000fe600000)
 ParOldGen       total 87552K, used 68070K [0x00000000c0000000, 0x00000000c5580000, 0x00000000eab00000)
  object space 87552K, 77% used [0x00000000c0000000,0x00000000c4279970,0x00000000c5580000)
 Metaspace       used 6140K, capacity 7152K, committed 7296K, reserved 1056768K
  class space    used 591K, capacity 616K, committed 640K, reserved 1048576K
}
Event: 2.104 GC heap before
{Heap before GC invocations=6 (full 1):
 PSYoungGen      total 138240K, used 5102K [0x00000000eab00000, 0x00000000fe600000, 0x0000000100000000)
  eden space 133120K, 0% used [0x00000000eab00000,0x00000000eab00000,0x00000000f2d00000)
  from space 5120K, 99% used [0x00000000f2d00000,0x00000000f31fb998,0x00000000f3200000)
  to   space 28160K, 0% used [0x00000000fca80000,0x00000000fca80000,0x00000000fe600000)
 ParOldGen       total 87552K, used 68070K [0x00000000c0000000, 0x00000000c5580000, 0x00000000eab00000)
  object space 87552K, 77% used [0x00000000c0000000,0x00000000c4279970,0x00000000c5580000)
 Metaspace       used 6140K, capacity 7152K, committed 7296K, reserved 1056768K
  class space    used 591K, capacity 616K, committed 640K, reserved 1048576K
Event: 2.249 GC heap after
Heap after GC invocations=6 (full 1):
 PSYoungGen      total 138240K, used 0K [0x00000000eab00000, 0x00000000fe600000, 0x0000000100000000)
  eden space 133120K, 0% used [0x00000000eab00000,0x00000000eab00000,0x00000000f2d00000)
  from space 5120K, 0% used [0x00000000f2d00000,0x00000000f2d00000,0x00000000f3200000)
  to   space 28160K, 0% used [0x00000000fca80000,0x00000000fca80000,0x00000000fe600000)
 ParOldGen       total 117248K, used 43431K [0x00000000c0000000, 0x00000000c7280000, 0x00000000eab00000)
  object space 117248K, 37% used [0x00000000c0000000,0x00000000c2a69c30,0x00000000c7280000)
 Metaspace       used 6140K, capacity 7152K, committed 7296K, reserved 1056768K
  class space    used 591K, capacity 616K, committed 640K, reserved 1048576K
}

Deoptimization events (10 events):
Event: 1.280 Thread 0x0000000056730000 Uncommon trap: reason=unstable_if action=reinterpret pc=0x0000000002b53bc4 method=com.android.dx.rop.cst.Constant.compareTo(Lcom/android/dx/rop/cst/Constant;)I @ 12
Event: 1.426 Thread 0x0000000056730000 Uncommon trap: reason=bimorphic action=maybe_recompile pc=0x000000000298ad08 method=java.util.HashMap.putVal(ILjava/lang/Object;Ljava/lang/Object;ZZ)Ljava/lang/Object; @ 91
Event: 1.427 Thread 0x0000000056730000 Uncommon trap: reason=bimorphic action=maybe_recompile pc=0x000000000298ad08 method=java.util.HashMap.putVal(ILjava/lang/Object;Ljava/lang/Object;ZZ)Ljava/lang/Object; @ 91
Event: 1.600 Thread 0x0000000057bac800 Uncommon trap: reason=bimorphic action=maybe_recompile pc=0x000000000298ad08 method=java.util.HashMap.putVal(ILjava/lang/Object;Ljava/lang/Object;ZZ)Ljava/lang/Object; @ 91
Event: 1.619 Thread 0x0000000057bac800 Uncommon trap: reason=unstable_if action=reinterpret pc=0x0000000002c2ee14 method=com.android.dx.cf.code.RopperMachine.run(Lcom/android/dx/cf/code/Frame;II)V @ 1019
Event: 1.620 Thread 0x0000000057bac800 Uncommon trap: reason=unstable_if action=reinterpret pc=0x0000000002ac3ed8 method=com.android.dx.ssa.SCCP.simulateStmt(Lcom/android/dx/ssa/SsaInsn;)V @ 53
Event: 1.623 Thread 0x0000000057bac800 Uncommon trap: reason=bimorphic action=maybe_recompile pc=0x0000000002ae5a14 method=java.util.HashMap.putVal(ILjava/lang/Object;Ljava/lang/Object;ZZ)Ljava/lang/Object; @ 91
Event: 1.781 Thread 0x0000000056730000 Uncommon trap: reason=unstable_if action=reinterpret pc=0x0000000002cd4814 method=com.android.dx.cf.code.Ropper.processBlock(Lcom/android/dx/cf/code/ByteBlock;Lcom/android/dx/cf/code/Frame;[I)V @ 513
Event: 1.872 Thread 0x0000000056730000 Uncommon trap: reason=unstable_if action=reinterpret pc=0x0000000002b1fa08 method=com.android.dx.util.BitIntSet.has(I)Z @ 8
Event: 1.971 Thread 0x0000000057bac800 Uncommon trap: reason=unstable_if action=reinterpret pc=0x0000000002cf4d78 method=com.android.dx.cf.code.Merger.isPossiblyAssignableFrom(Lcom/android/dx/rop/type/TypeBearer;Lcom/android/dx/rop/type/TypeBearer;)Z @ 131

Internal exceptions (3 events):
Event: 0.041 Thread 0x00000000020be800 Exception <a 'java/lang/NoSuchMethodError': Method sun.misc.Unsafe.defineClass(Ljava/lang/String;[BII)Ljava/lang/Class; name or signature does not match> (0x00000000eab0d0a8) thrown at [C:\re\workspace\8-2-build-windows-amd64-cygwin\jdk8u51\3951\hotspot\srTÍF(ù¤?
Event: 0.041 Thread 0x00000000020be800 Exception <a 'java/lang/NoSuchMethodError': Method sun.misc.Unsafe.prefetchRead(Ljava/lang/Object;J)V name or signature does not match> (0x00000000eab0d338) thrown at [C:\re\workspace\8-2-build-windows-amd64-cygwin\jdk8u51\3951\hotspot\src\share\vm\prims\jøéó=ææ?
Event: 0.716 Thread 0x00000000020be800 Implicit null exception at 0x000000000292487a to 0x0000000002926dc1

Events (10 events):
Event: 2.282 Thread 0x0000000056655000 DEOPT UNPACKING pc=0x000000000266787f sp=0x00000000578de540 mode 0
Event: 2.299 Thread 0x0000000056655000 DEOPT PACKING pc=0x00000000029e03ed sp=0x00000000578de7e0
Event: 2.299 Thread 0x0000000056655000 DEOPT UNPACKING pc=0x000000000266787f sp=0x00000000578de528 mode 0
Event: 2.303 loading class java/util/HashMap$KeySet
Event: 2.303 loading class java/util/HashMap$KeySet done
Event: 2.303 loading class java/util/HashMap$KeyIterator
Event: 2.303 loading class java/util/HashMap$KeyIterator done
Event: 2.305 Thread 0x0000000056655000 Thread exited: 0x0000000056655000
Event: 2.305 Thread 0x0000000057bac800 Thread exited: 0x0000000057bac800
Event: 2.305 Thread 0x00000000565bd800 Thread exited: 0x00000000565bd800


Dynamic libraries:
0x000000013fba0000 - 0x000000013fbd7000 	C:\java\jdk8u51\bin\java.exe
0x00000000774e0000 - 0x000000007768a000 	C:\Windows\SYSTEM32\ntdll.dll
0x00000000772c0000 - 0x00000000773df000 	C:\Windows\system32\kernel32.dll
0x000007fefd540000 - 0x000007fefd5aa000 	C:\Windows\system32\KERNELBASE.dll
0x000007fefeea0000 - 0x000007fefef7b000 	C:\Windows\system32\ADVAPI32.dll
0x000007fefee00000 - 0x000007fefee9f000 	C:\Windows\system32\msvcrt.dll
0x000007fefed60000 - 0x000007fefed7f000 	C:\Windows\SYSTEM32\sechost.dll
0x000007feff190000 - 0x000007feff2bd000 	C:\Windows\system32\RPCRT4.dll
0x00000000773e0000 - 0x00000000774da000 	C:\Windows\system32\USER32.dll
0x000007fefda70000 - 0x000007fefdad7000 	C:\Windows\system32\GDI32.dll
0x000007fefebe0000 - 0x000007fefebee000 	C:\Windows\system32\LPK.dll
0x000007fefd630000 - 0x000007fefd6fa000 	C:\Windows\system32\USP10.dll
0x000007fefbb70000 - 0x000007fefbd64000 	C:\Windows\WinSxS\amd64_microsoft.windows.common-controls_6595b64144ccf1df_6.0.7601.18837_none_fa3b1e3d17594757\COMCTL32.dll
0x000007fefed80000 - 0x000007fefedf1000 	C:\Windows\system32\SHLWAPI.dll
0x000007feff530000 - 0x000007feff55e000 	C:\Windows\system32\IMM32.DLL
0x000007feff3a0000 - 0x000007feff4a9000 	C:\Windows\system32\MSCTF.dll
0x000000006f7c0000 - 0x000000006f892000 	C:\java\jdk8u51\jre\bin\msvcr100.dll
0x00000000633a0000 - 0x0000000063c23000 	C:\java\jdk8u51\jre\bin\server\jvm.dll
0x000007fef9330000 - 0x000007fef9339000 	C:\Windows\system32\WSOCK32.dll
0x000007fefec10000 - 0x000007fefec5d000 	C:\Windows\system32\WS2_32.dll
0x000007fefd620000 - 0x000007fefd628000 	C:\Windows\system32\NSI.dll
0x000007fefac30000 - 0x000007fefac6b000 	C:\Windows\system32\WINMM.dll
0x000007fefc350000 - 0x000007fefc35c000 	C:\Windows\system32\VERSION.dll
0x00000000776b0000 - 0x00000000776b7000 	C:\Windows\system32\PSAPI.DLL
0x00000000748e0000 - 0x00000000748ef000 	C:\java\jdk8u51\jre\bin\verify.dll
0x00000000748b0000 - 0x00000000748d9000 	C:\java\jdk8u51\jre\bin\java.dll
0x0000000074890000 - 0x00000000748a6000 	C:\java\jdk8u51\jre\bin\zip.dll
0x000007fefdae0000 - 0x000007fefe869000 	C:\Windows\system32\SHELL32.dll
0x000007fefef80000 - 0x000007feff183000 	C:\Windows\system32\ole32.dll
0x000007fefd270000 - 0x000007fefd27f000 	C:\Windows\system32\profapi.dll
0x000007fef73e0000 - 0x000007fef7505000 	C:\Windows\system32\dbghelp.dll

VM Arguments:
jvm_args: -Djava.awt.headless=true -Xmx1024M -Dfile.encoding=windows-1252 -Duser.country=GB -Duser.language=en -Duser.variant 
java_command: com.android.dx.command.Main --dex --force-jumbo --num-threads=4 --multi-dex --output C:\Users\dineen\Desktop\14-06-16\Ancien_Dico_Stage\app\build\intermediates\transforms\dex\debug\folders\1000\5\slice_4 C:\Users\dineen\Desktop\14-06-16\Ancien_Dico_Stage\app\build\intermediates\transforms\instantRunSlicer\debug\folders\1\5\slice_4
java_class_path (initial): C:\AndroidSDK\build-tools\23.0.3\lib\dx.jar
Launcher Type: SUN_STANDARD

Environment Variables:
JAVA_HOME=C:\java\jdk8u51
PATH=C:\Program Files (x86)\Intel\iCLS Client\;C:\Program Files\Intel\iCLS Client\;C:\ProgramData\Oracle\Java\javapath;C:\Windows\system32;C:\Windows;C:\Windows\System32\Wbem;C:\Windows\System32\WindowsPowerShell\v1.0\;C:\Program Files (x86)\AMD\ATI.ACE\Core-Static;C:\java\jdk8u51\bin;C:\Program Files (x86)\Windows Kits\8.1\Windows Performance Toolkit\;C:\Program Files\Microsoft SQL Server\110\Tools\Binn\;C:\Program Files (x86)\Microsoft SDKs\TypeScript\1.0\;C:\Program Files\Microsoft SQL Server\120\Tools\Binn\;C:\Program Files\Intel\Intel(R) Management Engine Components\DAL;C:\Program Files\Intel\Intel(R) Management Engine Components\IPT;C:\Program Files (x86)\Intel\Intel(R) Management Engine Components\DAL;C:\Program Files (x86)\Intel\Intel(R) Management Engine Components\IPT;C:\Program Files\Git\cmd
USERNAME=dineen
OS=Windows_NT
PROCESSOR_IDENTIFIER=Intel64 Family 6 Model 58 Stepping 9, GenuineIntel



---------------  S Y S T E M  ---------------

OS: Windows 7 , 64 bit Build 7601 (6.1.7601.23418)

CPU:total 4 (4 cores per cpu, 1 threads per core) family 6 model 58 stepping 9, cmov, cx8, fxsr, mmx, sse, sse2, sse3, ssse3, sse4.1, sse4.2, popcnt, avx, aes, clmul, erms, tsc, tscinvbit, tscinv

Memory: 4k page, physical 8342068k(1689560k free), swap 10437360k(5124k free)

vm_info: Java HotSpot(TM) 64-Bit Server VM (25.51-b03) for windows-amd64 JRE (1.8.0_51-b16), built on Jun  8 2015 18:03:07 by "java_re" with MS VC++ 10.0 (VS2010)

time: Wed Jun 15 11:50:46 2016
elapsed time: 2 seconds (0d 0h 0m 2s)

