#
# There is insufficient memory for the Java Runtime Environment to continue.
# Native memory allocation (malloc) failed to allocate 32744 bytes for ChunkPool::allocate
# Possible reasons:
#   The system is out of physical RAM or swap space
#   In 32 bit mode, the process size limit was hit
# Possible solutions:
#   Reduce memory load on the system
#   Increase physical memory or swap space
#   Check if swap backing store is full
#   Use 64 bit Java on a 64 bit OS
#   Decrease Java heap size (-Xmx/-Xms)
#   Decrease number of Java threads
#   Decrease Java thread stack sizes (-Xss)
#   Set larger code cache with -XX:ReservedCodeCacheSize=
# This output file may be truncated or incomplete.
#
#  Out of Memory Error (allocation.cpp:273), pid=1044, tid=5008
#
# JRE version: Java(TM) SE Runtime Environment (8.0_51-b16) (build 1.8.0_51-b16)
# Java VM: Java HotSpot(TM) 64-Bit Server VM (25.51-b03 mixed mode windows-amd64 compressed oops)
# Failed to write core dump. Minidumps are not enabled by default on client versions of Windows
#

---------------  T H R E A D  ---------------

Current thread (0x0000000055016800):  JavaThread "C2 CompilerThread1" daemon [_thread_in_native, id=5008, stack(0x0000000056580000,0x0000000056680000)]

Stack: [0x0000000056580000,0x0000000056680000]
Native frames: (J=compiled Java code, j=interpreted, Vv=VM code, C=native code)
V  [jvm.dll+0x32b4ca]
V  [jvm.dll+0x2797e3]
V  [jvm.dll+0x27a479]
V  [jvm.dll+0x271765]
V  [jvm.dll+0xcb824]
V  [jvm.dll+0xcba47]
V  [jvm.dll+0xcbecc]
V  [jvm.dll+0xcc224]
V  [jvm.dll+0x4ea2b0]
V  [jvm.dll+0x505082]
V  [jvm.dll+0x45fa33]
V  [jvm.dll+0x46a7cb]
V  [jvm.dll+0x46cde2]
V  [jvm.dll+0x4501a2]
V  [jvm.dll+0xa43a2]
V  [jvm.dll+0xa4cdf]
V  [jvm.dll+0x2418a4]
V  [jvm.dll+0x29846a]
C  [msvcr100.dll+0x21d9f]
C  [msvcr100.dll+0x21e3b]
C  [kernel32.dll+0x159bd]
C  [ntdll.dll+0x2a2e1]


Current CompileTask:
C2:   1192 1286   !   4       com.android.dx.cf.code.BytecodeArray::parseInstruction (2764 bytes)


---------------  P R O C E S S  ---------------

Java Threads: ( => current thread )
  0x0000000056afc800 JavaThread "pool-2-thread-4" [_thread_blocked, id=1064, stack(0x0000000057fd0000,0x00000000580d0000)]
  0x0000000056b39000 JavaThread "pool-2-thread-3" [_thread_blocked, id=5708, stack(0x0000000057d10000,0x0000000057e10000)]
  0x0000000056b38000 JavaThread "pool-2-thread-2" [_thread_blocked, id=5700, stack(0x0000000057c00000,0x0000000057d00000)]
  0x0000000056b2d000 JavaThread "pool-3-thread-1" [_thread_blocked, id=5404, stack(0x0000000057b00000,0x0000000057c00000)]
  0x0000000056b2c000 JavaThread "pool-2-thread-1" [_thread_blocked, id=3028, stack(0x0000000057990000,0x0000000057a90000)]
  0x0000000056942000 JavaThread "Service Thread" daemon [_thread_blocked, id=3848, stack(0x0000000056cf0000,0x0000000056df0000)]
  0x00000000568c1000 JavaThread "C1 CompilerThread2" daemon [_thread_in_native, id=1308, stack(0x0000000056df0000,0x0000000056ef0000)]
=>0x0000000055016800 JavaThread "C2 CompilerThread1" daemon [_thread_in_native, id=5008, stack(0x0000000056580000,0x0000000056680000)]
  0x000000005500e800 JavaThread "C2 CompilerThread0" daemon [_thread_in_vm, id=2604, stack(0x00000000567c0000,0x00000000568c0000)]
  0x000000005501e800 JavaThread "Attach Listener" daemon [_thread_blocked, id=3400, stack(0x0000000056680000,0x0000000056780000)]
  0x000000005501d000 JavaThread "Signal Dispatcher" daemon [_thread_blocked, id=3860, stack(0x0000000056440000,0x0000000056540000)]
  0x0000000054fb1800 JavaThread "Finalizer" daemon [_thread_blocked, id=2684, stack(0x0000000056340000,0x0000000056440000)]
  0x0000000054fb0000 JavaThread "Reference Handler" daemon [_thread_blocked, id=1364, stack(0x0000000056150000,0x0000000056250000)]
  0x0000000001c5e800 JavaThread "main" [_thread_blocked, id=2428, stack(0x0000000002460000,0x0000000002560000)]

Other Threads:
  0x0000000054faa800 VMThread [stack: 0x0000000055f30000,0x0000000056030000] [id=3892]
  0x0000000056945800 WatcherThread [stack: 0x0000000056fc0000,0x00000000570c0000] [id=1552]

VM state:synchronizing (normal execution)

VM Mutex/Monitor currently owned by a thread:  ([mutex/lock_event])
[0x0000000001c5c4f0] Threads_lock - owner thread: 0x0000000054faa800
[0x0000000001c5c9f0] Heap_lock - owner thread: 0x0000000056b39000

Heap:
 PSYoungGen      total 38400K, used 33280K [0x00000000eab00000, 0x00000000ed580000, 0x0000000100000000)
  eden space 33280K, 100% used [0x00000000eab00000,0x00000000ecb80000,0x00000000ecb80000)
  from space 5120K, 0% used [0x00000000ed080000,0x00000000ed080000,0x00000000ed580000)
  to   space 5120K, 0% used [0x00000000ecb80000,0x00000000ecb80000,0x00000000ed080000)
 ParOldGen       total 87552K, used 0K [0x00000000c0000000, 0x00000000c5580000, 0x00000000eab00000)
  object space 87552K, 0% used [0x00000000c0000000,0x00000000c0000000,0x00000000c5580000)
 Metaspace       used 5880K, capacity 6896K, committed 7040K, reserved 1056768K
  class space    used 583K, capacity 616K, committed 640K, reserved 1048576K

Card table byte_map: [0x0000000011bf0000,0x0000000011e00000] byte_map_base: 0x00000000115f0000

Marking Bits: (ParMarkBitMap*) 0x00000000625c4040
 Begin Bits: [0x0000000012420000, 0x0000000013420000)
 End Bits:   [0x0000000013420000, 0x0000000014420000)

Polling page: 0x0000000000230000

CodeCache: size=245760Kb used=4983Kb max_used=4996Kb free=240776Kb
 bounds [0x0000000002830000, 0x0000000002d20000, 0x0000000011830000]
 total_blobs=1555 nmethods=1286 adapters=182
 compilation: enabled

Compilation events (10 events):
Event: 1.016 Thread 0x00000000568c1000 1287       3       com.android.dx.cf.code.OneLocalsArray::getMaxLocals (6 bytes)
Event: 1.016 Thread 0x0000000055016800 1286   !   4       com.android.dx.cf.code.BytecodeArray::parseInstruction (2764 bytes)
Event: 1.016 Thread 0x00000000568c1000 nmethod 1287 0x0000000002d0fa90 code [0x0000000002d0fbe0, 0x0000000002d0fd30]
Event: 1.016 Thread 0x00000000568c1000 1283       3       com.android.dx.dex.file.StringIdsSection::intern (13 bytes)
Event: 1.017 Thread 0x00000000568c1000 nmethod 1283 0x0000000002d0f150 code [0x0000000002d0f300, 0x0000000002d0f818]
Event: 1.017 Thread 0x00000000568c1000 1284       3       com.android.dx.dex.file.StringIdItem::<init> (29 bytes)
Event: 1.017 Thread 0x00000000568c1000 nmethod 1284 0x0000000002d0ea90 code [0x0000000002d0ec20, 0x0000000002d0efc8]
Event: 1.017 Thread 0x00000000568c1000 1285  s    3       com.android.dx.dex.file.StringIdsSection::intern (53 bytes)
Event: 1.017 Thread 0x00000000568c1000 nmethod 1285 0x0000000002d0db90 code [0x0000000002d0dd80, 0x0000000002d0e6f8]
Event: 1.023 Thread 0x000000005500e800 nmethod 1282 0x0000000002d15bd0 code [0x0000000002d15d60, 0x0000000002d164e8]

GC Heap History (0 events):
No events

Deoptimization events (5 events):
Event: 0.189 Thread 0x0000000001c5e800 Uncommon trap: reason=unstable_if action=reinterpret pc=0x000000000297bd88 method=java.lang.String.indexOf(II)I @ 49
Event: 0.308 Thread 0x0000000056b2c000 Uncommon trap: reason=unstable_if action=reinterpret pc=0x0000000002a4eee0 method=java.util.BitSet.nextSetBit(I)I @ 87
Event: 0.312 Thread 0x0000000056b2c000 Uncommon trap: reason=unstable_if action=reinterpret pc=0x0000000002a472cc method=java.util.HashMap.getNode(ILjava/lang/Object;)Ljava/util/HashMap$Node; @ 129
Event: 0.320 Thread 0x0000000056b2c000 Uncommon trap: reason=class_check action=maybe_recompile pc=0x0000000002a79ce0 method=com.android.dx.ssa.NormalSsaInsn.accept(Lcom/android/dx/ssa/SsaInsn$Visitor;)V @ 9
Event: 0.345 Thread 0x0000000001c5e800 Uncommon trap: reason=class_check action=maybe_recompile pc=0x0000000002a79ce0 method=com.android.dx.ssa.NormalSsaInsn.accept(Lcom/android/dx/ssa/SsaInsn$Visitor;)V @ 9

Internal exceptions (2 events):
Event: 0.030 Thread 0x0000000001c5e800 Exception <a 'java/lang/NoSuchMethodError': Method sun.misc.Unsafe.defineClass(Ljava/lang/String;[BII)Ljava/lang/Class; name or signature does not match> (0x00000000eab0d5d0) thrown at [C:\re\workspace\8-2-build-windows-amd64-cygwin\jdk8u51\3951\hotspot\srjG¤û«¬ž?
Event: 0.030 Thread 0x0000000001c5e800 Exception <a 'java/lang/NoSuchMethodError': Method sun.misc.Unsafe.prefetchRead(Ljava/lang/Object;J)V name or signature does not match> (0x00000000eab0d860) thrown at [C:\re\workspace\8-2-build-windows-amd64-cygwin\jdk8u51\3951\hotspot\src\share\vm\prims\j

Events (10 events):
Event: 0.353 loading class java/util/ArrayList$1
Event: 0.353 loading class java/util/ArrayList$1 done
Event: 0.363 Executing VM operation: ForceSafepoint
Event: 0.364 Executing VM operation: ForceSafepoint done
Event: 0.399 loading class java/util/TreeMap$EntrySet
Event: 0.399 loading class java/util/TreeMap$EntrySet done
Event: 0.399 loading class java/util/TreeMap$EntryIterator
Event: 0.399 loading class java/util/TreeMap$EntryIterator done
Event: 0.862 Executing VM operation: ForceSafepoint
Event: 0.862 Executing VM operation: ForceSafepoint done


Dynamic libraries:
0x000000013f6a0000 - 0x000000013f6d7000 	C:\java\jdk8u51\bin\java.exe
0x0000000077b00000 - 0x0000000077caa000 	C:\Windows\SYSTEM32\ntdll.dll
0x00000000778e0000 - 0x00000000779ff000 	C:\Windows\system32\kernel32.dll
0x000007fefdbb0000 - 0x000007fefdc1a000 	C:\Windows\system32\KERNELBASE.dll
0x000007feffd30000 - 0x000007feffe0b000 	C:\Windows\system32\ADVAPI32.dll
0x000007fefef40000 - 0x000007fefefdf000 	C:\Windows\system32\msvcrt.dll
0x000007feffd10000 - 0x000007feffd2f000 	C:\Windows\SYSTEM32\sechost.dll
0x000007feff180000 - 0x000007feff2ad000 	C:\Windows\system32\RPCRT4.dll
0x0000000077a00000 - 0x0000000077afa000 	C:\Windows\system32\USER32.dll
0x000007fefecf0000 - 0x000007fefed57000 	C:\Windows\system32\GDI32.dll
0x000007feff5c0000 - 0x000007feff5ce000 	C:\Windows\system32\LPK.dll
0x000007fefee70000 - 0x000007fefef3a000 	C:\Windows\system32\USP10.dll
0x000007fefc190000 - 0x000007fefc384000 	C:\Windows\WinSxS\amd64_microsoft.windows.common-controls_6595b64144ccf1df_6.0.7601.18837_none_fa3b1e3d17594757\COMCTL32.dll
0x000007feff2e0000 - 0x000007feff351000 	C:\Windows\system32\SHLWAPI.dll
0x000007feff2b0000 - 0x000007feff2de000 	C:\Windows\system32\IMM32.DLL
0x000007fefed60000 - 0x000007fefee69000 	C:\Windows\system32\MSCTF.dll
0x0000000067770000 - 0x0000000067842000 	C:\java\jdk8u51\jre\bin\msvcr100.dll
0x0000000061dc0000 - 0x0000000062643000 	C:\java\jdk8u51\jre\bin\server\jvm.dll
0x000007fef9cf0000 - 0x000007fef9cf9000 	C:\Windows\system32\WSOCK32.dll
0x000007fefeca0000 - 0x000007fefeced000 	C:\Windows\system32\WS2_32.dll
0x000007feff670000 - 0x000007feff678000 	C:\Windows\system32\NSI.dll
0x000007fefaad0000 - 0x000007fefab0b000 	C:\Windows\system32\WINMM.dll
0x000007fefcb00000 - 0x000007fefcb0c000 	C:\Windows\system32\VERSION.dll
0x0000000077cc0000 - 0x0000000077cc7000 	C:\Windows\system32\PSAPI.DLL
0x0000000071bc0000 - 0x0000000071bcf000 	C:\java\jdk8u51\jre\bin\verify.dll
0x0000000071b30000 - 0x0000000071b59000 	C:\java\jdk8u51\jre\bin\java.dll
0x0000000071ba0000 - 0x0000000071bb6000 	C:\java\jdk8u51\jre\bin\zip.dll
0x000007fefdf10000 - 0x000007fefec99000 	C:\Windows\system32\SHELL32.dll
0x000007feff680000 - 0x000007feff883000 	C:\Windows\system32\ole32.dll
0x000007fefd880000 - 0x000007fefd88f000 	C:\Windows\system32\profapi.dll
0x000007fef6da0000 - 0x000007fef6ec5000 	C:\Windows\system32\dbghelp.dll

VM Arguments:
jvm_args: -Djava.awt.headless=true -Xmx1024M -Dfile.encoding=windows-1252 -Duser.country=GB -Duser.language=en -Duser.variant 
java_command: com.android.dx.command.Main --dex --force-jumbo --num-threads=4 --multi-dex --output C:\Users\dineen\Desktop\Android_Dictionary-master\app\build\intermediates\transforms\dex\debug\folders\1000\10\internal_impl-22.2.0_d56f411a8ae0b3ce492a32036e05c96c4a2bcd98 C:\Users\dineen\Desktop\Android_Dictionary-master\app\build\intermediates\exploded-aar\com.android.support\support-v4\22.2.0\jars\libs\internal_impl-22.2.0.jar
java_class_path (initial): C:\AndroidSDK\build-tools\23.0.3\lib\dx.jar
Launcher Type: SUN_STANDARD

Environment Variables:
JAVA_HOME=C:\java\jdk8u51
PATH=C:\Program Files (x86)\Intel\iCLS Client\;C:\Program Files\Intel\iCLS Client\;C:\ProgramData\Oracle\Java\javapath;C:\Windows\system32;C:\Windows;C:\Windows\System32\Wbem;C:\Windows\System32\WindowsPowerShell\v1.0\;C:\Program Files (x86)\AMD\ATI.ACE\Core-Static;C:\java\jdk8u51\bin;C:\Program Files (x86)\Windows Kits\8.1\Windows Performance Toolkit\;C:\Program Files\Microsoft SQL Server\110\Tools\Binn\;C:\Program Files (x86)\Microsoft SDKs\TypeScript\1.0\;C:\Program Files\Microsoft SQL Server\120\Tools\Binn\;C:\Program Files\Intel\Intel(R) Management Engine Components\DAL;C:\Program Files\Intel\Intel(R) Management Engine Components\IPT;C:\Program Files (x86)\Intel\Intel(R) Management Engine Components\DAL;C:\Program Files (x86)\Intel\Intel(R) Management Engine Components\IPT
USERNAME=dineen
OS=Windows_NT
PROCESSOR_IDENTIFIER=Intel64 Family 6 Model 58 Stepping 9, GenuineIntel



---------------  S Y S T E M  ---------------

OS: Windows 7 , 64 bit Build 7601 (6.1.7601.23418)

CPU:total 4 (4 cores per cpu, 1 threads per core) family 6 model 58 stepping 9, cmov, cx8, fxsr, mmx, sse, sse2, sse3, ssse3, sse4.1, sse4.2, popcnt, avx, aes, clmul, erms, tsc, tscinvbit, tscinv

Memory: 4k page, physical 8342068k(1273620k free), swap 10437360k(454248k free)

vm_info: Java HotSpot(TM) 64-Bit Server VM (25.51-b03) for windows-amd64 JRE (1.8.0_51-b16), built on Jun  8 2015 18:03:07 by "java_re" with MS VC++ 10.0 (VS2010)

time: Fri Jun 10 11:48:09 2016
elapsed time: 1 seconds (0d 0h 0m 1s)

