#
# There is insufficient memory for the Java Runtime Environment to continue.
# Native memory allocation (malloc) failed to allocate 1242256 bytes for Chunk::new
# Possible reasons:
#   The system is out of physical RAM or swap space
#   In 32 bit mode, the process size limit was hit
# Possible solutions:
#   Reduce memory load on the system
#   Increase physical memory or swap space
#   Check if swap backing store is full
#   Use 64 bit Java on a 64 bit OS
#   Decrease Java heap size (-Xmx/-Xms)
#   Decrease number of Java threads
#   Decrease Java thread stack sizes (-Xss)
#   Set larger code cache with -XX:ReservedCodeCacheSize=
# This output file may be truncated or incomplete.
#
#  Out of Memory Error (allocation.cpp:390), pid=5060, tid=3996
#
# JRE version: Java(TM) SE Runtime Environment (8.0_51-b16) (build 1.8.0_51-b16)
# Java VM: Java HotSpot(TM) 64-Bit Server VM (25.51-b03 mixed mode windows-amd64 compressed oops)
# Failed to write core dump. Minidumps are not enabled by default on client versions of Windows
#

---------------  T H R E A D  ---------------

Current thread (0x00000000565a9800):  JavaThread "C2 CompilerThread1" daemon [_thread_in_native, id=3996, stack(0x0000000056e10000,0x0000000056f10000)]

Stack: [0x0000000056e10000,0x0000000056f10000]
Native frames: (J=compiled Java code, j=interpreted, Vv=VM code, C=native code)
V  [jvm.dll+0x32b4ca]


Current CompileTask:
C2:   3371 1582   !   4       com.android.dx.cf.code.Ropper::processBlock (1101 bytes)


---------------  P R O C E S S  ---------------

Java Threads: ( => current thread )
  0x0000000056937800 JavaThread "pool-1-thread-4" [_thread_blocked, id=5956, stack(0x00000000578d0000,0x00000000579d0000)]
  0x0000000056932000 JavaThread "pool-1-thread-3" [_thread_blocked, id=3068, stack(0x0000000057750000,0x0000000057850000)]
  0x0000000056953000 JavaThread "pool-1-thread-2" [_thread_blocked, id=4392, stack(0x0000000057650000,0x0000000057750000)]
  0x0000000056828800 JavaThread "pool-2-thread-1" [_thread_blocked, id=5476, stack(0x0000000057500000,0x0000000057600000)]
  0x0000000056828000 JavaThread "pool-1-thread-1" [_thread_in_vm, id=5656, stack(0x0000000057340000,0x0000000057440000)]
  0x0000000056628800 JavaThread "Service Thread" daemon [_thread_blocked, id=1208, stack(0x0000000056220000,0x0000000056320000)]
  0x00000000565ab000 JavaThread "C1 CompilerThread2" daemon [_thread_blocked, id=5568, stack(0x0000000057000000,0x0000000057100000)]
=>0x00000000565a9800 JavaThread "C2 CompilerThread1" daemon [_thread_in_native, id=3996, stack(0x0000000056e10000,0x0000000056f10000)]
  0x00000000551c9800 JavaThread "C2 CompilerThread0" daemon [_thread_in_native, id=5416, stack(0x00000000569f0000,0x0000000056af0000)]
  0x00000000551c8800 JavaThread "Attach Listener" daemon [_thread_blocked, id=5564, stack(0x0000000056c20000,0x0000000056d20000)]
  0x00000000551c7800 JavaThread "Signal Dispatcher" daemon [_thread_blocked, id=5904, stack(0x0000000056b10000,0x0000000056c10000)]
  0x000000005516c800 JavaThread "Finalizer" daemon [_thread_blocked, id=5448, stack(0x00000000564a0000,0x00000000565a0000)]
  0x0000000055165800 JavaThread "Reference Handler" daemon [_thread_blocked, id=3572, stack(0x0000000056320000,0x0000000056420000)]
  0x000000000213e800 JavaThread "main" [_thread_blocked, id=5180, stack(0x0000000002280000,0x0000000002380000)]

Other Threads:
  0x0000000055160800 VMThread [stack: 0x0000000056110000,0x0000000056210000] [id=720]
  0x00000000551cf000 WatcherThread [stack: 0x0000000057210000,0x0000000057310000] [id=6096]

VM state:not at safepoint (normal execution)

VM Mutex/Monitor currently owned by a thread: None

Heap:
 PSYoungGen      total 71680K, used 11582K [0x00000000eab00000, 0x00000000ef600000, 0x0000000100000000)
  eden space 66560K, 9% used [0x00000000eab00000,0x00000000eb1515c8,0x00000000eec00000)
  from space 5120K, 99% used [0x00000000ef100000,0x00000000ef5fe580,0x00000000ef600000)
  to   space 5120K, 0% used [0x00000000eec00000,0x00000000eec00000,0x00000000ef100000)
 ParOldGen       total 87552K, used 4407K [0x00000000c0000000, 0x00000000c5580000, 0x00000000eab00000)
  object space 87552K, 5% used [0x00000000c0000000,0x00000000c044de78,0x00000000c5580000)
 Metaspace       used 6142K, capacity 7088K, committed 7296K, reserved 1056768K
  class space    used 592K, capacity 616K, committed 640K, reserved 1048576K

Card table byte_map: [0x0000000011b10000,0x0000000011d20000] byte_map_base: 0x0000000011510000

Marking Bits: (ParMarkBitMap*) 0x0000000065a84040
 Begin Bits: [0x00000000125d0000, 0x00000000135d0000)
 End Bits:   [0x00000000135d0000, 0x00000000145d0000)

Polling page: 0x0000000000330000

CodeCache: size=245760Kb used=7320Kb max_used=7331Kb free=238439Kb
 bounds [0x0000000002750000, 0x0000000002e80000, 0x0000000011750000]
 total_blobs=1942 nmethods=1673 adapters=182
 compilation: enabled

Compilation events (10 events):
Event: 3.359 Thread 0x00000000551c9800 nmethod 1669 0x0000000002e56ad0 code [0x0000000002e56c40, 0x0000000002e56e88]
Event: 3.359 Thread 0x00000000551c9800 1670       4       com.android.dx.rop.code.RegisterSpecList::set (7 bytes)
Event: 3.359 Thread 0x00000000551c9800 nmethod 1670 0x0000000002e4fa10 code [0x0000000002e4fb60, 0x0000000002e4fc58]
Event: 3.361 Thread 0x00000000565ab000 1673  s    3       com.android.dx.dex.file.StringIdsSection::intern (53 bytes)
Event: 3.362 Thread 0x00000000565ab000 nmethod 1673 0x0000000002e7f050 code [0x0000000002e7f220, 0x0000000002e7fb78]
Event: 3.362 Thread 0x00000000551c9800 1674       4       com.android.dx.rop.code.BasicBlockList::forEachInsn (39 bytes)
Event: 3.365 Thread 0x00000000551c9800 nmethod 1674 0x0000000002e7b950 code [0x0000000002e7baa0, 0x0000000002e7bd38]
Event: 3.365 Thread 0x00000000551c9800 1675       4       com.android.dx.rop.code.PlainCstInsn::accept (8 bytes)
Event: 3.365 Thread 0x00000000551c9800 nmethod 1675 0x0000000002e7c190 code [0x0000000002e7c2c0, 0x0000000002e7c338]
Event: 3.365 Thread 0x00000000551c9800 1676       4       com.android.dx.dex.code.RopTranslator$LocalVariableAwareTranslationVisitor::visitPlainInsn (11 bytes)

GC Heap History (4 events):
Event: 1.641 GC heap before
{Heap before GC invocations=1 (full 0):
 PSYoungGen      total 38400K, used 33280K [0x00000000eab00000, 0x00000000ed580000, 0x0000000100000000)
  eden space 33280K, 100% used [0x00000000eab00000,0x00000000ecb80000,0x00000000ecb80000)
  from space 5120K, 0% used [0x00000000ed080000,0x00000000ed080000,0x00000000ed580000)
  to   space 5120K, 0% used [0x00000000ecb80000,0x00000000ecb80000,0x00000000ed080000)
 ParOldGen       total 87552K, used 0K [0x00000000c0000000, 0x00000000c5580000, 0x00000000eab00000)
  object space 87552K, 0% used [0x00000000c0000000,0x00000000c0000000,0x00000000c5580000)
 Metaspace       used 6003K, capacity 6960K, committed 7040K, reserved 1056768K
  class space    used 591K, capacity 616K, committed 640K, reserved 1048576K
Event: 1.672 GC heap after
Heap after GC invocations=1 (full 0):
 PSYoungGen      total 38400K, used 5096K [0x00000000eab00000, 0x00000000ef600000, 0x0000000100000000)
  eden space 33280K, 0% used [0x00000000eab00000,0x00000000eab00000,0x00000000ecb80000)
  from space 5120K, 99% used [0x00000000ecb80000,0x00000000ed07a0b8,0x00000000ed080000)
  to   space 5120K, 0% used [0x00000000ef100000,0x00000000ef100000,0x00000000ef600000)
 ParOldGen       total 87552K, used 661K [0x00000000c0000000, 0x00000000c5580000, 0x00000000eab00000)
  object space 87552K, 0% used [0x00000000c0000000,0x00000000c00a56a8,0x00000000c5580000)
 Metaspace       used 6003K, capacity 6960K, committed 7040K, reserved 1056768K
  class space    used 591K, capacity 616K, committed 640K, reserved 1048576K
}
Event: 3.072 GC heap before
{Heap before GC invocations=2 (full 0):
 PSYoungGen      total 38400K, used 38376K [0x00000000eab00000, 0x00000000ef600000, 0x0000000100000000)
  eden space 33280K, 100% used [0x00000000eab00000,0x00000000ecb80000,0x00000000ecb80000)
  from space 5120K, 99% used [0x00000000ecb80000,0x00000000ed07a0b8,0x00000000ed080000)
  to   space 5120K, 0% used [0x00000000ef100000,0x00000000ef100000,0x00000000ef600000)
 ParOldGen       total 87552K, used 661K [0x00000000c0000000, 0x00000000c5580000, 0x00000000eab00000)
  object space 87552K, 0% used [0x00000000c0000000,0x00000000c00a56a8,0x00000000c5580000)
 Metaspace       used 6113K, capacity 7088K, committed 7296K, reserved 1056768K
  class space    used 592K, capacity 616K, committed 640K, reserved 1048576K
Event: 3.210 GC heap after
Heap after GC invocations=2 (full 0):
 PSYoungGen      total 71680K, used 5113K [0x00000000eab00000, 0x00000000ef600000, 0x0000000100000000)
  eden space 66560K, 0% used [0x00000000eab00000,0x00000000eab00000,0x00000000eec00000)
  from space 5120K, 99% used [0x00000000ef100000,0x00000000ef5fe580,0x00000000ef600000)
  to   space 5120K, 0% used [0x00000000eec00000,0x00000000eec00000,0x00000000ef100000)
 ParOldGen       total 87552K, used 4407K [0x00000000c0000000, 0x00000000c5580000, 0x00000000eab00000)
  object space 87552K, 5% used [0x00000000c0000000,0x00000000c044de78,0x00000000c5580000)
 Metaspace       used 6113K, capacity 7088K, committed 7296K, reserved 1056768K
  class space    used 592K, capacity 616K, committed 640K, reserved 1048576K
}

Deoptimization events (10 events):
Event: 1.864 Thread 0x0000000056937800 Uncommon trap: reason=bimorphic action=maybe_recompile pc=0x0000000002c94f08 method=com.android.dx.cf.code.BytecodeArray.parseInstruction(ILcom/android/dx/cf/code/BytecodeArray$Visitor;)I @ 2484
Event: 1.864 Thread 0x0000000056937800 Uncommon trap: reason=bimorphic action=maybe_recompile pc=0x0000000002c94f08 method=com.android.dx.cf.code.BytecodeArray.parseInstruction(ILcom/android/dx/cf/code/BytecodeArray$Visitor;)I @ 2484
Event: 2.315 Thread 0x0000000056937800 Uncommon trap: reason=unstable_if action=reinterpret pc=0x0000000002b61904 method=com.android.dx.rop.cst.Constant.compareTo(Lcom/android/dx/rop/cst/Constant;)I @ 12
Event: 2.378 Thread 0x0000000056937800 Uncommon trap: reason=unstable_if action=reinterpret pc=0x0000000002d04138 method=com.android.dx.rop.code.RegisterSpecSet.localItemToSpec(Lcom/android/dx/rop/code/LocalItem;)Lcom/android/dx/rop/code/RegisterSpec; @ 35
Event: 2.734 Thread 0x0000000056937800 Uncommon trap: reason=null_check action=make_not_entrant pc=0x0000000002d25ccc method=com.android.dx.ssa.SsaRenamer.getLocalForNewReg(I)Lcom/android/dx/rop/code/LocalItem; @ 19
Event: 2.957 Thread 0x0000000056828000 Uncommon trap: reason=unstable_if action=reinterpret pc=0x0000000002d159c4 method=com.android.dx.ssa.SCCP.simulateBranch(Lcom/android/dx/ssa/SsaInsn;)V @ 64
Event: 3.323 Thread 0x0000000056828000 Uncommon trap: reason=unstable_if action=reinterpret pc=0x0000000002da54e8 method=com.android.dx.util.BitIntSet.has(I)Z @ 8
Event: 3.340 Thread 0x0000000056828000 Uncommon trap: reason=uninitialized action=reinterpret pc=0x0000000002c9588c method=com.android.dx.cf.code.BytecodeArray.parseInstruction(ILcom/android/dx/cf/code/BytecodeArray$Visitor;)I @ 999
Event: 3.341 Thread 0x0000000056828000 Uncommon trap: reason=bimorphic action=maybe_recompile pc=0x0000000002de2f18 method=com.android.dx.cf.code.RopperMachine.run(Lcom/android/dx/cf/code/Frame;II)V @ 978
Event: 3.341 Thread 0x0000000056828000 Uncommon trap: reason=bimorphic action=maybe_recompile pc=0x0000000002c2e624 method=java.util.HashMap.putVal(ILjava/lang/Object;Ljava/lang/Object;ZZ)Ljava/lang/Object; @ 203

Internal exceptions (3 events):
Event: 0.134 Thread 0x000000000213e800 Exception <a 'java/lang/NoSuchMethodError': Method sun.misc.Unsafe.defineClass(Ljava/lang/String;[BII)Ljava/lang/Class; name or signature does not match> (0x00000000eab0d410) thrown at [C:\re\workspace\8-2-build-windows-amd64-cygwin\jdk8u51\3951\hotspot\sr≥	•å&¡?
Event: 0.134 Thread 0x000000000213e800 Exception <a 'java/lang/NoSuchMethodError': Method sun.misc.Unsafe.prefetchRead(Ljava/lang/Object;J)V name or signature does not match> (0x00000000eab0d6a0) thrown at [C:\re\workspace\8-2-build-windows-amd64-cygwin\jdk8u51\3951\hotspot\src\share\vm\prims\j˙èl∑‡@
Event: 2.734 Thread 0x0000000056937800 Implicit null exception at 0x0000000002d22d9b to 0x0000000002d25c9d

Events (10 events):
Event: 3.323 Thread 0x0000000056828000 DEOPT UNPACKING pc=0x000000000279582a sp=0x000000005743eb38 mode 2
Event: 3.340 Thread 0x0000000056828000 Uncommon trap: trap_request=0xffffffb5 fr.pc=0x0000000002c9588c
Event: 3.340 Thread 0x0000000056828000 DEOPT PACKING pc=0x0000000002c9588c sp=0x000000005743ecf0
Event: 3.340 Thread 0x0000000056828000 DEOPT UNPACKING pc=0x000000000279582a sp=0x000000005743ec70 mode 2
Event: 3.341 Thread 0x0000000056828000 Uncommon trap: trap_request=0xffffffc6 fr.pc=0x0000000002de2f18
Event: 3.341 Thread 0x0000000056828000 DEOPT PACKING pc=0x0000000002de2f18 sp=0x000000005743e800
Event: 3.341 Thread 0x0000000056828000 DEOPT UNPACKING pc=0x000000000279582a sp=0x000000005743e7c8 mode 2
Event: 3.341 Thread 0x0000000056828000 Uncommon trap: trap_request=0xffffffc6 fr.pc=0x0000000002c2e624
Event: 3.342 Thread 0x0000000056828000 DEOPT PACKING pc=0x0000000002c2e624 sp=0x000000005743ea40
Event: 3.342 Thread 0x0000000056828000 DEOPT UNPACKING pc=0x000000000279582a sp=0x000000005743e9c8 mode 2


Dynamic libraries:
0x000000013f060000 - 0x000000013f097000 	C:\java\jdk8u51\bin\java.exe
0x0000000077bd0000 - 0x0000000077d7a000 	C:\Windows\SYSTEM32\ntdll.dll
0x0000000077ab0000 - 0x0000000077bcf000 	C:\Windows\system32\kernel32.dll
0x000007fefd970000 - 0x000007fefd9da000 	C:\Windows\system32\KERNELBASE.dll
0x000007feff040000 - 0x000007feff11b000 	C:\Windows\system32\ADVAPI32.dll
0x000007feffbd0000 - 0x000007feffc6f000 	C:\Windows\system32\msvcrt.dll
0x000007feff1a0000 - 0x000007feff1bf000 	C:\Windows\SYSTEM32\sechost.dll
0x000007feff880000 - 0x000007feff9ad000 	C:\Windows\system32\RPCRT4.dll
0x00000000779b0000 - 0x0000000077aaa000 	C:\Windows\system32\USER32.dll
0x000007feff1c0000 - 0x000007feff227000 	C:\Windows\system32\GDI32.dll
0x000007fefed60000 - 0x000007fefed6e000 	C:\Windows\system32\LPK.dll
0x000007feff230000 - 0x000007feff2fa000 	C:\Windows\system32\USP10.dll
0x000007fefc220000 - 0x000007fefc414000 	C:\Windows\WinSxS\amd64_microsoft.windows.common-controls_6595b64144ccf1df_6.0.7601.18837_none_fa3b1e3d17594757\COMCTL32.dll
0x000007feffc70000 - 0x000007feffce1000 	C:\Windows\system32\SHLWAPI.dll
0x000007feffba0000 - 0x000007feffbce000 	C:\Windows\system32\IMM32.DLL
0x000007feffdd0000 - 0x000007feffed9000 	C:\Windows\system32\MSCTF.dll
0x0000000061990000 - 0x0000000061a62000 	C:\java\jdk8u51\jre\bin\msvcr100.dll
0x0000000065280000 - 0x0000000065b03000 	C:\java\jdk8u51\jre\bin\server\jvm.dll
0x000007fef8df0000 - 0x000007fef8df9000 	C:\Windows\system32\WSOCK32.dll
0x000007fefea60000 - 0x000007fefeaad000 	C:\Windows\system32\WS2_32.dll
0x000007fefeb50000 - 0x000007fefeb58000 	C:\Windows\system32\NSI.dll
0x000007fefb090000 - 0x000007fefb0cb000 	C:\Windows\system32\WINMM.dll
0x000007fefc840000 - 0x000007fefc84c000 	C:\Windows\system32\VERSION.dll
0x0000000077da0000 - 0x0000000077da7000 	C:\Windows\system32\PSAPI.DLL
0x0000000066d40000 - 0x0000000066d4f000 	C:\java\jdk8u51\jre\bin\verify.dll
0x0000000066be0000 - 0x0000000066c09000 	C:\java\jdk8u51\jre\bin\java.dll
0x0000000066bc0000 - 0x0000000066bd6000 	C:\java\jdk8u51\jre\bin\zip.dll
0x000007fefdcd0000 - 0x000007fefea59000 	C:\Windows\system32\SHELL32.dll
0x000007feff300000 - 0x000007feff503000 	C:\Windows\system32\ole32.dll
0x000007fefd920000 - 0x000007fefd92f000 	C:\Windows\system32\profapi.dll
0x000007fef6bb0000 - 0x000007fef6cd5000 	C:\Windows\system32\dbghelp.dll

VM Arguments:
jvm_args: -Djava.awt.headless=true -Xmx1024M -Dfile.encoding=windows-1252 -Duser.country=GB -Duser.language=en -Duser.variant 
java_command: com.android.dx.command.Main --dex --force-jumbo --num-threads=4 --output C:\LoicDev\Ancien_Dico_Stage\app\build\intermediates\pre-dexed\debug\com.android.support-appcompat-v7-24.1.1_e9b0952158c2b7a161f41c95bfda2fa31741803a.jar C:\LoicDev\Ancien_Dico_Stage\app\build\intermediates\exploded-aar\com.android.support\appcompat-v7\24.1.1\jars\classes.jar
java_class_path (initial): C:\AndroidSDK\build-tools\23.0.3\lib\dx.jar
Launcher Type: SUN_STANDARD

Environment Variables:
JAVA_HOME=C:\java\jdk8u51
PATH=C:\Program Files (x86)\Intel\iCLS Client\;C:\Program Files\Intel\iCLS Client\;C:\ProgramData\Oracle\Java\javapath;C:\Windows\system32;C:\Windows;C:\Windows\System32\Wbem;C:\Windows\System32\WindowsPowerShell\v1.0\;C:\Program Files (x86)\AMD\ATI.ACE\Core-Static;C:\java\jdk8u51\bin;C:\Program Files (x86)\Windows Kits\8.1\Windows Performance Toolkit\;C:\Program Files\Microsoft SQL Server\110\Tools\Binn\;C:\Program Files (x86)\Microsoft SDKs\TypeScript\1.0\;C:\Program Files\Microsoft SQL Server\120\Tools\Binn\;C:\Program Files\Intel\Intel(R) Management Engine Components\DAL;C:\Program Files\Intel\Intel(R) Management Engine Components\IPT;C:\Program Files (x86)\Intel\Intel(R) Management Engine Components\DAL;C:\Program Files (x86)\Intel\Intel(R) Management Engine Components\IPT;C:\Program Files\Git\cmd;C:\Program Files (x86)\WinMerge
USERNAME=dineen
OS=Windows_NT
PROCESSOR_IDENTIFIER=Intel64 Family 6 Model 58 Stepping 9, GenuineIntel



---------------  S Y S T E M  ---------------

OS: Windows 7 , 64 bit Build 7601 (6.1.7601.23418)

CPU:total 4 (4 cores per cpu, 1 threads per core) family 6 model 58 stepping 9, cmov, cx8, fxsr, mmx, sse, sse2, sse3, ssse3, sse4.1, sse4.2, popcnt, avx, aes, clmul, erms, tsc, tscinvbit, tscinv

Memory: 4k page, physical 8342068k(875704k free), swap 10437360k(5124k free)

vm_info: Java HotSpot(TM) 64-Bit Server VM (25.51-b03) for windows-amd64 JRE (1.8.0_51-b16), built on Jun  8 2015 18:03:07 by "java_re" with MS VC++ 10.0 (VS2010)

time: Wed Aug 03 14:24:08 2016
elapsed time: 3 seconds (0d 0h 0m 3s)

