#
# There is insufficient memory for the Java Runtime Environment to continue.
# Native memory allocation (malloc) failed to allocate 1167216 bytes for Chunk::new
# Possible reasons:
#   The system is out of physical RAM or swap space
#   In 32 bit mode, the process size limit was hit
# Possible solutions:
#   Reduce memory load on the system
#   Increase physical memory or swap space
#   Check if swap backing store is full
#   Use 64 bit Java on a 64 bit OS
#   Decrease Java heap size (-Xmx/-Xms)
#   Decrease number of Java threads
#   Decrease Java thread stack sizes (-Xss)
#   Set larger code cache with -XX:ReservedCodeCacheSize=
# This output file may be truncated or incomplete.
#
#  Out of Memory Error (allocation.cpp:390), pid=2820, tid=5672
#
# JRE version: Java(TM) SE Runtime Environment (8.0_51-b16) (build 1.8.0_51-b16)
# Java VM: Java HotSpot(TM) 64-Bit Server VM (25.51-b03 mixed mode windows-amd64 compressed oops)
# Failed to write core dump. Minidumps are not enabled by default on client versions of Windows
#

---------------  T H R E A D  ---------------

Current thread (0x0000000054fe2000):  JavaThread "C2 CompilerThread0" daemon [_thread_in_native, id=5672, stack(0x0000000056750000,0x0000000056850000)]

Stack: [0x0000000056750000,0x0000000056850000]
Native frames: (J=compiled Java code, j=interpreted, Vv=VM code, C=native code)
V  [jvm.dll+0x32b4ca]
V  [jvm.dll+0x2797e3]
V  [jvm.dll+0x27a479]
V  [jvm.dll+0x271765]
V  [jvm.dll+0xcba02]
V  [jvm.dll+0xcbecc]
V  [jvm.dll+0x492a7c]
V  [jvm.dll+0x45f98a]
V  [jvm.dll+0x46a7cb]
V  [jvm.dll+0x46cde2]
V  [jvm.dll+0x4501a2]
V  [jvm.dll+0xa43a2]
V  [jvm.dll+0xa4cdf]
V  [jvm.dll+0x2418a4]
V  [jvm.dll+0x29846a]
C  [msvcr100.dll+0x21d9f]
C  [msvcr100.dll+0x21e3b]
C  [kernel32.dll+0x159bd]
C  [ntdll.dll+0x2a2e1]


Current CompileTask:
C2:   3035 1861   !   4       com.android.dx.cf.code.RopperMachine::run (1550 bytes)


---------------  P R O C E S S  ---------------

Java Threads: ( => current thread )
  0x0000000056bba000 JavaThread "pool-1-thread-4" [_thread_blocked, id=5132, stack(0x0000000056630000,0x0000000056730000)]
  0x0000000056bb7000 JavaThread "pool-1-thread-3" [_thread_blocked, id=5220, stack(0x0000000057620000,0x0000000057720000)]
  0x0000000056bb6800 JavaThread "pool-1-thread-2" [_thread_blocked, id=5888, stack(0x0000000057500000,0x0000000057600000)]
  0x0000000056ae4000 JavaThread "pool-2-thread-1" [_thread_blocked, id=2460, stack(0x00000000572f0000,0x00000000573f0000)]
  0x0000000056ae1800 JavaThread "pool-1-thread-1" [_thread_in_Java, id=5832, stack(0x0000000056100000,0x0000000056200000)]
  0x00000000568d0000 JavaThread "Service Thread" daemon [_thread_blocked, id=5472, stack(0x0000000056f20000,0x0000000057020000)]
  0x0000000056854800 JavaThread "C1 CompilerThread2" daemon [_thread_blocked, id=4072, stack(0x0000000056e10000,0x0000000056f10000)]
  0x0000000056851000 JavaThread "C2 CompilerThread1" daemon [_thread_in_native, id=2584, stack(0x0000000056c90000,0x0000000056d90000)]
=>0x0000000054fe2000 JavaThread "C2 CompilerThread0" daemon [_thread_in_native, id=5672, stack(0x0000000056750000,0x0000000056850000)]
  0x0000000054fde800 JavaThread "Attach Listener" daemon [_thread_blocked, id=4220, stack(0x0000000056510000,0x0000000056610000)]
  0x0000000054fef000 JavaThread "Signal Dispatcher" daemon [_thread_blocked, id=5836, stack(0x0000000055ed0000,0x0000000055fd0000)]
  0x0000000054f81800 JavaThread "Finalizer" daemon [_thread_blocked, id=4176, stack(0x0000000056370000,0x0000000056470000)]
  0x0000000054f80000 JavaThread "Reference Handler" daemon [_thread_blocked, id=4164, stack(0x0000000056240000,0x0000000056340000)]
  0x00000000020be800 JavaThread "main" [_thread_blocked, id=5288, stack(0x0000000002360000,0x0000000002460000)]

Other Threads:
  0x0000000054f7a800 VMThread [stack: 0x0000000055ff0000,0x00000000560f0000] [id=4640]
  0x0000000056885800 WatcherThread [stack: 0x0000000057150000,0x0000000057250000] [id=2900]

VM state:not at safepoint (normal execution)

VM Mutex/Monitor currently owned by a thread: None

Heap:
 PSYoungGen      total 71680K, used 24723K [0x00000000eab00000, 0x00000000f3700000, 0x0000000100000000)
  eden space 66560K, 29% used [0x00000000eab00000,0x00000000ebe2b940,0x00000000eec00000)
  from space 5120K, 99% used [0x00000000eec00000,0x00000000ef0f95c0,0x00000000ef100000)
  to   space 5120K, 0% used [0x00000000f3200000,0x00000000f3200000,0x00000000f3700000)
 ParOldGen       total 87552K, used 15178K [0x00000000c0000000, 0x00000000c5580000, 0x00000000eab00000)
  object space 87552K, 17% used [0x00000000c0000000,0x00000000c0ed2ac0,0x00000000c5580000)
 Metaspace       used 6196K, capacity 7088K, committed 7296K, reserved 1056768K
  class space    used 587K, capacity 616K, committed 640K, reserved 1048576K

Card table byte_map: [0x0000000011af0000,0x0000000011d00000] byte_map_base: 0x00000000114f0000

Marking Bits: (ParMarkBitMap*) 0x0000000065a84040
 Begin Bits: [0x00000000123f0000, 0x00000000133f0000)
 End Bits:   [0x00000000133f0000, 0x00000000143f0000)

Polling page: 0x0000000002070000

CodeCache: size=245760Kb used=7369Kb max_used=7369Kb free=238390Kb
 bounds [0x0000000002730000, 0x0000000002e70000, 0x0000000011730000]
 total_blobs=2102 nmethods=1833 adapters=182
 compilation: enabled

Compilation events (10 events):
Event: 2.946 Thread 0x0000000056854800 1918 %     3       com.android.dx.ssa.DeadCodeRemover::run @ 30 (194 bytes)
Event: 2.948 Thread 0x0000000056854800 nmethod 1918% 0x0000000002e40390 code [0x0000000002e40700, 0x0000000002e42508]
Event: 2.948 Thread 0x0000000056854800 1919       3       com.android.dx.ssa.DeadCodeRemover::run (194 bytes)
Event: 2.949 Thread 0x0000000056854800 nmethod 1919 0x0000000002e61090 code [0x0000000002e61400, 0x0000000002e63128]
Event: 2.951 Thread 0x0000000056854800 1920       3       com.android.dx.ssa.SsaConverter::edgeSplitMoveExceptionsAndResults (157 bytes)
Event: 2.952 Thread 0x0000000056854800 nmethod 1920 0x0000000002e641d0 code [0x0000000002e64540, 0x0000000002e66108]
Event: 2.955 Thread 0x0000000056854800 1922       2       com.android.dx.ssa.back.FirstFitLocalCombiningAllocator::getLocalItemForReg (97 bytes)
Event: 2.955 Thread 0x0000000056854800 nmethod 1922 0x0000000002e674d0 code [0x0000000002e676c0, 0x0000000002e67bd8]
Event: 2.955 Thread 0x0000000056854800 1924       3       com.android.dx.util.BitIntSet::merge (148 bytes)
Event: 2.956 Thread 0x0000000056854800 nmethod 1924 0x0000000002e67f50 code [0x0000000002e68200, 0x0000000002e693a8]

GC Heap History (6 events):
Event: 0.499 GC heap before
{Heap before GC invocations=1 (full 0):
 PSYoungGen      total 38400K, used 33280K [0x00000000eab00000, 0x00000000ed580000, 0x0000000100000000)
  eden space 33280K, 100% used [0x00000000eab00000,0x00000000ecb80000,0x00000000ecb80000)
  from space 5120K, 0% used [0x00000000ed080000,0x00000000ed080000,0x00000000ed580000)
  to   space 5120K, 0% used [0x00000000ecb80000,0x00000000ecb80000,0x00000000ed080000)
 ParOldGen       total 87552K, used 0K [0x00000000c0000000, 0x00000000c5580000, 0x00000000eab00000)
  object space 87552K, 0% used [0x00000000c0000000,0x00000000c0000000,0x00000000c5580000)
 Metaspace       used 5830K, capacity 6832K, committed 7040K, reserved 1056768K
  class space    used 586K, capacity 616K, committed 640K, reserved 1048576K
Event: 0.507 GC heap after
Heap after GC invocations=1 (full 0):
 PSYoungGen      total 38400K, used 5096K [0x00000000eab00000, 0x00000000ef600000, 0x0000000100000000)
  eden space 33280K, 0% used [0x00000000eab00000,0x00000000eab00000,0x00000000ecb80000)
  from space 5120K, 99% used [0x00000000ecb80000,0x00000000ed07a0d8,0x00000000ed080000)
  to   space 5120K, 0% used [0x00000000ef100000,0x00000000ef100000,0x00000000ef600000)
 ParOldGen       total 87552K, used 1350K [0x00000000c0000000, 0x00000000c5580000, 0x00000000eab00000)
  object space 87552K, 1% used [0x00000000c0000000,0x00000000c0151bc8,0x00000000c5580000)
 Metaspace       used 5830K, capacity 6832K, committed 7040K, reserved 1056768K
  class space    used 586K, capacity 616K, committed 640K, reserved 1048576K
}
Event: 1.032 GC heap before
{Heap before GC invocations=2 (full 0):
 PSYoungGen      total 38400K, used 38376K [0x00000000eab00000, 0x00000000ef600000, 0x0000000100000000)
  eden space 33280K, 100% used [0x00000000eab00000,0x00000000ecb80000,0x00000000ecb80000)
  from space 5120K, 99% used [0x00000000ecb80000,0x00000000ed07a0d8,0x00000000ed080000)
  to   space 5120K, 0% used [0x00000000ef100000,0x00000000ef100000,0x00000000ef600000)
 ParOldGen       total 87552K, used 1350K [0x00000000c0000000, 0x00000000c5580000, 0x00000000eab00000)
  object space 87552K, 1% used [0x00000000c0000000,0x00000000c0151bc8,0x00000000c5580000)
 Metaspace       used 6080K, capacity 7024K, committed 7296K, reserved 1056768K
  class space    used 586K, capacity 616K, committed 640K, reserved 1048576K
Event: 1.053 GC heap after
Heap after GC invocations=2 (full 0):
 PSYoungGen      total 71680K, used 5090K [0x00000000eab00000, 0x00000000ef600000, 0x0000000100000000)
  eden space 66560K, 0% used [0x00000000eab00000,0x00000000eab00000,0x00000000eec00000)
  from space 5120K, 99% used [0x00000000ef100000,0x00000000ef5f88c8,0x00000000ef600000)
  to   space 5120K, 0% used [0x00000000eec00000,0x00000000eec00000,0x00000000ef100000)
 ParOldGen       total 87552K, used 5790K [0x00000000c0000000, 0x00000000c5580000, 0x00000000eab00000)
  object space 87552K, 6% used [0x00000000c0000000,0x00000000c05a79e0,0x00000000c5580000)
 Metaspace       used 6080K, capacity 7024K, committed 7296K, reserved 1056768K
  class space    used 586K, capacity 616K, committed 640K, reserved 1048576K
}
Event: 2.267 GC heap before
{Heap before GC invocations=3 (full 0):
 PSYoungGen      total 71680K, used 71650K [0x00000000eab00000, 0x00000000ef600000, 0x0000000100000000)
  eden space 66560K, 100% used [0x00000000eab00000,0x00000000eec00000,0x00000000eec00000)
  from space 5120K, 99% used [0x00000000ef100000,0x00000000ef5f88c8,0x00000000ef600000)
  to   space 5120K, 0% used [0x00000000eec00000,0x00000000eec00000,0x00000000ef100000)
 ParOldGen       total 87552K, used 5790K [0x00000000c0000000, 0x00000000c5580000, 0x00000000eab00000)
  object space 87552K, 6% used [0x00000000c0000000,0x00000000c05a79e0,0x00000000c5580000)
 Metaspace       used 6184K, capacity 7088K, committed 7296K, reserved 1056768K
  class space    used 587K, capacity 616K, committed 640K, reserved 1048576K
Event: 2.596 GC heap after
Heap after GC invocations=3 (full 0):
 PSYoungGen      total 71680K, used 5093K [0x00000000eab00000, 0x00000000f3700000, 0x0000000100000000)
  eden space 66560K, 0% used [0x00000000eab00000,0x00000000eab00000,0x00000000eec00000)
  from space 5120K, 99% used [0x00000000eec00000,0x00000000ef0f95c0,0x00000000ef100000)
  to   space 5120K, 0% used [0x00000000f3200000,0x00000000f3200000,0x00000000f3700000)
 ParOldGen       total 87552K, used 15178K [0x00000000c0000000, 0x00000000c5580000, 0x00000000eab00000)
  object space 87552K, 17% used [0x00000000c0000000,0x00000000c0ed2ac0,0x00000000c5580000)
 Metaspace       used 6184K, capacity 7088K, committed 7296K, reserved 1056768K
  class space    used 587K, capacity 616K, committed 640K, reserved 1048576K
}

Deoptimization events (10 events):
Event: 1.077 Thread 0x0000000056ae1800 Uncommon trap: reason=unstable_if action=reinterpret pc=0x0000000002b3ab0c method=com.android.dx.ssa.SsaMethod.updateOneDefinition(Lcom/android/dx/ssa/SsaInsn;Lcom/android/dx/rop/code/RegisterSpec;)V @ 4
Event: 1.457 Thread 0x0000000056bba000 Uncommon trap: reason=bimorphic action=maybe_recompile pc=0x0000000002d41444 method=com.android.dx.cf.code.BytecodeArray.parseInstruction(ILcom/android/dx/cf/code/BytecodeArray$Visitor;)I @ 971
Event: 1.457 Thread 0x0000000056bba000 Uncommon trap: reason=bimorphic action=maybe_recompile pc=0x0000000002d41734 method=com.android.dx.cf.code.BytecodeArray.parseInstruction(ILcom/android/dx/cf/code/BytecodeArray$Visitor;)I @ 1130
Event: 1.457 Thread 0x0000000056bba000 Uncommon trap: reason=bimorphic action=maybe_recompile pc=0x0000000002d412e4 method=com.android.dx.cf.code.BytecodeArray.parseInstruction(ILcom/android/dx/cf/code/BytecodeArray$Visitor;)I @ 923
Event: 1.457 Thread 0x0000000056bba000 Uncommon trap: reason=bimorphic action=maybe_recompile pc=0x0000000002d41734 method=com.android.dx.cf.code.BytecodeArray.parseInstruction(ILcom/android/dx/cf/code/BytecodeArray$Visitor;)I @ 1130
Event: 2.722 Thread 0x0000000056bb6800 Uncommon trap: reason=class_check action=maybe_recompile pc=0x0000000002dcc64c method=com.android.dx.rop.code.RegisterSpec.withSimpleType()Lcom/android/dx/rop/code/RegisterSpec; @ 21
Event: 2.726 Thread 0x0000000056bb6800 Uncommon trap: reason=class_check action=maybe_recompile pc=0x0000000002dcc64c method=com.android.dx.rop.code.RegisterSpec.withSimpleType()Lcom/android/dx/rop/code/RegisterSpec; @ 21
Event: 2.727 Thread 0x0000000056bb6800 Uncommon trap: reason=unstable_if action=reinterpret pc=0x0000000002db9718 method=com.android.dx.cf.code.ByteCatchList.listFor(I)Lcom/android/dx/cf/code/ByteCatchList; @ 47
Event: 2.837 Thread 0x0000000056ae1800 Uncommon trap: reason=bimorphic action=maybe_recompile pc=0x0000000002ab5364 method=java.util.HashMap.getNode(ILjava/lang/Object;)Ljava/util/HashMap$Node; @ 126
Event: 2.941 Thread 0x0000000056bb7000 Uncommon trap: reason=unstable_if action=reinterpret pc=0x0000000002dca24c method=com.android.dx.rop.code.RegisterSpec.intersect(Lcom/android/dx/rop/code/RegisterSpec;Z)Lcom/android/dx/rop/code/RegisterSpec; @ 8

Internal exceptions (3 events):
Event: 0.034 Thread 0x00000000020be800 Exception <a 'java/lang/NoSuchMethodError': Method sun.misc.Unsafe.defineClass(Ljava/lang/String;[BII)Ljava/lang/Class; name or signature does not match> (0x00000000eab0d560) thrown at [C:\re\workspace\8-2-build-windows-amd64-cygwin\jdk8u51\3951\hotspot\sr{öÛkÅ°?
Event: 0.034 Thread 0x00000000020be800 Exception <a 'java/lang/NoSuchMethodError': Method sun.misc.Unsafe.prefetchRead(Ljava/lang/Object;J)V name or signature does not match> (0x00000000eab0d7f0) thrown at [C:\re\workspace\8-2-build-windows-amd64-cygwin\jdk8u51\3951\hotspot\src\share\vm\prims\j-¨®∂pG›?
Event: 0.457 Thread 0x0000000056bb6800 Implicit null exception at 0x0000000002aa0df6 to 0x0000000002aa251d

Events (10 events):
Event: 2.941 Thread 0x0000000056bb7000 DEOPT PACKING pc=0x0000000002dca24c sp=0x000000005771e6e0
Event: 2.941 Thread 0x0000000056bb7000 DEOPT UNPACKING pc=0x000000000277582a sp=0x000000005771e508 mode 2
Event: 2.946 Thread 0x0000000056bb7000 DEOPT PACKING pc=0x0000000002a9a087 sp=0x000000005771e530
Event: 2.946 Thread 0x0000000056bb7000 DEOPT UNPACKING pc=0x000000000277787f sp=0x000000005771e2c0 mode 0
Event: 2.949 Thread 0x0000000056bb7000 DEOPT PACKING pc=0x0000000002b0029a sp=0x000000005771e6d0
Event: 2.949 Thread 0x0000000056bb7000 DEOPT UNPACKING pc=0x000000000277787f sp=0x000000005771e478 mode 0
Event: 2.952 Thread 0x0000000056bb7000 DEOPT PACKING pc=0x0000000002c13aba sp=0x000000005771e680
Event: 2.952 Thread 0x0000000056bb7000 DEOPT UNPACKING pc=0x000000000277787f sp=0x000000005771e3b8 mode 0
Event: 2.956 Thread 0x0000000056bb7000 DEOPT PACKING pc=0x0000000002adb608 sp=0x000000005771e2d0
Event: 2.956 Thread 0x0000000056bb7000 DEOPT UNPACKING pc=0x000000000277787f sp=0x000000005771dff0 mode 0


Dynamic libraries:
0x000000013f060000 - 0x000000013f097000 	C:\java\jdk8u51\bin\java.exe
0x0000000077bd0000 - 0x0000000077d7a000 	C:\Windows\SYSTEM32\ntdll.dll
0x0000000077ab0000 - 0x0000000077bcf000 	C:\Windows\system32\kernel32.dll
0x000007fefd970000 - 0x000007fefd9da000 	C:\Windows\system32\KERNELBASE.dll
0x000007feff040000 - 0x000007feff11b000 	C:\Windows\system32\ADVAPI32.dll
0x000007feffbd0000 - 0x000007feffc6f000 	C:\Windows\system32\msvcrt.dll
0x000007feff1a0000 - 0x000007feff1bf000 	C:\Windows\SYSTEM32\sechost.dll
0x000007feff880000 - 0x000007feff9ad000 	C:\Windows\system32\RPCRT4.dll
0x00000000779b0000 - 0x0000000077aaa000 	C:\Windows\system32\USER32.dll
0x000007feff1c0000 - 0x000007feff227000 	C:\Windows\system32\GDI32.dll
0x000007fefed60000 - 0x000007fefed6e000 	C:\Windows\system32\LPK.dll
0x000007feff230000 - 0x000007feff2fa000 	C:\Windows\system32\USP10.dll
0x000007fefc220000 - 0x000007fefc414000 	C:\Windows\WinSxS\amd64_microsoft.windows.common-controls_6595b64144ccf1df_6.0.7601.18837_none_fa3b1e3d17594757\COMCTL32.dll
0x000007feffc70000 - 0x000007feffce1000 	C:\Windows\system32\SHLWAPI.dll
0x000007feffba0000 - 0x000007feffbce000 	C:\Windows\system32\IMM32.DLL
0x000007feffdd0000 - 0x000007feffed9000 	C:\Windows\system32\MSCTF.dll
0x0000000061990000 - 0x0000000061a62000 	C:\java\jdk8u51\jre\bin\msvcr100.dll
0x0000000065280000 - 0x0000000065b03000 	C:\java\jdk8u51\jre\bin\server\jvm.dll
0x000007fef8df0000 - 0x000007fef8df9000 	C:\Windows\system32\WSOCK32.dll
0x000007fefea60000 - 0x000007fefeaad000 	C:\Windows\system32\WS2_32.dll
0x000007fefeb50000 - 0x000007fefeb58000 	C:\Windows\system32\NSI.dll
0x000007fefb090000 - 0x000007fefb0cb000 	C:\Windows\system32\WINMM.dll
0x000007fefc840000 - 0x000007fefc84c000 	C:\Windows\system32\VERSION.dll
0x0000000077da0000 - 0x0000000077da7000 	C:\Windows\system32\PSAPI.DLL
0x0000000066d40000 - 0x0000000066d4f000 	C:\java\jdk8u51\jre\bin\verify.dll
0x0000000066be0000 - 0x0000000066c09000 	C:\java\jdk8u51\jre\bin\java.dll
0x0000000066bc0000 - 0x0000000066bd6000 	C:\java\jdk8u51\jre\bin\zip.dll
0x000007fefdcd0000 - 0x000007fefea59000 	C:\Windows\system32\SHELL32.dll
0x000007feff300000 - 0x000007feff503000 	C:\Windows\system32\ole32.dll
0x000007fefd920000 - 0x000007fefd92f000 	C:\Windows\system32\profapi.dll
0x000007fef6bb0000 - 0x000007fef6cd5000 	C:\Windows\system32\dbghelp.dll

VM Arguments:
jvm_args: -Djava.awt.headless=true -Xmx1024M -Dfile.encoding=windows-1252 -Duser.country=GB -Duser.language=en -Duser.variant 
java_command: com.android.dx.command.Main --dex --force-jumbo --num-threads=4 --output C:\LoicDev\Ancien_Dico_Stage\app\build\intermediates\pre-dexed\debug\jdom2-2.0.6_2e71ef3a4f3349701f0d03cdf23722d7e75490d0.jar C:\Users\dineen\.gradle\caches\modules-2\files-2.1\org.jdom\jdom2\2.0.6\6f14738ec2e9dd0011e343717fa624a10f8aab64\jdom2-2.0.6.jar
java_class_path (initial): C:\AndroidSDK\build-tools\23.0.3\lib\dx.jar
Launcher Type: SUN_STANDARD

Environment Variables:
JAVA_HOME=C:\java\jdk8u51
PATH=C:\Program Files (x86)\Intel\iCLS Client\;C:\Program Files\Intel\iCLS Client\;C:\ProgramData\Oracle\Java\javapath;C:\Windows\system32;C:\Windows;C:\Windows\System32\Wbem;C:\Windows\System32\WindowsPowerShell\v1.0\;C:\Program Files (x86)\AMD\ATI.ACE\Core-Static;C:\java\jdk8u51\bin;C:\Program Files (x86)\Windows Kits\8.1\Windows Performance Toolkit\;C:\Program Files\Microsoft SQL Server\110\Tools\Binn\;C:\Program Files (x86)\Microsoft SDKs\TypeScript\1.0\;C:\Program Files\Microsoft SQL Server\120\Tools\Binn\;C:\Program Files\Intel\Intel(R) Management Engine Components\DAL;C:\Program Files\Intel\Intel(R) Management Engine Components\IPT;C:\Program Files (x86)\Intel\Intel(R) Management Engine Components\DAL;C:\Program Files (x86)\Intel\Intel(R) Management Engine Components\IPT;C:\Program Files\Git\cmd;C:\Program Files (x86)\WinMerge
USERNAME=dineen
OS=Windows_NT
PROCESSOR_IDENTIFIER=Intel64 Family 6 Model 58 Stepping 9, GenuineIntel



---------------  S Y S T E M  ---------------

OS: Windows 7 , 64 bit Build 7601 (6.1.7601.23418)

CPU:total 4 (4 cores per cpu, 1 threads per core) family 6 model 58 stepping 9, cmov, cx8, fxsr, mmx, sse, sse2, sse3, ssse3, sse4.1, sse4.2, popcnt, avx, aes, clmul, erms, tsc, tscinvbit, tscinv

Memory: 4k page, physical 8342068k(875704k free), swap 10437360k(5124k free)

vm_info: Java HotSpot(TM) 64-Bit Server VM (25.51-b03) for windows-amd64 JRE (1.8.0_51-b16), built on Jun  8 2015 18:03:07 by "java_re" with MS VC++ 10.0 (VS2010)

time: Wed Aug 03 14:24:08 2016
elapsed time: 3 seconds (0d 0h 0m 3s)

