#
# There is insufficient memory for the Java Runtime Environment to continue.
# Native memory allocation (malloc) failed to allocate 32744 bytes for ChunkPool::allocate
# Possible reasons:
#   The system is out of physical RAM or swap space
#   In 32 bit mode, the process size limit was hit
# Possible solutions:
#   Reduce memory load on the system
#   Increase physical memory or swap space
#   Check if swap backing store is full
#   Use 64 bit Java on a 64 bit OS
#   Decrease Java heap size (-Xmx/-Xms)
#   Decrease number of Java threads
#   Decrease Java thread stack sizes (-Xss)
#   Set larger code cache with -XX:ReservedCodeCacheSize=
# This output file may be truncated or incomplete.
#
#  Out of Memory Error (allocation.cpp:273), pid=2632, tid=5012
#
# JRE version: Java(TM) SE Runtime Environment (8.0_51-b16) (build 1.8.0_51-b16)
# Java VM: Java HotSpot(TM) 64-Bit Server VM (25.51-b03 mixed mode windows-amd64 compressed oops)
# Failed to write core dump. Minidumps are not enabled by default on client versions of Windows
#

---------------  T H R E A D  ---------------

Current thread (0x000000005529f800):  JavaThread "C1 CompilerThread2" daemon [_thread_in_native, id=5012, stack(0x0000000056fe0000,0x00000000570e0000)]

Stack: [0x0000000056fe0000,0x00000000570e0000]
Native frames: (J=compiled Java code, j=interpreted, Vv=VM code, C=native code)
V  [jvm.dll+0x32b4ca]


Current CompileTask:
C1:    644  521   !   3       com.android.dx.cf.code.BytecodeArray::parseInstruction (2764 bytes)


---------------  P R O C E S S  ---------------

Java Threads: ( => current thread )
  0x0000000056777000 JavaThread "pool-2-thread-4" [_thread_blocked, id=2416, stack(0x00000000579d0000,0x0000000057ad0000)]
  0x0000000056738000 JavaThread "pool-2-thread-3" [_thread_blocked, id=2988, stack(0x0000000057860000,0x0000000057960000)]
  0x00000000566e8000 JavaThread "pool-2-thread-2" [_thread_blocked, id=3820, stack(0x0000000057750000,0x0000000057850000)]
  0x00000000565d7000 JavaThread "pool-3-thread-1" [_thread_blocked, id=3564, stack(0x0000000057590000,0x0000000057690000)]
  0x00000000565cf000 JavaThread "pool-2-thread-1" [_thread_blocked, id=4480, stack(0x00000000573b0000,0x00000000574b0000)]
  0x00000000564d7000 JavaThread "Service Thread" daemon [_thread_blocked, id=6032, stack(0x0000000057180000,0x0000000057280000)]
=>0x000000005529f800 JavaThread "C1 CompilerThread2" daemon [_thread_in_native, id=5012, stack(0x0000000056fe0000,0x00000000570e0000)]
  0x000000005529d800 JavaThread "C2 CompilerThread1" daemon [_thread_in_vm, id=4792, stack(0x0000000056e70000,0x0000000056f70000)]
  0x0000000055296800 JavaThread "C2 CompilerThread0" daemon [_thread_in_vm, id=5372, stack(0x0000000056b80000,0x0000000056c80000)]
  0x0000000055295000 JavaThread "Attach Listener" daemon [_thread_blocked, id=5772, stack(0x0000000056910000,0x0000000056a10000)]
  0x0000000055294000 JavaThread "Signal Dispatcher" daemon [_thread_blocked, id=2436, stack(0x0000000056a50000,0x0000000056b50000)]
  0x0000000055237000 JavaThread "Finalizer" daemon [_thread_blocked, id=5040, stack(0x0000000056250000,0x0000000056350000)]
  0x0000000055230000 JavaThread "Reference Handler" daemon [_thread_blocked, id=4460, stack(0x0000000056360000,0x0000000056460000)]
  0x0000000001dae800 JavaThread "main" [_thread_in_vm, id=2300, stack(0x00000000023e0000,0x00000000024e0000)]

Other Threads:
  0x000000005522a800 VMThread [stack: 0x0000000056120000,0x0000000056220000] [id=5832]
  0x00000000564db000 WatcherThread [stack: 0x0000000056cb0000,0x0000000056db0000] [id=5648]

VM state:not at safepoint (normal execution)

VM Mutex/Monitor currently owned by a thread:  ([mutex/lock_event])
[0x0000000001dacf40] MethodData_lock - owner thread: 0x0000000001dae800

Heap:
 PSYoungGen      total 38400K, used 12001K [0x00000000eab00000, 0x00000000ed580000, 0x0000000100000000)
  eden space 33280K, 36% used [0x00000000eab00000,0x00000000eb6b8440,0x00000000ecb80000)
  from space 5120K, 0% used [0x00000000ed080000,0x00000000ed080000,0x00000000ed580000)
  to   space 5120K, 0% used [0x00000000ecb80000,0x00000000ecb80000,0x00000000ed080000)
 ParOldGen       total 87552K, used 0K [0x00000000c0000000, 0x00000000c5580000, 0x00000000eab00000)
  object space 87552K, 0% used [0x00000000c0000000,0x00000000c0000000,0x00000000c5580000)
 Metaspace       used 5327K, capacity 6448K, committed 6528K, reserved 1056768K
  class space    used 576K, capacity 616K, committed 640K, reserved 1048576K

Card table byte_map: [0x0000000011b70000,0x0000000011d80000] byte_map_base: 0x0000000011570000

Marking Bits: (ParMarkBitMap*) 0x00000000625c4040
 Begin Bits: [0x00000000126a0000, 0x00000000136a0000)
 End Bits:   [0x00000000136a0000, 0x00000000146a0000)

Polling page: 0x0000000000130000

CodeCache: size=245760Kb used=2044Kb max_used=2051Kb free=243715Kb
 bounds [0x00000000027b0000, 0x0000000002a20000, 0x00000000117b0000]
 total_blobs=788 nmethods=520 adapters=181
 compilation: enabled

Compilation events (10 events):
Event: 0.557 Thread 0x000000005529f800  515       3       java.util.TreeMap::rotateLeft (96 bytes)
Event: 0.557 Thread 0x000000005529f800 nmethod 515 0x00000000029b1410 code [0x00000000029b1580, 0x00000000029b18d0]
Event: 0.557 Thread 0x000000005529f800  516       3       com.android.dx.cf.code.BasicBlocker::addWorkIfNecessary (32 bytes)
Event: 0.557 Thread 0x0000000055296800 nmethod 512 0x00000000029b19d0 code [0x00000000029b1b20, 0x00000000029b1e18]
Event: 0.558 Thread 0x000000005529f800 nmethod 516 0x00000000029b0b90 code [0x00000000029b0d20, 0x00000000029b10f0]
Event: 0.558 Thread 0x000000005529f800  523       3       com.android.dx.ssa.SsaInsn::<init> (29 bytes)
Event: 0.558 Thread 0x000000005529f800 nmethod 523 0x00000000029b0650 code [0x00000000029b07c0, 0x00000000029b0a88]
Event: 0.558 Thread 0x000000005529f800  524       3       java.lang.Long::bitCount (61 bytes)
Event: 0.558 Thread 0x000000005529f800 nmethod 524 0x00000000029ab390 code [0x00000000029ab4e0, 0x00000000029ab690]
Event: 0.558 Thread 0x000000005529f800  521   !   3       com.android.dx.cf.code.BytecodeArray::parseInstruction (2764 bytes)

GC Heap History (0 events):
No events

Deoptimization events (0 events):
No events

Internal exceptions (5 events):
Event: 0.042 Thread 0x0000000001dae800 Exception <a 'java/lang/NoSuchMethodError': Method sun.misc.Unsafe.defineClass(Ljava/lang/String;[BII)Ljava/lang/Class; name or signature does not match> (0x00000000eab0d3a0) thrown at [C:\re\workspace\8-2-build-windows-amd64-cygwin\jdk8u51\3951\hotspot\srä§í•V¥?
Event: 0.042 Thread 0x0000000001dae800 Exception <a 'java/lang/NoSuchMethodError': Method sun.misc.Unsafe.prefetchRead(Ljava/lang/Object;J)V name or signature does not match> (0x00000000eab0d630) thrown at [C:\re\workspace\8-2-build-windows-amd64-cygwin\jdk8u51\3951\hotspot\src\share\vm\prims\j\?K,·á?
Event: 0.554 Thread 0x0000000056777000 Exception <a 'java/lang/StackOverflowError'> (0x00000000eb4f3048) thrown at [C:\re\workspace\8-2-build-windows-amd64-cygwin\jdk8u51\3951\hotspot\src\share\vm\interpreter\interpreterRuntime.cpp, line 323]
Event: 0.554 Thread 0x0000000056777000 Exception <a 'java/lang/StackOverflowError'> (0x00000000eb4f3048) thrown at [C:\re\workspace\8-2-build-windows-amd64-cygwin\jdk8u51\3951\hotspot\src\share\vm\classfile\systemDictionary.cpp, line 1528]
Event: 0.554 Thread 0x0000000056777000 Exception <a 'java/lang/StackOverflowError'> (0x00000000eb4f3048) thrown at [C:\re\workspace\8-2-build-windows-amd64-cygwin\jdk8u51\3951\hotspot\src\share\vm\prims\jvm.cpp, line 1386]

Events (10 events):
Event: 0.554 loading class java/security/PrivilegedActionException
Event: 0.554 loading class java/security/PrivilegedActionException done
Event: 0.554 loading class com/android/dx/dex/code/StdCatchBuilder
Event: 0.554 loading class com/android/dx/dex/code/StdCatchBuilder done
Event: 0.554 loading class com/android/dx/dex/code/DalvCode
Event: 0.554 loading class com/android/dx/dex/code/DalvCode done
Event: 0.554 loading class com/android/dx/dex/file/EncodedMethod
Event: 0.554 loading class com/android/dx/dex/file/EncodedMethod done
Event: 0.555 loading class com/android/dx/dex/file/CodeItem
Event: 0.555 loading class com/android/dx/dex/file/CodeItem done


Dynamic libraries:
0x000000013f6a0000 - 0x000000013f6d7000 	C:\java\jdk8u51\bin\java.exe
0x0000000077b00000 - 0x0000000077caa000 	C:\Windows\SYSTEM32\ntdll.dll
0x00000000778e0000 - 0x00000000779ff000 	C:\Windows\system32\kernel32.dll
0x000007fefdbb0000 - 0x000007fefdc1a000 	C:\Windows\system32\KERNELBASE.dll
0x000007feffd30000 - 0x000007feffe0b000 	C:\Windows\system32\ADVAPI32.dll
0x000007fefef40000 - 0x000007fefefdf000 	C:\Windows\system32\msvcrt.dll
0x000007feffd10000 - 0x000007feffd2f000 	C:\Windows\SYSTEM32\sechost.dll
0x000007feff180000 - 0x000007feff2ad000 	C:\Windows\system32\RPCRT4.dll
0x0000000077a00000 - 0x0000000077afa000 	C:\Windows\system32\USER32.dll
0x000007fefecf0000 - 0x000007fefed57000 	C:\Windows\system32\GDI32.dll
0x000007feff5c0000 - 0x000007feff5ce000 	C:\Windows\system32\LPK.dll
0x000007fefee70000 - 0x000007fefef3a000 	C:\Windows\system32\USP10.dll
0x000007fefc190000 - 0x000007fefc384000 	C:\Windows\WinSxS\amd64_microsoft.windows.common-controls_6595b64144ccf1df_6.0.7601.18837_none_fa3b1e3d17594757\COMCTL32.dll
0x000007feff2e0000 - 0x000007feff351000 	C:\Windows\system32\SHLWAPI.dll
0x000007feff2b0000 - 0x000007feff2de000 	C:\Windows\system32\IMM32.DLL
0x000007fefed60000 - 0x000007fefee69000 	C:\Windows\system32\MSCTF.dll
0x0000000067770000 - 0x0000000067842000 	C:\java\jdk8u51\jre\bin\msvcr100.dll
0x0000000061dc0000 - 0x0000000062643000 	C:\java\jdk8u51\jre\bin\server\jvm.dll
0x000007fef9cf0000 - 0x000007fef9cf9000 	C:\Windows\system32\WSOCK32.dll
0x000007fefeca0000 - 0x000007fefeced000 	C:\Windows\system32\WS2_32.dll
0x000007feff670000 - 0x000007feff678000 	C:\Windows\system32\NSI.dll
0x000007fefaad0000 - 0x000007fefab0b000 	C:\Windows\system32\WINMM.dll
0x000007fefcb00000 - 0x000007fefcb0c000 	C:\Windows\system32\VERSION.dll
0x0000000077cc0000 - 0x0000000077cc7000 	C:\Windows\system32\PSAPI.DLL
0x0000000071bc0000 - 0x0000000071bcf000 	C:\java\jdk8u51\jre\bin\verify.dll
0x0000000071b30000 - 0x0000000071b59000 	C:\java\jdk8u51\jre\bin\java.dll
0x0000000071ba0000 - 0x0000000071bb6000 	C:\java\jdk8u51\jre\bin\zip.dll
0x000007fefdf10000 - 0x000007fefec99000 	C:\Windows\system32\SHELL32.dll
0x000007feff680000 - 0x000007feff883000 	C:\Windows\system32\ole32.dll
0x000007fefd880000 - 0x000007fefd88f000 	C:\Windows\system32\profapi.dll

VM Arguments:
jvm_args: -Djava.awt.headless=true -Xmx1024M -Dfile.encoding=windows-1252 -Duser.country=GB -Duser.language=en -Duser.variant 
java_command: com.android.dx.command.Main --dex --force-jumbo --num-threads=4 --multi-dex --output C:\Users\dineen\Desktop\Android_Dictionary-master\app\build\intermediates\transforms\dex\debug\folders\1000\5\slice_2 C:\Users\dineen\Desktop\Android_Dictionary-master\app\build\intermediates\transforms\instantRunSlicer\debug\folders\1\5\slice_2
java_class_path (initial): C:\AndroidSDK\build-tools\23.0.3\lib\dx.jar
Launcher Type: SUN_STANDARD

Environment Variables:
JAVA_HOME=C:\java\jdk8u51
PATH=C:\Program Files (x86)\Intel\iCLS Client\;C:\Program Files\Intel\iCLS Client\;C:\ProgramData\Oracle\Java\javapath;C:\Windows\system32;C:\Windows;C:\Windows\System32\Wbem;C:\Windows\System32\WindowsPowerShell\v1.0\;C:\Program Files (x86)\AMD\ATI.ACE\Core-Static;C:\java\jdk8u51\bin;C:\Program Files (x86)\Windows Kits\8.1\Windows Performance Toolkit\;C:\Program Files\Microsoft SQL Server\110\Tools\Binn\;C:\Program Files (x86)\Microsoft SDKs\TypeScript\1.0\;C:\Program Files\Microsoft SQL Server\120\Tools\Binn\;C:\Program Files\Intel\Intel(R) Management Engine Components\DAL;C:\Program Files\Intel\Intel(R) Management Engine Components\IPT;C:\Program Files (x86)\Intel\Intel(R) Management Engine Components\DAL;C:\Program Files (x86)\Intel\Intel(R) Management Engine Components\IPT
USERNAME=dineen
OS=Windows_NT
PROCESSOR_IDENTIFIER=Intel64 Family 6 Model 58 Stepping 9, GenuineIntel



---------------  S Y S T E M  ---------------

OS: Windows 7 , 64 bit Build 7601 (6.1.7601.23418)

CPU:total 4 (4 cores per cpu, 1 threads per core) family 6 model 58 stepping 9, cmov, cx8, fxsr, mmx, sse, sse2, sse3, ssse3, sse4.1, sse4.2, popcnt, avx, aes, clmul, erms, tsc, tscinvbit, tscinv

Memory: 4k page, physical 8342068k(1224212k free), swap 10437360k(4836k free)

vm_info: Java HotSpot(TM) 64-Bit Server VM (25.51-b03) for windows-amd64 JRE (1.8.0_51-b16), built on Jun  8 2015 18:03:07 by "java_re" with MS VC++ 10.0 (VS2010)

time: Fri Jun 10 11:44:06 2016
elapsed time: 0 seconds (0d 0h 0m 0s)

