#
# There is insufficient memory for the Java Runtime Environment to continue.
# Native memory allocation (malloc) failed to allocate 32744 bytes for ChunkPool::allocate
# Possible reasons:
#   The system is out of physical RAM or swap space
#   In 32 bit mode, the process size limit was hit
# Possible solutions:
#   Reduce memory load on the system
#   Increase physical memory or swap space
#   Check if swap backing store is full
#   Use 64 bit Java on a 64 bit OS
#   Decrease Java heap size (-Xmx/-Xms)
#   Decrease number of Java threads
#   Decrease Java thread stack sizes (-Xss)
#   Set larger code cache with -XX:ReservedCodeCacheSize=
# This output file may be truncated or incomplete.
#
#  Out of Memory Error (allocation.cpp:273), pid=2980, tid=5432
#
# JRE version: Java(TM) SE Runtime Environment (8.0_51-b16) (build 1.8.0_51-b16)
# Java VM: Java HotSpot(TM) 64-Bit Server VM (25.51-b03 mixed mode windows-amd64 compressed oops)
# Failed to write core dump. Minidumps are not enabled by default on client versions of Windows
#

---------------  T H R E A D  ---------------

Current thread (0x0000000056247800):  JavaThread "C1 CompilerThread2" daemon [_thread_in_native, id=5432, stack(0x0000000056db0000,0x0000000056eb0000)]

Stack: [0x0000000056db0000,0x0000000056eb0000]
Native frames: (J=compiled Java code, j=interpreted, Vv=VM code, C=native code)
V  [jvm.dll+0x32b4ca]


Current CompileTask:
C1:    596  531   !   3      
[error occurred during error reporting (printing current compile task), id 0xe0000001]


---------------  P R O C E S S  ---------------

Java Threads: ( => current thread )
  0x00000000565e3800 JavaThread "pool-2-thread-4" [_thread_blocked, id=3800, stack(0x0000000057ec0000,0x0000000057fc0000)]
  0x0000000056503000 JavaThread "pool-2-thread-3" [_thread_blocked, id=3964, stack(0x00000000575b0000,0x00000000576b0000)]
  0x00000000564f2000 JavaThread "pool-2-thread-2" [_thread_in_vm, id=3812, stack(0x0000000057410000,0x0000000057510000)]
  0x00000000563e3800 JavaThread "pool-3-thread-1" [_thread_blocked, id=5564, stack(0x00000000572f0000,0x00000000573f0000)]
  0x00000000563a7800 JavaThread "pool-2-thread-1" [_thread_in_vm, id=5548, stack(0x00000000570e0000,0x00000000571e0000)]
  0x0000000056255000 JavaThread "Service Thread" daemon [_thread_blocked, id=3024, stack(0x0000000056f20000,0x0000000057020000)]
=>0x0000000056247800 JavaThread "C1 CompilerThread2" daemon [_thread_in_native, id=5432, stack(0x0000000056db0000,0x0000000056eb0000)]
  0x0000000056246000 JavaThread "C2 CompilerThread1" daemon [_thread_in_native, id=3324, stack(0x0000000056ae0000,0x0000000056be0000)]
  0x0000000055095000 JavaThread "C2 CompilerThread0" daemon [_thread_in_native, id=3596, stack(0x00000000567e0000,0x00000000568e0000)]
  0x0000000055093800 JavaThread "Attach Listener" daemon [_thread_blocked, id=4316, stack(0x0000000056950000,0x0000000056a50000)]
  0x0000000055092000 JavaThread "Signal Dispatcher" daemon [_thread_blocked, id=2956, stack(0x00000000566d0000,0x00000000567d0000)]
  0x0000000055031800 JavaThread "Finalizer" daemon [_thread_blocked, id=5728, stack(0x0000000056140000,0x0000000056240000)]
  0x0000000055030000 JavaThread "Reference Handler" daemon [_thread_blocked, id=3292, stack(0x0000000055ea0000,0x0000000055fa0000)]
  0x00000000020be800 JavaThread "main" [_thread_in_vm, id=776, stack(0x0000000002200000,0x0000000002300000)]

Other Threads:
  0x000000005502a800 VMThread [stack: 0x0000000056000000,0x0000000056100000] [id=5096]
  0x00000000562b3000 WatcherThread [stack: 0x0000000056c20000,0x0000000056d20000] [id=5720]

VM state:not at safepoint (normal execution)

VM Mutex/Monitor currently owned by a thread:  ([mutex/lock_event])
[0x00000000020bcf40] MethodData_lock - owner thread: 0x00000000563a7800

Heap:
 PSYoungGen      total 38400K, used 15449K [0x00000000eab00000, 0x00000000ed580000, 0x0000000100000000)
  eden space 33280K, 46% used [0x00000000eab00000,0x00000000eba164e0,0x00000000ecb80000)
  from space 5120K, 0% used [0x00000000ed080000,0x00000000ed080000,0x00000000ed580000)
  to   space 5120K, 0% used [0x00000000ecb80000,0x00000000ecb80000,0x00000000ed080000)
 ParOldGen       total 87552K, used 0K [0x00000000c0000000, 0x00000000c5580000, 0x00000000eab00000)
  object space 87552K, 0% used [0x00000000c0000000,0x00000000c0000000,0x00000000c5580000)
 Metaspace       used 5365K, capacity 6448K, committed 6528K, reserved 1056768K
  class space    used 580K, capacity 616K, committed 640K, reserved 1048576K

Card table byte_map: [0x0000000011990000,0x0000000011ba0000] byte_map_base: 0x0000000011390000

Marking Bits: (ParMarkBitMap*) 0x00000000625c4040
 Begin Bits: [0x00000000124a0000, 0x00000000134a0000)
 End Bits:   [0x00000000134a0000, 0x00000000144a0000)

Polling page: 0x00000000004d0000

CodeCache: size=245760Kb used=2129Kb max_used=2141Kb free=243630Kb
 bounds [0x00000000025d0000, 0x0000000002840000, 0x00000000115d0000]
 total_blobs=805 nmethods=536 adapters=182
 compilation: enabled

Compilation events (10 events):
Event: 0.533 Thread 0x0000000055095000  555       4       com.android.dx.util.Bits::findFirst (61 bytes)
Event: 0.533 Thread 0x0000000056246000  556       4       com.android.dx.util.Bits::clear (21 bytes)
Event: 0.533 Thread 0x0000000056246000 nmethod 556 0x00000000027e7750 code [0x00000000027e7880, 0x00000000027e7918]
Event: 0.534 Thread 0x0000000056246000  557   !   4       com.android.dx.util.IntList::get (36 bytes)
Event: 0.534 Thread 0x0000000056246000 nmethod 557 0x00000000027e7490 code [0x00000000027e75c0, 0x00000000027e7658]
Event: 0.534 Thread 0x0000000056246000  560       4       java.lang.Long::bitCount (61 bytes)
Event: 0.534 Thread 0x0000000055095000 nmethod 555 0x00000000027e70d0 code [0x00000000027e7200, 0x00000000027e73d8]
Event: 0.535 Thread 0x0000000056246000 nmethod 560 0x00000000027e6e90 code [0x00000000027e6fc0, 0x00000000027e7078]
Event: 0.535 Thread 0x0000000055095000  561       4       com.android.dx.util.IntList::growIfNeeded (46 bytes)
Event: 0.535 Thread 0x0000000056246000  562       4       com.android.dx.util.IntList::add (65 bytes)

GC Heap History (0 events):
No events

Deoptimization events (2 events):
Event: 0.295 Thread 0x00000000020be800 Uncommon trap: reason=unstable_if action=reinterpret pc=0x0000000002717504 method=java.lang.String.indexOf(II)I @ 49
Event: 0.460 Thread 0x00000000565e3800 Uncommon trap: reason=unstable_if action=reinterpret pc=0x00000000027ac810 method=java.util.HashMap.getNode(ILjava/lang/Object;)Ljava/util/HashMap$Node; @ 129

Internal exceptions (2 events):
Event: 0.054 Thread 0x00000000020be800 Exception <a 'java/lang/NoSuchMethodError': Method sun.misc.Unsafe.defineClass(Ljava/lang/String;[BII)Ljava/lang/Class; name or signature does not match> (0x00000000eab0d3a0) thrown at [C:\re\workspace\8-2-build-windows-amd64-cygwin\jdk8u51\3951\hotspot\srS¸ª€§«?
Event: 0.054 Thread 0x00000000020be800 Exception <a 'java/lang/NoSuchMethodError': Method sun.misc.Unsafe.prefetchRead(Ljava/lang/Object;J)V name or signature does not match> (0x00000000eab0d630) thrown at [C:\re\workspace\8-2-build-windows-amd64-cygwin\jdk8u51\3951\hotspot\src\share\vm\prims\j

Events (10 events):
Event: 0.526 loading class com/android/dx/dex/file/CodeItem
Event: 0.526 loading class com/android/dx/dex/file/CodeItem done
Event: 0.526 loading class java/io/PrintWriter
Event: 0.526 loading class java/io/PrintWriter done
Event: 0.526 loading class com/android/dx/dex/file/DebugInfoItem
Event: 0.526 loading class com/android/dx/dex/file/DebugInfoItem done
Event: 0.527 loading class com/android/dx/rop/annotation/AnnotationsList
Event: 0.527 loading class com/android/dx/rop/annotation/AnnotationsList done
Event: 0.532 loading class com/android/dx/cf/code/SwitchList
Event: 0.532 loading class com/android/dx/cf/code/SwitchList done


Dynamic libraries:
0x000000013f6a0000 - 0x000000013f6d7000 	C:\java\jdk8u51\bin\java.exe
0x0000000077b00000 - 0x0000000077caa000 	C:\Windows\SYSTEM32\ntdll.dll
0x00000000778e0000 - 0x00000000779ff000 	C:\Windows\system32\kernel32.dll
0x000007fefdbb0000 - 0x000007fefdc1a000 	C:\Windows\system32\KERNELBASE.dll
0x000007feffd30000 - 0x000007feffe0b000 	C:\Windows\system32\ADVAPI32.dll
0x000007fefef40000 - 0x000007fefefdf000 	C:\Windows\system32\msvcrt.dll
0x000007feffd10000 - 0x000007feffd2f000 	C:\Windows\SYSTEM32\sechost.dll
0x000007feff180000 - 0x000007feff2ad000 	C:\Windows\system32\RPCRT4.dll
0x0000000077a00000 - 0x0000000077afa000 	C:\Windows\system32\USER32.dll
0x000007fefecf0000 - 0x000007fefed57000 	C:\Windows\system32\GDI32.dll
0x000007feff5c0000 - 0x000007feff5ce000 	C:\Windows\system32\LPK.dll
0x000007fefee70000 - 0x000007fefef3a000 	C:\Windows\system32\USP10.dll
0x000007fefc190000 - 0x000007fefc384000 	C:\Windows\WinSxS\amd64_microsoft.windows.common-controls_6595b64144ccf1df_6.0.7601.18837_none_fa3b1e3d17594757\COMCTL32.dll
0x000007feff2e0000 - 0x000007feff351000 	C:\Windows\system32\SHLWAPI.dll
0x000007feff2b0000 - 0x000007feff2de000 	C:\Windows\system32\IMM32.DLL
0x000007fefed60000 - 0x000007fefee69000 	C:\Windows\system32\MSCTF.dll
0x0000000067770000 - 0x0000000067842000 	C:\java\jdk8u51\jre\bin\msvcr100.dll
0x0000000061dc0000 - 0x0000000062643000 	C:\java\jdk8u51\jre\bin\server\jvm.dll
0x000007fef9cf0000 - 0x000007fef9cf9000 	C:\Windows\system32\WSOCK32.dll
0x000007fefeca0000 - 0x000007fefeced000 	C:\Windows\system32\WS2_32.dll
0x000007feff670000 - 0x000007feff678000 	C:\Windows\system32\NSI.dll
0x000007fefaad0000 - 0x000007fefab0b000 	C:\Windows\system32\WINMM.dll
0x000007fefcb00000 - 0x000007fefcb0c000 	C:\Windows\system32\VERSION.dll
0x0000000077cc0000 - 0x0000000077cc7000 	C:\Windows\system32\PSAPI.DLL
0x0000000071bc0000 - 0x0000000071bcf000 	C:\java\jdk8u51\jre\bin\verify.dll
0x0000000071b30000 - 0x0000000071b59000 	C:\java\jdk8u51\jre\bin\java.dll
0x0000000071ba0000 - 0x0000000071bb6000 	C:\java\jdk8u51\jre\bin\zip.dll
0x000007fefdf10000 - 0x000007fefec99000 	C:\Windows\system32\SHELL32.dll
0x000007feff680000 - 0x000007feff883000 	C:\Windows\system32\ole32.dll
0x000007fefd880000 - 0x000007fefd88f000 	C:\Windows\system32\profapi.dll

VM Arguments:
jvm_args: -Djava.awt.headless=true -Xmx1024M -Dfile.encoding=windows-1252 -Duser.country=GB -Duser.language=en -Duser.variant 
java_command: com.android.dx.command.Main --dex --force-jumbo --num-threads=4 --multi-dex --output C:\Users\dineen\Desktop\Android_Dictionary-master\app\build\intermediates\transforms\dex\debug\folders\1000\5\slice_4 C:\Users\dineen\Desktop\Android_Dictionary-master\app\build\intermediates\transforms\instantRunSlicer\debug\folders\1\5\slice_4
java_class_path (initial): C:\AndroidSDK\build-tools\23.0.3\lib\dx.jar
Launcher Type: SUN_STANDARD

Environment Variables:
JAVA_HOME=C:\java\jdk8u51
PATH=C:\Program Files (x86)\Intel\iCLS Client\;C:\Program Files\Intel\iCLS Client\;C:\ProgramData\Oracle\Java\javapath;C:\Windows\system32;C:\Windows;C:\Windows\System32\Wbem;C:\Windows\System32\WindowsPowerShell\v1.0\;C:\Program Files (x86)\AMD\ATI.ACE\Core-Static;C:\java\jdk8u51\bin;C:\Program Files (x86)\Windows Kits\8.1\Windows Performance Toolkit\;C:\Program Files\Microsoft SQL Server\110\Tools\Binn\;C:\Program Files (x86)\Microsoft SDKs\TypeScript\1.0\;C:\Program Files\Microsoft SQL Server\120\Tools\Binn\;C:\Program Files\Intel\Intel(R) Management Engine Components\DAL;C:\Program Files\Intel\Intel(R) Management Engine Components\IPT;C:\Program Files (x86)\Intel\Intel(R) Management Engine Components\DAL;C:\Program Files (x86)\Intel\Intel(R) Management Engine Components\IPT
USERNAME=dineen
OS=Windows_NT
PROCESSOR_IDENTIFIER=Intel64 Family 6 Model 58 Stepping 9, GenuineIntel



---------------  S Y S T E M  ---------------

OS: Windows 7 , 64 bit Build 7601 (6.1.7601.23418)

CPU:total 4 (4 cores per cpu, 1 threads per core) family 6 model 58 stepping 9, cmov, cx8, fxsr, mmx, sse, sse2, sse3, ssse3, sse4.1, sse4.2, popcnt, avx, aes, clmul, erms, tsc, tscinvbit, tscinv

Memory: 4k page, physical 8342068k(1224212k free), swap 10437360k(4820k free)

vm_info: Java HotSpot(TM) 64-Bit Server VM (25.51-b03) for windows-amd64 JRE (1.8.0_51-b16), built on Jun  8 2015 18:03:07 by "java_re" with MS VC++ 10.0 (VS2010)

time: Fri Jun 10 11:44:06 2016
elapsed time: 0 seconds (0d 0h 0m 0s)

