#
# There is insufficient memory for the Java Runtime Environment to continue.
# Native memory allocation (malloc) failed to allocate 1834256 bytes for Chunk::new
# Possible reasons:
#   The system is out of physical RAM or swap space
#   In 32 bit mode, the process size limit was hit
# Possible solutions:
#   Reduce memory load on the system
#   Increase physical memory or swap space
#   Check if swap backing store is full
#   Use 64 bit Java on a 64 bit OS
#   Decrease Java heap size (-Xmx/-Xms)
#   Decrease number of Java threads
#   Decrease Java thread stack sizes (-Xss)
#   Set larger code cache with -XX:ReservedCodeCacheSize=
# This output file may be truncated or incomplete.
#
#  Out of Memory Error (allocation.cpp:390), pid=6080, tid=2796
#
# JRE version: Java(TM) SE Runtime Environment (8.0_51-b16) (build 1.8.0_51-b16)
# Java VM: Java HotSpot(TM) 64-Bit Server VM (25.51-b03 mixed mode windows-amd64 compressed oops)
# Failed to write core dump. Minidumps are not enabled by default on client versions of Windows
#

---------------  T H R E A D  ---------------

Current thread (0x00000000550a2000):  JavaThread "C2 CompilerThread0" daemon [_thread_in_native, id=2796, stack(0x0000000056670000,0x0000000056770000)]

Stack: [0x0000000056670000,0x0000000056770000]
Native frames: (J=compiled Java code, j=interpreted, Vv=VM code, C=native code)
V  [jvm.dll+0x32b4ca]


Current CompileTask:
C2:   6810 2285   !   4       com.android.dx.cf.code.BytecodeArray::parseInstruction (2764 bytes)


---------------  P R O C E S S  ---------------

Java Threads: ( => current thread )
  0x0000000056ebc000 JavaThread "pool-1-thread-4" [_thread_blocked, id=4004, stack(0x00000000580c0000,0x00000000581c0000)]
  0x0000000056ebb000 JavaThread "pool-1-thread-3" [_thread_blocked, id=4516, stack(0x0000000057ec0000,0x0000000057fc0000)]
  0x0000000056eba800 JavaThread "pool-1-thread-2" [_thread_blocked, id=1572, stack(0x0000000057cf0000,0x0000000057df0000)]
  0x0000000056eb6000 JavaThread "pool-2-thread-1" [_thread_blocked, id=5540, stack(0x0000000057a70000,0x0000000057b70000)]
  0x0000000056ed3800 JavaThread "pool-1-thread-1" [_thread_in_Java, id=5532, stack(0x0000000057940000,0x0000000057a40000)]
  0x0000000056c01800 JavaThread "Service Thread" daemon [_thread_blocked, id=2244, stack(0x0000000057010000,0x0000000057110000)]
  0x00000000550a8800 JavaThread "C1 CompilerThread2" daemon [_thread_blocked, id=5308, stack(0x0000000056b00000,0x0000000056c00000)]
  0x00000000550a7000 JavaThread "C2 CompilerThread1" daemon [_thread_in_native, id=5036, stack(0x0000000056910000,0x0000000056a10000)]
=>0x00000000550a2000 JavaThread "C2 CompilerThread0" daemon [_thread_in_native, id=2796, stack(0x0000000056670000,0x0000000056770000)]
  0x000000005509e800 JavaThread "Attach Listener" daemon [_thread_blocked, id=6004, stack(0x0000000056530000,0x0000000056630000)]
  0x00000000550af000 JavaThread "Signal Dispatcher" daemon [_thread_blocked, id=5856, stack(0x0000000056310000,0x0000000056410000)]
  0x0000000055041800 JavaThread "Finalizer" daemon [_thread_blocked, id=2980, stack(0x0000000056420000,0x0000000056520000)]
  0x0000000055040000 JavaThread "Reference Handler" daemon [_thread_blocked, id=3424, stack(0x0000000055fa0000,0x00000000560a0000)]
  0x00000000021de800 JavaThread "main" [_thread_blocked, id=3608, stack(0x00000000024b0000,0x00000000025b0000)]

Other Threads:
  0x000000005503a800 VMThread [stack: 0x0000000056150000,0x0000000056250000] [id=5708]
  0x0000000056c05800 WatcherThread [stack: 0x0000000056800000,0x0000000056900000] [id=5572]

VM state:not at safepoint (normal execution)

VM Mutex/Monitor currently owned by a thread: None

Heap:
 PSYoungGen      total 138240K, used 125641K [0x00000000eab00000, 0x00000000f3700000, 0x0000000100000000)
  eden space 133120K, 90% used [0x00000000eab00000,0x00000000f20b8438,0x00000000f2d00000)
  from space 5120K, 99% used [0x00000000f3200000,0x00000000f36fa298,0x00000000f3700000)
  to   space 5120K, 0% used [0x00000000f2d00000,0x00000000f2d00000,0x00000000f3200000)
 ParOldGen       total 87552K, used 23135K [0x00000000c0000000, 0x00000000c5580000, 0x00000000eab00000)
  object space 87552K, 26% used [0x00000000c0000000,0x00000000c1697de0,0x00000000c5580000)
 Metaspace       used 6441K, capacity 7256K, committed 7424K, reserved 1056768K
  class space    used 613K, capacity 656K, committed 768K, reserved 1048576K

Card table byte_map: [0x0000000011c40000,0x0000000011e50000] byte_map_base: 0x0000000011640000

Marking Bits: (ParMarkBitMap*) 0x0000000065a84040
 Begin Bits: [0x00000000124b0000, 0x00000000134b0000)
 End Bits:   [0x00000000134b0000, 0x00000000144b0000)

Polling page: 0x0000000000540000

CodeCache: size=245760Kb used=10667Kb max_used=10678Kb free=235092Kb
 bounds [0x0000000002880000, 0x0000000003300000, 0x0000000011880000]
 total_blobs=2480 nmethods=2209 adapters=182
 compilation: enabled

Compilation events (10 events):
Event: 6.754 Thread 0x00000000550a8800 2301 % !   3       com.android.dx.cf.code.Ropper::processBlock @ 1035 (1101 bytes)
Event: 6.761 Thread 0x00000000550a8800 nmethod 2301% 0x00000000032d6550 code [0x00000000032d70e0, 0x00000000032e0b98]
Event: 6.761 Thread 0x00000000550a8800 2302   !   3       com.android.dx.cf.code.Ropper::processBlock (1101 bytes)
Event: 6.767 Thread 0x00000000550a8800 nmethod 2302 0x00000000032e97d0 code [0x00000000032ea340, 0x00000000032f3bd8]
Event: 6.769 Thread 0x00000000550a8800 2306       2       com.android.dx.ssa.MoveParamCombiner$1::visitNonMoveInsn (213 bytes)
Event: 6.770 Thread 0x00000000550a8800 nmethod 2306 0x00000000032537d0 code [0x00000000032539e0, 0x0000000003254148]
Event: 6.806 Thread 0x00000000550a7000 

Event: 6.806 Thread 0x00000000550a7000 2309       4       java.util.ArrayList::clear (39 bytes)
Event: 6.807 Thread 0x00000000550a7000 nmethod 2309 0x0000000003238c50 code [0x0000000003238d80, 0x0000000003238e58]
Event: 6.807 Thread 0x00000000550a7000 2299       4       com.android.dx.cf.code.Ropper::addExceptionSetupBlocks (203 bytes)

GC Heap History (8 events):
Event: 1.448 GC heap before
{Heap before GC invocations=1 (full 0):
 PSYoungGen      total 38400K, used 33280K [0x00000000eab00000, 0x00000000ed580000, 0x0000000100000000)
  eden space 33280K, 100% used [0x00000000eab00000,0x00000000ecb80000,0x00000000ecb80000)
  from space 5120K, 0% used [0x00000000ed080000,0x00000000ed080000,0x00000000ed580000)
  to   space 5120K, 0% used [0x00000000ecb80000,0x00000000ecb80000,0x00000000ed080000)
 ParOldGen       total 87552K, used 0K [0x00000000c0000000, 0x00000000c5580000, 0x00000000eab00000)
  object space 87552K, 0% used [0x00000000c0000000,0x00000000c0000000,0x00000000c5580000)
 Metaspace       used 5853K, capacity 6832K, committed 7040K, reserved 1056768K
  class space    used 589K, capacity 616K, committed 640K, reserved 1048576K
Event: 1.544 GC heap after
Heap after GC invocations=1 (full 0):
 PSYoungGen      total 38400K, used 4632K [0x00000000eab00000, 0x00000000ef600000, 0x0000000100000000)
  eden space 33280K, 0% used [0x00000000eab00000,0x00000000eab00000,0x00000000ecb80000)
  from space 5120K, 90% used [0x00000000ecb80000,0x00000000ed006028,0x00000000ed080000)
  to   space 5120K, 0% used [0x00000000ef100000,0x00000000ef100000,0x00000000ef600000)
 ParOldGen       total 87552K, used 0K [0x00000000c0000000, 0x00000000c5580000, 0x00000000eab00000)
  object space 87552K, 0% used [0x00000000c0000000,0x00000000c0000000,0x00000000c5580000)
 Metaspace       used 5853K, capacity 6832K, committed 7040K, reserved 1056768K
  class space    used 589K, capacity 616K, committed 640K, reserved 1048576K
}
Event: 2.560 GC heap before
{Heap before GC invocations=2 (full 0):
 PSYoungGen      total 38400K, used 37912K [0x00000000eab00000, 0x00000000ef600000, 0x0000000100000000)
  eden space 33280K, 100% used [0x00000000eab00000,0x00000000ecb80000,0x00000000ecb80000)
  from space 5120K, 90% used [0x00000000ecb80000,0x00000000ed006028,0x00000000ed080000)
  to   space 5120K, 0% used [0x00000000ef100000,0x00000000ef100000,0x00000000ef600000)
 ParOldGen       total 87552K, used 0K [0x00000000c0000000, 0x00000000c5580000, 0x00000000eab00000)
  object space 87552K, 0% used [0x00000000c0000000,0x00000000c0000000,0x00000000c5580000)
 Metaspace       used 6080K, capacity 7024K, committed 7296K, reserved 1056768K
  class space    used 591K, capacity 616K, committed 640K, reserved 1048576K
Event: 2.661 GC heap after
Heap after GC invocations=2 (full 0):
 PSYoungGen      total 71680K, used 5091K [0x00000000eab00000, 0x00000000ef600000, 0x0000000100000000)
  eden space 66560K, 0% used [0x00000000eab00000,0x00000000eab00000,0x00000000eec00000)
  from space 5120K, 99% used [0x00000000ef100000,0x00000000ef5f8c58,0x00000000ef600000)
  to   space 5120K, 0% used [0x00000000eec00000,0x00000000eec00000,0x00000000ef100000)
 ParOldGen       total 87552K, used 2439K [0x00000000c0000000, 0x00000000c5580000, 0x00000000eab00000)
  object space 87552K, 2% used [0x00000000c0000000,0x00000000c0261eb8,0x00000000c5580000)
 Metaspace       used 6080K, capacity 7024K, committed 7296K, reserved 1056768K
  class space    used 591K, capacity 616K, committed 640K, reserved 1048576K
}
Event: 3.507 GC heap before
{Heap before GC invocations=3 (full 0):
 PSYoungGen      total 71680K, used 71651K [0x00000000eab00000, 0x00000000ef600000, 0x0000000100000000)
  eden space 66560K, 100% used [0x00000000eab00000,0x00000000eec00000,0x00000000eec00000)
  from space 5120K, 99% used [0x00000000ef100000,0x00000000ef5f8c58,0x00000000ef600000)
  to   space 5120K, 0% used [0x00000000eec00000,0x00000000eec00000,0x00000000ef100000)
 ParOldGen       total 87552K, used 2439K [0x00000000c0000000, 0x00000000c5580000, 0x00000000eab00000)
  object space 87552K, 2% used [0x00000000c0000000,0x00000000c0261eb8,0x00000000c5580000)
 Metaspace       used 6160K, capacity 7088K, committed 7296K, reserved 1056768K
  class space    used 592K, capacity 616K, committed 640K, reserved 1048576K
Event: 3.522 GC heap after
Heap after GC invocations=3 (full 0):
 PSYoungGen      total 71680K, used 5110K [0x00000000eab00000, 0x00000000f3700000, 0x0000000100000000)
  eden space 66560K, 0% used [0x00000000eab00000,0x00000000eab00000,0x00000000eec00000)
  from space 5120K, 99% used [0x00000000eec00000,0x00000000ef0fd9b0,0x00000000ef100000)
  to   space 5120K, 0% used [0x00000000f3200000,0x00000000f3200000,0x00000000f3700000)
 ParOldGen       total 87552K, used 13191K [0x00000000c0000000, 0x00000000c5580000, 0x00000000eab00000)
  object space 87552K, 15% used [0x00000000c0000000,0x00000000c0ce1c00,0x00000000c5580000)
 Metaspace       used 6160K, capacity 7088K, committed 7296K, reserved 1056768K
  class space    used 592K, capacity 616K, committed 640K, reserved 1048576K
}
Event: 3.770 GC heap before
{Heap before GC invocations=4 (full 0):
 PSYoungGen      total 71680K, used 71670K [0x00000000eab00000, 0x00000000f3700000, 0x0000000100000000)
  eden space 66560K, 100% used [0x00000000eab00000,0x00000000eec00000,0x00000000eec00000)
  from space 5120K, 99% used [0x00000000eec00000,0x00000000ef0fd9b0,0x00000000ef100000)
  to   space 5120K, 0% used [0x00000000f3200000,0x00000000f3200000,0x00000000f3700000)
 ParOldGen       total 87552K, used 13191K [0x00000000c0000000, 0x00000000c5580000, 0x00000000eab00000)
  object space 87552K, 15% used [0x00000000c0000000,0x00000000c0ce1c00,0x00000000c5580000)
 Metaspace       used 6284K, capacity 7152K, committed 7296K, reserved 1056768K
  class space    used 592K, capacity 616K, committed 640K, reserved 1048576K
Event: 3.861 GC heap after
Heap after GC invocations=4 (full 0):
 PSYoungGen      total 138240K, used 5096K [0x00000000eab00000, 0x00000000f3700000, 0x0000000100000000)
  eden space 133120K, 0% used [0x00000000eab00000,0x00000000eab00000,0x00000000f2d00000)
  from space 5120K, 99% used [0x00000000f3200000,0x00000000f36fa298,0x00000000f3700000)
  to   space 5120K, 0% used [0x00000000f2d00000,0x00000000f2d00000,0x00000000f3200000)
 ParOldGen       total 87552K, used 23135K [0x00000000c0000000, 0x00000000c5580000, 0x00000000eab00000)
  object space 87552K, 26% used [0x00000000c0000000,0x00000000c1697de0,0x00000000c5580000)
 Metaspace       used 6284K, capacity 7152K, committed 7296K, reserved 1056768K
  class space    used 592K, capacity 616K, committed 640K, reserved 1048576K
}

Deoptimization events (10 events):
Event: 5.608 Thread 0x0000000056eba800 Uncommon trap: reason=bimorphic action=maybe_recompile pc=0x000000000312b80c method=com.android.dx.cf.code.BytecodeArray.parseInstruction(ILcom/android/dx/cf/code/BytecodeArray$Visitor;)I @ 1161
Event: 5.983 Thread 0x0000000056eba800 Uncommon trap: reason=unstable_if action=reinterpret pc=0x000000000321c814 method=java.util.HashMap.putVal(ILjava/lang/Object;Ljava/lang/Object;ZZ)Ljava/lang/Object; @ 109
Event: 6.219 Thread 0x0000000056ebc000 Uncommon trap: reason=bimorphic action=maybe_recompile pc=0x0000000003243ce8 method=com.android.dx.cf.code.BytecodeArray.parseInstruction(ILcom/android/dx/cf/code/BytecodeArray$Visitor;)I @ 1501
Event: 6.219 Thread 0x0000000056ebc000 Uncommon trap: reason=bimorphic action=maybe_recompile pc=0x0000000003243ce8 method=com.android.dx.cf.code.BytecodeArray.parseInstruction(ILcom/android/dx/cf/code/BytecodeArray$Visitor;)I @ 1501
Event: 6.680 Thread 0x0000000056ebb000 Uncommon trap: reason=bimorphic action=maybe_recompile pc=0x00000000032a7bd8 method=com.android.dx.cf.code.BytecodeArray.parseInstruction(ILcom/android/dx/cf/code/BytecodeArray$Visitor;)I @ 1357
Event: 6.681 Thread 0x0000000056ebb000 Uncommon trap: reason=bimorphic action=maybe_recompile pc=0x00000000032a7bd8 method=com.android.dx.cf.code.BytecodeArray.parseInstruction(ILcom/android/dx/cf/code/BytecodeArray$Visitor;)I @ 1357
Event: 6.681 Thread 0x0000000056ebb000 Uncommon trap: reason=unstable_if action=reinterpret pc=0x00000000031be6a0 method=com.android.dx.ssa.Dominators.run()V @ 346
Event: 6.734 Thread 0x0000000056ebb000 Uncommon trap: reason=unstable_if action=reinterpret pc=0x00000000032c3384 method=com.android.dx.rop.code.LocalItem.hashCode()I @ 25
Event: 6.753 Thread 0x0000000056ebc000 Uncommon trap: reason=unstable_if action=reinterpret pc=0x00000000030c02e8 method=com.android.dx.cf.code.Ropper.processBlock(Lcom/android/dx/cf/code/ByteBlock;Lcom/android/dx/cf/code/Frame;[I)V @ 413
Event: 6.769 Thread 0x0000000056ebc000 Uncommon trap: reason=unstable_if action=reinterpret pc=0x0000000002dd8af0 method=com.android.dx.ssa.MoveParamCombiner$1.visitNonMoveInsn(Lcom/android/dx/ssa/NormalSsaInsn;)V @ 27

Internal exceptions (7 events):
Event: 0.302 Thread 0x00000000021de800 Exception <a 'java/lang/NoSuchMethodError': Method sun.misc.Unsafe.defineClass(Ljava/lang/String;[BII)Ljava/lang/Class; name or signature does not match> (0x00000000eab0d588) thrown at [C:\re\workspace\8-2-build-windows-amd64-cygwin\jdk8u51\3951\hotspot\srÏB›õNÓ?
Event: 0.302 Thread 0x00000000021de800 Exception <a 'java/lang/NoSuchMethodError': Method sun.misc.Unsafe.prefetchRead(Ljava/lang/Object;J)V name or signature does not match> (0x00000000eab0d818) thrown at [C:\re\workspace\8-2-build-windows-amd64-cygwin\jdk8u51\3951\hotspot\src\share\vm\prims\j9¾Cö]ðü?
Event: 1.809 Thread 0x0000000056ed3800 Implicit null exception at 0x0000000002c56052 to 0x0000000002c56151
Event: 5.058 Thread 0x0000000056eba800 Implicit null exception at 0x0000000002eac660 to 0x0000000002ead9f9
Event: 5.360 Thread 0x0000000056ebc000 Exception <a 'java/lang/ArrayIndexOutOfBoundsException': 18> (0x00000000efb8cfc8) thrown at [C:\re\workspace\8-2-build-windows-amd64-cygwin\jdk8u51\3951\hotspot\src\share\vm\interpreter\interpreterRuntime.cpp, line 366]
Event: 5.360 Thread 0x0000000056ebc000 Exception <a 'java/lang/ArrayIndexOutOfBoundsException': 145> (0x00000000efb8ea98) thrown at [C:\re\workspace\8-2-build-windows-amd64-cygwin\jdk8u51\3951\hotspot\src\share\vm\interpreter\interpreterRuntime.cpp, line 366]
Event: 5.361 Thread 0x0000000056ebc000 Exception <a 'java/lang/ArrayIndexOutOfBoundsException'> (0x00000000efb8fcd0) thrown at [C:\re\workspace\8-2-build-windows-amd64-cygwin\jdk8u51\3951\hotspot\src\share\vm\runtime\sharedRuntime.cpp, line 605]

Events (10 events):
Event: 6.681 Thread 0x0000000056ebb000 DEOPT UNPACKING pc=0x00000000028c582a sp=0x0000000057fbe5a0 mode 2
Event: 6.734 Thread 0x0000000056ebb000 Uncommon trap: trap_request=0xffffff65 fr.pc=0x00000000032c3384
Event: 6.734 Thread 0x0000000056ebb000 DEOPT PACKING pc=0x00000000032c3384 sp=0x0000000057fbe490
Event: 6.734 Thread 0x0000000056ebb000 DEOPT UNPACKING pc=0x00000000028c582a sp=0x0000000057fbe1f8 mode 2
Event: 6.753 Thread 0x0000000056ebc000 Uncommon trap: trap_request=0xffffff65 fr.pc=0x00000000030c02e8
Event: 6.753 Thread 0x0000000056ebc000 DEOPT PACKING pc=0x00000000030c02e8 sp=0x00000000581be7e0
Event: 6.753 Thread 0x0000000056ebc000 DEOPT UNPACKING pc=0x00000000028c582a sp=0x00000000581be7f8 mode 2
Event: 6.769 Thread 0x0000000056ebc000 Uncommon trap: trap_request=0xffffff65 fr.pc=0x0000000002dd8af0
Event: 6.769 Thread 0x0000000056ebc000 DEOPT PACKING pc=0x0000000002dd8af0 sp=0x00000000581be700
Event: 6.769 Thread 0x0000000056ebc000 DEOPT UNPACKING pc=0x00000000028c582a sp=0x00000000581be658 mode 2


Dynamic libraries:
0x000000013f060000 - 0x000000013f097000 	C:\java\jdk8u51\bin\java.exe
0x0000000077bd0000 - 0x0000000077d7a000 	C:\Windows\SYSTEM32\ntdll.dll
0x0000000077ab0000 - 0x0000000077bcf000 	C:\Windows\system32\kernel32.dll
0x000007fefd970000 - 0x000007fefd9da000 	C:\Windows\system32\KERNELBASE.dll
0x000007feff040000 - 0x000007feff11b000 	C:\Windows\system32\ADVAPI32.dll
0x000007feffbd0000 - 0x000007feffc6f000 	C:\Windows\system32\msvcrt.dll
0x000007feff1a0000 - 0x000007feff1bf000 	C:\Windows\SYSTEM32\sechost.dll
0x000007feff880000 - 0x000007feff9ad000 	C:\Windows\system32\RPCRT4.dll
0x00000000779b0000 - 0x0000000077aaa000 	C:\Windows\system32\USER32.dll
0x000007feff1c0000 - 0x000007feff227000 	C:\Windows\system32\GDI32.dll
0x000007fefed60000 - 0x000007fefed6e000 	C:\Windows\system32\LPK.dll
0x000007feff230000 - 0x000007feff2fa000 	C:\Windows\system32\USP10.dll
0x000007fefc220000 - 0x000007fefc414000 	C:\Windows\WinSxS\amd64_microsoft.windows.common-controls_6595b64144ccf1df_6.0.7601.18837_none_fa3b1e3d17594757\COMCTL32.dll
0x000007feffc70000 - 0x000007feffce1000 	C:\Windows\system32\SHLWAPI.dll
0x000007feffba0000 - 0x000007feffbce000 	C:\Windows\system32\IMM32.DLL
0x000007feffdd0000 - 0x000007feffed9000 	C:\Windows\system32\MSCTF.dll
0x0000000061990000 - 0x0000000061a62000 	C:\java\jdk8u51\jre\bin\msvcr100.dll
0x0000000065280000 - 0x0000000065b03000 	C:\java\jdk8u51\jre\bin\server\jvm.dll
0x000007fef8df0000 - 0x000007fef8df9000 	C:\Windows\system32\WSOCK32.dll
0x000007fefea60000 - 0x000007fefeaad000 	C:\Windows\system32\WS2_32.dll
0x000007fefeb50000 - 0x000007fefeb58000 	C:\Windows\system32\NSI.dll
0x000007fefb090000 - 0x000007fefb0cb000 	C:\Windows\system32\WINMM.dll
0x000007fefc840000 - 0x000007fefc84c000 	C:\Windows\system32\VERSION.dll
0x0000000077da0000 - 0x0000000077da7000 	C:\Windows\system32\PSAPI.DLL
0x0000000066d40000 - 0x0000000066d4f000 	C:\java\jdk8u51\jre\bin\verify.dll
0x0000000066be0000 - 0x0000000066c09000 	C:\java\jdk8u51\jre\bin\java.dll
0x0000000066bc0000 - 0x0000000066bd6000 	C:\java\jdk8u51\jre\bin\zip.dll
0x000007fefdcd0000 - 0x000007fefea59000 	C:\Windows\system32\SHELL32.dll
0x000007feff300000 - 0x000007feff503000 	C:\Windows\system32\ole32.dll
0x000007fefd920000 - 0x000007fefd92f000 	C:\Windows\system32\profapi.dll

VM Arguments:
jvm_args: -Djava.awt.headless=true -Xmx1024M -Dfile.encoding=windows-1252 -Duser.country=GB -Duser.language=en -Duser.variant 
java_command: com.android.dx.command.Main --dex --force-jumbo --num-threads=4 --output C:\LoicDev\Ancien_Dico_Stage\app\build\intermediates\pre-dexed\debug\com.android.support-support-v4-24.1.1_d8107439ddd8294109c9d5abf0ecf9118048e10f.jar C:\LoicDev\Ancien_Dico_Stage\app\build\intermediates\exploded-aar\com.android.support\support-v4\24.1.1\jars\classes.jar
java_class_path (initial): C:\AndroidSDK\build-tools\23.0.3\lib\dx.jar
Launcher Type: SUN_STANDARD

Environment Variables:
JAVA_HOME=C:\java\jdk8u51
PATH=C:\Program Files (x86)\Intel\iCLS Client\;C:\Program Files\Intel\iCLS Client\;C:\ProgramData\Oracle\Java\javapath;C:\Windows\system32;C:\Windows;C:\Windows\System32\Wbem;C:\Windows\System32\WindowsPowerShell\v1.0\;C:\Program Files (x86)\AMD\ATI.ACE\Core-Static;C:\java\jdk8u51\bin;C:\Program Files (x86)\Windows Kits\8.1\Windows Performance Toolkit\;C:\Program Files\Microsoft SQL Server\110\Tools\Binn\;C:\Program Files (x86)\Microsoft SDKs\TypeScript\1.0\;C:\Program Files\Microsoft SQL Server\120\Tools\Binn\;C:\Program Files\Intel\Intel(R) Management Engine Components\DAL;C:\Program Files\Intel\Intel(R) Management Engine Components\IPT;C:\Program Files (x86)\Intel\Intel(R) Management Engine Components\DAL;C:\Program Files (x86)\Intel\Intel(R) Management Engine Components\IPT;C:\Program Files\Git\cmd;C:\Program Files (x86)\WinMerge
USERNAME=dineen
OS=Windows_NT
PROCESSOR_IDENTIFIER=Intel64 Family 6 Model 58 Stepping 9, GenuineIntel



---------------  S Y S T E M  ---------------

OS: Windows 7 , 64 bit Build 7601 (6.1.7601.23418)

CPU:total 4 (4 cores per cpu, 1 threads per core) family 6 model 58 stepping 9, cmov, cx8, fxsr, mmx, sse, sse2, sse3, ssse3, sse4.1, sse4.2, popcnt, avx, aes, clmul, erms, tsc, tscinvbit, tscinv

Memory: 4k page, physical 8342068k(707968k free), swap 10437360k(4916k free)

vm_info: Java HotSpot(TM) 64-Bit Server VM (25.51-b03) for windows-amd64 JRE (1.8.0_51-b16), built on Jun  8 2015 18:03:07 by "java_re" with MS VC++ 10.0 (VS2010)

time: Wed Aug 03 14:23:59 2016
elapsed time: 6 seconds (0d 0h 0m 6s)

