#
# There is insufficient memory for the Java Runtime Environment to continue.
# Native memory allocation (malloc) failed to allocate 1687120 bytes for Chunk::new
# Possible reasons:
#   The system is out of physical RAM or swap space
#   In 32 bit mode, the process size limit was hit
# Possible solutions:
#   Reduce memory load on the system
#   Increase physical memory or swap space
#   Check if swap backing store is full
#   Use 64 bit Java on a 64 bit OS
#   Decrease Java heap size (-Xmx/-Xms)
#   Decrease number of Java threads
#   Decrease Java thread stack sizes (-Xss)
#   Set larger code cache with -XX:ReservedCodeCacheSize=
# This output file may be truncated or incomplete.
#
#  Out of Memory Error (allocation.cpp:390), pid=4452, tid=3732
#
# JRE version: Java(TM) SE Runtime Environment (8.0_51-b16) (build 1.8.0_51-b16)
# Java VM: Java HotSpot(TM) 64-Bit Server VM (25.51-b03 mixed mode windows-amd64 compressed oops)
# Failed to write core dump. Minidumps are not enabled by default on client versions of Windows
#

---------------  T H R E A D  ---------------

Current thread (0x0000000056418000):  JavaThread "C2 CompilerThread1" daemon [_thread_in_native, id=3732, stack(0x0000000056be0000,0x0000000056ce0000)]

Stack: [0x0000000056be0000,0x0000000056ce0000]
Native frames: (J=compiled Java code, j=interpreted, Vv=VM code, C=native code)
V  [jvm.dll+0x32b4ca]
V  [jvm.dll+0x2797e3]
V  [jvm.dll+0x27a479]
V  [jvm.dll+0x271765]
V  [jvm.dll+0xcba02]
V  [jvm.dll+0xcbecc]
V  [jvm.dll+0x4643d2]
V  [jvm.dll+0x4db655]
V  [jvm.dll+0x4dc257]
V  [jvm.dll+0x46a5e1]
V  [jvm.dll+0x46cde2]
V  [jvm.dll+0x4501a2]
V  [jvm.dll+0xa43a2]
V  [jvm.dll+0xa4cdf]
V  [jvm.dll+0x2418a4]
V  [jvm.dll+0x29846a]
C  [msvcr100.dll+0x21d9f]
C  [msvcr100.dll+0x21e3b]
C  [kernel32.dll+0x159bd]
C  [ntdll.dll+0x2a2e1]


Current CompileTask:
C2:   2157 2177   !   4       com.android.dx.cf.code.BytecodeArray::parseInstruction (2764 bytes)


---------------  P R O C E S S  ---------------

Java Threads: ( => current thread )
  0x00000000567ae000 JavaThread "pool-2-thread-4" [_thread_in_Java, id=2500, stack(0x0000000058240000,0x0000000058340000)]
  0x000000005680d000 JavaThread "pool-2-thread-3" [_thread_in_vm, id=5560, stack(0x0000000058030000,0x0000000058130000)]
  0x000000005680c000 JavaThread "pool-2-thread-2" [_thread_blocked, id=5944, stack(0x0000000056f80000,0x0000000057080000)]
  0x000000005667c800 JavaThread "pool-3-thread-1" [_thread_blocked, id=4996, stack(0x0000000057e20000,0x0000000057f20000)]
  0x000000005667c000 JavaThread "pool-2-thread-1" [_thread_in_Java, id=4492, stack(0x0000000057c30000,0x0000000057d30000)]
  0x0000000056494800 JavaThread "Service Thread" daemon [_thread_blocked, id=4440, stack(0x0000000057080000,0x0000000057180000)]
  0x000000005641a000 JavaThread "C1 CompilerThread2" daemon [_thread_blocked, id=4120, stack(0x0000000056dd0000,0x0000000056ed0000)]
=>0x0000000056418000 JavaThread "C2 CompilerThread1" daemon [_thread_in_native, id=3732, stack(0x0000000056be0000,0x0000000056ce0000)]
  0x0000000056410800 JavaThread "C2 CompilerThread0" daemon [_thread_in_native, id=5872, stack(0x0000000055fb0000,0x00000000560b0000)]
  0x0000000054f04800 JavaThread "Attach Listener" daemon [_thread_blocked, id=4920, stack(0x0000000056a30000,0x0000000056b30000)]
  0x0000000054f03800 JavaThread "Signal Dispatcher" daemon [_thread_blocked, id=5304, stack(0x0000000056890000,0x0000000056990000)]
  0x0000000054eaa800 JavaThread "Finalizer" daemon [_thread_blocked, id=6080, stack(0x0000000056310000,0x0000000056410000)]
  0x0000000054ea3800 JavaThread "Reference Handler" daemon [_thread_blocked, id=4836, stack(0x00000000561f0000,0x00000000562f0000)]
  0x00000000021ae800 JavaThread "main" [_thread_blocked, id=5368, stack(0x0000000002430000,0x0000000002530000)]

Other Threads:
  0x0000000054e9e800 VMThread [stack: 0x00000000560d0000,0x00000000561d0000] [id=5248]
  0x00000000564a8800 WatcherThread [stack: 0x0000000057210000,0x0000000057310000] [id=2548]

VM state:not at safepoint (normal execution)

VM Mutex/Monitor currently owned by a thread: None

Heap:
 PSYoungGen      total 149504K, used 52584K [0x00000000eab00000, 0x00000000f5100000, 0x0000000100000000)
  eden space 131072K, 26% used [0x00000000eab00000,0x00000000ecc5ab78,0x00000000f2b00000)
  from space 18432K, 99% used [0x00000000f2b00000,0x00000000f3cff5d0,0x00000000f3d00000)
  to   space 16384K, 0% used [0x00000000f3d00000,0x00000000f3d00000,0x00000000f4d00000)
 ParOldGen       total 87552K, used 38338K [0x00000000c0000000, 0x00000000c5580000, 0x00000000eab00000)
  object space 87552K, 43% used [0x00000000c0000000,0x00000000c2570a88,0x00000000c5580000)
 Metaspace       used 6432K, capacity 7256K, committed 7424K, reserved 1056768K
  class space    used 611K, capacity 656K, committed 768K, reserved 1048576K

Card table byte_map: [0x0000000011bc0000,0x0000000011dd0000] byte_map_base: 0x00000000115c0000

Marking Bits: (ParMarkBitMap*) 0x000000006fc84040
 Begin Bits: [0x0000000012310000, 0x0000000013310000)
 End Bits:   [0x0000000013310000, 0x0000000014310000)

Polling page: 0x0000000000330000

CodeCache: size=245760Kb used=8371Kb max_used=8371Kb free=237388Kb
 bounds [0x0000000002800000, 0x0000000003040000, 0x0000000011800000]
 total_blobs=2459 nmethods=2189 adapters=182
 compilation: enabled

Compilation events (10 events):
Event: 2.028 Thread 0x000000005641a000 2223       2       com.android.dx.cf.direct.DirectClassFile::isGoodVersion (38 bytes)
Event: 2.028 Thread 0x000000005641a000 nmethod 2223 0x0000000002ff8f90 code [0x0000000002ff90e0, 0x0000000002ff9290]
Event: 2.028 Thread 0x000000005641a000 2224       2       com.android.dx.cf.cst.ConstantPoolParser::<init> (41 bytes)
Event: 2.028 Thread 0x000000005641a000 nmethod 2224 0x0000000002ff9310 code [0x0000000002ff9480, 0x0000000002ff97f8]
Event: 2.028 Thread 0x000000005641a000 2225       2       com.android.dx.rop.type.Type::getClassName (94 bytes)
Event: 2.028 Thread 0x000000005641a000 nmethod 2225 0x0000000002ff9a50 code [0x0000000002ff9c20, 0x0000000002ffa138]
Event: 2.033 Thread 0x000000005641a000 2226 %     3       com.android.dx.cf.direct.StdAttributeFactory::lineNumberTable @ 100 (204 bytes)
Event: 2.035 Thread 0x000000005641a000 nmethod 2226% 0x0000000002ffa450 code [0x0000000002ffa900, 0x0000000002ffd6d8]
Event: 2.036 Thread 0x000000005641a000 2227       2       com.android.dx.dex.file.AnnotationUtils::makeInnerClass (65 bytes)
Event: 2.036 Thread 0x000000005641a000 nmethod 2227 0x0000000002fffcd0 code [0x0000000002fffec0, 0x00000000030003b8]

GC Heap History (10 events):
Event: 1.017 GC heap before
{Heap before GC invocations=2 (full 0):
 PSYoungGen      total 38400K, used 38388K [0x00000000eab00000, 0x00000000ed580000, 0x0000000100000000)
  eden space 33280K, 100% used [0x00000000eab00000,0x00000000ecb80000,0x00000000ecb80000)
  from space 5120K, 99% used [0x00000000ecb80000,0x00000000ed07d140,0x00000000ed080000)
  to   space 5120K, 0% used [0x00000000ed080000,0x00000000ed080000,0x00000000ed580000)
 ParOldGen       total 87552K, used 264K [0x00000000c0000000, 0x00000000c5580000, 0x00000000eab00000)
  object space 87552K, 0% used [0x00000000c0000000,0x00000000c0042248,0x00000000c5580000)
 Metaspace       used 5966K, capacity 6960K, committed 7040K, reserved 1056768K
  class space    used 590K, capacity 616K, committed 640K, reserved 1048576K
Event: 1.040 GC heap after
Heap after GC invocations=2 (full 0):
 PSYoungGen      total 38400K, used 5115K [0x00000000eab00000, 0x00000000ef600000, 0x0000000100000000)
  eden space 33280K, 0% used [0x00000000eab00000,0x00000000eab00000,0x00000000ecb80000)
  from space 5120K, 99% used [0x00000000ed080000,0x00000000ed57ed58,0x00000000ed580000)
  to   space 5120K, 0% used [0x00000000ecb80000,0x00000000ecb80000,0x00000000ed080000)
 ParOldGen       total 87552K, used 3814K [0x00000000c0000000, 0x00000000c5580000, 0x00000000eab00000)
  object space 87552K, 4% used [0x00000000c0000000,0x00000000c03b9a78,0x00000000c5580000)
 Metaspace       used 5966K, capacity 6960K, committed 7040K, reserved 1056768K
  class space    used 590K, capacity 616K, committed 640K, reserved 1048576K
}
Event: 1.209 GC heap before
{Heap before GC invocations=3 (full 0):
 PSYoungGen      total 38400K, used 38395K [0x00000000eab00000, 0x00000000ef600000, 0x0000000100000000)
  eden space 33280K, 100% used [0x00000000eab00000,0x00000000ecb80000,0x00000000ecb80000)
  from space 5120K, 99% used [0x00000000ed080000,0x00000000ed57ed58,0x00000000ed580000)
  to   space 5120K, 0% used [0x00000000ecb80000,0x00000000ecb80000,0x00000000ed080000)
 ParOldGen       total 87552K, used 3814K [0x00000000c0000000, 0x00000000c5580000, 0x00000000eab00000)
  object space 87552K, 4% used [0x00000000c0000000,0x00000000c03b9a78,0x00000000c5580000)
 Metaspace       used 6090K, capacity 7024K, committed 7296K, reserved 1056768K
  class space    used 591K, capacity 616K, committed 640K, reserved 1048576K
Event: 1.229 GC heap after
Heap after GC invocations=3 (full 0):
 PSYoungGen      total 38400K, used 5093K [0x00000000eab00000, 0x00000000ef600000, 0x0000000100000000)
  eden space 33280K, 0% used [0x00000000eab00000,0x00000000eab00000,0x00000000ecb80000)
  from space 5120K, 99% used [0x00000000ecb80000,0x00000000ed079798,0x00000000ed080000)
  to   space 5120K, 0% used [0x00000000ef100000,0x00000000ef100000,0x00000000ef600000)
 ParOldGen       total 87552K, used 8049K [0x00000000c0000000, 0x00000000c5580000, 0x00000000eab00000)
  object space 87552K, 9% used [0x00000000c0000000,0x00000000c07dc590,0x00000000c5580000)
 Metaspace       used 6090K, capacity 7024K, committed 7296K, reserved 1056768K
  class space    used 591K, capacity 616K, committed 640K, reserved 1048576K
}
Event: 1.360 GC heap before
{Heap before GC invocations=4 (full 0):
 PSYoungGen      total 38400K, used 38373K [0x00000000eab00000, 0x00000000ef600000, 0x0000000100000000)
  eden space 33280K, 100% used [0x00000000eab00000,0x00000000ecb80000,0x00000000ecb80000)
  from space 5120K, 99% used [0x00000000ecb80000,0x00000000ed079798,0x00000000ed080000)
  to   space 5120K, 0% used [0x00000000ef100000,0x00000000ef100000,0x00000000ef600000)
 ParOldGen       total 87552K, used 8049K [0x00000000c0000000, 0x00000000c5580000, 0x00000000eab00000)
  object space 87552K, 9% used [0x00000000c0000000,0x00000000c07dc590,0x00000000c5580000)
 Metaspace       used 6191K, capacity 7088K, committed 7296K, reserved 1056768K
  class space    used 591K, capacity 616K, committed 640K, reserved 1048576K
Event: 1.400 GC heap after
Heap after GC invocations=4 (full 0):
 PSYoungGen      total 71680K, used 5097K [0x00000000eab00000, 0x00000000ef600000, 0x0000000100000000)
  eden space 66560K, 0% used [0x00000000eab00000,0x00000000eab00000,0x00000000eec00000)
  from space 5120K, 99% used [0x00000000ef100000,0x00000000ef5fa6c8,0x00000000ef600000)
  to   space 5120K, 0% used [0x00000000eec00000,0x00000000eec00000,0x00000000ef100000)
 ParOldGen       total 87552K, used 13420K [0x00000000c0000000, 0x00000000c5580000, 0x00000000eab00000)
  object space 87552K, 15% used [0x00000000c0000000,0x00000000c0d1b3b8,0x00000000c5580000)
 Metaspace       used 6191K, capacity 7088K, committed 7296K, reserved 1056768K
  class space    used 591K, capacity 616K, committed 640K, reserved 1048576K
}
Event: 1.580 GC heap before
{Heap before GC invocations=5 (full 0):
 PSYoungGen      total 71680K, used 71657K [0x00000000eab00000, 0x00000000ef600000, 0x0000000100000000)
  eden space 66560K, 100% used [0x00000000eab00000,0x00000000eec00000,0x00000000eec00000)
  from space 5120K, 99% used [0x00000000ef100000,0x00000000ef5fa6c8,0x00000000ef600000)
  to   space 5120K, 0% used [0x00000000eec00000,0x00000000eec00000,0x00000000ef100000)
 ParOldGen       total 87552K, used 13420K [0x00000000c0000000, 0x00000000c5580000, 0x00000000eab00000)
  object space 87552K, 15% used [0x00000000c0000000,0x00000000c0d1b3b8,0x00000000c5580000)
 Metaspace       used 6253K, capacity 7152K, committed 7296K, reserved 1056768K
  class space    used 591K, capacity 616K, committed 640K, reserved 1048576K
Event: 1.599 GC heap after
Heap after GC invocations=5 (full 0):
 PSYoungGen      total 71680K, used 5095K [0x00000000eab00000, 0x00000000f4d00000, 0x0000000100000000)
  eden space 66560K, 0% used [0x00000000eab00000,0x00000000eab00000,0x00000000eec00000)
  from space 5120K, 99% used [0x00000000eec00000,0x00000000ef0f9ef8,0x00000000ef100000)
  to   space 16384K, 0% used [0x00000000f3d00000,0x00000000f3d00000,0x00000000f4d00000)
 ParOldGen       total 87552K, used 23437K [0x00000000c0000000, 0x00000000c5580000, 0x00000000eab00000)
  object space 87552K, 26% used [0x00000000c0000000,0x00000000c16e3658,0x00000000c5580000)
 Metaspace       used 6253K, capacity 7152K, committed 7296K, reserved 1056768K
  class space    used 591K, capacity 616K, committed 640K, reserved 1048576K
}
Event: 1.775 GC heap before
{Heap before GC invocations=6 (full 0):
 PSYoungGen      total 71680K, used 71655K [0x00000000eab00000, 0x00000000f4d00000, 0x0000000100000000)
  eden space 66560K, 100% used [0x00000000eab00000,0x00000000eec00000,0x00000000eec00000)
  from space 5120K, 99% used [0x00000000eec00000,0x00000000ef0f9ef8,0x00000000ef100000)
  to   space 16384K, 0% used [0x00000000f3d00000,0x00000000f3d00000,0x00000000f4d00000)
 ParOldGen       total 87552K, used 23437K [0x00000000c0000000, 0x00000000c5580000, 0x00000000eab00000)
  object space 87552K, 26% used [0x00000000c0000000,0x00000000c16e3658,0x00000000c5580000)
 Metaspace       used 6296K, capacity 7152K, committed 7296K, reserved 1056768K
  class space    used 591K, capacity 616K, committed 640K, reserved 1048576K
Event: 1.790 GC heap after
Heap after GC invocations=6 (full 0):
 PSYoungGen      total 147456K, used 15265K [0x00000000eab00000, 0x00000000f5100000, 0x0000000100000000)
  eden space 131072K, 0% used [0x00000000eab00000,0x00000000eab00000,0x00000000f2b00000)
  from space 16384K, 93% used [0x00000000f3d00000,0x00000000f4be86d0,0x00000000f4d00000)
  to   space 18432K, 0% used [0x00000000f2b00000,0x00000000f2b00000,0x00000000f3d00000)
 ParOldGen       total 87552K, used 23437K [0x00000000c0000000, 0x00000000c5580000, 0x00000000eab00000)
  object space 87552K, 26% used [0x00000000c0000000,0x00000000c16e3658,0x00000000c5580000)
 Metaspace       used 6296K, capacity 7152K, committed 7296K, reserved 1056768K
  class space    used 591K, capacity 616K, committed 640K, reserved 1048576K
}

Deoptimization events (10 events):
Event: 1.451 Thread 0x000000005667c000 Uncommon trap: reason=null_check action=make_not_entrant pc=0x0000000002b2a93c method=com.android.dx.ssa.SsaRenamer.getLocalForNewReg(I)Lcom/android/dx/rop/code/LocalItem; @ 19
Event: 1.477 Thread 0x000000005680c000 Uncommon trap: reason=bimorphic action=maybe_recompile pc=0x0000000002e72f00 method=com.android.dx.cf.code.BytecodeArray.parseInstruction(ILcom/android/dx/cf/code/BytecodeArray$Visitor;)I @ 2281
Event: 1.477 Thread 0x000000005680c000 Uncommon trap: reason=bimorphic action=maybe_recompile pc=0x0000000002e72f00 method=com.android.dx.cf.code.BytecodeArray.parseInstruction(ILcom/android/dx/cf/code/BytecodeArray$Visitor;)I @ 2281
Event: 1.486 Thread 0x00000000567ae000 Uncommon trap: reason=unstable_if action=reinterpret pc=0x0000000002c80000 method=com.android.dx.ssa.SCCP.simulateStmt(Lcom/android/dx/ssa/SsaInsn;)V @ 53
Event: 1.491 Thread 0x00000000567ae000 Uncommon trap: reason=unstable_if action=reinterpret pc=0x0000000002e57898 method=com.android.dx.ssa.SCCP.simulateBranch(Lcom/android/dx/ssa/SsaInsn;)V @ 548
Event: 1.492 Thread 0x00000000567ae000 Uncommon trap: reason=class_check action=maybe_recompile pc=0x0000000002b9ca6c method=java.util.HashMap.putVal(ILjava/lang/Object;Ljava/lang/Object;ZZ)Ljava/lang/Object; @ 203
Event: 1.758 Thread 0x000000005680c000 Uncommon trap: reason=bimorphic action=maybe_recompile pc=0x0000000002edd258 method=com.android.dx.ssa.LiteralOpUpgrader.tryReplacingWithConstant(Lcom/android/dx/ssa/NormalSsaInsn;)Z @ 62
Event: 1.766 Thread 0x000000005680c000 Uncommon trap: reason=bimorphic action=maybe_recompile pc=0x0000000002edd258 method=com.android.dx.ssa.LiteralOpUpgrader.tryReplacingWithConstant(Lcom/android/dx/ssa/NormalSsaInsn;)Z @ 62
Event: 1.843 Thread 0x00000000567ae000 Uncommon trap: reason=bimorphic action=maybe_recompile pc=0x0000000002fa882c method=com.android.dx.cf.code.BytecodeArray.parseInstruction(ILcom/android/dx/cf/code/BytecodeArray$Visitor;)I @ 971
Event: 1.843 Thread 0x00000000567ae000 Uncommon trap: reason=bimorphic action=maybe_recompile pc=0x0000000002fa882c method=com.android.dx.cf.code.BytecodeArray.parseInstruction(ILcom/android/dx/cf/code/BytecodeArray$Visitor;)I @ 971

Internal exceptions (5 events):
Event: 0.032 Thread 0x00000000021ae800 Exception <a 'java/lang/NoSuchMethodError': Method sun.misc.Unsafe.defineClass(Ljava/lang/String;[BII)Ljava/lang/Class; name or signature does not match> (0x00000000eab0d488) thrown at [C:\re\workspace\8-2-build-windows-amd64-cygwin\jdk8u51\3951\hotspot\srœ!ÃþFt ?
Event: 0.032 Thread 0x00000000021ae800 Exception <a 'java/lang/NoSuchMethodError': Method sun.misc.Unsafe.prefetchRead(Ljava/lang/Object;J)V name or signature does not match> (0x00000000eab0d718) thrown at [C:\re\workspace\8-2-build-windows-amd64-cygwin\jdk8u51\3951\hotspot\src\share\vm\prims\j„=±0,Ÿè?
Event: 0.769 Thread 0x00000000021ae800 Implicit null exception at 0x0000000002b07e92 to 0x0000000002b07f82
Event: 1.240 Thread 0x00000000567ae000 Implicit null exception at 0x0000000002af9ec0 to 0x0000000002afcd35
Event: 1.451 Thread 0x000000005667c000 Implicit null exception at 0x0000000002b28281 to 0x0000000002b2a915

Events (10 events):
Event: 1.885 Thread 0x00000000567ae000 DEOPT PACKING pc=0x0000000002c0cf04 sp=0x000000005833ed70
Event: 1.885 Thread 0x00000000567ae000 DEOPT UNPACKING pc=0x000000000284787f sp=0x000000005833ea50 mode 0
Event: 1.923 Thread 0x000000005680d000 DEOPT PACKING pc=0x0000000002c0cf04 sp=0x000000005812ea40
Event: 1.923 Thread 0x000000005680d000 DEOPT UNPACKING pc=0x000000000284787f sp=0x000000005812e720 mode 0
Event: 1.961 Thread 0x00000000567ae000 DEOPT PACKING pc=0x0000000002c0cf04 sp=0x000000005833ed70
Event: 1.961 Thread 0x00000000567ae000 DEOPT UNPACKING pc=0x000000000284787f sp=0x000000005833ea50 mode 0
Event: 2.001 Thread 0x00000000021ae800 DEOPT PACKING pc=0x0000000002e188a8 sp=0x000000000252edb0
Event: 2.001 Thread 0x00000000021ae800 DEOPT UNPACKING pc=0x000000000284787f sp=0x000000000252ea78 mode 0
Event: 2.017 Thread 0x000000005680d000 DEOPT PACKING pc=0x0000000002c0cf04 sp=0x000000005812ea40
Event: 2.017 Thread 0x000000005680d000 DEOPT UNPACKING pc=0x000000000284787f sp=0x000000005812e720 mode 0


Dynamic libraries:
0x000000013f130000 - 0x000000013f167000 	C:\java\jdk8u51\bin\java.exe
0x00000000774e0000 - 0x000000007768a000 	C:\Windows\SYSTEM32\ntdll.dll
0x00000000772c0000 - 0x00000000773df000 	C:\Windows\system32\kernel32.dll
0x000007fefd540000 - 0x000007fefd5aa000 	C:\Windows\system32\KERNELBASE.dll
0x000007fefeea0000 - 0x000007fefef7b000 	C:\Windows\system32\ADVAPI32.dll
0x000007fefee00000 - 0x000007fefee9f000 	C:\Windows\system32\msvcrt.dll
0x000007fefed60000 - 0x000007fefed7f000 	C:\Windows\SYSTEM32\sechost.dll
0x000007feff190000 - 0x000007feff2bd000 	C:\Windows\system32\RPCRT4.dll
0x00000000773e0000 - 0x00000000774da000 	C:\Windows\system32\USER32.dll
0x000007fefda70000 - 0x000007fefdad7000 	C:\Windows\system32\GDI32.dll
0x000007fefebe0000 - 0x000007fefebee000 	C:\Windows\system32\LPK.dll
0x000007fefd630000 - 0x000007fefd6fa000 	C:\Windows\system32\USP10.dll
0x000007fefbb70000 - 0x000007fefbd64000 	C:\Windows\WinSxS\amd64_microsoft.windows.common-controls_6595b64144ccf1df_6.0.7601.18837_none_fa3b1e3d17594757\COMCTL32.dll
0x000007fefed80000 - 0x000007fefedf1000 	C:\Windows\system32\SHLWAPI.dll
0x000007feff530000 - 0x000007feff55e000 	C:\Windows\system32\IMM32.DLL
0x000007feff3a0000 - 0x000007feff4a9000 	C:\Windows\system32\MSCTF.dll
0x0000000069740000 - 0x0000000069812000 	C:\java\jdk8u51\jre\bin\msvcr100.dll
0x000000006f480000 - 0x000000006fd03000 	C:\java\jdk8u51\jre\bin\server\jvm.dll
0x000007fef9330000 - 0x000007fef9339000 	C:\Windows\system32\WSOCK32.dll
0x000007fefec10000 - 0x000007fefec5d000 	C:\Windows\system32\WS2_32.dll
0x000007fefd620000 - 0x000007fefd628000 	C:\Windows\system32\NSI.dll
0x000007fefac30000 - 0x000007fefac6b000 	C:\Windows\system32\WINMM.dll
0x000007fefc350000 - 0x000007fefc35c000 	C:\Windows\system32\VERSION.dll
0x00000000776b0000 - 0x00000000776b7000 	C:\Windows\system32\PSAPI.DLL
0x00000000748e0000 - 0x00000000748ef000 	C:\java\jdk8u51\jre\bin\verify.dll
0x00000000748b0000 - 0x00000000748d9000 	C:\java\jdk8u51\jre\bin\java.dll
0x0000000074890000 - 0x00000000748a6000 	C:\java\jdk8u51\jre\bin\zip.dll
0x000007fefdae0000 - 0x000007fefe869000 	C:\Windows\system32\SHELL32.dll
0x000007fefef80000 - 0x000007feff183000 	C:\Windows\system32\ole32.dll
0x000007fefd270000 - 0x000007fefd27f000 	C:\Windows\system32\profapi.dll
0x000007fef73e0000 - 0x000007fef7505000 	C:\Windows\system32\dbghelp.dll

VM Arguments:
jvm_args: -Djava.awt.headless=true -Xmx1024M -Dfile.encoding=windows-1252 -Duser.country=GB -Duser.language=en -Duser.variant 
java_command: com.android.dx.command.Main --dex --force-jumbo --num-threads=4 --multi-dex --output C:\Users\dineen\Desktop\14-06-16\Ancien_Dico_Stage\app\build\intermediates\transforms\dex\debug\folders\1000\10\com.android.support-support-v4-22.2.0_b10b731815d12b492c0580a69b52a82437dfb810 C:\Users\dineen\Desktop\14-06-16\Ancien_Dico_Stage\app\build\intermediates\exploded-aar\com.android.support\support-v4\22.2.0\jars\classes.jar
java_class_path (initial): C:\AndroidSDK\build-tools\23.0.3\lib\dx.jar
Launcher Type: SUN_STANDARD

Environment Variables:
JAVA_HOME=C:\java\jdk8u51
PATH=C:\Program Files (x86)\Intel\iCLS Client\;C:\Program Files\Intel\iCLS Client\;C:\ProgramData\Oracle\Java\javapath;C:\Windows\system32;C:\Windows;C:\Windows\System32\Wbem;C:\Windows\System32\WindowsPowerShell\v1.0\;C:\Program Files (x86)\AMD\ATI.ACE\Core-Static;C:\java\jdk8u51\bin;C:\Program Files (x86)\Windows Kits\8.1\Windows Performance Toolkit\;C:\Program Files\Microsoft SQL Server\110\Tools\Binn\;C:\Program Files (x86)\Microsoft SDKs\TypeScript\1.0\;C:\Program Files\Microsoft SQL Server\120\Tools\Binn\;C:\Program Files\Intel\Intel(R) Management Engine Components\DAL;C:\Program Files\Intel\Intel(R) Management Engine Components\IPT;C:\Program Files (x86)\Intel\Intel(R) Management Engine Components\DAL;C:\Program Files (x86)\Intel\Intel(R) Management Engine Components\IPT;C:\Program Files\Git\cmd
USERNAME=dineen
OS=Windows_NT
PROCESSOR_IDENTIFIER=Intel64 Family 6 Model 58 Stepping 9, GenuineIntel



---------------  S Y S T E M  ---------------

OS: Windows 7 , 64 bit Build 7601 (6.1.7601.23418)

CPU:total 4 (4 cores per cpu, 1 threads per core) family 6 model 58 stepping 9, cmov, cx8, fxsr, mmx, sse, sse2, sse3, ssse3, sse4.1, sse4.2, popcnt, avx, aes, clmul, erms, tsc, tscinvbit, tscinv

Memory: 4k page, physical 8342068k(1110600k free), swap 10437360k(5204k free)

vm_info: Java HotSpot(TM) 64-Bit Server VM (25.51-b03) for windows-amd64 JRE (1.8.0_51-b16), built on Jun  8 2015 18:03:07 by "java_re" with MS VC++ 10.0 (VS2010)

time: Wed Jun 15 10:53:59 2016
elapsed time: 2 seconds (0d 0h 0m 2s)

