#
# There is insufficient memory for the Java Runtime Environment to continue.
# Native memory allocation (malloc) failed to allocate 163728 bytes for Chunk::new
# Possible reasons:
#   The system is out of physical RAM or swap space
#   In 32 bit mode, the process size limit was hit
# Possible solutions:
#   Reduce memory load on the system
#   Increase physical memory or swap space
#   Check if swap backing store is full
#   Use 64 bit Java on a 64 bit OS
#   Decrease Java heap size (-Xmx/-Xms)
#   Decrease number of Java threads
#   Decrease Java thread stack sizes (-Xss)
#   Set larger code cache with -XX:ReservedCodeCacheSize=
# This output file may be truncated or incomplete.
#
#  Out of Memory Error (allocation.cpp:390), pid=5136, tid=5560
#
# JRE version: Java(TM) SE Runtime Environment (8.0_51-b16) (build 1.8.0_51-b16)
# Java VM: Java HotSpot(TM) 64-Bit Server VM (25.51-b03 mixed mode windows-amd64 compressed oops)
# Failed to write core dump. Minidumps are not enabled by default on client versions of Windows
#

---------------  T H R E A D  ---------------

Current thread (0x0000000055006000):  JavaThread "C2 CompilerThread0" daemon [_thread_in_native, id=5560, stack(0x0000000056cc0000,0x0000000056dc0000)]

Stack: [0x0000000056cc0000,0x0000000056dc0000]
Native frames: (J=compiled Java code, j=interpreted, Vv=VM code, C=native code)
V  [jvm.dll+0x32b4ca]


Current CompileTask:
C2:   3742 1276   !   4       com.android.dx.rop.type.Type::intern (319 bytes)


---------------  P R O C E S S  ---------------

Java Threads: ( => current thread )
  0x000000005653a800 JavaThread "pool-1-thread-1" [_thread_in_Java, id=4996, stack(0x00000000571d0000,0x00000000572d0000)]
  0x0000000056450000 JavaThread "Service Thread" daemon [_thread_blocked, id=3796, stack(0x0000000056e30000,0x0000000056f30000)]
  0x00000000563db000 JavaThread "C1 CompilerThread2" daemon [_thread_blocked, id=3460, stack(0x0000000056fa0000,0x00000000570a0000)]
  0x00000000563d9800 JavaThread "C2 CompilerThread1" daemon [_thread_blocked, id=5732, stack(0x0000000056980000,0x0000000056a80000)]
=>0x0000000055006000 JavaThread "C2 CompilerThread0" daemon [_thread_in_native, id=5560, stack(0x0000000056cc0000,0x0000000056dc0000)]
  0x0000000055004800 JavaThread "Attach Listener" daemon [_thread_blocked, id=3952, stack(0x0000000056ac0000,0x0000000056bc0000)]
  0x0000000055003800 JavaThread "Signal Dispatcher" daemon [_thread_blocked, id=6080, stack(0x00000000567e0000,0x00000000568e0000)]
  0x0000000054faa800 JavaThread "Finalizer" daemon [_thread_blocked, id=2036, stack(0x00000000562d0000,0x00000000563d0000)]
  0x0000000054fa3800 JavaThread "Reference Handler" daemon [_thread_blocked, id=4584, stack(0x0000000056130000,0x0000000056230000)]
  0x00000000021ce800 JavaThread "main" [_thread_blocked, id=4960, stack(0x0000000002460000,0x0000000002560000)]

Other Threads:
  0x0000000054f9e000 VMThread [stack: 0x0000000055fa0000,0x00000000560a0000] [id=4372]
  0x0000000056453800 WatcherThread [stack: 0x00000000570b0000,0x00000000571b0000] [id=4060]

VM state:not at safepoint (normal execution)

VM Mutex/Monitor currently owned by a thread: None

Heap:
 PSYoungGen      total 38400K, used 25970K [0x00000000eab00000, 0x00000000ed580000, 0x0000000100000000)
  eden space 33280K, 78% used [0x00000000eab00000,0x00000000ec45c998,0x00000000ecb80000)
  from space 5120K, 0% used [0x00000000ed080000,0x00000000ed080000,0x00000000ed580000)
  to   space 5120K, 0% used [0x00000000ecb80000,0x00000000ecb80000,0x00000000ed080000)
 ParOldGen       total 87552K, used 0K [0x00000000c0000000, 0x00000000c5580000, 0x00000000eab00000)
  object space 87552K, 0% used [0x00000000c0000000,0x00000000c0000000,0x00000000c5580000)
 Metaspace       used 6009K, capacity 7024K, committed 7296K, reserved 1056768K
  class space    used 599K, capacity 616K, committed 640K, reserved 1048576K

Card table byte_map: [0x0000000011bf0000,0x0000000011e00000] byte_map_base: 0x00000000115f0000

Marking Bits: (ParMarkBitMap*) 0x000000006fc84040
 Begin Bits: [0x0000000012410000, 0x0000000013410000)
 End Bits:   [0x0000000013410000, 0x0000000014410000)

Polling page: 0x0000000000230000

CodeCache: size=245760Kb used=4737Kb max_used=4737Kb free=241022Kb
 bounds [0x0000000002830000, 0x0000000002ce0000, 0x0000000011830000]
 total_blobs=1561 nmethods=1292 adapters=182
 compilation: enabled

Compilation events (10 events):
Event: 3.739 Thread 0x00000000563db000 nmethod 1288 0x0000000002cccd90 code [0x0000000002cccf00, 0x0000000002ccd0a8]
Event: 3.739 Thread 0x00000000563d9800 1289       4       com.android.dx.util.ByteArrayAnnotatedOutput::writeShort (64 bytes)
Event: 3.739 Thread 0x00000000563db000 1290       3       com.android.dx.rop.cst.CstBaseMethodRef::getParameterWordCount (12 bytes)
Event: 3.740 Thread 0x00000000563db000 nmethod 1290 0x0000000002ccd190 code [0x0000000002ccd340, 0x0000000002ccdb88]
Event: 3.740 Thread 0x00000000563db000 1291       3       com.android.dx.dex.code.InsnFormat::write (22 bytes)
Event: 3.740 Thread 0x00000000563db000 nmethod 1291 0x0000000002ccded0 code [0x0000000002cce060, 0x0000000002cce308]
Event: 3.740 Thread 0x00000000563d9800 nmethod 1289 0x0000000002cd11d0 code [0x0000000002cd1320, 0x0000000002cd1458]
Event: 3.740 Thread 0x00000000563db000 1292       3       com.android.dx.dex.code.DalvCode::finishProcessingIfNecessary (69 bytes)
Event: 3.740 Thread 0x00000000563db000 nmethod 1292 0x0000000002cd0a10 code [0x0000000002cd0bc0, 0x0000000002cd1018]
Event: 3.741 Thread 0x00000000563db000 1294       3       com.android.dx.dex.code.form.Form35c::explicitize (105 bytes)

GC Heap History (0 events):
No events

Deoptimization events (10 events):
Event: 3.351 Thread 0x0000000056530000 Uncommon trap: reason=unstable_if action=reinterpret pc=0x0000000002b90770 method=java.util.HashMap.getNode(ILjava/lang/Object;)Ljava/util/HashMap$Node; @ 129
Event: 3.351 Thread 0x0000000056530000 Uncommon trap: reason=unstable_if action=reinterpret pc=0x0000000002ad8d0c method=java.util.HashMap.getNode(ILjava/lang/Object;)Ljava/util/HashMap$Node; @ 129
Event: 3.351 Thread 0x0000000056530000 Uncommon trap: reason=unstable_if action=reinterpret pc=0x0000000002ad9c98 method=java.util.HashMap.getNode(ILjava/lang/Object;)Ljava/util/HashMap$Node; @ 129
Event: 3.543 Thread 0x000000005653a800 Uncommon trap: reason=class_check action=maybe_recompile pc=0x0000000002c25078 method=java.util.Arrays.hashCode([Ljava/lang/Object;)I @ 43
Event: 3.543 Thread 0x000000005653a800 Uncommon trap: reason=class_check action=maybe_recompile pc=0x0000000002c25078 method=java.util.Arrays.hashCode([Ljava/lang/Object;)I @ 43
Event: 3.543 Thread 0x000000005653a800 Uncommon trap: reason=class_check action=maybe_recompile pc=0x0000000002c25078 method=java.util.Arrays.hashCode([Ljava/lang/Object;)I @ 43
Event: 3.543 Thread 0x000000005653a800 Uncommon trap: reason=class_check action=maybe_recompile pc=0x0000000002c25078 method=java.util.Arrays.hashCode([Ljava/lang/Object;)I @ 43
Event: 3.628 Thread 0x000000005653a800 Uncommon trap: reason=bimorphic action=maybe_recompile pc=0x0000000002c69400 method=java.util.HashMap.getNode(ILjava/lang/Object;)Ljava/util/HashMap$Node; @ 126
Event: 3.674 Thread 0x000000005653a800 Uncommon trap: reason=unstable_if action=reinterpret pc=0x0000000002c95564 method=com.android.dx.dex.code.OutputFinisher.findOpcodeForInsn(Lcom/android/dx/dex/code/DalvInsn;Lcom/android/dx/dex/code/Dop;)Lcom/android/dx/dex/code/Dop; @ 12
Event: 3.696 Thread 0x000000005653a800 Uncommon trap: reason=unstable_if action=reinterpret pc=0x0000000002cb4480 method=com.android.dx.util.ByteArrayAnnotatedOutput.writeByte(I)V @ 13

Internal exceptions (2 events):
Event: 0.024 Thread 0x00000000021ce800 Exception <a 'java/lang/NoSuchMethodError': Method sun.misc.Unsafe.defineClass(Ljava/lang/String;[BII)Ljava/lang/Class; name or signature does not match> (0x00000000eab0d238) thrown at [C:\re\workspace\8-2-build-windows-amd64-cygwin\jdk8u51\3951\hotspot\srm€Ùu	àò?
Event: 0.024 Thread 0x00000000021ce800 Exception <a 'java/lang/NoSuchMethodError': Method sun.misc.Unsafe.prefetchRead(Ljava/lang/Object;J)V name or signature does not match> (0x00000000eab0d4c8) thrown at [C:\re\workspace\8-2-build-windows-amd64-cygwin\jdk8u51\3951\hotspot\src\share\vm\prims\j

Events (10 events):
Event: 3.684 loading class com/android/dex/EncodedValueCodec done
Event: 3.693 loading class com/android/dx/dex/file/MapItem
Event: 3.693 loading class com/android/dx/dex/file/MapItem done
Event: 3.694 loading class com/android/dx/dex/file/UniformListItem
Event: 3.694 loading class com/android/dx/dex/file/UniformListItem done
Event: 3.696 loading class com/android/dex/DexFormat
Event: 3.696 loading class com/android/dex/DexFormat done
Event: 3.696 Thread 0x000000005653a800 Uncommon trap: trap_request=0xffffff65 fr.pc=0x0000000002cb4480
Event: 3.696 Thread 0x000000005653a800 DEOPT PACKING pc=0x0000000002cb4480 sp=0x00000000572cee20
Event: 3.696 Thread 0x000000005653a800 DEOPT UNPACKING pc=0x000000000287582a sp=0x00000000572cee08 mode 2


Dynamic libraries:
0x000000013f130000 - 0x000000013f167000 	C:\java\jdk8u51\bin\java.exe
0x00000000774e0000 - 0x000000007768a000 	C:\Windows\SYSTEM32\ntdll.dll
0x00000000772c0000 - 0x00000000773df000 	C:\Windows\system32\kernel32.dll
0x000007fefd540000 - 0x000007fefd5aa000 	C:\Windows\system32\KERNELBASE.dll
0x000007fefeea0000 - 0x000007fefef7b000 	C:\Windows\system32\ADVAPI32.dll
0x000007fefee00000 - 0x000007fefee9f000 	C:\Windows\system32\msvcrt.dll
0x000007fefed60000 - 0x000007fefed7f000 	C:\Windows\SYSTEM32\sechost.dll
0x000007feff190000 - 0x000007feff2bd000 	C:\Windows\system32\RPCRT4.dll
0x00000000773e0000 - 0x00000000774da000 	C:\Windows\system32\USER32.dll
0x000007fefda70000 - 0x000007fefdad7000 	C:\Windows\system32\GDI32.dll
0x000007fefebe0000 - 0x000007fefebee000 	C:\Windows\system32\LPK.dll
0x000007fefd630000 - 0x000007fefd6fa000 	C:\Windows\system32\USP10.dll
0x000007fefbb70000 - 0x000007fefbd64000 	C:\Windows\WinSxS\amd64_microsoft.windows.common-controls_6595b64144ccf1df_6.0.7601.18837_none_fa3b1e3d17594757\COMCTL32.dll
0x000007fefed80000 - 0x000007fefedf1000 	C:\Windows\system32\SHLWAPI.dll
0x000007feff530000 - 0x000007feff55e000 	C:\Windows\system32\IMM32.DLL
0x000007feff3a0000 - 0x000007feff4a9000 	C:\Windows\system32\MSCTF.dll
0x0000000069740000 - 0x0000000069812000 	C:\java\jdk8u51\jre\bin\msvcr100.dll
0x000000006f480000 - 0x000000006fd03000 	C:\java\jdk8u51\jre\bin\server\jvm.dll
0x000007fef9330000 - 0x000007fef9339000 	C:\Windows\system32\WSOCK32.dll
0x000007fefec10000 - 0x000007fefec5d000 	C:\Windows\system32\WS2_32.dll
0x000007fefd620000 - 0x000007fefd628000 	C:\Windows\system32\NSI.dll
0x000007fefac30000 - 0x000007fefac6b000 	C:\Windows\system32\WINMM.dll
0x000007fefc350000 - 0x000007fefc35c000 	C:\Windows\system32\VERSION.dll
0x00000000776b0000 - 0x00000000776b7000 	C:\Windows\system32\PSAPI.DLL
0x00000000748e0000 - 0x00000000748ef000 	C:\java\jdk8u51\jre\bin\verify.dll
0x00000000748b0000 - 0x00000000748d9000 	C:\java\jdk8u51\jre\bin\java.dll
0x0000000074890000 - 0x00000000748a6000 	C:\java\jdk8u51\jre\bin\zip.dll
0x000007fefdae0000 - 0x000007fefe869000 	C:\Windows\system32\SHELL32.dll
0x000007fefef80000 - 0x000007feff183000 	C:\Windows\system32\ole32.dll
0x000007fefd270000 - 0x000007fefd27f000 	C:\Windows\system32\profapi.dll

VM Arguments:
jvm_args: -Djava.awt.headless=true -Xmx1024M -Dfile.encoding=windows-1252 -Duser.country=GB -Duser.language=en -Duser.variant 
java_command: com.android.dx.command.Main --dex --force-jumbo --num-threads=4 --multi-dex --output C:\Users\dineen\Desktop\14-06-16\Ancien_Dico_Stage\app\build\intermediates\transforms\dex\debug\folders\1000\5\slice_1 C:\Users\dineen\Desktop\14-06-16\Ancien_Dico_Stage\app\build\intermediates\transforms\instantRunSlicer\debug\folders\1\5\slice_1
java_class_path (initial): C:\AndroidSDK\build-tools\23.0.3\lib\dx.jar
Launcher Type: SUN_STANDARD

Environment Variables:
JAVA_HOME=C:\java\jdk8u51
PATH=C:\Program Files (x86)\Intel\iCLS Client\;C:\Program Files\Intel\iCLS Client\;C:\ProgramData\Oracle\Java\javapath;C:\Windows\system32;C:\Windows;C:\Windows\System32\Wbem;C:\Windows\System32\WindowsPowerShell\v1.0\;C:\Program Files (x86)\AMD\ATI.ACE\Core-Static;C:\java\jdk8u51\bin;C:\Program Files (x86)\Windows Kits\8.1\Windows Performance Toolkit\;C:\Program Files\Microsoft SQL Server\110\Tools\Binn\;C:\Program Files (x86)\Microsoft SDKs\TypeScript\1.0\;C:\Program Files\Microsoft SQL Server\120\Tools\Binn\;C:\Program Files\Intel\Intel(R) Management Engine Components\DAL;C:\Program Files\Intel\Intel(R) Management Engine Components\IPT;C:\Program Files (x86)\Intel\Intel(R) Management Engine Components\DAL;C:\Program Files (x86)\Intel\Intel(R) Management Engine Components\IPT;C:\Program Files\Git\cmd
USERNAME=dineen
OS=Windows_NT
PROCESSOR_IDENTIFIER=Intel64 Family 6 Model 58 Stepping 9, GenuineIntel



---------------  S Y S T E M  ---------------

OS: Windows 7 , 64 bit Build 7601 (6.1.7601.23418)

CPU:total 4 (4 cores per cpu, 1 threads per core) family 6 model 58 stepping 9, cmov, cx8, fxsr, mmx, sse, sse2, sse3, ssse3, sse4.1, sse4.2, popcnt, avx, aes, clmul, erms, tsc, tscinvbit, tscinv

Memory: 4k page, physical 8342068k(1015024k free), swap 10437360k(5132k free)

vm_info: Java HotSpot(TM) 64-Bit Server VM (25.51-b03) for windows-amd64 JRE (1.8.0_51-b16), built on Jun  8 2015 18:03:07 by "java_re" with MS VC++ 10.0 (VS2010)

time: Wed Jun 15 10:59:36 2016
elapsed time: 3 seconds (0d 0h 0m 3s)

