#
# There is insufficient memory for the Java Runtime Environment to continue.
# Native memory allocation (malloc) failed to allocate 84240 bytes for Chunk::new
# Possible reasons:
#   The system is out of physical RAM or swap space
#   In 32 bit mode, the process size limit was hit
# Possible solutions:
#   Reduce memory load on the system
#   Increase physical memory or swap space
#   Check if swap backing store is full
#   Use 64 bit Java on a 64 bit OS
#   Decrease Java heap size (-Xmx/-Xms)
#   Decrease number of Java threads
#   Decrease Java thread stack sizes (-Xss)
#   Set larger code cache with -XX:ReservedCodeCacheSize=
# This output file may be truncated or incomplete.
#
#  Out of Memory Error (allocation.cpp:390), pid=2680, tid=2976
#
# JRE version: Java(TM) SE Runtime Environment (8.0_51-b16) (build 1.8.0_51-b16)
# Java VM: Java HotSpot(TM) 64-Bit Server VM (25.51-b03 mixed mode windows-amd64 compressed oops)
# Failed to write core dump. Minidumps are not enabled by default on client versions of Windows
#

---------------  T H R E A D  ---------------

Current thread (0x0000000054fa5000):  JavaThread "C2 CompilerThread0" daemon [_thread_in_native, id=2976, stack(0x00000000561f0000,0x00000000562f0000)]

Stack: [0x00000000561f0000,0x00000000562f0000]
Native frames: (J=compiled Java code, j=interpreted, Vv=VM code, C=native code)
V  [jvm.dll+0x32b4ca]
V  [jvm.dll+0x2797e3]
V  [jvm.dll+0x27a479]
V  [jvm.dll+0x271765]
V  [jvm.dll+0xcba02]
V  [jvm.dll+0xcbecc]
V  [jvm.dll+0x4643d2]
V  [jvm.dll+0x4d9460]
V  [jvm.dll+0x4dc078]
V  [jvm.dll+0x46a5e1]
V  [jvm.dll+0x46cde2]
V  [jvm.dll+0x4501a2]
V  [jvm.dll+0xa43a2]
V  [jvm.dll+0xa4cdf]
V  [jvm.dll+0x2418a4]
V  [jvm.dll+0x29846a]
C  [msvcr100.dll+0x21d9f]
C  [msvcr100.dll+0x21e3b]
C  [kernel32.dll+0x159bd]
C  [ntdll.dll+0x2a2e1]


Current CompileTask:
C2:   7724 2118       4       com.android.dx.ssa.SsaBasicBlock::replaceSuccessor (125 bytes)


---------------  P R O C E S S  ---------------

Java Threads: ( => current thread )
  0x000000005690b800 JavaThread "pool-1-thread-4" [_thread_blocked, id=5944, stack(0x00000000580d0000,0x00000000581d0000)]
  0x0000000056994000 JavaThread "pool-1-thread-3" [_thread_blocked, id=4332, stack(0x0000000057ea0000,0x0000000057fa0000)]
  0x0000000056992800 JavaThread "pool-1-thread-2" [_thread_in_Java, id=3092, stack(0x0000000057d40000,0x0000000057e40000)]
  0x0000000056924800 JavaThread "pool-2-thread-1" [_thread_blocked, id=5468, stack(0x0000000057aa0000,0x0000000057ba0000)]
  0x0000000056924000 JavaThread "pool-1-thread-1" [_thread_blocked, id=5444, stack(0x00000000578f0000,0x00000000579f0000)]
  0x000000005663a000 JavaThread "Service Thread" daemon [_thread_blocked, id=5656, stack(0x0000000056e10000,0x0000000056f10000)]
  0x0000000056638000 JavaThread "C1 CompilerThread2" daemon [_thread_blocked, id=5748, stack(0x0000000056420000,0x0000000056520000)]
  0x0000000056636800 JavaThread "C2 CompilerThread1" daemon [_thread_in_native, id=5384, stack(0x0000000055fa0000,0x00000000560a0000)]
=>0x0000000054fa5000 JavaThread "C2 CompilerThread0" daemon [_thread_in_native, id=2976, stack(0x00000000561f0000,0x00000000562f0000)]
  0x0000000054fa3800 JavaThread "Attach Listener" daemon [_thread_blocked, id=2164, stack(0x0000000056c80000,0x0000000056d80000)]
  0x0000000054fa2800 JavaThread "Signal Dispatcher" daemon [_thread_blocked, id=5100, stack(0x0000000056b20000,0x0000000056c20000)]
  0x0000000054f41800 JavaThread "Finalizer" daemon [_thread_blocked, id=5292, stack(0x0000000056530000,0x0000000056630000)]
  0x0000000054f40000 JavaThread "Reference Handler" daemon [_thread_blocked, id=748, stack(0x00000000562f0000,0x00000000563f0000)]
  0x000000000221e800 JavaThread "main" [_thread_blocked, id=3148, stack(0x00000000023d0000,0x00000000024d0000)]

Other Threads:
  0x0000000054f3a800 VMThread [stack: 0x00000000560d0000,0x00000000561d0000] [id=1636]
  0x0000000054fa8800 WatcherThread [stack: 0x0000000056f60000,0x0000000057060000] [id=5716]

VM state:not at safepoint (normal execution)

VM Mutex/Monitor currently owned by a thread: None

Heap:
 PSYoungGen      total 138240K, used 26817K [0x00000000eab00000, 0x00000000f3700000, 0x0000000100000000)
  eden space 133120K, 16% used [0x00000000eab00000,0x00000000ec032490,0x00000000f2d00000)
  from space 5120K, 99% used [0x00000000f2d00000,0x00000000f31fe198,0x00000000f3200000)
  to   space 5120K, 0% used [0x00000000f3200000,0x00000000f3200000,0x00000000f3700000)
 ParOldGen       total 87552K, used 51686K [0x00000000c0000000, 0x00000000c5580000, 0x00000000eab00000)
  object space 87552K, 59% used [0x00000000c0000000,0x00000000c3279828,0x00000000c5580000)
 Metaspace       used 6306K, capacity 7216K, committed 7296K, reserved 1056768K
  class space    used 593K, capacity 616K, committed 640K, reserved 1048576K

Card table byte_map: [0x0000000011b60000,0x0000000011d70000] byte_map_base: 0x0000000011560000

Marking Bits: (ParMarkBitMap*) 0x0000000065a84040
 Begin Bits: [0x00000000123b0000, 0x00000000133b0000)
 End Bits:   [0x00000000133b0000, 0x00000000143b0000)

Polling page: 0x0000000000230000

CodeCache: size=245760Kb used=10841Kb max_used=10841Kb free=234918Kb
 bounds [0x00000000027a0000, 0x0000000003240000, 0x00000000117a0000]
 total_blobs=2491 nmethods=2221 adapters=182
 compilation: enabled

Compilation events (10 events):
Event: 7.321 Thread 0x0000000054fa5000 2118       4       com.android.dx.ssa.SsaBasicBlock::replaceSuccessor (125 bytes)
Event: 7.323 Thread 0x0000000056636800 nmethod 2116 0x00000000031a81d0 code [0x00000000031a8320, 0x00000000031a84d8]
Event: 7.323 Thread 0x0000000056638000 nmethod 2117% 0x00000000031aef50 code [0x00000000031af2a0, 0x00000000031b15b8]
Event: 7.323 Thread 0x0000000056638000 2119 %     3       com.android.dx.ssa.DeadCodeRemover::pruneDeadInstructions @ 26 (246 bytes)
Event: 7.325 Thread 0x0000000056638000 nmethod 2119% 0x00000000031b2f10 code [0x00000000031b3300, 0x00000000031b5bc8]
Event: 7.325 Thread 0x0000000056636800 2120       4       com.android.dx.rop.cst.CstInteger::make (47 bytes)
Event: 7.326 Thread 0x0000000056636800 nmethod 2120 0x00000000031abe50 code [0x00000000031abfa0, 0x00000000031ac118]
Event: 7.326 Thread 0x0000000056636800 2122       4       com.android.dx.ssa.SsaRenamer::<init> (100 bytes)
Event: 7.326 Thread 0x0000000056638000 2125       3       com.android.dx.ssa.back.FirstFitLocalCombiningAllocator$Alignment$2::nextClearBit (26 bytes)
Event: 7.327 Thread 0x0000000056638000 nmethod 2125 0x00000000031ae850 code [0x00000000031ae9e0, 0x00000000031aed98]

GC Heap History (8 events):
Event: 1.641 GC heap before
{Heap before GC invocations=1 (full 0):
 PSYoungGen      total 38400K, used 33280K [0x00000000eab00000, 0x00000000ed580000, 0x0000000100000000)
  eden space 33280K, 100% used [0x00000000eab00000,0x00000000ecb80000,0x00000000ecb80000)
  from space 5120K, 0% used [0x00000000ed080000,0x00000000ed080000,0x00000000ed580000)
  to   space 5120K, 0% used [0x00000000ecb80000,0x00000000ecb80000,0x00000000ed080000)
 ParOldGen       total 87552K, used 0K [0x00000000c0000000, 0x00000000c5580000, 0x00000000eab00000)
  object space 87552K, 0% used [0x00000000c0000000,0x00000000c0000000,0x00000000c5580000)
 Metaspace       used 5869K, capacity 6896K, committed 7040K, reserved 1056768K
  class space    used 588K, capacity 616K, committed 640K, reserved 1048576K
Event: 1.939 GC heap after
Heap after GC invocations=1 (full 0):
 PSYoungGen      total 38400K, used 5094K [0x00000000eab00000, 0x00000000ef600000, 0x0000000100000000)
  eden space 33280K, 0% used [0x00000000eab00000,0x00000000eab00000,0x00000000ecb80000)
  from space 5120K, 99% used [0x00000000ecb80000,0x00000000ed079ad8,0x00000000ed080000)
  to   space 5120K, 0% used [0x00000000ef100000,0x00000000ef100000,0x00000000ef600000)
 ParOldGen       total 87552K, used 3261K [0x00000000c0000000, 0x00000000c5580000, 0x00000000eab00000)
  object space 87552K, 3% used [0x00000000c0000000,0x00000000c032f518,0x00000000c5580000)
 Metaspace       used 5869K, capacity 6896K, committed 7040K, reserved 1056768K
  class space    used 588K, capacity 616K, committed 640K, reserved 1048576K
}
Event: 2.710 GC heap before
{Heap before GC invocations=2 (full 0):
 PSYoungGen      total 38400K, used 38374K [0x00000000eab00000, 0x00000000ef600000, 0x0000000100000000)
  eden space 33280K, 100% used [0x00000000eab00000,0x00000000ecb80000,0x00000000ecb80000)
  from space 5120K, 99% used [0x00000000ecb80000,0x00000000ed079ad8,0x00000000ed080000)
  to   space 5120K, 0% used [0x00000000ef100000,0x00000000ef100000,0x00000000ef600000)
 ParOldGen       total 87552K, used 3261K [0x00000000c0000000, 0x00000000c5580000, 0x00000000eab00000)
  object space 87552K, 3% used [0x00000000c0000000,0x00000000c032f518,0x00000000c5580000)
 Metaspace       used 6067K, capacity 7024K, committed 7296K, reserved 1056768K
  class space    used 588K, capacity 616K, committed 640K, reserved 1048576K
Event: 2.754 GC heap after
Heap after GC invocations=2 (full 0):
 PSYoungGen      total 71680K, used 5091K [0x00000000eab00000, 0x00000000ef600000, 0x0000000100000000)
  eden space 66560K, 0% used [0x00000000eab00000,0x00000000eab00000,0x00000000eec00000)
  from space 5120K, 99% used [0x00000000ef100000,0x00000000ef5f8c98,0x00000000ef600000)
  to   space 5120K, 0% used [0x00000000eec00000,0x00000000eec00000,0x00000000ef100000)
 ParOldGen       total 87552K, used 8285K [0x00000000c0000000, 0x00000000c5580000, 0x00000000eab00000)
  object space 87552K, 9% used [0x00000000c0000000,0x00000000c0817528,0x00000000c5580000)
 Metaspace       used 6067K, capacity 7024K, committed 7296K, reserved 1056768K
  class space    used 588K, capacity 616K, committed 640K, reserved 1048576K
}
Event: 3.197 GC heap before
{Heap before GC invocations=3 (full 0):
 PSYoungGen      total 71680K, used 71651K [0x00000000eab00000, 0x00000000ef600000, 0x0000000100000000)
  eden space 66560K, 100% used [0x00000000eab00000,0x00000000eec00000,0x00000000eec00000)
  from space 5120K, 99% used [0x00000000ef100000,0x00000000ef5f8c98,0x00000000ef600000)
  to   space 5120K, 0% used [0x00000000eec00000,0x00000000eec00000,0x00000000ef100000)
 ParOldGen       total 87552K, used 8285K [0x00000000c0000000, 0x00000000c5580000, 0x00000000eab00000)
  object space 87552K, 9% used [0x00000000c0000000,0x00000000c0817528,0x00000000c5580000)
 Metaspace       used 6155K, capacity 7088K, committed 7296K, reserved 1056768K
  class space    used 589K, capacity 616K, committed 640K, reserved 1048576K
Event: 3.219 GC heap after
Heap after GC invocations=3 (full 0):
 PSYoungGen      total 71680K, used 5091K [0x00000000eab00000, 0x00000000f3700000, 0x0000000100000000)
  eden space 66560K, 0% used [0x00000000eab00000,0x00000000eab00000,0x00000000eec00000)
  from space 5120K, 99% used [0x00000000eec00000,0x00000000ef0f8ca8,0x00000000ef100000)
  to   space 5120K, 0% used [0x00000000f3200000,0x00000000f3200000,0x00000000f3700000)
 ParOldGen       total 87552K, used 18728K [0x00000000c0000000, 0x00000000c5580000, 0x00000000eab00000)
  object space 87552K, 21% used [0x00000000c0000000,0x00000000c124a378,0x00000000c5580000)
 Metaspace       used 6155K, capacity 7088K, committed 7296K, reserved 1056768K
  class space    used 589K, capacity 616K, committed 640K, reserved 1048576K
}
Event: 3.492 GC heap before
{Heap before GC invocations=4 (full 0):
 PSYoungGen      total 71680K, used 71651K [0x00000000eab00000, 0x00000000f3700000, 0x0000000100000000)
  eden space 66560K, 100% used [0x00000000eab00000,0x00000000eec00000,0x00000000eec00000)
  from space 5120K, 99% used [0x00000000eec00000,0x00000000ef0f8ca8,0x00000000ef100000)
  to   space 5120K, 0% used [0x00000000f3200000,0x00000000f3200000,0x00000000f3700000)
 ParOldGen       total 87552K, used 18728K [0x00000000c0000000, 0x00000000c5580000, 0x00000000eab00000)
  object space 87552K, 21% used [0x00000000c0000000,0x00000000c124a378,0x00000000c5580000)
 Metaspace       used 6165K, capacity 7152K, committed 7296K, reserved 1056768K
  class space    used 590K, capacity 616K, committed 640K, reserved 1048576K
Event: 3.584 GC heap after
Heap after GC invocations=4 (full 0):
 PSYoungGen      total 138240K, used 5091K [0x00000000eab00000, 0x00000000f3700000, 0x0000000100000000)
  eden space 133120K, 0% used [0x00000000eab00000,0x00000000eab00000,0x00000000f2d00000)
  from space 5120K, 99% used [0x00000000f3200000,0x00000000f36f8c98,0x00000000f3700000)
  to   space 5120K, 0% used [0x00000000f2d00000,0x00000000f2d00000,0x00000000f3200000)
 ParOldGen       total 87552K, used 28902K [0x00000000c0000000, 0x00000000c5580000, 0x00000000eab00000)
  object space 87552K, 33% used [0x00000000c0000000,0x00000000c1c39b60,0x00000000c5580000)
 Metaspace       used 6165K, capacity 7152K, committed 7296K, reserved 1056768K
  class space    used 590K, capacity 616K, committed 640K, reserved 1048576K
}

Deoptimization events (10 events):
Event: 7.323 Thread 0x0000000056992800 Uncommon trap: reason=class_check action=maybe_recompile pc=0x0000000002f968e0 method=com.android.dx.ssa.SCCP.replaceConstants()V @ 127
Event: 7.323 Thread 0x0000000056992800 Uncommon trap: reason=unstable_if action=reinterpret pc=0x0000000002fd7f60 method=com.android.dx.ssa.DeadCodeRemover.pruneDeadInstructions()V @ 49
Event: 7.323 Thread 0x0000000056992800 Uncommon trap: reason=bimorphic action=maybe_recompile pc=0x0000000002f65360 method=com.android.dx.ssa.LiteralOpUpgrader.tryReplacingWithConstant(Lcom/android/dx/ssa/NormalSsaInsn;)Z @ 62
Event: 7.323 Thread 0x0000000056992800 Uncommon trap: reason=unstable_if action=reinterpret pc=0x0000000002ed13dc method=com.android.dx.ssa.DeadCodeRemover.pruneDeadInstructions()V @ 49
Event: 7.323 Thread 0x0000000056992800 Uncommon trap: reason=class_check action=maybe_recompile pc=0x0000000002f968e0 method=com.android.dx.ssa.SCCP.replaceConstants()V @ 127
Event: 7.323 Thread 0x0000000056992800 Uncommon trap: reason=bimorphic action=maybe_recompile pc=0x0000000002f65360 method=com.android.dx.ssa.LiteralOpUpgrader.tryReplacingWithConstant(Lcom/android/dx/ssa/NormalSsaInsn;)Z @ 62
Event: 7.325 Thread 0x0000000056992800 Uncommon trap: reason=class_check action=maybe_recompile pc=0x0000000002f968e0 method=com.android.dx.ssa.SCCP.replaceConstants()V @ 127
Event: 7.325 Thread 0x0000000056992800 Uncommon trap: reason=bimorphic action=maybe_recompile pc=0x0000000002f65360 method=com.android.dx.ssa.LiteralOpUpgrader.tryReplacingWithConstant(Lcom/android/dx/ssa/NormalSsaInsn;)Z @ 62
Event: 7.326 Thread 0x0000000056992800 Uncommon trap: reason=class_check action=maybe_recompile pc=0x0000000002f968e0 method=com.android.dx.ssa.SCCP.replaceConstants()V @ 127
Event: 7.326 Thread 0x0000000056992800 Uncommon trap: reason=bimorphic action=maybe_recompile pc=0x0000000002f65360 method=com.android.dx.ssa.LiteralOpUpgrader.tryReplacingWithConstant(Lcom/android/dx/ssa/NormalSsaInsn;)Z @ 62

Internal exceptions (4 events):
Event: 0.156 Thread 0x000000000221e800 Exception <a 'java/lang/NoSuchMethodError': Method sun.misc.Unsafe.defineClass(Ljava/lang/String;[BII)Ljava/lang/Class; name or signature does not match> (0x00000000eab0d130) thrown at [C:\re\workspace\8-2-build-windows-amd64-cygwin\jdk8u51\3951\hotspot\srösa±¤ýÃ?
Event: 0.156 Thread 0x000000000221e800 Exception <a 'java/lang/NoSuchMethodError': Method sun.misc.Unsafe.prefetchRead(Ljava/lang/Object;J)V name or signature does not match> (0x00000000eab0d3c0) thrown at [C:\re\workspace\8-2-build-windows-amd64-cygwin\jdk8u51\3951\hotspot\src\share\vm\prims\j qÎäkÿ?
Event: 1.964 Thread 0x000000005690b800 Implicit null exception at 0x0000000002aac2ec to 0x0000000002aaed49
Event: 1.964 Thread 0x000000005690b800 Implicit null exception at 0x0000000002a0abfd to 0x0000000002a0d2bd

Events (10 events):
Event: 7.325 Thread 0x0000000056992800 DEOPT UNPACKING pc=0x00000000027e582a sp=0x0000000057e3e8b0 mode 2
Event: 7.325 Thread 0x0000000056992800 Uncommon trap: trap_request=0xffffffc6 fr.pc=0x0000000002f65360
Event: 7.325 Thread 0x0000000056992800 DEOPT PACKING pc=0x0000000002f65360 sp=0x0000000057e3e8e0
Event: 7.325 Thread 0x0000000056992800 DEOPT UNPACKING pc=0x00000000027e582a sp=0x0000000057e3e7d8 mode 2
Event: 7.326 Thread 0x0000000056992800 Uncommon trap: trap_request=0xffffffde fr.pc=0x0000000002f968e0
Event: 7.326 Thread 0x0000000056992800 DEOPT PACKING pc=0x0000000002f968e0 sp=0x0000000057e3e940
Event: 7.326 Thread 0x0000000056992800 DEOPT UNPACKING pc=0x00000000027e582a sp=0x0000000057e3e8b0 mode 2
Event: 7.326 Thread 0x0000000056992800 Uncommon trap: trap_request=0xffffffc6 fr.pc=0x0000000002f65360
Event: 7.326 Thread 0x0000000056992800 DEOPT PACKING pc=0x0000000002f65360 sp=0x0000000057e3e8e0
Event: 7.326 Thread 0x0000000056992800 DEOPT UNPACKING pc=0x00000000027e582a sp=0x0000000057e3e7d8 mode 2


Dynamic libraries:
0x000000013f060000 - 0x000000013f097000 	C:\java\jdk8u51\bin\java.exe
0x0000000077bd0000 - 0x0000000077d7a000 	C:\Windows\SYSTEM32\ntdll.dll
0x0000000077ab0000 - 0x0000000077bcf000 	C:\Windows\system32\kernel32.dll
0x000007fefd970000 - 0x000007fefd9da000 	C:\Windows\system32\KERNELBASE.dll
0x000007feff040000 - 0x000007feff11b000 	C:\Windows\system32\ADVAPI32.dll
0x000007feffbd0000 - 0x000007feffc6f000 	C:\Windows\system32\msvcrt.dll
0x000007feff1a0000 - 0x000007feff1bf000 	C:\Windows\SYSTEM32\sechost.dll
0x000007feff880000 - 0x000007feff9ad000 	C:\Windows\system32\RPCRT4.dll
0x00000000779b0000 - 0x0000000077aaa000 	C:\Windows\system32\USER32.dll
0x000007feff1c0000 - 0x000007feff227000 	C:\Windows\system32\GDI32.dll
0x000007fefed60000 - 0x000007fefed6e000 	C:\Windows\system32\LPK.dll
0x000007feff230000 - 0x000007feff2fa000 	C:\Windows\system32\USP10.dll
0x000007fefc220000 - 0x000007fefc414000 	C:\Windows\WinSxS\amd64_microsoft.windows.common-controls_6595b64144ccf1df_6.0.7601.18837_none_fa3b1e3d17594757\COMCTL32.dll
0x000007feffc70000 - 0x000007feffce1000 	C:\Windows\system32\SHLWAPI.dll
0x000007feffba0000 - 0x000007feffbce000 	C:\Windows\system32\IMM32.DLL
0x000007feffdd0000 - 0x000007feffed9000 	C:\Windows\system32\MSCTF.dll
0x0000000061990000 - 0x0000000061a62000 	C:\java\jdk8u51\jre\bin\msvcr100.dll
0x0000000065280000 - 0x0000000065b03000 	C:\java\jdk8u51\jre\bin\server\jvm.dll
0x000007fef8df0000 - 0x000007fef8df9000 	C:\Windows\system32\WSOCK32.dll
0x000007fefea60000 - 0x000007fefeaad000 	C:\Windows\system32\WS2_32.dll
0x000007fefeb50000 - 0x000007fefeb58000 	C:\Windows\system32\NSI.dll
0x000007fefb090000 - 0x000007fefb0cb000 	C:\Windows\system32\WINMM.dll
0x000007fefc840000 - 0x000007fefc84c000 	C:\Windows\system32\VERSION.dll
0x0000000077da0000 - 0x0000000077da7000 	C:\Windows\system32\PSAPI.DLL
0x0000000066d40000 - 0x0000000066d4f000 	C:\java\jdk8u51\jre\bin\verify.dll
0x0000000066be0000 - 0x0000000066c09000 	C:\java\jdk8u51\jre\bin\java.dll
0x0000000066bc0000 - 0x0000000066bd6000 	C:\java\jdk8u51\jre\bin\zip.dll
0x000007fefdcd0000 - 0x000007fefea59000 	C:\Windows\system32\SHELL32.dll
0x000007feff300000 - 0x000007feff503000 	C:\Windows\system32\ole32.dll
0x000007fefd920000 - 0x000007fefd92f000 	C:\Windows\system32\profapi.dll
0x000007fef6bb0000 - 0x000007fef6cd5000 	C:\Windows\system32\dbghelp.dll

VM Arguments:
jvm_args: -Djava.awt.headless=true -Xmx1024M -Dfile.encoding=windows-1252 -Duser.country=GB -Duser.language=en -Duser.variant 
java_command: com.android.dx.command.Main --dex --force-jumbo --num-threads=4 --output C:\LoicDev\Ancien_Dico_Stage\app\build\intermediates\pre-dexed\debug\kotlin-stdlib-1.0.2_f8c66ef073f0a4571442499d4a910b32a1527ddf.jar C:\Users\dineen\.gradle\caches\modules-2\files-2.1\org.jetbrains.kotlin\kotlin-stdlib\1.0.2\22063f19bfd8e50f21fc310842a91ff5b31bb272\kotlin-stdlib-1.0.2.jar
java_class_path (initial): C:\AndroidSDK\build-tools\23.0.3\lib\dx.jar
Launcher Type: SUN_STANDARD

Environment Variables:
JAVA_HOME=C:\java\jdk8u51
PATH=C:\Program Files (x86)\Intel\iCLS Client\;C:\Program Files\Intel\iCLS Client\;C:\ProgramData\Oracle\Java\javapath;C:\Windows\system32;C:\Windows;C:\Windows\System32\Wbem;C:\Windows\System32\WindowsPowerShell\v1.0\;C:\Program Files (x86)\AMD\ATI.ACE\Core-Static;C:\java\jdk8u51\bin;C:\Program Files (x86)\Windows Kits\8.1\Windows Performance Toolkit\;C:\Program Files\Microsoft SQL Server\110\Tools\Binn\;C:\Program Files (x86)\Microsoft SDKs\TypeScript\1.0\;C:\Program Files\Microsoft SQL Server\120\Tools\Binn\;C:\Program Files\Intel\Intel(R) Management Engine Components\DAL;C:\Program Files\Intel\Intel(R) Management Engine Components\IPT;C:\Program Files (x86)\Intel\Intel(R) Management Engine Components\DAL;C:\Program Files (x86)\Intel\Intel(R) Management Engine Components\IPT;C:\Program Files\Git\cmd;C:\Program Files (x86)\WinMerge
USERNAME=dineen
OS=Windows_NT
PROCESSOR_IDENTIFIER=Intel64 Family 6 Model 58 Stepping 9, GenuineIntel



---------------  S Y S T E M  ---------------

OS: Windows 7 , 64 bit Build 7601 (6.1.7601.23418)

CPU:total 4 (4 cores per cpu, 1 threads per core) family 6 model 58 stepping 9, cmov, cx8, fxsr, mmx, sse, sse2, sse3, ssse3, sse4.1, sse4.2, popcnt, avx, aes, clmul, erms, tsc, tscinvbit, tscinv

Memory: 4k page, physical 8342068k(721572k free), swap 10437360k(5196k free)

vm_info: Java HotSpot(TM) 64-Bit Server VM (25.51-b03) for windows-amd64 JRE (1.8.0_51-b16), built on Jun  8 2015 18:03:07 by "java_re" with MS VC++ 10.0 (VS2010)

time: Wed Aug 03 14:23:51 2016
elapsed time: 7 seconds (0d 0h 0m 7s)

