#
# There is insufficient memory for the Java Runtime Environment to continue.
# Native memory allocation (malloc) failed to allocate 1021296 bytes for Chunk::new
# Possible reasons:
#   The system is out of physical RAM or swap space
#   In 32 bit mode, the process size limit was hit
# Possible solutions:
#   Reduce memory load on the system
#   Increase physical memory or swap space
#   Check if swap backing store is full
#   Use 64 bit Java on a 64 bit OS
#   Decrease Java heap size (-Xmx/-Xms)
#   Decrease number of Java threads
#   Decrease Java thread stack sizes (-Xss)
#   Set larger code cache with -XX:ReservedCodeCacheSize=
# This output file may be truncated or incomplete.
#
#  Out of Memory Error (allocation.cpp:390), pid=452, tid=3864
#
# JRE version: Java(TM) SE Runtime Environment (8.0_51-b16) (build 1.8.0_51-b16)
# Java VM: Java HotSpot(TM) 64-Bit Server VM (25.51-b03 mixed mode windows-amd64 compressed oops)
# Failed to write core dump. Minidumps are not enabled by default on client versions of Windows
#

---------------  T H R E A D  ---------------

Current thread (0x0000000054f20000):  JavaThread "C2 CompilerThread0" daemon [_thread_in_native, id=3864, stack(0x0000000056700000,0x0000000056800000)]

Stack: [0x0000000056700000,0x0000000056800000]
Native frames: (J=compiled Java code, j=interpreted, Vv=VM code, C=native code)
V  [jvm.dll+0x32b4ca]


Current CompileTask:
C2:   2884 1090       4       com.android.dx.rop.code.Rops::ropFor (771 bytes)


---------------  P R O C E S S  ---------------

Java Threads: ( => current thread )
  0x0000000057762800 JavaThread "pool-2-thread-4" [_thread_blocked, id=4396, stack(0x0000000057df0000,0x0000000057ef0000)]
  0x0000000056b7d000 JavaThread "pool-2-thread-3" [_thread_in_Java, id=3336, stack(0x0000000057400000,0x0000000057500000)]
  0x0000000056b7b800 JavaThread "pool-2-thread-2" [_thread_in_Java, id=4976, stack(0x0000000057270000,0x0000000057370000)]
  0x0000000056ae5000 JavaThread "pool-3-thread-1" [_thread_blocked, id=4444, stack(0x00000000563c0000,0x00000000564c0000)]
  0x0000000056ad8800 JavaThread "pool-2-thread-1" [_thread_blocked, id=5972, stack(0x0000000057140000,0x0000000057240000)]
  0x0000000054f29000 JavaThread "Service Thread" daemon [_thread_blocked, id=5728, stack(0x0000000056dd0000,0x0000000056ed0000)]
  0x0000000054f26800 JavaThread "C1 CompilerThread2" daemon [_thread_blocked, id=2432, stack(0x0000000056030000,0x0000000056130000)]
  0x0000000054f25000 JavaThread "C2 CompilerThread1" daemon [_thread_in_native, id=5612, stack(0x0000000056860000,0x0000000056960000)]
=>0x0000000054f20000 JavaThread "C2 CompilerThread0" daemon [_thread_in_native, id=3864, stack(0x0000000056700000,0x0000000056800000)]
  0x0000000054f2e800 JavaThread "Attach Listener" daemon [_thread_blocked, id=4936, stack(0x00000000565d0000,0x00000000566d0000)]
  0x0000000054f2d000 JavaThread "Signal Dispatcher" daemon [_thread_blocked, id=6092, stack(0x00000000564c0000,0x00000000565c0000)]
  0x0000000054ec7000 JavaThread "Finalizer" daemon [_thread_blocked, id=2988, stack(0x00000000562c0000,0x00000000563c0000)]
  0x0000000054ec0000 JavaThread "Reference Handler" daemon [_thread_blocked, id=3820, stack(0x0000000056150000,0x0000000056250000)]
  0x000000000028e800 JavaThread "main" [_thread_in_native, id=1416, stack(0x0000000002310000,0x0000000002410000)]

Other Threads:
  0x0000000054eba800 VMThread [stack: 0x0000000055ef0000,0x0000000055ff0000] [id=5372]
  0x00000000569d0000 WatcherThread [stack: 0x0000000056fd0000,0x00000000570d0000] [id=5564]

VM state:not at safepoint (normal execution)

VM Mutex/Monitor currently owned by a thread: None

Heap:
 PSYoungGen      total 38400K, used 29658K [0x00000000eab00000, 0x00000000ef600000, 0x0000000100000000)
  eden space 33280K, 73% used [0x00000000eab00000,0x00000000ec2f89d0,0x00000000ecb80000)
  from space 5120K, 99% used [0x00000000ecb80000,0x00000000ed07dff8,0x00000000ed080000)
  to   space 5120K, 0% used [0x00000000ef100000,0x00000000ef100000,0x00000000ef600000)
 ParOldGen       total 87552K, used 8391K [0x00000000c0000000, 0x00000000c5580000, 0x00000000eab00000)
  object space 87552K, 9% used [0x00000000c0000000,0x00000000c0831f68,0x00000000c5580000)
 Metaspace       used 5763K, capacity 6832K, committed 7040K, reserved 1056768K
  class space    used 582K, capacity 616K, committed 640K, reserved 1048576K

Card table byte_map: [0x0000000011aa0000,0x0000000011cb0000] byte_map_base: 0x00000000114a0000

Marking Bits: (ParMarkBitMap*) 0x00000000625c4040
 Begin Bits: [0x0000000012330000, 0x0000000013330000)
 End Bits:   [0x0000000013330000, 0x0000000014330000)

Polling page: 0x0000000000130000

CodeCache: size=245760Kb used=4819Kb max_used=4837Kb free=240941Kb
 bounds [0x00000000026e0000, 0x0000000002bb0000, 0x00000000116e0000]
 total_blobs=1367 nmethods=1098 adapters=182
 compilation: enabled

Compilation events (10 events):
Event: 2.793 Thread 0x0000000054f26800 1117       2       com.android.dx.ssa.SsaMethod::onSourceChanged (65 bytes)
Event: 2.806 Thread 0x0000000054f26800 nmethod 1117 0x0000000002b674d0 code [0x0000000002b67660, 0x0000000002b679f8]
Event: 2.812 Thread 0x0000000054f25000 nmethod 1095 0x0000000002b83e50 code [0x0000000002b84000, 0x0000000002b849f8]
Event: 2.812 Thread 0x0000000054f25000 1099       4       com.android.dx.ssa.SCCP::simulatePhi (169 bytes)
Event: 2.877 Thread 0x0000000054f25000 nmethod 1099 0x0000000002b9b7d0 code [0x0000000002b9bae0, 0x0000000002b9e118]
Event: 2.877 Thread 0x0000000054f25000 1110       4       com.android.dx.ssa.ConstCollector$2::map (28 bytes)
Event: 2.879 Thread 0x0000000054f25000 nmethod 1110 0x0000000002b7a3d0 code [0x0000000002b7a520, 0x0000000002b7a828]
Event: 2.879 Thread 0x0000000054f25000 1092       4       com.android.dx.rop.type.Type::isCategory1 (36 bytes)
Event: 2.879 Thread 0x0000000054f25000 nmethod 1092 0x0000000002b14ed0 code [0x0000000002b15000, 0x0000000002b15078]
Event: 2.881 Thread 0x0000000054f25000 1118 %     4       com.android.dx.ssa.PhiInsn::mapSourceRegisters @ 8 (78 bytes)

GC Heap History (2 events):
Event: 2.166 GC heap before
{Heap before GC invocations=1 (full 0):
 PSYoungGen      total 38400K, used 33280K [0x00000000eab00000, 0x00000000ed580000, 0x0000000100000000)
  eden space 33280K, 100% used [0x00000000eab00000,0x00000000ecb80000,0x00000000ecb80000)
  from space 5120K, 0% used [0x00000000ed080000,0x00000000ed080000,0x00000000ed580000)
  to   space 5120K, 0% used [0x00000000ecb80000,0x00000000ecb80000,0x00000000ed080000)
 ParOldGen       total 87552K, used 0K [0x00000000c0000000, 0x00000000c5580000, 0x00000000eab00000)
  object space 87552K, 0% used [0x00000000c0000000,0x00000000c0000000,0x00000000c5580000)
 Metaspace       used 5701K, capacity 6768K, committed 7040K, reserved 1056768K
  class space    used 580K, capacity 616K, committed 640K, reserved 1048576K
Event: 2.306 GC heap after
Heap after GC invocations=1 (full 0):
 PSYoungGen      total 38400K, used 5111K [0x00000000eab00000, 0x00000000ef600000, 0x0000000100000000)
  eden space 33280K, 0% used [0x00000000eab00000,0x00000000eab00000,0x00000000ecb80000)
  from space 5120K, 99% used [0x00000000ecb80000,0x00000000ed07dff8,0x00000000ed080000)
  to   space 5120K, 0% used [0x00000000ef100000,0x00000000ef100000,0x00000000ef600000)
 ParOldGen       total 87552K, used 8391K [0x00000000c0000000, 0x00000000c5580000, 0x00000000eab00000)
  object space 87552K, 9% used [0x00000000c0000000,0x00000000c0831f68,0x00000000c5580000)
 Metaspace       used 5701K, capacity 6768K, committed 7040K, reserved 1056768K
  class space    used 580K, capacity 616K, committed 640K, reserved 1048576K
}

Deoptimization events (10 events):
Event: 1.755 Thread 0x0000000056b7b800 Uncommon trap: reason=unloaded action=reinterpret pc=0x00000000029461f8 method=com.android.dx.ssa.SsaRenamer$BlockRenamer.visitMoveInsn(Lcom/android/dx/ssa/NormalSsaInsn;)V @ 208
Event: 1.755 Thread 0x0000000056b7b800 Uncommon trap: reason=unstable_if action=reinterpret pc=0x00000000028cf75c method=java.util.HashMap.getNode(ILjava/lang/Object;)Ljava/util/HashMap$Node; @ 129
Event: 1.755 Thread 0x0000000056b7b800 Uncommon trap: reason=unstable_if action=reinterpret pc=0x00000000028a5b08 method=java.util.HashMap.getNode(ILjava/lang/Object;)Ljava/util/HashMap$Node; @ 129
Event: 1.997 Thread 0x0000000056b7b800 Uncommon trap: reason=class_check action=maybe_recompile pc=0x0000000002ae6388 method=com.android.dx.cf.code.BytecodeArray.parseInstruction(ILcom/android/dx/cf/code/BytecodeArray$Visitor;)I @ 1130
Event: 1.997 Thread 0x0000000056b7b800 Uncommon trap: reason=class_check action=maybe_recompile pc=0x0000000002ae6388 method=com.android.dx.cf.code.BytecodeArray.parseInstruction(ILcom/android/dx/cf/code/BytecodeArray$Visitor;)I @ 1130
Event: 1.997 Thread 0x0000000056b7b800 Uncommon trap: reason=class_check action=maybe_recompile pc=0x0000000002ae6388 method=com.android.dx.cf.code.BytecodeArray.parseInstruction(ILcom/android/dx/cf/code/BytecodeArray$Visitor;)I @ 1130
Event: 2.004 Thread 0x0000000056b7d000 Uncommon trap: reason=class_check action=maybe_recompile pc=0x0000000002ae6388 method=com.android.dx.cf.code.BytecodeArray.parseInstruction(ILcom/android/dx/cf/code/BytecodeArray$Visitor;)I @ 1130
Event: 2.159 Thread 0x0000000056b7b800 Uncommon trap: reason=class_check action=maybe_recompile pc=0x0000000002b04580 method=com.android.dx.cf.code.BytecodeArray.parseInstruction(ILcom/android/dx/cf/code/BytecodeArray$Visitor;)I @ 1287
Event: 2.159 Thread 0x0000000056b7b800 Uncommon trap: reason=class_check action=maybe_recompile pc=0x0000000002b04580 method=com.android.dx.cf.code.BytecodeArray.parseInstruction(ILcom/android/dx/cf/code/BytecodeArray$Visitor;)I @ 1287
Event: 2.572 Thread 0x000000000028e800 Uncommon trap: reason=unloaded action=reinterpret pc=0x0000000002b1e838 method=com.android.dx.cf.cst.ConstantPoolParser.parse0(ILjava/util/BitSet;)Lcom/android/dx/rop/cst/Constant; @ 198

Internal exceptions (2 events):
Event: 0.048 Thread 0x000000000028e800 Exception <a 'java/lang/NoSuchMethodError': Method sun.misc.Unsafe.defineClass(Ljava/lang/String;[BII)Ljava/lang/Class; name or signature does not match> (0x00000000eab0d318) thrown at [C:\re\workspace\8-2-build-windows-amd64-cygwin\jdk8u51\3951\hotspot\sr‚å~æ}¨?
Event: 0.048 Thread 0x000000000028e800 Exception <a 'java/lang/NoSuchMethodError': Method sun.misc.Unsafe.prefetchRead(Ljava/lang/Object;J)V name or signature does not match> (0x00000000eab0d5a8) thrown at [C:\re\workspace\8-2-build-windows-amd64-cygwin\jdk8u51\3951\hotspot\src\share\vm\prims\j

Events (10 events):
Event: 2.560 Executing VM operation: Deoptimize done
Event: 2.569 loading class com/android/dx/util/ListIntSet$1
Event: 2.569 loading class com/android/dx/util/ListIntSet$1 done
Event: 2.572 Thread 0x000000000028e800 Uncommon trap: trap_request=0x000000d0 fr.pc=0x0000000002b1e838
Event: 2.572 Thread 0x000000000028e800 DEOPT PACKING pc=0x0000000002b1e838 sp=0x000000000240e3c0
Event: 2.572 Thread 0x000000000028e800 DEOPT UNPACKING pc=0x000000000272582a sp=0x000000000240e408 mode 2
Event: 2.576 loading class com/android/dx/cf/direct/DirectClassFile$DcfTypeList
Event: 2.576 loading class com/android/dx/cf/direct/DirectClassFile$DcfTypeList done
Event: 2.790 Thread 0x0000000056b7b800 DEOPT PACKING pc=0x0000000002b681da sp=0x000000005736e670
Event: 2.790 Thread 0x0000000056b7b800 DEOPT UNPACKING pc=0x000000000272787f sp=0x000000005736e418 mode 0


Dynamic libraries:
0x000000013f6a0000 - 0x000000013f6d7000 	C:\java\jdk8u51\bin\java.exe
0x0000000077b00000 - 0x0000000077caa000 	C:\Windows\SYSTEM32\ntdll.dll
0x00000000778e0000 - 0x00000000779ff000 	C:\Windows\system32\kernel32.dll
0x000007fefdbb0000 - 0x000007fefdc1a000 	C:\Windows\system32\KERNELBASE.dll
0x000007feffd30000 - 0x000007feffe0b000 	C:\Windows\system32\ADVAPI32.dll
0x000007fefef40000 - 0x000007fefefdf000 	C:\Windows\system32\msvcrt.dll
0x000007feffd10000 - 0x000007feffd2f000 	C:\Windows\SYSTEM32\sechost.dll
0x000007feff180000 - 0x000007feff2ad000 	C:\Windows\system32\RPCRT4.dll
0x0000000077a00000 - 0x0000000077afa000 	C:\Windows\system32\USER32.dll
0x000007fefecf0000 - 0x000007fefed57000 	C:\Windows\system32\GDI32.dll
0x000007feff5c0000 - 0x000007feff5ce000 	C:\Windows\system32\LPK.dll
0x000007fefee70000 - 0x000007fefef3a000 	C:\Windows\system32\USP10.dll
0x000007fefc190000 - 0x000007fefc384000 	C:\Windows\WinSxS\amd64_microsoft.windows.common-controls_6595b64144ccf1df_6.0.7601.18837_none_fa3b1e3d17594757\COMCTL32.dll
0x000007feff2e0000 - 0x000007feff351000 	C:\Windows\system32\SHLWAPI.dll
0x000007feff2b0000 - 0x000007feff2de000 	C:\Windows\system32\IMM32.DLL
0x000007fefed60000 - 0x000007fefee69000 	C:\Windows\system32\MSCTF.dll
0x0000000067770000 - 0x0000000067842000 	C:\java\jdk8u51\jre\bin\msvcr100.dll
0x0000000061dc0000 - 0x0000000062643000 	C:\java\jdk8u51\jre\bin\server\jvm.dll
0x000007fef9cf0000 - 0x000007fef9cf9000 	C:\Windows\system32\WSOCK32.dll
0x000007fefeca0000 - 0x000007fefeced000 	C:\Windows\system32\WS2_32.dll
0x000007feff670000 - 0x000007feff678000 	C:\Windows\system32\NSI.dll
0x000007fefaad0000 - 0x000007fefab0b000 	C:\Windows\system32\WINMM.dll
0x000007fefcb00000 - 0x000007fefcb0c000 	C:\Windows\system32\VERSION.dll
0x0000000077cc0000 - 0x0000000077cc7000 	C:\Windows\system32\PSAPI.DLL
0x0000000071bc0000 - 0x0000000071bcf000 	C:\java\jdk8u51\jre\bin\verify.dll
0x0000000071b30000 - 0x0000000071b59000 	C:\java\jdk8u51\jre\bin\java.dll
0x0000000071ba0000 - 0x0000000071bb6000 	C:\java\jdk8u51\jre\bin\zip.dll
0x000007fefdf10000 - 0x000007fefec99000 	C:\Windows\system32\SHELL32.dll
0x000007feff680000 - 0x000007feff883000 	C:\Windows\system32\ole32.dll
0x000007fefd880000 - 0x000007fefd88f000 	C:\Windows\system32\profapi.dll

VM Arguments:
jvm_args: -Djava.awt.headless=true -Xmx1024M -Dfile.encoding=windows-1252 -Duser.country=GB -Duser.language=en -Duser.variant 
java_command: com.android.dx.command.Main --dex --force-jumbo --num-threads=4 --multi-dex --output C:\Users\dineen\Desktop\Android_Dictionary-master\app\build\intermediates\transforms\dex\debug\folders\1000\5\slice_7 C:\Users\dineen\Desktop\Android_Dictionary-master\app\build\intermediates\transforms\instantRunSlicer\debug\folders\1\5\slice_7
java_class_path (initial): C:\AndroidSDK\build-tools\23.0.3\lib\dx.jar
Launcher Type: SUN_STANDARD

Environment Variables:
JAVA_HOME=C:\java\jdk8u51
PATH=C:\Program Files (x86)\Intel\iCLS Client\;C:\Program Files\Intel\iCLS Client\;C:\ProgramData\Oracle\Java\javapath;C:\Windows\system32;C:\Windows;C:\Windows\System32\Wbem;C:\Windows\System32\WindowsPowerShell\v1.0\;C:\Program Files (x86)\AMD\ATI.ACE\Core-Static;C:\java\jdk8u51\bin;C:\Program Files (x86)\Windows Kits\8.1\Windows Performance Toolkit\;C:\Program Files\Microsoft SQL Server\110\Tools\Binn\;C:\Program Files (x86)\Microsoft SDKs\TypeScript\1.0\;C:\Program Files\Microsoft SQL Server\120\Tools\Binn\;C:\Program Files\Intel\Intel(R) Management Engine Components\DAL;C:\Program Files\Intel\Intel(R) Management Engine Components\IPT;C:\Program Files (x86)\Intel\Intel(R) Management Engine Components\DAL;C:\Program Files (x86)\Intel\Intel(R) Management Engine Components\IPT
USERNAME=dineen
OS=Windows_NT
PROCESSOR_IDENTIFIER=Intel64 Family 6 Model 58 Stepping 9, GenuineIntel



---------------  S Y S T E M  ---------------

OS: Windows 7 , 64 bit Build 7601 (6.1.7601.23418)

CPU:total 4 (4 cores per cpu, 1 threads per core) family 6 model 58 stepping 9, cmov, cx8, fxsr, mmx, sse, sse2, sse3, ssse3, sse4.1, sse4.2, popcnt, avx, aes, clmul, erms, tsc, tscinvbit, tscinv

Memory: 4k page, physical 8342068k(1042840k free), swap 10437360k(5168k free)

vm_info: Java HotSpot(TM) 64-Bit Server VM (25.51-b03) for windows-amd64 JRE (1.8.0_51-b16), built on Jun  8 2015 18:03:07 by "java_re" with MS VC++ 10.0 (VS2010)

time: Fri Jun 10 11:45:00 2016
elapsed time: 2 seconds (0d 0h 0m 2s)

