#
# There is insufficient memory for the Java Runtime Environment to continue.
# Native memory allocation (malloc) failed to allocate 133616 bytes for Chunk::new
# Possible reasons:
#   The system is out of physical RAM or swap space
#   In 32 bit mode, the process size limit was hit
# Possible solutions:
#   Reduce memory load on the system
#   Increase physical memory or swap space
#   Check if swap backing store is full
#   Use 64 bit Java on a 64 bit OS
#   Decrease Java heap size (-Xmx/-Xms)
#   Decrease number of Java threads
#   Decrease Java thread stack sizes (-Xss)
#   Set larger code cache with -XX:ReservedCodeCacheSize=
# This output file may be truncated or incomplete.
#
#  Out of Memory Error (allocation.cpp:390), pid=4924, tid=4668
#
# JRE version: Java(TM) SE Runtime Environment (8.0_51-b16) (build 1.8.0_51-b16)
# Java VM: Java HotSpot(TM) 64-Bit Server VM (25.51-b03 mixed mode windows-amd64 compressed oops)
# Failed to write core dump. Minidumps are not enabled by default on client versions of Windows
#

---------------  T H R E A D  ---------------

Current thread (0x000000005508e000):  JavaThread "C2 CompilerThread0" daemon [_thread_in_native, id=4668, stack(0x00000000567d0000,0x00000000568d0000)]

Stack: [0x00000000567d0000,0x00000000568d0000]
Native frames: (J=compiled Java code, j=interpreted, Vv=VM code, C=native code)
V  [jvm.dll+0x32b4ca]


Current CompileTask:
C2:   3984 1242   !   4       com.android.dx.rop.code.RegisterSpec::intern (70 bytes)


---------------  P R O C E S S  ---------------

Java Threads: ( => current thread )
  0x0000000056d02000 JavaThread "pool-2-thread-4" [_thread_in_Java, id=4028, stack(0x00000000572c0000,0x00000000573c0000)]
  0x0000000056cff000 JavaThread "pool-2-thread-3" [_thread_blocked, id=1012, stack(0x0000000057910000,0x0000000057a10000)]
  0x0000000056bed000 JavaThread "pool-2-thread-2" [_thread_blocked, id=3740, stack(0x0000000057760000,0x0000000057860000)]
  0x0000000056bb6800 JavaThread "pool-3-thread-1" [_thread_blocked, id=4184, stack(0x00000000575c0000,0x00000000576c0000)]
  0x0000000056bb5800 JavaThread "pool-2-thread-1" [_thread_blocked, id=5496, stack(0x0000000057460000,0x0000000057560000)]
  0x0000000056ac7800 JavaThread "Service Thread" daemon [_thread_blocked, id=5472, stack(0x0000000056fd0000,0x00000000570d0000)]
  0x0000000056a4d000 JavaThread "C1 CompilerThread2" daemon [_thread_blocked, id=6096, stack(0x0000000056ed0000,0x0000000056fd0000)]
  0x0000000055097000 JavaThread "C2 CompilerThread1" daemon [_thread_in_native, id=2432, stack(0x0000000056940000,0x0000000056a40000)]
=>0x000000005508e000 JavaThread "C2 CompilerThread0" daemon [_thread_in_native, id=4668, stack(0x00000000567d0000,0x00000000568d0000)]
  0x000000005509e800 JavaThread "Attach Listener" daemon [_thread_blocked, id=3772, stack(0x0000000056260000,0x0000000056360000)]
  0x000000005509d000 JavaThread "Signal Dispatcher" daemon [_thread_blocked, id=2708, stack(0x0000000056610000,0x0000000056710000)]
  0x0000000055037000 JavaThread "Finalizer" daemon [_thread_blocked, id=5632, stack(0x00000000564d0000,0x00000000565d0000)]
  0x0000000055030000 JavaThread "Reference Handler" daemon [_thread_blocked, id=5516, stack(0x00000000563a0000,0x00000000564a0000)]
  0x000000000213e800 JavaThread "main" [_thread_blocked, id=5832, stack(0x0000000002300000,0x0000000002400000)]

Other Threads:
  0x000000005502a800 VMThread [stack: 0x00000000560d0000,0x00000000561d0000] [id=6092]
  0x0000000056ad1000 WatcherThread [stack: 0x00000000571c0000,0x00000000572c0000] [id=3980]

VM state:not at safepoint (normal execution)

VM Mutex/Monitor currently owned by a thread: None

Heap:
 PSYoungGen      total 38400K, used 16199K [0x00000000eab00000, 0x00000000ef600000, 0x0000000100000000)
  eden space 33280K, 33% used [0x00000000eab00000,0x00000000eb5d4f30,0x00000000ecb80000)
  from space 5120K, 99% used [0x00000000ecb80000,0x00000000ed07cd30,0x00000000ed080000)
  to   space 5120K, 0% used [0x00000000ef100000,0x00000000ef100000,0x00000000ef600000)
 ParOldGen       total 87552K, used 1173K [0x00000000c0000000, 0x00000000c5580000, 0x00000000eab00000)
  object space 87552K, 1% used [0x00000000c0000000,0x00000000c0125438,0x00000000c5580000)
 Metaspace       used 5850K, capacity 6896K, committed 7040K, reserved 1056768K
  class space    used 584K, capacity 616K, committed 640K, reserved 1048576K

Card table byte_map: [0x0000000011b30000,0x0000000011d40000] byte_map_base: 0x0000000011530000

Marking Bits: (ParMarkBitMap*) 0x000000006fc84040
 Begin Bits: [0x00000000124a0000, 0x00000000134a0000)
 End Bits:   [0x00000000134a0000, 0x00000000144a0000)

Polling page: 0x0000000000230000

CodeCache: size=245760Kb used=4966Kb max_used=4971Kb free=240793Kb
 bounds [0x0000000002770000, 0x0000000002c50000, 0x0000000011770000]
 total_blobs=1501 nmethods=1230 adapters=182
 compilation: enabled

Compilation events (10 events):
Event: 3.954 Thread 0x0000000056a4d000 1239       3       com.android.dx.cf.code.Ropper::addExceptionSetupBlocks (203 bytes)
Event: 3.955 Thread 0x0000000056a4d000 nmethod 1239 0x0000000002c48550 code [0x0000000002c48960, 0x0000000002c4adf8]
Event: 3.955 Thread 0x0000000056a4d000 1238       3       com.android.dx.rop.code.Rops::opMoveParam (69 bytes)
Event: 3.956 Thread 0x0000000056a4d000 nmethod 1238 0x0000000002c4ca50 code [0x0000000002c4cc80, 0x0000000002c4d838]
Event: 3.956 Thread 0x0000000056a4d000 1240       3       com.android.dx.dex.file.Section::validateAlignment (23 bytes)
Event: 3.956 Thread 0x0000000056a4d000 nmethod 1240 0x0000000002c4ddd0 code [0x0000000002c4df40, 0x0000000002c4e1a8]
Event: 3.966 Thread 0x000000005508e000 

Event: 3.966 Thread 0x000000005508e000 1225       4       com.android.dx.rop.code.RegisterSpec$ForComparison::equals (31 bytes)
Event: 3.970 Thread 0x000000005508e000 

Event: 3.970 Thread 0x000000005508e000 1242   !   4       com.android.dx.rop.code.RegisterSpec::intern (70 bytes)

GC Heap History (2 events):
Event: 3.796 GC heap before
{Heap before GC invocations=1 (full 0):
 PSYoungGen      total 38400K, used 33280K [0x00000000eab00000, 0x00000000ed580000, 0x0000000100000000)
  eden space 33280K, 100% used [0x00000000eab00000,0x00000000ecb80000,0x00000000ecb80000)
  from space 5120K, 0% used [0x00000000ed080000,0x00000000ed080000,0x00000000ed580000)
  to   space 5120K, 0% used [0x00000000ecb80000,0x00000000ecb80000,0x00000000ed080000)
 ParOldGen       total 87552K, used 0K [0x00000000c0000000, 0x00000000c5580000, 0x00000000eab00000)
  object space 87552K, 0% used [0x00000000c0000000,0x00000000c0000000,0x00000000c5580000)
 Metaspace       used 5794K, capacity 6832K, committed 7040K, reserved 1056768K
  class space    used 584K, capacity 616K, committed 640K, reserved 1048576K
Event: 3.909 GC heap after
Heap after GC invocations=1 (full 0):
 PSYoungGen      total 38400K, used 5107K [0x00000000eab00000, 0x00000000ef600000, 0x0000000100000000)
  eden space 33280K, 0% used [0x00000000eab00000,0x00000000eab00000,0x00000000ecb80000)
  from space 5120K, 99% used [0x00000000ecb80000,0x00000000ed07cd30,0x00000000ed080000)
  to   space 5120K, 0% used [0x00000000ef100000,0x00000000ef100000,0x00000000ef600000)
 ParOldGen       total 87552K, used 1173K [0x00000000c0000000, 0x00000000c5580000, 0x00000000eab00000)
  object space 87552K, 1% used [0x00000000c0000000,0x00000000c0125438,0x00000000c5580000)
 Metaspace       used 5794K, capacity 6832K, committed 7040K, reserved 1056768K
  class space    used 584K, capacity 616K, committed 640K, reserved 1048576K
}

Deoptimization events (9 events):
Event: 1.511 Thread 0x000000000213e800 Uncommon trap: reason=unstable_if action=reinterpret pc=0x00000000028b9304 method=java.lang.String.indexOf(II)I @ 49
Event: 2.941 Thread 0x0000000056d02000 Uncommon trap: reason=unstable_if action=reinterpret pc=0x00000000029b3368 method=java.util.BitSet.ensureCapacity(I)V @ 6
Event: 3.143 Thread 0x0000000056d02000 Uncommon trap: reason=null_check action=make_not_entrant pc=0x0000000002a79408 method=com.android.dx.ssa.SsaRenamer.getLocalForNewReg(I)Lcom/android/dx/rop/code/LocalItem; @ 19
Event: 3.488 Thread 0x0000000056d02000 Uncommon trap: reason=class_check action=maybe_recompile pc=0x0000000002ad1b1c method=com.android.dx.ssa.NormalSsaInsn.accept(Lcom/android/dx/ssa/SsaInsn$Visitor;)V @ 9
Event: 3.488 Thread 0x0000000056d02000 Uncommon trap: reason=class_check action=maybe_recompile pc=0x0000000002ad1b1c method=com.android.dx.ssa.NormalSsaInsn.accept(Lcom/android/dx/ssa/SsaInsn$Visitor;)V @ 9
Event: 3.688 Thread 0x0000000056bed000 Uncommon trap: reason=unstable_if action=reinterpret pc=0x0000000002b67410 method=com.android.dx.util.IntList.binarysearch(I)I @ 26
Event: 3.725 Thread 0x0000000056bed000 Uncommon trap: reason=unstable_if action=reinterpret pc=0x0000000002aa64dc method=com.android.dx.rop.code.RegisterSpec.equals(ILcom/android/dx/rop/type/TypeBearer;Lcom/android/dx/rop/code/LocalItem;)Z @ 16
Event: 3.725 Thread 0x0000000056bed000 Uncommon trap: reason=unstable_if action=reinterpret pc=0x0000000002a963b0 method=com.android.dx.rop.code.RegisterSpec.equals(ILcom/android/dx/rop/type/TypeBearer;Lcom/android/dx/rop/code/LocalItem;)Z @ 16
Event: 3.948 Thread 0x0000000056bed000 Uncommon trap: reason=unstable_if action=reinterpret pc=0x0000000002bcace4 method=com.android.dx.util.IntList.binarysearch(I)I @ 26

Internal exceptions (3 events):
Event: 0.103 Thread 0x000000000213e800 Exception <a 'java/lang/NoSuchMethodError': Method sun.misc.Unsafe.defineClass(Ljava/lang/String;[BII)Ljava/lang/Class; name or signature does not match> (0x00000000eab0d558) thrown at [C:\re\workspace\8-2-build-windows-amd64-cygwin\jdk8u51\3951\hotspot\sr&ëÿ'Bº?
Event: 0.103 Thread 0x000000000213e800 Exception <a 'java/lang/NoSuchMethodError': Method sun.misc.Unsafe.prefetchRead(Ljava/lang/Object;J)V name or signature does not match> (0x00000000eab0d7e8) thrown at [C:\re\workspace\8-2-build-windows-amd64-cygwin\jdk8u51\3951\hotspot\src\share\vm\prims\jw›*Ë‘%	@
Event: 3.143 Thread 0x0000000056d02000 Implicit null exception at 0x0000000002a76e6c to 0x0000000002a793e9

Events (10 events):
Event: 3.725 Thread 0x0000000056bed000 DEOPT PACKING pc=0x0000000002aa64dc sp=0x000000005785e250
Event: 3.725 Thread 0x0000000056bed000 DEOPT UNPACKING pc=0x00000000027b582a sp=0x000000005785dfd8 mode 2
Event: 3.725 Thread 0x0000000056bed000 Uncommon trap: trap_request=0xffffff65 fr.pc=0x0000000002a963b0
Event: 3.726 Thread 0x0000000056bed000 DEOPT PACKING pc=0x0000000002a963b0 sp=0x000000005785e100
Event: 3.726 Thread 0x0000000056bed000 DEOPT UNPACKING pc=0x00000000027b582a sp=0x000000005785e088 mode 2
Event: 3.737 Executing VM operation: ParallelGCFailedAllocation
Event: 3.909 Executing VM operation: ParallelGCFailedAllocation done
Event: 3.948 Thread 0x0000000056bed000 Uncommon trap: trap_request=0xffffff65 fr.pc=0x0000000002bcace4
Event: 3.948 Thread 0x0000000056bed000 DEOPT PACKING pc=0x0000000002bcace4 sp=0x000000005785ec40
Event: 3.948 Thread 0x0000000056bed000 DEOPT UNPACKING pc=0x00000000027b582a sp=0x000000005785ea80 mode 2


Dynamic libraries:
0x000000013f130000 - 0x000000013f167000 	C:\java\jdk8u51\bin\java.exe
0x00000000774e0000 - 0x000000007768a000 	C:\Windows\SYSTEM32\ntdll.dll
0x00000000772c0000 - 0x00000000773df000 	C:\Windows\system32\kernel32.dll
0x000007fefd540000 - 0x000007fefd5aa000 	C:\Windows\system32\KERNELBASE.dll
0x000007fefeea0000 - 0x000007fefef7b000 	C:\Windows\system32\ADVAPI32.dll
0x000007fefee00000 - 0x000007fefee9f000 	C:\Windows\system32\msvcrt.dll
0x000007fefed60000 - 0x000007fefed7f000 	C:\Windows\SYSTEM32\sechost.dll
0x000007feff190000 - 0x000007feff2bd000 	C:\Windows\system32\RPCRT4.dll
0x00000000773e0000 - 0x00000000774da000 	C:\Windows\system32\USER32.dll
0x000007fefda70000 - 0x000007fefdad7000 	C:\Windows\system32\GDI32.dll
0x000007fefebe0000 - 0x000007fefebee000 	C:\Windows\system32\LPK.dll
0x000007fefd630000 - 0x000007fefd6fa000 	C:\Windows\system32\USP10.dll
0x000007fefbb70000 - 0x000007fefbd64000 	C:\Windows\WinSxS\amd64_microsoft.windows.common-controls_6595b64144ccf1df_6.0.7601.18837_none_fa3b1e3d17594757\COMCTL32.dll
0x000007fefed80000 - 0x000007fefedf1000 	C:\Windows\system32\SHLWAPI.dll
0x000007feff530000 - 0x000007feff55e000 	C:\Windows\system32\IMM32.DLL
0x000007feff3a0000 - 0x000007feff4a9000 	C:\Windows\system32\MSCTF.dll
0x0000000069740000 - 0x0000000069812000 	C:\java\jdk8u51\jre\bin\msvcr100.dll
0x000000006f480000 - 0x000000006fd03000 	C:\java\jdk8u51\jre\bin\server\jvm.dll
0x000007fef9330000 - 0x000007fef9339000 	C:\Windows\system32\WSOCK32.dll
0x000007fefec10000 - 0x000007fefec5d000 	C:\Windows\system32\WS2_32.dll
0x000007fefd620000 - 0x000007fefd628000 	C:\Windows\system32\NSI.dll
0x000007fefac30000 - 0x000007fefac6b000 	C:\Windows\system32\WINMM.dll
0x000007fefc350000 - 0x000007fefc35c000 	C:\Windows\system32\VERSION.dll
0x00000000776b0000 - 0x00000000776b7000 	C:\Windows\system32\PSAPI.DLL
0x00000000748e0000 - 0x00000000748ef000 	C:\java\jdk8u51\jre\bin\verify.dll
0x00000000748b0000 - 0x00000000748d9000 	C:\java\jdk8u51\jre\bin\java.dll
0x0000000074890000 - 0x00000000748a6000 	C:\java\jdk8u51\jre\bin\zip.dll
0x000007fefdae0000 - 0x000007fefe869000 	C:\Windows\system32\SHELL32.dll
0x000007fefef80000 - 0x000007feff183000 	C:\Windows\system32\ole32.dll
0x000007fefd270000 - 0x000007fefd27f000 	C:\Windows\system32\profapi.dll

VM Arguments:
jvm_args: -Djava.awt.headless=true -Xmx1024M -Dfile.encoding=windows-1252 -Duser.country=GB -Duser.language=en -Duser.variant 
java_command: com.android.dx.command.Main --dex --force-jumbo --num-threads=4 --multi-dex --output C:\Users\dineen\Desktop\14-06-16\Ancien_Dico_Stage\app\build\intermediates\transforms\dex\debug\folders\1000\5\slice_3 C:\Users\dineen\Desktop\14-06-16\Ancien_Dico_Stage\app\build\intermediates\transforms\instantRunSlicer\debug\folders\1\5\slice_3
java_class_path (initial): C:\AndroidSDK\build-tools\23.0.3\lib\dx.jar
Launcher Type: SUN_STANDARD

Environment Variables:
JAVA_HOME=C:\java\jdk8u51
PATH=C:\Program Files (x86)\Intel\iCLS Client\;C:\Program Files\Intel\iCLS Client\;C:\ProgramData\Oracle\Java\javapath;C:\Windows\system32;C:\Windows;C:\Windows\System32\Wbem;C:\Windows\System32\WindowsPowerShell\v1.0\;C:\Program Files (x86)\AMD\ATI.ACE\Core-Static;C:\java\jdk8u51\bin;C:\Program Files (x86)\Windows Kits\8.1\Windows Performance Toolkit\;C:\Program Files\Microsoft SQL Server\110\Tools\Binn\;C:\Program Files (x86)\Microsoft SDKs\TypeScript\1.0\;C:\Program Files\Microsoft SQL Server\120\Tools\Binn\;C:\Program Files\Intel\Intel(R) Management Engine Components\DAL;C:\Program Files\Intel\Intel(R) Management Engine Components\IPT;C:\Program Files (x86)\Intel\Intel(R) Management Engine Components\DAL;C:\Program Files (x86)\Intel\Intel(R) Management Engine Components\IPT;C:\Program Files\Git\cmd
USERNAME=dineen
OS=Windows_NT
PROCESSOR_IDENTIFIER=Intel64 Family 6 Model 58 Stepping 9, GenuineIntel



---------------  S Y S T E M  ---------------

OS: Windows 7 , 64 bit Build 7601 (6.1.7601.23418)

CPU:total 4 (4 cores per cpu, 1 threads per core) family 6 model 58 stepping 9, cmov, cx8, fxsr, mmx, sse, sse2, sse3, ssse3, sse4.1, sse4.2, popcnt, avx, aes, clmul, erms, tsc, tscinvbit, tscinv

Memory: 4k page, physical 8342068k(1014764k free), swap 10437360k(4940k free)

vm_info: Java HotSpot(TM) 64-Bit Server VM (25.51-b03) for windows-amd64 JRE (1.8.0_51-b16), built on Jun  8 2015 18:03:07 by "java_re" with MS VC++ 10.0 (VS2010)

time: Wed Jun 15 10:59:36 2016
elapsed time: 3 seconds (0d 0h 0m 3s)

