#
# There is insufficient memory for the Java Runtime Environment to continue.
# Native memory allocation (malloc) failed to allocate 633296 bytes for Chunk::new
# Possible reasons:
#   The system is out of physical RAM or swap space
#   In 32 bit mode, the process size limit was hit
# Possible solutions:
#   Reduce memory load on the system
#   Increase physical memory or swap space
#   Check if swap backing store is full
#   Use 64 bit Java on a 64 bit OS
#   Decrease Java heap size (-Xmx/-Xms)
#   Decrease number of Java threads
#   Decrease Java thread stack sizes (-Xss)
#   Set larger code cache with -XX:ReservedCodeCacheSize=
# This output file may be truncated or incomplete.
#
#  Out of Memory Error (allocation.cpp:390), pid=4768, tid=5904
#
# JRE version: Java(TM) SE Runtime Environment (8.0_51-b16) (build 1.8.0_51-b16)
# Java VM: Java HotSpot(TM) 64-Bit Server VM (25.51-b03 mixed mode windows-amd64 compressed oops)
# Failed to write core dump. Minidumps are not enabled by default on client versions of Windows
#

---------------  T H R E A D  ---------------

Current thread (0x0000000054ff0800):  JavaThread "C2 CompilerThread0" daemon [_thread_in_native, id=5904, stack(0x00000000566d0000,0x00000000567d0000)]

Stack: [0x00000000566d0000,0x00000000567d0000],  sp=0x00000000567cb9a8,  free space=1006k
Native frames: (J=compiled Java code, j=interpreted, Vv=VM code, C=native code)
V  [jvm.dll+0x32b4ca]


Current CompileTask:
C2:   2566 1420       4       com.android.dx.ssa.SCCP::simulateStmt (481 bytes)


---------------  P R O C E S S  ---------------

Java Threads: ( => current thread )
  0x0000000056e10000 JavaThread "pool-1-thread-4" [_thread_blocked, id=5708, stack(0x00000000578e0000,0x00000000579e0000)]
  0x0000000056e09800 JavaThread "pool-1-thread-3" [_thread_blocked, id=5028, stack(0x00000000576c0000,0x00000000577c0000)]
  0x0000000056dbf800 JavaThread "pool-1-thread-2" [_thread_blocked, id=2868, stack(0x0000000057560000,0x0000000057660000)]
  0x0000000056d16000 JavaThread "pool-2-thread-1" [_thread_blocked, id=3092, stack(0x0000000056810000,0x0000000056910000)]
  0x0000000056d13800 JavaThread "pool-1-thread-1" [_thread_blocked, id=5384, stack(0x00000000572c0000,0x00000000573c0000)]
  0x0000000054ff9800 JavaThread "Service Thread" daemon [_thread_blocked, id=5776, stack(0x0000000056f70000,0x0000000057070000)]
  0x0000000054ff7000 JavaThread "C1 CompilerThread2" daemon [_thread_blocked, id=2980, stack(0x00000000569b0000,0x0000000056ab0000)]
  0x0000000054ff5800 JavaThread "C2 CompilerThread1" daemon [_thread_in_native, id=5368, stack(0x0000000055f20000,0x0000000056020000)]
=>0x0000000054ff0800 JavaThread "C2 CompilerThread0" daemon [_thread_in_native, id=5904, stack(0x00000000566d0000,0x00000000567d0000)]
  0x0000000054ffe800 JavaThread "Attach Listener" daemon [_thread_blocked, id=5644, stack(0x0000000056570000,0x0000000056670000)]
  0x0000000054ffd800 JavaThread "Signal Dispatcher" daemon [_thread_blocked, id=3152, stack(0x00000000562e0000,0x00000000563e0000)]
  0x0000000054f91800 JavaThread "Finalizer" daemon [_thread_blocked, id=5528, stack(0x00000000563e0000,0x00000000564e0000)]
  0x0000000054f90000 JavaThread "Reference Handler" daemon [_thread_blocked, id=5136, stack(0x00000000561b0000,0x00000000562b0000)]
  0x000000000208e800 JavaThread "main" [_thread_blocked, id=5964, stack(0x00000000022c0000,0x00000000023c0000)]

Other Threads:
  0x0000000054f8a800 VMThread [stack: 0x0000000056070000,0x0000000056170000] [id=5628]
  0x0000000056ab3800 WatcherThread [stack: 0x00000000570d0000,0x00000000571d0000] [id=2244]

VM state:not at safepoint (normal execution)

VM Mutex/Monitor currently owned by a thread: None

Heap:
 PSYoungGen      total 38400K, used 14104K [0x00000000eab00000, 0x00000000ef600000, 0x0000000100000000)
  eden space 33280K, 27% used [0x00000000eab00000,0x00000000eb3cceb0,0x00000000ecb80000)
  from space 5120K, 99% used [0x00000000ecb80000,0x00000000ed079428,0x00000000ed080000)
  to   space 5120K, 0% used [0x00000000ef100000,0x00000000ef100000,0x00000000ef600000)
 ParOldGen       total 87552K, used 574K [0x00000000c0000000, 0x00000000c5580000, 0x00000000eab00000)
  object space 87552K, 0% used [0x00000000c0000000,0x00000000c008fad0,0x00000000c5580000)
 Metaspace       used 6026K, capacity 6960K, committed 7040K, reserved 1056768K
  class space    used 591K, capacity 616K, committed 640K, reserved 1048576K

Card table byte_map: [0x0000000011a50000,0x0000000011c60000] byte_map_base: 0x0000000011450000

Marking Bits: (ParMarkBitMap*) 0x0000000065a84040
 Begin Bits: [0x0000000012400000, 0x0000000013400000)
 End Bits:   [0x0000000013400000, 0x0000000014400000)

Polling page: 0x0000000002070000

CodeCache: size=245760Kb used=5638Kb max_used=5649Kb free=240122Kb
 bounds [0x0000000002690000, 0x0000000002c20000, 0x0000000011690000]
 total_blobs=1686 nmethods=1417 adapters=182
 compilation: enabled

Compilation events (10 events):
Event: 2.536 Thread 0x0000000054ff7000 1416       3       com.android.dx.rop.annotation.Annotations::add (75 bytes)
Event: 2.536 Thread 0x0000000054ff7000 nmethod 1416 0x0000000002c14610 code [0x0000000002c14880, 0x0000000002c15768]
Event: 2.537 Thread 0x0000000054ff7000 1417       3       java.util.concurrent.locks.AbstractQueuedSynchronizer$Node::predecessor (19 bytes)
Event: 2.537 Thread 0x0000000054ff7000 nmethod 1417 0x0000000002c14190 code [0x0000000002c14300, 0x0000000002c14548]
Event: 2.537 Thread 0x0000000054ff7000 1418       3       com.android.dx.ssa.back.SsaToRop::verifyValidExitPredecessor (53 bytes)
Event: 2.538 Thread 0x0000000054ff5800 1419   !   4       com.android.dx.cf.code.BaseMachine::arg (36 bytes)
Event: 2.538 Thread 0x0000000054ff7000 nmethod 1418 0x0000000002c132d0 code [0x0000000002c134c0, 0x0000000002c13cd8]
Event: 2.538 Thread 0x0000000054ff5800 nmethod 1419 0x0000000002c0f2d0 code [0x0000000002c0f400, 0x0000000002c0f498]
Event: 2.538 Thread 0x0000000054ff0800 1420       4       com.android.dx.ssa.SCCP::simulateStmt (481 bytes)
Event: 2.539 Thread 0x0000000054ff5800 1421       4       com.android.dx.ssa.back.FirstFitLocalCombiningAllocator$1::visitNonMoveInsn (6 bytes)

GC Heap History (2 events):
Event: 1.996 GC heap before
{Heap before GC invocations=1 (full 0):
 PSYoungGen      total 38400K, used 33280K [0x00000000eab00000, 0x00000000ed580000, 0x0000000100000000)
  eden space 33280K, 100% used [0x00000000eab00000,0x00000000ecb80000,0x00000000ecb80000)
  from space 5120K, 0% used [0x00000000ed080000,0x00000000ed080000,0x00000000ed580000)
  to   space 5120K, 0% used [0x00000000ecb80000,0x00000000ecb80000,0x00000000ed080000)
 ParOldGen       total 87552K, used 0K [0x00000000c0000000, 0x00000000c5580000, 0x00000000eab00000)
  object space 87552K, 0% used [0x00000000c0000000,0x00000000c0000000,0x00000000c5580000)
 Metaspace       used 5985K, capacity 6960K, committed 7040K, reserved 1056768K
  class space    used 591K, capacity 616K, committed 640K, reserved 1048576K
Event: 2.038 GC heap after
Heap after GC invocations=1 (full 0):
 PSYoungGen      total 38400K, used 5093K [0x00000000eab00000, 0x00000000ef600000, 0x0000000100000000)
  eden space 33280K, 0% used [0x00000000eab00000,0x00000000eab00000,0x00000000ecb80000)
  from space 5120K, 99% used [0x00000000ecb80000,0x00000000ed079428,0x00000000ed080000)
  to   space 5120K, 0% used [0x00000000ef100000,0x00000000ef100000,0x00000000ef600000)
 ParOldGen       total 87552K, used 574K [0x00000000c0000000, 0x00000000c5580000, 0x00000000eab00000)
  object space 87552K, 0% used [0x00000000c0000000,0x00000000c008fad0,0x00000000c5580000)
 Metaspace       used 5985K, capacity 6960K, committed 7040K, reserved 1056768K
  class space    used 591K, capacity 616K, committed 640K, reserved 1048576K
}

Deoptimization events (9 events):
Event: 0.712 Thread 0x000000000208e800 Uncommon trap: reason=unstable_if action=reinterpret pc=0x00000000027eda40 method=java.lang.String.indexOf(II)I @ 49
Event: 1.335 Thread 0x0000000056d13800 Uncommon trap: reason=unstable_if action=reinterpret pc=0x00000000028c8608 method=java.util.HashMap.getNode(ILjava/lang/Object;)Ljava/util/HashMap$Node; @ 129
Event: 1.515 Thread 0x0000000056d13800 Uncommon trap: reason=bimorphic action=maybe_recompile pc=0x000000000294b058 method=java.util.HashMap.getNode(ILjava/lang/Object;)Ljava/util/HashMap$Node; @ 126
Event: 1.667 Thread 0x0000000056d13800 Uncommon trap: reason=unstable_if action=reinterpret pc=0x0000000002a52510 method=com.android.dx.rop.code.RegisterSpec.equals(ILcom/android/dx/rop/type/TypeBearer;Lcom/android/dx/rop/code/LocalItem;)Z @ 42
Event: 1.715 Thread 0x0000000056d13800 Uncommon trap: reason=bimorphic action=maybe_recompile pc=0x000000000294b058 method=java.util.HashMap.getNode(ILjava/lang/Object;)Ljava/util/HashMap$Node; @ 126
Event: 1.837 Thread 0x0000000056d13800 Uncommon trap: reason=unstable_if action=reinterpret pc=0x0000000002a6fe9c method=com.android.dx.rop.code.RegisterSpecSet.put(Lcom/android/dx/rop/code/RegisterSpec;)V @ 77
Event: 1.837 Thread 0x0000000056d13800 Uncommon trap: reason=unstable_if action=reinterpret pc=0x0000000002ad9010 method=com.android.dx.rop.code.RegisterSpecSet.put(Lcom/android/dx/rop/code/RegisterSpec;)V @ 77
Event: 2.518 Thread 0x0000000056e10000 Uncommon trap: reason=bimorphic action=maybe_recompile pc=0x0000000002be798c method=com.android.dx.cf.code.BytecodeArray.parseInstruction(ILcom/android/dx/cf/code/BytecodeArray$Visitor;)I @ 2484
Event: 2.518 Thread 0x0000000056e10000 Uncommon trap: reason=bimorphic action=maybe_recompile pc=0x0000000002be798c method=com.android.dx.cf.code.BytecodeArray.parseInstruction(ILcom/android/dx/cf/code/BytecodeArray$Visitor;)I @ 2484

Internal exceptions (2 events):
Event: 0.248 Thread 0x000000000208e800 Exception <a 'java/lang/NoSuchMethodError': Method sun.misc.Unsafe.defineClass(Ljava/lang/String;[BII)Ljava/lang/Class; name or signature does not match> (0x00000000eab0d118) thrown at [C:\re\workspace\8-2-build-windows-amd64-cygwin\jdk8u51\3951\hotspot\srô·‰Á`∆œ?
Event: 0.248 Thread 0x000000000208e800 Exception <a 'java/lang/NoSuchMethodError': Method sun.misc.Unsafe.prefetchRead(Ljava/lang/Object;J)V name or signature does not match> (0x00000000eab0d3a8) thrown at [C:\re\workspace\8-2-build-windows-amd64-cygwin\jdk8u51\3951\hotspot\src\share\vm\prims\j

Events (10 events):
Event: 1.837 Thread 0x0000000056d13800 DEOPT PACKING pc=0x0000000002ad9010 sp=0x00000000573be760
Event: 1.837 Thread 0x0000000056d13800 DEOPT UNPACKING pc=0x00000000026d582a sp=0x00000000573be680 mode 2
Event: 1.990 Executing VM operation: ParallelGCFailedAllocation
Event: 2.038 Executing VM operation: ParallelGCFailedAllocation done
Event: 2.518 Thread 0x0000000056e10000 Uncommon trap: trap_request=0xffffffc6 fr.pc=0x0000000002be798c
Event: 2.518 Thread 0x0000000056e10000 DEOPT PACKING pc=0x0000000002be798c sp=0x00000000579de720
Event: 2.518 Thread 0x0000000056e10000 DEOPT UNPACKING pc=0x00000000026d582a sp=0x00000000579de6a8 mode 2
Event: 2.518 Thread 0x0000000056e10000 Uncommon trap: trap_request=0xffffffc6 fr.pc=0x0000000002be798c
Event: 2.518 Thread 0x0000000056e10000 DEOPT PACKING pc=0x0000000002be798c sp=0x00000000579de4e0
Event: 2.518 Thread 0x0000000056e10000 DEOPT UNPACKING pc=0x00000000026d582a sp=0x00000000579de468 mode 2


Dynamic libraries:
0x000000013f060000 - 0x000000013f097000 	C:\java\jdk8u51\bin\java.exe
0x0000000077bd0000 - 0x0000000077d7a000 	C:\Windows\SYSTEM32\ntdll.dll
0x0000000077ab0000 - 0x0000000077bcf000 	C:\Windows\system32\kernel32.dll
0x000007fefd970000 - 0x000007fefd9da000 	C:\Windows\system32\KERNELBASE.dll
0x000007feff040000 - 0x000007feff11b000 	C:\Windows\system32\ADVAPI32.dll
0x000007feffbd0000 - 0x000007feffc6f000 	C:\Windows\system32\msvcrt.dll
0x000007feff1a0000 - 0x000007feff1bf000 	C:\Windows\SYSTEM32\sechost.dll
0x000007feff880000 - 0x000007feff9ad000 	C:\Windows\system32\RPCRT4.dll
0x00000000779b0000 - 0x0000000077aaa000 	C:\Windows\system32\USER32.dll
0x000007feff1c0000 - 0x000007feff227000 	C:\Windows\system32\GDI32.dll
0x000007fefed60000 - 0x000007fefed6e000 	C:\Windows\system32\LPK.dll
0x000007feff230000 - 0x000007feff2fa000 	C:\Windows\system32\USP10.dll
0x000007fefc220000 - 0x000007fefc414000 	C:\Windows\WinSxS\amd64_microsoft.windows.common-controls_6595b64144ccf1df_6.0.7601.18837_none_fa3b1e3d17594757\COMCTL32.dll
0x000007feffc70000 - 0x000007feffce1000 	C:\Windows\system32\SHLWAPI.dll
0x000007feffba0000 - 0x000007feffbce000 	C:\Windows\system32\IMM32.DLL
0x000007feffdd0000 - 0x000007feffed9000 	C:\Windows\system32\MSCTF.dll
0x0000000061990000 - 0x0000000061a62000 	C:\java\jdk8u51\jre\bin\msvcr100.dll
0x0000000065280000 - 0x0000000065b03000 	C:\java\jdk8u51\jre\bin\server\jvm.dll
0x000007fef8df0000 - 0x000007fef8df9000 	C:\Windows\system32\WSOCK32.dll
0x000007fefea60000 - 0x000007fefeaad000 	C:\Windows\system32\WS2_32.dll
0x000007fefeb50000 - 0x000007fefeb58000 	C:\Windows\system32\NSI.dll
0x000007fefb090000 - 0x000007fefb0cb000 	C:\Windows\system32\WINMM.dll
0x000007fefc840000 - 0x000007fefc84c000 	C:\Windows\system32\VERSION.dll
0x0000000077da0000 - 0x0000000077da7000 	C:\Windows\system32\PSAPI.DLL
0x0000000066d40000 - 0x0000000066d4f000 	C:\java\jdk8u51\jre\bin\verify.dll
0x0000000066be0000 - 0x0000000066c09000 	C:\java\jdk8u51\jre\bin\java.dll
0x0000000066bc0000 - 0x0000000066bd6000 	C:\java\jdk8u51\jre\bin\zip.dll
0x000007fefdcd0000 - 0x000007fefea59000 	C:\Windows\system32\SHELL32.dll
0x000007feff300000 - 0x000007feff503000 	C:\Windows\system32\ole32.dll
0x000007fefd920000 - 0x000007fefd92f000 	C:\Windows\system32\profapi.dll

VM Arguments:
jvm_args: -Djava.awt.headless=true -Xmx1024M -Dfile.encoding=windows-1252 -Duser.country=GB -Duser.language=en -Duser.variant 
java_command: com.android.dx.command.Main --dex --force-jumbo --num-threads=4 --output C:\LoicDev\Ancien_Dico_Stage\app\build\intermediates\pre-dexed\debug\com.android.support-appcompat-v7-24.1.1_e9b0952158c2b7a161f41c95bfda2fa31741803a.jar C:\LoicDev\Ancien_Dico_Stage\app\build\intermediates\exploded-aar\com.android.support\appcompat-v7\24.1.1\jars\classes.jar
java_class_path (initial): C:\AndroidSDK\build-tools\23.0.3\lib\dx.jar
Launcher Type: SUN_STANDARD

Environment Variables:
JAVA_HOME=C:\java\jdk8u51
PATH=C:\Program Files (x86)\Intel\iCLS Client\;C:\Program Files\Intel\iCLS Client\;C:\ProgramData\Oracle\Java\javapath;C:\Windows\system32;C:\Windows;C:\Windows\System32\Wbem;C:\Windows\System32\WindowsPowerShell\v1.0\;C:\Program Files (x86)\AMD\ATI.ACE\Core-Static;C:\java\jdk8u51\bin;C:\Program Files (x86)\Windows Kits\8.1\Windows Performance Toolkit\;C:\Program Files\Microsoft SQL Server\110\Tools\Binn\;C:\Program Files (x86)\Microsoft SDKs\TypeScript\1.0\;C:\Program Files\Microsoft SQL Server\120\Tools\Binn\;C:\Program Files\Intel\Intel(R) Management Engine Components\DAL;C:\Program Files\Intel\Intel(R) Management Engine Components\IPT;C:\Program Files (x86)\Intel\Intel(R) Management Engine Components\DAL;C:\Program Files (x86)\Intel\Intel(R) Management Engine Components\IPT;C:\Program Files\Git\cmd;C:\Program Files (x86)\WinMerge
USERNAME=dineen
OS=Windows_NT
PROCESSOR_IDENTIFIER=Intel64 Family 6 Model 58 Stepping 9, GenuineIntel



---------------  S Y S T E M  ---------------

OS: Windows 7 , 64 bit Build 7601 (6.1.7601.23418)

CPU:total 4 (4 cores per cpu, 1 threads per core) family 6 model 58 stepping 9, cmov, cx8, fxsr, mmx, sse, sse2, sse3, ssse3, sse4.1, sse4.2, popcnt, avx, aes, clmul, erms, tsc, tscinvbit, tscinv

Memory: 4k page, physical 8342068k(878408k free), swap 10437360k(5116k free)

vm_info: Java HotSpot(TM) 64-Bit Server VM (25.51-b03) for windows-amd64 JRE (1.8.0_51-b16), built on Jun  8 2015 18:03:07 by "java_re" with MS VC++ 10.0 (VS2010)

time: Wed Aug 03 14:26:15 2016
elapsed time: 2 seconds (0d 0h 0m 2s)

