#
# There is insufficient memory for the Java Runtime Environment to continue.
# Native memory allocation (malloc) failed to allocate 32744 bytes for ChunkPool::allocate
# Possible reasons:
#   The system is out of physical RAM or swap space
#   In 32 bit mode, the process size limit was hit
# Possible solutions:
#   Reduce memory load on the system
#   Increase physical memory or swap space
#   Check if swap backing store is full
#   Use 64 bit Java on a 64 bit OS
#   Decrease Java heap size (-Xmx/-Xms)
#   Decrease number of Java threads
#   Decrease Java thread stack sizes (-Xss)
#   Set larger code cache with -XX:ReservedCodeCacheSize=
# This output file may be truncated or incomplete.
#
#  Out of Memory Error (allocation.cpp:273), pid=640, tid=5428
#
# JRE version: Java(TM) SE Runtime Environment (8.0_51-b16) (build 1.8.0_51-b16)
# Java VM: Java HotSpot(TM) 64-Bit Server VM (25.51-b03 mixed mode windows-amd64 compressed oops)
# Failed to write core dump. Minidumps are not enabled by default on client versions of Windows
#

---------------  T H R E A D  ---------------

Current thread (0x0000000054f17000):  JavaThread "C1 CompilerThread2" daemon [_thread_in_native, id=5428, stack(0x0000000056840000,0x0000000056940000)]

Stack: [0x0000000056840000,0x0000000056940000]
Native frames: (J=compiled Java code, j=interpreted, Vv=VM code, C=native code)
V  [jvm.dll+0x32b4ca]


Current CompileTask:
C1:    448  193   !   3       com.android.dx.cf.cst.ConstantPoolParser::parse0 (731 bytes)


---------------  P R O C E S S  ---------------

Java Threads: ( => current thread )
  0x0000000056ab1800 JavaThread "pool-3-thread-1" [_thread_blocked, id=3196, stack(0x00000000572a0000,0x00000000573a0000)]
  0x0000000056ab1000 JavaThread "pool-2-thread-1" [_thread_blocked, id=5048, stack(0x00000000570c0000,0x00000000571c0000)]
  0x00000000569cc800 JavaThread "Service Thread" daemon [_thread_blocked, id=4552, stack(0x0000000056d90000,0x0000000056e90000)]
=>0x0000000054f17000 JavaThread "C1 CompilerThread2" daemon [_thread_in_native, id=5428, stack(0x0000000056840000,0x0000000056940000)]
  0x0000000054f15000 JavaThread "C2 CompilerThread1" daemon [_thread_blocked, id=2136, stack(0x00000000562b0000,0x00000000563b0000)]
  0x0000000054f10000 JavaThread "C2 CompilerThread0" daemon [_thread_blocked, id=2840, stack(0x0000000056700000,0x0000000056800000)]
  0x0000000054f1e800 JavaThread "Attach Listener" daemon [_thread_blocked, id=1044, stack(0x0000000056530000,0x0000000056630000)]
  0x0000000054f1d000 JavaThread "Signal Dispatcher" daemon [_thread_blocked, id=4192, stack(0x00000000563f0000,0x00000000564f0000)]
  0x0000000054eb1800 JavaThread "Finalizer" daemon [_thread_blocked, id=4124, stack(0x0000000055e70000,0x0000000055f70000)]
  0x0000000054eb0000 JavaThread "Reference Handler" daemon [_thread_blocked, id=2604, stack(0x0000000056110000,0x0000000056210000)]
  0x000000000016e800 JavaThread "main" [_thread_in_native, id=3824, stack(0x0000000002470000,0x0000000002570000)]

Other Threads:
  0x0000000054eaa800 VMThread [stack: 0x0000000055ff0000,0x00000000560f0000] [id=3624]
  0x00000000569d0000 WatcherThread [stack: 0x0000000056ec0000,0x0000000056fc0000] [id=1592]

VM state:not at safepoint (normal execution)

VM Mutex/Monitor currently owned by a thread: None

Heap:
 PSYoungGen      total 38400K, used 6000K [0x00000000eab00000, 0x00000000ed580000, 0x0000000100000000)
  eden space 33280K, 18% used [0x00000000eab00000,0x00000000eb0dc3c8,0x00000000ecb80000)
  from space 5120K, 0% used [0x00000000ed080000,0x00000000ed080000,0x00000000ed580000)
  to   space 5120K, 0% used [0x00000000ecb80000,0x00000000ecb80000,0x00000000ed080000)
 ParOldGen       total 87552K, used 0K [0x00000000c0000000, 0x00000000c5580000, 0x00000000eab00000)
  object space 87552K, 0% used [0x00000000c0000000,0x00000000c0000000,0x00000000c5580000)
 Metaspace       used 4015K, capacity 5232K, committed 5376K, reserved 1056768K
  class space    used 453K, capacity 488K, committed 512K, reserved 1048576K

Card table byte_map: [0x0000000011c00000,0x0000000011e10000] byte_map_base: 0x0000000011600000

Marking Bits: (ParMarkBitMap*) 0x00000000625c4040
 Begin Bits: [0x0000000012320000, 0x0000000013320000)
 End Bits:   [0x0000000013320000, 0x0000000014320000)

Polling page: 0x0000000000140000

CodeCache: size=245760Kb used=1424Kb max_used=1433Kb free=244335Kb
 bounds [0x0000000002840000, 0x0000000002ab0000, 0x0000000011840000]
 total_blobs=451 nmethods=192 adapters=172
 compilation: enabled

Compilation events (10 events):
Event: 0.436 Thread 0x0000000054f17000 nmethod 188 0x00000000029a2c90 code [0x00000000029a2e00, 0x00000000029a30b0]
Event: 0.436 Thread 0x0000000054f17000  189       3       java.util.HashMap::afterNodeInsertion (1 bytes)
Event: 0.436 Thread 0x0000000054f17000 nmethod 189 0x00000000029a31d0 code [0x00000000029a3320, 0x00000000029a3470]
Event: 0.437 Thread 0x0000000054f15000  190       4       java.lang.String::lastIndexOf (52 bytes)
Event: 0.439 Thread 0x0000000054f15000 nmethod 190 0x00000000029a6250 code [0x00000000029a6380, 0x00000000029a64d8]
Event: 0.439 Thread 0x0000000054f17000  191       3       java.util.jar.Attributes$Name::hashCode (24 bytes)
Event: 0.439 Thread 0x0000000054f17000 nmethod 191 0x00000000029a5e90 code [0x00000000029a6000, 0x00000000029a61c8]
Event: 0.439 Thread 0x0000000054f17000  192       3       java.util.jar.Attributes::getValue (9 bytes)
Event: 0.439 Thread 0x0000000054f17000 nmethod 192 0x00000000029a5890 code [0x00000000029a5a00, 0x00000000029a5d68]
Event: 0.446 Thread 0x0000000054f17000  193   !   3       com.android.dx.cf.cst.ConstantPoolParser::parse0 (731 bytes)

GC Heap History (0 events):
No events

Deoptimization events (0 events):
No events

Internal exceptions (6 events):
Event: 0.025 Thread 0x000000000016e800 Exception <a 'java/lang/NoSuchMethodError': Method sun.misc.Unsafe.defineClass(Ljava/lang/String;[BII)Ljava/lang/Class; name or signature does not match> (0x00000000eab0d3a0) thrown at [C:\re\workspace\8-2-build-windows-amd64-cygwin\jdk8u51\3951\hotspot\sr™©.2¯™?
Event: 0.025 Thread 0x000000000016e800 Exception <a 'java/lang/NoSuchMethodError': Method sun.misc.Unsafe.prefetchRead(Ljava/lang/Object;J)V name or signature does not match> (0x00000000eab0d630) thrown at [C:\re\workspace\8-2-build-windows-amd64-cygwin\jdk8u51\3951\hotspot\src\share\vm\prims\jo³UP]Ü?
Event: 0.443 Thread 0x0000000056ab1000 Exception <a 'java/lang/OutOfMemoryError'> (0x00000000eb050cd0) thrown at [C:\re\workspace\8-2-build-windows-amd64-cygwin\jdk8u51\3951\hotspot\src\share\vm\prims\jni.cpp, line 735]
Event: 0.443 Thread 0x0000000056ab1000 Exception <a 'java/lang/OutOfMemoryError'> (0x00000000eb050cd0) thrown at [C:\re\workspace\8-2-build-windows-amd64-cygwin\jdk8u51\3951\hotspot\src\share\vm\prims\jvm.cpp, line 1386]
Event: 0.443 Thread 0x0000000056ab1000 Exception <a 'java/lang/NoClassDefFoundError': java/security/PrivilegedActionException> (0x00000000eb050ef8) thrown at [C:\re\workspace\8-2-build-windows-amd64-cygwin\jdk8u51\3951\hotspot\src\share\vm\classfile\systemDictionary.cpp, line 208]
Event: 0.447 Thread 0x000000000016e800 Exception <a 'java/lang/OutOfMemoryError': unable to create new native thread> (0x00000000eaed3e20) thrown at [C:\re\workspace\8-2-build-windows-amd64-cygwin\jdk8u51\3951\hotspot\src\share\vm\prims\jvm.cpp, line 3016]

Events (10 events):
Event: 0.442 loading class com/android/dx/cf/code/ConcreteMethod
Event: 0.442 loading class com/android/dx/cf/code/ConcreteMethod done
Event: 0.442 loading class com/android/dx/rop/code/DexTranslationAdvice
Event: 0.442 loading class com/android/dx/rop/code/DexTranslationAdvice done
Event: 0.443 loading class com/android/dx/cf/code/Ropper
Event: 0.443 loading class com/android/dx/cf/code/Ropper done
Event: 0.443 loading class java/security/PrivilegedActionException
Event: 0.443 loading class java/security/PrivilegedActionException done
Event: 0.447 loading class com/android/dx/cf/attrib/AttConstantValue
Event: 0.447 loading class com/android/dx/cf/attrib/AttConstantValue done


Dynamic libraries:
0x000000013f6a0000 - 0x000000013f6d7000 	C:\java\jdk8u51\bin\java.exe
0x0000000077b00000 - 0x0000000077caa000 	C:\Windows\SYSTEM32\ntdll.dll
0x00000000778e0000 - 0x00000000779ff000 	C:\Windows\system32\kernel32.dll
0x000007fefdbb0000 - 0x000007fefdc1a000 	C:\Windows\system32\KERNELBASE.dll
0x000007feffd30000 - 0x000007feffe0b000 	C:\Windows\system32\ADVAPI32.dll
0x000007fefef40000 - 0x000007fefefdf000 	C:\Windows\system32\msvcrt.dll
0x000007feffd10000 - 0x000007feffd2f000 	C:\Windows\SYSTEM32\sechost.dll
0x000007feff180000 - 0x000007feff2ad000 	C:\Windows\system32\RPCRT4.dll
0x0000000077a00000 - 0x0000000077afa000 	C:\Windows\system32\USER32.dll
0x000007fefecf0000 - 0x000007fefed57000 	C:\Windows\system32\GDI32.dll
0x000007feff5c0000 - 0x000007feff5ce000 	C:\Windows\system32\LPK.dll
0x000007fefee70000 - 0x000007fefef3a000 	C:\Windows\system32\USP10.dll
0x000007fefc190000 - 0x000007fefc384000 	C:\Windows\WinSxS\amd64_microsoft.windows.common-controls_6595b64144ccf1df_6.0.7601.18837_none_fa3b1e3d17594757\COMCTL32.dll
0x000007feff2e0000 - 0x000007feff351000 	C:\Windows\system32\SHLWAPI.dll
0x000007feff2b0000 - 0x000007feff2de000 	C:\Windows\system32\IMM32.DLL
0x000007fefed60000 - 0x000007fefee69000 	C:\Windows\system32\MSCTF.dll
0x0000000067770000 - 0x0000000067842000 	C:\java\jdk8u51\jre\bin\msvcr100.dll
0x0000000061dc0000 - 0x0000000062643000 	C:\java\jdk8u51\jre\bin\server\jvm.dll
0x000007fef9cf0000 - 0x000007fef9cf9000 	C:\Windows\system32\WSOCK32.dll
0x000007fefeca0000 - 0x000007fefeced000 	C:\Windows\system32\WS2_32.dll
0x000007feff670000 - 0x000007feff678000 	C:\Windows\system32\NSI.dll
0x000007fefaad0000 - 0x000007fefab0b000 	C:\Windows\system32\WINMM.dll
0x000007fefcb00000 - 0x000007fefcb0c000 	C:\Windows\system32\VERSION.dll
0x0000000077cc0000 - 0x0000000077cc7000 	C:\Windows\system32\PSAPI.DLL
0x0000000071bc0000 - 0x0000000071bcf000 	C:\java\jdk8u51\jre\bin\verify.dll
0x0000000071b30000 - 0x0000000071b59000 	C:\java\jdk8u51\jre\bin\java.dll
0x0000000071ba0000 - 0x0000000071bb6000 	C:\java\jdk8u51\jre\bin\zip.dll
0x000007fefdf10000 - 0x000007fefec99000 	C:\Windows\system32\SHELL32.dll
0x000007feff680000 - 0x000007feff883000 	C:\Windows\system32\ole32.dll
0x000007fefd880000 - 0x000007fefd88f000 	C:\Windows\system32\profapi.dll

VM Arguments:
jvm_args: -Djava.awt.headless=true -Xmx1024M -Dfile.encoding=windows-1252 -Duser.country=GB -Duser.language=en -Duser.variant 
java_command: com.android.dx.command.Main --dex --force-jumbo --num-threads=4 --multi-dex --output C:\Users\dineen\Desktop\Android_Dictionary-master\app\build\intermediates\transforms\dex\debug\folders\1000\5\slice_2 C:\Users\dineen\Desktop\Android_Dictionary-master\app\build\intermediates\transforms\instantRunSlicer\debug\folders\1\5\slice_2
java_class_path (initial): C:\AndroidSDK\build-tools\23.0.3\lib\dx.jar
Launcher Type: SUN_STANDARD

Environment Variables:
JAVA_HOME=C:\java\jdk8u51
PATH=C:\Program Files (x86)\Intel\iCLS Client\;C:\Program Files\Intel\iCLS Client\;C:\ProgramData\Oracle\Java\javapath;C:\Windows\system32;C:\Windows;C:\Windows\System32\Wbem;C:\Windows\System32\WindowsPowerShell\v1.0\;C:\Program Files (x86)\AMD\ATI.ACE\Core-Static;C:\java\jdk8u51\bin;C:\Program Files (x86)\Windows Kits\8.1\Windows Performance Toolkit\;C:\Program Files\Microsoft SQL Server\110\Tools\Binn\;C:\Program Files (x86)\Microsoft SDKs\TypeScript\1.0\;C:\Program Files\Microsoft SQL Server\120\Tools\Binn\;C:\Program Files\Intel\Intel(R) Management Engine Components\DAL;C:\Program Files\Intel\Intel(R) Management Engine Components\IPT;C:\Program Files (x86)\Intel\Intel(R) Management Engine Components\DAL;C:\Program Files (x86)\Intel\Intel(R) Management Engine Components\IPT
USERNAME=dineen
OS=Windows_NT
PROCESSOR_IDENTIFIER=Intel64 Family 6 Model 58 Stepping 9, GenuineIntel



---------------  S Y S T E M  ---------------

OS: Windows 7 , 64 bit Build 7601 (6.1.7601.23418)

CPU:total 4 (4 cores per cpu, 1 threads per core) family 6 model 58 stepping 9, cmov, cx8, fxsr, mmx, sse, sse2, sse3, ssse3, sse4.1, sse4.2, popcnt, avx, aes, clmul, erms, tsc, tscinvbit, tscinv

Memory: 4k page, physical 8342068k(1248376k free), swap 10437360k(4652k free)

vm_info: Java HotSpot(TM) 64-Bit Server VM (25.51-b03) for windows-amd64 JRE (1.8.0_51-b16), built on Jun  8 2015 18:03:07 by "java_re" with MS VC++ 10.0 (VS2010)

time: Fri Jun 10 11:45:01 2016
elapsed time: 0 seconds (0d 0h 0m 0s)

