#
# There is insufficient memory for the Java Runtime Environment to continue.
# Native memory allocation (malloc) failed to allocate 32744 bytes for ChunkPool::allocate
# Possible reasons:
#   The system is out of physical RAM or swap space
#   In 32 bit mode, the process size limit was hit
# Possible solutions:
#   Reduce memory load on the system
#   Increase physical memory or swap space
#   Check if swap backing store is full
#   Use 64 bit Java on a 64 bit OS
#   Decrease Java heap size (-Xmx/-Xms)
#   Decrease number of Java threads
#   Decrease Java thread stack sizes (-Xss)
#   Set larger code cache with -XX:ReservedCodeCacheSize=
# This output file may be truncated or incomplete.
#
#  Out of Memory Error (allocation.cpp:273), pid=5332, tid=4972
#
# JRE version: Java(TM) SE Runtime Environment (8.0_51-b16) (build 1.8.0_51-b16)
# Java VM: Java HotSpot(TM) 64-Bit Server VM (25.51-b03 mixed mode windows-amd64 compressed oops)
# Failed to write core dump. Minidumps are not enabled by default on client versions of Windows
#

---------------  T H R E A D  ---------------

Current thread (0x0000000055230000):  JavaThread "C2 CompilerThread0" daemon [_thread_in_native, id=4972, stack(0x0000000056a90000,0x0000000056b90000)]

Stack: [0x0000000056a90000,0x0000000056b90000]
Native frames: (J=compiled Java code, j=interpreted, Vv=VM code, C=native code)
V  [jvm.dll+0x32b4ca]


Current CompileTask:
C2:    596  464       4      
[error occurred during error reporting (printing current compile task), id 0xe0000001]


---------------  P R O C E S S  ---------------

Java Threads: ( => current thread )
  0x0000000056f7b000 JavaThread "pool-2-thread-4" [_thread_in_vm, id=5024, stack(0x0000000057880000,0x0000000057980000)]
  0x0000000056f78800 JavaThread "pool-2-thread-3" [_thread_blocked, id=1496, stack(0x0000000057600000,0x0000000057700000)]
  0x0000000056e9b000 JavaThread "pool-2-thread-2" [_thread_blocked, id=5512, stack(0x0000000057730000,0x0000000057830000)]
  0x0000000056e28000 JavaThread "pool-3-thread-1" [_thread_blocked, id=4344, stack(0x0000000057470000,0x0000000057570000)]
  0x0000000056e26000 JavaThread "pool-2-thread-1" [_thread_blocked, id=5176, stack(0x0000000056790000,0x0000000056890000)]
  0x0000000056d34800 JavaThread "Service Thread" daemon [_thread_blocked, id=1416, stack(0x0000000057200000,0x0000000057300000)]
  0x0000000055237000 JavaThread "C1 CompilerThread2" daemon [_thread_in_native, id=5944, stack(0x00000000570c0000,0x00000000571c0000)]
  0x0000000055235800 JavaThread "C2 CompilerThread1" daemon [_thread_in_vm, id=2468, stack(0x0000000056bc0000,0x0000000056cc0000)]
=>0x0000000055230000 JavaThread "C2 CompilerThread0" daemon [_thread_in_native, id=4972, stack(0x0000000056a90000,0x0000000056b90000)]
  0x000000005523e800 JavaThread "Attach Listener" daemon [_thread_blocked, id=5984, stack(0x00000000568d0000,0x00000000569d0000)]
  0x000000005523d000 JavaThread "Signal Dispatcher" daemon [_thread_blocked, id=4600, stack(0x0000000056610000,0x0000000056710000)]
  0x00000000551d7000 JavaThread "Finalizer" daemon [_thread_blocked, id=4248, stack(0x00000000562a0000,0x00000000563a0000)]
  0x00000000551d0000 JavaThread "Reference Handler" daemon [_thread_blocked, id=692, stack(0x0000000056410000,0x0000000056510000)]
  0x000000000039e800 JavaThread "main" [_thread_in_vm, id=6016, stack(0x0000000002340000,0x0000000002440000)]

Other Threads:
  0x00000000551ca800 VMThread [stack: 0x0000000056180000,0x0000000056280000] [id=4300]
  0x0000000056d38000 WatcherThread [stack: 0x0000000057360000,0x0000000057460000] [id=1608]

VM state:not at safepoint (normal execution)

VM Mutex/Monitor currently owned by a thread:  ([mutex/lock_event])
[0x000000000039cf40] MethodData_lock - owner thread: 0x0000000056f7b000

Heap:
 PSYoungGen      total 38400K, used 12657K [0x00000000eab00000, 0x00000000ed580000, 0x0000000100000000)
  eden space 33280K, 38% used [0x00000000eab00000,0x00000000eb75c4d0,0x00000000ecb80000)
  from space 5120K, 0% used [0x00000000ed080000,0x00000000ed080000,0x00000000ed580000)
  to   space 5120K, 0% used [0x00000000ecb80000,0x00000000ecb80000,0x00000000ed080000)
 ParOldGen       total 87552K, used 0K [0x00000000c0000000, 0x00000000c5580000, 0x00000000eab00000)
  object space 87552K, 0% used [0x00000000c0000000,0x00000000c0000000,0x00000000c5580000)
 Metaspace       used 5250K, capacity 6352K, committed 6528K, reserved 1056768K
  class space    used 567K, capacity 584K, committed 640K, reserved 1048576K

Card table byte_map: [0x0000000011ad0000,0x0000000011ce0000] byte_map_base: 0x00000000114d0000

Marking Bits: (ParMarkBitMap*) 0x00000000625c4040
 Begin Bits: [0x0000000012640000, 0x0000000013640000)
 End Bits:   [0x0000000013640000, 0x0000000014640000)

Polling page: 0x0000000000340000

CodeCache: size=245760Kb used=1889Kb max_used=1892Kb free=243870Kb
 bounds [0x0000000002710000, 0x0000000002980000, 0x0000000011710000]
 total_blobs=719 nmethods=450 adapters=182
 compilation: enabled

Compilation events (10 events):
Event: 0.528 Thread 0x0000000055237000  446       1       com.android.dx.cf.code.BaseMachine::getAuxCases (5 bytes)
Event: 0.528 Thread 0x0000000055237000 nmethod 446 0x00000000028e5f50 code [0x00000000028e60a0, 0x00000000028e61b0]
Event: 0.528 Thread 0x0000000055237000  447       1       com.android.dx.cf.code.BaseMachine::getInitValues (5 bytes)
Event: 0.528 Thread 0x0000000055237000 nmethod 447 0x00000000028e5c90 code [0x00000000028e5de0, 0x00000000028e5ef0]
Event: 0.528 Thread 0x0000000055237000  451       3       com.android.dx.rop.code.RegisterSpec::make (7 bytes)
Event: 0.528 Thread 0x0000000055237000 nmethod 451 0x00000000028e8210 code [0x00000000028e8380, 0x00000000028e84e8]
Event: 0.528 Thread 0x0000000055237000  450       3       com.android.dx.rop.code.PlainInsn::<init> (73 bytes)
Event: 0.528 Thread 0x0000000055237000 nmethod 450 0x00000000028e7a10 code [0x00000000028e7ba0, 0x00000000028e8068]
Event: 0.528 Thread 0x0000000055237000  453   !   3       com.android.dx.cf.code.BytecodeArray::parseInstruction (2764 bytes)
Event: 0.530 Thread 0x0000000055230000  464       4       java.util.HashMap::getNode (148 bytes)

GC Heap History (0 events):
No events

Deoptimization events (1 events):
Event: 0.262 Thread 0x000000000039e800 Uncommon trap: reason=unstable_if action=reinterpret pc=0x000000000285ad84 method=java.lang.String.indexOf(II)I @ 49

Internal exceptions (2 events):
Event: 0.041 Thread 0x000000000039e800 Exception <a 'java/lang/NoSuchMethodError': Method sun.misc.Unsafe.defineClass(Ljava/lang/String;[BII)Ljava/lang/Class; name or signature does not match> (0x00000000eab0d3a0) thrown at [C:\re\workspace\8-2-build-windows-amd64-cygwin\jdk8u51\3951\hotspot\sr~›ý]8;¥?
Event: 0.041 Thread 0x000000000039e800 Exception <a 'java/lang/NoSuchMethodError': Method sun.misc.Unsafe.prefetchRead(Ljava/lang/Object;J)V name or signature does not match> (0x00000000eab0d630) thrown at [C:\re\workspace\8-2-build-windows-amd64-cygwin\jdk8u51\3951\hotspot\src\share\vm\prims\j

Events (10 events):
Event: 0.524 loading class com/android/dx/rop/annotation/AnnotationsList
Event: 0.524 loading class com/android/dx/rop/annotation/AnnotationsList done
Event: 0.524 loading class com/android/dx/cf/attrib/InnerClassList
Event: 0.524 loading class com/android/dx/cf/attrib/InnerClassList done
Event: 0.525 loading class com/android/dx/cf/attrib/InnerClassList$Item
Event: 0.525 loading class com/android/dx/cf/attrib/InnerClassList$Item done
Event: 0.525 loading class com/android/dx/cf/attrib/AttInnerClasses
Event: 0.525 loading class com/android/dx/cf/attrib/AttInnerClasses done
Event: 0.525 loading class com/android/dx/dex/file/MethodIdItem
Event: 0.525 loading class com/android/dx/dex/file/MethodIdItem done


Dynamic libraries:
0x000000013f6a0000 - 0x000000013f6d7000 	C:\java\jdk8u51\bin\java.exe
0x0000000077b00000 - 0x0000000077caa000 	C:\Windows\SYSTEM32\ntdll.dll
0x00000000778e0000 - 0x00000000779ff000 	C:\Windows\system32\kernel32.dll
0x000007fefdbb0000 - 0x000007fefdc1a000 	C:\Windows\system32\KERNELBASE.dll
0x000007feffd30000 - 0x000007feffe0b000 	C:\Windows\system32\ADVAPI32.dll
0x000007fefef40000 - 0x000007fefefdf000 	C:\Windows\system32\msvcrt.dll
0x000007feffd10000 - 0x000007feffd2f000 	C:\Windows\SYSTEM32\sechost.dll
0x000007feff180000 - 0x000007feff2ad000 	C:\Windows\system32\RPCRT4.dll
0x0000000077a00000 - 0x0000000077afa000 	C:\Windows\system32\USER32.dll
0x000007fefecf0000 - 0x000007fefed57000 	C:\Windows\system32\GDI32.dll
0x000007feff5c0000 - 0x000007feff5ce000 	C:\Windows\system32\LPK.dll
0x000007fefee70000 - 0x000007fefef3a000 	C:\Windows\system32\USP10.dll
0x000007fefc190000 - 0x000007fefc384000 	C:\Windows\WinSxS\amd64_microsoft.windows.common-controls_6595b64144ccf1df_6.0.7601.18837_none_fa3b1e3d17594757\COMCTL32.dll
0x000007feff2e0000 - 0x000007feff351000 	C:\Windows\system32\SHLWAPI.dll
0x000007feff2b0000 - 0x000007feff2de000 	C:\Windows\system32\IMM32.DLL
0x000007fefed60000 - 0x000007fefee69000 	C:\Windows\system32\MSCTF.dll
0x0000000067770000 - 0x0000000067842000 	C:\java\jdk8u51\jre\bin\msvcr100.dll
0x0000000061dc0000 - 0x0000000062643000 	C:\java\jdk8u51\jre\bin\server\jvm.dll
0x000007fef9cf0000 - 0x000007fef9cf9000 	C:\Windows\system32\WSOCK32.dll
0x000007fefeca0000 - 0x000007fefeced000 	C:\Windows\system32\WS2_32.dll
0x000007feff670000 - 0x000007feff678000 	C:\Windows\system32\NSI.dll
0x000007fefaad0000 - 0x000007fefab0b000 	C:\Windows\system32\WINMM.dll
0x000007fefcb00000 - 0x000007fefcb0c000 	C:\Windows\system32\VERSION.dll
0x0000000077cc0000 - 0x0000000077cc7000 	C:\Windows\system32\PSAPI.DLL
0x0000000071bc0000 - 0x0000000071bcf000 	C:\java\jdk8u51\jre\bin\verify.dll
0x0000000071b30000 - 0x0000000071b59000 	C:\java\jdk8u51\jre\bin\java.dll
0x0000000071ba0000 - 0x0000000071bb6000 	C:\java\jdk8u51\jre\bin\zip.dll
0x000007fefdf10000 - 0x000007fefec99000 	C:\Windows\system32\SHELL32.dll
0x000007feff680000 - 0x000007feff883000 	C:\Windows\system32\ole32.dll
0x000007fefd880000 - 0x000007fefd88f000 	C:\Windows\system32\profapi.dll

VM Arguments:
jvm_args: -Djava.awt.headless=true -Xmx1024M -Dfile.encoding=windows-1252 -Duser.country=GB -Duser.language=en -Duser.variant 
java_command: com.android.dx.command.Main --dex --force-jumbo --num-threads=4 --multi-dex --output C:\Users\dineen\Desktop\Android_Dictionary-master\app\build\intermediates\transforms\dex\debug\folders\1000\5\slice_3 C:\Users\dineen\Desktop\Android_Dictionary-master\app\build\intermediates\transforms\instantRunSlicer\debug\folders\1\5\slice_3
java_class_path (initial): C:\AndroidSDK\build-tools\23.0.3\lib\dx.jar
Launcher Type: SUN_STANDARD

Environment Variables:
JAVA_HOME=C:\java\jdk8u51
PATH=C:\Program Files (x86)\Intel\iCLS Client\;C:\Program Files\Intel\iCLS Client\;C:\ProgramData\Oracle\Java\javapath;C:\Windows\system32;C:\Windows;C:\Windows\System32\Wbem;C:\Windows\System32\WindowsPowerShell\v1.0\;C:\Program Files (x86)\AMD\ATI.ACE\Core-Static;C:\java\jdk8u51\bin;C:\Program Files (x86)\Windows Kits\8.1\Windows Performance Toolkit\;C:\Program Files\Microsoft SQL Server\110\Tools\Binn\;C:\Program Files (x86)\Microsoft SDKs\TypeScript\1.0\;C:\Program Files\Microsoft SQL Server\120\Tools\Binn\;C:\Program Files\Intel\Intel(R) Management Engine Components\DAL;C:\Program Files\Intel\Intel(R) Management Engine Components\IPT;C:\Program Files (x86)\Intel\Intel(R) Management Engine Components\DAL;C:\Program Files (x86)\Intel\Intel(R) Management Engine Components\IPT
USERNAME=dineen
OS=Windows_NT
PROCESSOR_IDENTIFIER=Intel64 Family 6 Model 58 Stepping 9, GenuineIntel



---------------  S Y S T E M  ---------------

OS: Windows 7 , 64 bit Build 7601 (6.1.7601.23418)

CPU:total 4 (4 cores per cpu, 1 threads per core) family 6 model 58 stepping 9, cmov, cx8, fxsr, mmx, sse, sse2, sse3, ssse3, sse4.1, sse4.2, popcnt, avx, aes, clmul, erms, tsc, tscinvbit, tscinv

Memory: 4k page, physical 8342068k(1224212k free), swap 10437360k(4820k free)

vm_info: Java HotSpot(TM) 64-Bit Server VM (25.51-b03) for windows-amd64 JRE (1.8.0_51-b16), built on Jun  8 2015 18:03:07 by "java_re" with MS VC++ 10.0 (VS2010)

time: Fri Jun 10 11:44:06 2016
elapsed time: 0 seconds (0d 0h 0m 0s)

