#
# There is insufficient memory for the Java Runtime Environment to continue.
# Native memory allocation (malloc) failed to allocate 222256 bytes for Chunk::new
# Possible reasons:
#   The system is out of physical RAM or swap space
#   In 32 bit mode, the process size limit was hit
# Possible solutions:
#   Reduce memory load on the system
#   Increase physical memory or swap space
#   Check if swap backing store is full
#   Use 64 bit Java on a 64 bit OS
#   Decrease Java heap size (-Xmx/-Xms)
#   Decrease number of Java threads
#   Decrease Java thread stack sizes (-Xss)
#   Set larger code cache with -XX:ReservedCodeCacheSize=
# This output file may be truncated or incomplete.
#
#  Out of Memory Error (allocation.cpp:390), pid=2936, tid=5320
#
# JRE version: Java(TM) SE Runtime Environment (8.0_51-b16) (build 1.8.0_51-b16)
# Java VM: Java HotSpot(TM) 64-Bit Server VM (25.51-b03 mixed mode windows-amd64 compressed oops)
# Failed to write core dump. Minidumps are not enabled by default on client versions of Windows
#

---------------  T H R E A D  ---------------

Current thread (0x0000000055140000):  JavaThread "C2 CompilerThread0" daemon [_thread_in_native, id=5320, stack(0x0000000056430000,0x0000000056530000)]

Stack: [0x0000000056430000,0x0000000056530000]
Native frames: (J=compiled Java code, j=interpreted, Vv=VM code, C=native code)
V  [jvm.dll+0x32b4ca]
V  [jvm.dll+0x2797e3]
V  [jvm.dll+0x27a479]
V  [jvm.dll+0x271765]
V  [jvm.dll+0xcba02]
V  [jvm.dll+0xcbecc]
V  [jvm.dll+0x476f72]
V  [jvm.dll+0x4b95ff]
V  [jvm.dll+0x46b745]
V  [jvm.dll+0x46cd4e]
V  [jvm.dll+0x4501a2]
V  [jvm.dll+0xa43a2]
V  [jvm.dll+0xa4cdf]
V  [jvm.dll+0x2418a4]
V  [jvm.dll+0x29846a]
C  [msvcr100.dll+0x21d9f]
C  [msvcr100.dll+0x21e3b]
C  [kernel32.dll+0x159bd]
C  [ntdll.dll+0x2a2e1]


Current CompileTask:
C2:   3431 1151   !   4       com.android.dx.rop.type.Type::intern (319 bytes)


---------------  P R O C E S S  ---------------

Java Threads: ( => current thread )
  0x0000000056d78000 JavaThread "pool-2-thread-4" [_thread_blocked, id=2512, stack(0x00000000582d0000,0x00000000583d0000)]
  0x0000000056ce0000 JavaThread "pool-2-thread-3" [_thread_blocked, id=5008, stack(0x0000000058030000,0x0000000058130000)]
  0x0000000056cd7800 JavaThread "pool-2-thread-2" [_thread_in_vm, id=1660, stack(0x0000000057ad0000,0x0000000057bd0000)]
  0x0000000056d36800 JavaThread "pool-3-thread-1" [_thread_blocked, id=3792, stack(0x0000000057e90000,0x0000000057f90000)]
  0x0000000056cea000 JavaThread "pool-2-thread-1" [_thread_blocked, id=3948, stack(0x0000000057c80000,0x0000000057d80000)]
  0x0000000056ad4800 JavaThread "Service Thread" daemon [_thread_blocked, id=1864, stack(0x0000000057000000,0x0000000057100000)]
  0x0000000056a51000 JavaThread "C1 CompilerThread2" daemon [_thread_blocked, id=1704, stack(0x0000000056ec0000,0x0000000056fc0000)]
  0x0000000055148800 JavaThread "C2 CompilerThread1" daemon [_thread_in_native, id=1632, stack(0x0000000056950000,0x0000000056a50000)]
=>0x0000000055140000 JavaThread "C2 CompilerThread0" daemon [_thread_in_native, id=5320, stack(0x0000000056430000,0x0000000056530000)]
  0x000000005514e800 JavaThread "Attach Listener" daemon [_thread_blocked, id=4860, stack(0x00000000567c0000,0x00000000568c0000)]
  0x000000005514d000 JavaThread "Signal Dispatcher" daemon [_thread_blocked, id=5716, stack(0x00000000565d0000,0x00000000566d0000)]
  0x00000000550e7000 JavaThread "Finalizer" daemon [_thread_blocked, id=4932, stack(0x00000000561a0000,0x00000000562a0000)]
  0x00000000550e0000 JavaThread "Reference Handler" daemon [_thread_blocked, id=2292, stack(0x00000000562e0000,0x00000000563e0000)]
  0x000000000226e800 JavaThread "main" [_thread_blocked, id=3316, stack(0x00000000025d0000,0x00000000026d0000)]

Other Threads:
  0x00000000550da800 VMThread [stack: 0x00000000560a0000,0x00000000561a0000] [id=4372]
  0x0000000056ad8800 WatcherThread [stack: 0x00000000571d0000,0x00000000572d0000] [id=4536]

VM state:not at safepoint (normal execution)

VM Mutex/Monitor currently owned by a thread: None

Heap:
 PSYoungGen      total 38400K, used 24105K [0x00000000eab00000, 0x00000000ed580000, 0x0000000100000000)
  eden space 33280K, 57% used [0x00000000eab00000,0x00000000ebd8d660,0x00000000ecb80000)
  from space 5120K, 99% used [0x00000000ecb80000,0x00000000ed07d0e0,0x00000000ed080000)
  to   space 5120K, 0% used [0x00000000ed080000,0x00000000ed080000,0x00000000ed580000)
 ParOldGen       total 87552K, used 3345K [0x00000000c0000000, 0x00000000c5580000, 0x00000000eab00000)
  object space 87552K, 3% used [0x00000000c0000000,0x00000000c0344530,0x00000000c5580000)
 Metaspace       used 5990K, capacity 6960K, committed 7040K, reserved 1056768K
  class space    used 587K, capacity 616K, committed 640K, reserved 1048576K

Card table byte_map: [0x0000000011d60000,0x0000000011f70000] byte_map_base: 0x0000000011760000

Marking Bits: (ParMarkBitMap*) 0x000000006fc84040
 Begin Bits: [0x0000000012550000, 0x0000000013550000)
 End Bits:   [0x0000000013550000, 0x0000000014550000)

Polling page: 0x0000000000330000

CodeCache: size=245760Kb used=4718Kb max_used=4718Kb free=241041Kb
 bounds [0x00000000029a0000, 0x0000000002e40000, 0x00000000119a0000]
 total_blobs=1433 nmethods=1163 adapters=182
 compilation: disabled (not enough contiguous free space left)

Compilation events (10 events):
Event: 3.020 Thread 0x0000000056a51000 nmethod 1147 0x0000000002e1c2d0 code [0x0000000002e1c420, 0x0000000002e1c570]
Event: 3.020 Thread 0x0000000056a51000 1144       3       com.android.dx.cf.direct.StdAttributeFactory::runtimeInvisibleAnnotations (44 bytes)
Event: 3.020 Thread 0x0000000056a51000 nmethod 1144 0x0000000002e1b950 code [0x0000000002e1bb00, 0x0000000002e1c018]
Event: 3.020 Thread 0x0000000056a51000 1148       3       com.android.dx.cf.attrib.AttRuntimeInvisibleAnnotations::<init> (9 bytes)
Event: 3.020 Thread 0x0000000056a51000 nmethod 1148 0x0000000002e1b590 code [0x0000000002e1b700, 0x0000000002e1b8a8]
Event: 3.020 Thread 0x0000000056a51000 1141       3       com.android.dx.cf.attrib.RawAttribute::<init> (17 bytes)
Event: 3.021 Thread 0x0000000056a51000 nmethod 1141 0x0000000002e1de90 code [0x0000000002e1e040, 0x0000000002e1e628]
Event: 3.021 Thread 0x0000000056a51000 1142       3       com.android.dx.cf.attrib.RawAttribute::<init> (30 bytes)
Event: 3.021 Thread 0x0000000056a51000 nmethod 1142 0x0000000002e1ad50 code [0x0000000002e1aee0, 0x0000000002e1b338]
Event: 3.021 Thread 0x0000000056a51000 1154       3       com.android.dx.cf.direct.AnnotationParser::parseValue (805 bytes)

GC Heap History (0 events):
No events

Deoptimization events (7 events):
Event: 1.053 Thread 0x000000000226e800 Uncommon trap: reason=unstable_if action=reinterpret pc=0x0000000002b03ac8 method=java.lang.String.indexOf(II)I @ 49
Event: 2.838 Thread 0x0000000056cd7800 Uncommon trap: reason=unstable_if action=reinterpret pc=0x0000000002bd0250 method=java.util.HashMap.getNode(ILjava/lang/Object;)Ljava/util/HashMap$Node; @ 129
Event: 2.917 Thread 0x0000000056cd7800 Uncommon trap: reason=unstable_if action=reinterpret pc=0x0000000002cd542c method=java.util.HashMap.getNode(ILjava/lang/Object;)Ljava/util/HashMap$Node; @ 129
Event: 2.919 Thread 0x0000000056cd7800 Uncommon trap: reason=class_check action=maybe_recompile pc=0x0000000002d123d4 method=com.android.dx.ssa.NormalSsaInsn.accept(Lcom/android/dx/ssa/SsaInsn$Visitor;)V @ 9
Event: 2.933 Thread 0x0000000056cd7800 Uncommon trap: reason=class_check action=maybe_recompile pc=0x0000000002d123d4 method=com.android.dx.ssa.NormalSsaInsn.accept(Lcom/android/dx/ssa/SsaInsn$Visitor;)V @ 9
Event: 2.938 Thread 0x0000000056cd7800 Uncommon trap: reason=null_check action=make_not_entrant pc=0x0000000002d12f48 method=com.android.dx.ssa.SsaRenamer.getLocalForNewReg(I)Lcom/android/dx/rop/code/LocalItem; @ 19
Event: 2.938 Thread 0x0000000056cd7800 Uncommon trap: reason=null_check action=make_not_entrant pc=0x0000000002cb4248 method=com.android.dx.ssa.SsaRenamer.getLocalForNewReg(I)Lcom/android/dx/rop/code/LocalItem; @ 19

Internal exceptions (4 events):
Event: 0.114 Thread 0x000000000226e800 Exception <a 'java/lang/NoSuchMethodError': Method sun.misc.Unsafe.defineClass(Ljava/lang/String;[BII)Ljava/lang/Class; name or signature does not match> (0x00000000eab0d480) thrown at [C:\re\workspace\8-2-build-windows-amd64-cygwin\jdk8u51\3951\hotspot\sr+@@;√/Ω?
Event: 0.114 Thread 0x000000000226e800 Exception <a 'java/lang/NoSuchMethodError': Method sun.misc.Unsafe.prefetchRead(Ljava/lang/Object;J)V name or signature does not match> (0x00000000eab0d710) thrown at [C:\re\workspace\8-2-build-windows-amd64-cygwin\jdk8u51\3951\hotspot\src\share\vm\prims\jÒ5öCÅ@
Event: 2.938 Thread 0x0000000056cd7800 Implicit null exception at 0x0000000002d1073c to 0x0000000002d12efd
Event: 2.938 Thread 0x0000000056cd7800 Implicit null exception at 0x0000000002cb1c3a to 0x0000000002cb4225

Events (10 events):
Event: 2.933 Thread 0x0000000056cd7800 DEOPT PACKING pc=0x0000000002d123d4 sp=0x0000000057bceb90
Event: 2.933 Thread 0x0000000056cd7800 DEOPT UNPACKING pc=0x00000000029e582a sp=0x0000000057bceb80 mode 2
Event: 2.938 Thread 0x0000000056cd7800 Uncommon trap: trap_request=0xfffffff4 fr.pc=0x0000000002d12f48
Event: 2.938 Thread 0x0000000056cd7800 DEOPT PACKING pc=0x0000000002d12f48 sp=0x0000000057bceba0
Event: 2.938 Thread 0x0000000056cd7800 DEOPT UNPACKING pc=0x00000000029e582a sp=0x0000000057bcea18 mode 2
Event: 2.938 Thread 0x0000000056cd7800 Uncommon trap: trap_request=0xfffffff4 fr.pc=0x0000000002cb4248
Event: 2.938 Thread 0x0000000056cd7800 DEOPT PACKING pc=0x0000000002cb4248 sp=0x0000000057bceb30
Event: 2.938 Thread 0x0000000056cd7800 DEOPT UNPACKING pc=0x00000000029e582a sp=0x0000000057bcea08 mode 2
Event: 3.013 loading class com/android/dx/cf/iface/ParseObserver
Event: 3.013 loading class com/android/dx/cf/iface/ParseObserver done


Dynamic libraries:
0x000000013f350000 - 0x000000013f387000 	C:\java\jdk8u51\bin\java.exe
0x00000000774e0000 - 0x000000007768a000 	C:\Windows\SYSTEM32\ntdll.dll
0x00000000772c0000 - 0x00000000773df000 	C:\Windows\system32\kernel32.dll
0x000007fefd540000 - 0x000007fefd5aa000 	C:\Windows\system32\KERNELBASE.dll
0x000007fefeea0000 - 0x000007fefef7b000 	C:\Windows\system32\ADVAPI32.dll
0x000007fefee00000 - 0x000007fefee9f000 	C:\Windows\system32\msvcrt.dll
0x000007fefed60000 - 0x000007fefed7f000 	C:\Windows\SYSTEM32\sechost.dll
0x000007feff190000 - 0x000007feff2bd000 	C:\Windows\system32\RPCRT4.dll
0x00000000773e0000 - 0x00000000774da000 	C:\Windows\system32\USER32.dll
0x000007fefda70000 - 0x000007fefdad7000 	C:\Windows\system32\GDI32.dll
0x000007fefebe0000 - 0x000007fefebee000 	C:\Windows\system32\LPK.dll
0x000007fefd630000 - 0x000007fefd6fa000 	C:\Windows\system32\USP10.dll
0x000007fefbb70000 - 0x000007fefbd64000 	C:\Windows\WinSxS\amd64_microsoft.windows.common-controls_6595b64144ccf1df_6.0.7601.18837_none_fa3b1e3d17594757\COMCTL32.dll
0x000007fefed80000 - 0x000007fefedf1000 	C:\Windows\system32\SHLWAPI.dll
0x000007feff530000 - 0x000007feff55e000 	C:\Windows\system32\IMM32.DLL
0x000007feff3a0000 - 0x000007feff4a9000 	C:\Windows\system32\MSCTF.dll
0x0000000065dd0000 - 0x0000000065ea2000 	C:\java\jdk8u51\jre\bin\msvcr100.dll
0x000000006f480000 - 0x000000006fd03000 	C:\java\jdk8u51\jre\bin\server\jvm.dll
0x000007fef9330000 - 0x000007fef9339000 	C:\Windows\system32\WSOCK32.dll
0x000007fefec10000 - 0x000007fefec5d000 	C:\Windows\system32\WS2_32.dll
0x000007fefd620000 - 0x000007fefd628000 	C:\Windows\system32\NSI.dll
0x000007fefac30000 - 0x000007fefac6b000 	C:\Windows\system32\WINMM.dll
0x000007fefc350000 - 0x000007fefc35c000 	C:\Windows\system32\VERSION.dll
0x00000000776b0000 - 0x00000000776b7000 	C:\Windows\system32\PSAPI.DLL
0x00000000748e0000 - 0x00000000748ef000 	C:\java\jdk8u51\jre\bin\verify.dll
0x00000000748b0000 - 0x00000000748d9000 	C:\java\jdk8u51\jre\bin\java.dll
0x0000000074890000 - 0x00000000748a6000 	C:\java\jdk8u51\jre\bin\zip.dll
0x000007fefdae0000 - 0x000007fefe869000 	C:\Windows\system32\SHELL32.dll
0x000007fefef80000 - 0x000007feff183000 	C:\Windows\system32\ole32.dll
0x000007fefd270000 - 0x000007fefd27f000 	C:\Windows\system32\profapi.dll
0x000007fef73e0000 - 0x000007fef7505000 	C:\Windows\system32\dbghelp.dll

VM Arguments:
jvm_args: -Djava.awt.headless=true -Xmx1024M -Dfile.encoding=windows-1252 -Duser.country=GB -Duser.language=en -Duser.variant 
java_command: com.android.dx.command.Main --dex --force-jumbo --num-threads=4 --multi-dex --output C:\Users\dineen\Desktop\14-06-16\Ancien_Dico_Stage\app\build\intermediates\transforms\dex\debug\folders\1000\10\kotlin-stdlib-1.0.2_f8c66ef073f0a4571442499d4a910b32a1527ddf C:\Users\dineen\.gradle\caches\modules-2\files-2.1\org.jetbrains.kotlin\kotlin-stdlib\1.0.2\22063f19bfd8e50f21fc310842a91ff5b31bb272\kotlin-stdlib-1.0.2.jar
java_class_path (initial): C:\AndroidSDK\build-tools\23.0.3\lib\dx.jar
Launcher Type: SUN_STANDARD

Environment Variables:
JAVA_HOME=C:\java\jdk8u51
PATH=C:\Program Files (x86)\Intel\iCLS Client\;C:\Program Files\Intel\iCLS Client\;C:\ProgramData\Oracle\Java\javapath;C:\Windows\system32;C:\Windows;C:\Windows\System32\Wbem;C:\Windows\System32\WindowsPowerShell\v1.0\;C:\Program Files (x86)\AMD\ATI.ACE\Core-Static;C:\java\jdk8u51\bin;C:\Program Files (x86)\Windows Kits\8.1\Windows Performance Toolkit\;C:\Program Files\Microsoft SQL Server\110\Tools\Binn\;C:\Program Files (x86)\Microsoft SDKs\TypeScript\1.0\;C:\Program Files\Microsoft SQL Server\120\Tools\Binn\;C:\Program Files\Intel\Intel(R) Management Engine Components\DAL;C:\Program Files\Intel\Intel(R) Management Engine Components\IPT;C:\Program Files (x86)\Intel\Intel(R) Management Engine Components\DAL;C:\Program Files (x86)\Intel\Intel(R) Management Engine Components\IPT;C:\Program Files\Git\cmd
USERNAME=dineen
OS=Windows_NT
PROCESSOR_IDENTIFIER=Intel64 Family 6 Model 58 Stepping 9, GenuineIntel



---------------  S Y S T E M  ---------------

OS: Windows 7 , 64 bit Build 7601 (6.1.7601.23418)

CPU:total 4 (4 cores per cpu, 1 threads per core) family 6 model 58 stepping 9, cmov, cx8, fxsr, mmx, sse, sse2, sse3, ssse3, sse4.1, sse4.2, popcnt, avx, aes, clmul, erms, tsc, tscinvbit, tscinv

Memory: 4k page, physical 8342068k(1342256k free), swap 10437360k(215624k free)

vm_info: Java HotSpot(TM) 64-Bit Server VM (25.51-b03) for windows-amd64 JRE (1.8.0_51-b16), built on Jun  8 2015 18:03:07 by "java_re" with MS VC++ 10.0 (VS2010)

time: Tue Jun 14 15:15:20 2016
elapsed time: 3 seconds (0d 0h 0m 3s)

