#
# There is insufficient memory for the Java Runtime Environment to continue.
# Native memory allocation (malloc) failed to allocate 65552 bytes for Chunk::new
# Possible reasons:
#   The system is out of physical RAM or swap space
#   In 32 bit mode, the process size limit was hit
# Possible solutions:
#   Reduce memory load on the system
#   Increase physical memory or swap space
#   Check if swap backing store is full
#   Use 64 bit Java on a 64 bit OS
#   Decrease Java heap size (-Xmx/-Xms)
#   Decrease number of Java threads
#   Decrease Java thread stack sizes (-Xss)
#   Set larger code cache with -XX:ReservedCodeCacheSize=
# This output file may be truncated or incomplete.
#
#  Out of Memory Error (allocation.cpp:390), pid=4060, tid=5940
#
# JRE version: Java(TM) SE Runtime Environment (8.0_51-b16) (build 1.8.0_51-b16)
# Java VM: Java HotSpot(TM) 64-Bit Server VM (25.51-b03 mixed mode windows-amd64 compressed oops)
# Failed to write core dump. Minidumps are not enabled by default on client versions of Windows
#

---------------  T H R E A D  ---------------

Current thread (0x0000000055079000):  JavaThread "C2 CompilerThread1" daemon [_thread_in_native, id=5940, stack(0x0000000056900000,0x0000000056a00000)]

Stack: [0x0000000056900000,0x0000000056a00000]
Native frames: (J=compiled Java code, j=interpreted, Vv=VM code, C=native code)
V  [jvm.dll+0x32b4ca]


Current CompileTask:
C2:   6825 1562       4       com.android.dx.cf.code.Simulator$SimVisitor::visitConstant (332 bytes)


---------------  P R O C E S S  ---------------

Java Threads: ( => current thread )
  0x0000000056ea4800 JavaThread "pool-1-thread-4" [_thread_in_Java, id=5372, stack(0x0000000011ed0000,0x0000000011fd0000)]
  0x0000000056e97800 JavaThread "pool-1-thread-3" [_thread_in_Java, id=2880, stack(0x0000000057660000,0x0000000057760000)]
  0x0000000056da0800 JavaThread "pool-1-thread-2" [_thread_blocked, id=4104, stack(0x00000000577b0000,0x00000000578b0000)]
  0x0000000056d57000 JavaThread "pool-2-thread-1" [_thread_blocked, id=5136, stack(0x0000000057260000,0x0000000057360000)]
  0x0000000056d49000 JavaThread "pool-1-thread-1" [_thread_blocked, id=4212, stack(0x0000000057550000,0x0000000057650000)]
  0x000000005507d000 JavaThread "Service Thread" daemon [_thread_blocked, id=5060, stack(0x0000000057140000,0x0000000057240000)]
  0x000000005507a800 JavaThread "C1 CompilerThread2" daemon [_thread_blocked, id=4052, stack(0x0000000056ad0000,0x0000000056bd0000)]
=>0x0000000055079000 JavaThread "C2 CompilerThread1" daemon [_thread_in_native, id=5940, stack(0x0000000056900000,0x0000000056a00000)]
  0x0000000055072800 JavaThread "C2 CompilerThread0" daemon [_thread_in_native, id=5344, stack(0x0000000056730000,0x0000000056830000)]
  0x000000005506f800 JavaThread "Attach Listener" daemon [_thread_blocked, id=5576, stack(0x00000000565a0000,0x00000000566a0000)]
  0x000000005506e000 JavaThread "Signal Dispatcher" daemon [_thread_blocked, id=5972, stack(0x00000000562d0000,0x00000000563d0000)]
  0x0000000055011800 JavaThread "Finalizer" daemon [_thread_blocked, id=1356, stack(0x00000000563f0000,0x00000000564f0000)]
  0x0000000055010000 JavaThread "Reference Handler" daemon [_thread_blocked, id=6024, stack(0x0000000056130000,0x0000000056230000)]
  0x000000000221e800 JavaThread "main" [_thread_in_native, id=4744, stack(0x0000000002530000,0x0000000002630000)]

Other Threads:
  0x000000005500a800 VMThread [stack: 0x0000000055f70000,0x0000000056070000] [id=6052]
  0x0000000056bd1000 WatcherThread [stack: 0x0000000057360000,0x0000000057460000] [id=4200]

VM state:not at safepoint (normal execution)

VM Mutex/Monitor currently owned by a thread: None

Heap:
 PSYoungGen      total 71680K, used 8069K [0x00000000eab00000, 0x00000000ef600000, 0x0000000100000000)
  eden space 66560K, 4% used [0x00000000eab00000,0x00000000eade4d40,0x00000000eec00000)
  from space 5120K, 99% used [0x00000000eec00000,0x00000000ef0fc8b0,0x00000000ef100000)
  to   space 5120K, 0% used [0x00000000ef100000,0x00000000ef100000,0x00000000ef600000)
 ParOldGen       total 87552K, used 36310K [0x00000000c0000000, 0x00000000c5580000, 0x00000000eab00000)
  object space 87552K, 41% used [0x00000000c0000000,0x00000000c2375888,0x00000000c5580000)
 Metaspace       used 5924K, capacity 6960K, committed 7040K, reserved 1056768K
  class space    used 583K, capacity 616K, committed 640K, reserved 1048576K

Card table byte_map: [0x0000000011cc0000,0x0000000011ed0000] byte_map_base: 0x00000000116c0000

Marking Bits: (ParMarkBitMap*) 0x0000000065a84040
 Begin Bits: [0x0000000012480000, 0x0000000013480000)
 End Bits:   [0x0000000013480000, 0x0000000014480000)

Polling page: 0x0000000000130000

CodeCache: size=245760Kb used=6982Kb max_used=6982Kb free=238777Kb
 bounds [0x0000000002900000, 0x0000000002fe0000, 0x0000000011900000]
 total_blobs=1829 nmethods=1560 adapters=182
 compilation: enabled

Compilation events (10 events):
Event: 6.812 Thread 0x000000005507a800 1587       2       com.android.dx.cf.attrib.AttLineNumberTable::byteLength (13 bytes)
Event: 6.812 Thread 0x000000005507a800 nmethod 1587 0x0000000002f84b50 code [0x0000000002f84ca0, 0x0000000002f84e10]
Event: 6.812 Thread 0x000000005507a800 1588       2       com.android.dx.cf.attrib.RawAttribute::byteLength (11 bytes)
Event: 6.812 Thread 0x000000005507a800 nmethod 1588 0x0000000002f84750 code [0x0000000002f848a0, 0x0000000002f849f0]
Event: 6.814 Thread 0x000000005507a800 1589       2       java.util.DualPivotQuicksort::sort (1195 bytes)
Event: 6.815 Thread 0x000000005507a800 nmethod 1589 0x0000000002fd6d10 code [0x0000000002fd7000, 0x0000000002fd84e8]
Event: 6.817 Thread 0x000000005507a800 1590       2       com.android.dx.rop.code.CstInsn::contentEquals (31 bytes)
Event: 6.817 Thread 0x000000005507a800 nmethod 1590 0x0000000002fa6b10 code [0x0000000002fa6c80, 0x0000000002fa6e98]
Event: 6.818 Thread 0x000000005507a800 1592       2       java.util.TreeMap::compare (32 bytes)
Event: 6.818 Thread 0x000000005507a800 nmethod 1592 0x0000000002fa66d0 code [0x0000000002fa6840, 0x0000000002fa6a38]

GC Heap History (6 events):
Event: 1.690 GC heap before
{Heap before GC invocations=1 (full 0):
 PSYoungGen      total 38400K, used 33280K [0x00000000eab00000, 0x00000000ed580000, 0x0000000100000000)
  eden space 33280K, 100% used [0x00000000eab00000,0x00000000ecb80000,0x00000000ecb80000)
  from space 5120K, 0% used [0x00000000ed080000,0x00000000ed080000,0x00000000ed580000)
  to   space 5120K, 0% used [0x00000000ecb80000,0x00000000ecb80000,0x00000000ed080000)
 ParOldGen       total 87552K, used 0K [0x00000000c0000000, 0x00000000c5580000, 0x00000000eab00000)
  object space 87552K, 0% used [0x00000000c0000000,0x00000000c0000000,0x00000000c5580000)
 Metaspace       used 5751K, capacity 6832K, committed 7040K, reserved 1056768K
  class space    used 577K, capacity 616K, committed 640K, reserved 1048576K
Event: 1.959 GC heap after
Heap after GC invocations=1 (full 0):
 PSYoungGen      total 38400K, used 5116K [0x00000000eab00000, 0x00000000ef600000, 0x0000000100000000)
  eden space 33280K, 0% used [0x00000000eab00000,0x00000000eab00000,0x00000000ecb80000)
  from space 5120K, 99% used [0x00000000ecb80000,0x00000000ed07f110,0x00000000ed080000)
  to   space 5120K, 0% used [0x00000000ef100000,0x00000000ef100000,0x00000000ef600000)
 ParOldGen       total 87552K, used 1666K [0x00000000c0000000, 0x00000000c5580000, 0x00000000eab00000)
  object space 87552K, 1% used [0x00000000c0000000,0x00000000c01a0930,0x00000000c5580000)
 Metaspace       used 5751K, capacity 6832K, committed 7040K, reserved 1056768K
  class space    used 577K, capacity 616K, committed 640K, reserved 1048576K
}
Event: 6.200 GC heap before
{Heap before GC invocations=2 (full 0):
 PSYoungGen      total 38400K, used 38396K [0x00000000eab00000, 0x00000000ef600000, 0x0000000100000000)
  eden space 33280K, 100% used [0x00000000eab00000,0x00000000ecb80000,0x00000000ecb80000)
  from space 5120K, 99% used [0x00000000ecb80000,0x00000000ed07f110,0x00000000ed080000)
  to   space 5120K, 0% used [0x00000000ef100000,0x00000000ef100000,0x00000000ef600000)
 ParOldGen       total 87552K, used 1666K [0x00000000c0000000, 0x00000000c5580000, 0x00000000eab00000)
  object space 87552K, 1% used [0x00000000c0000000,0x00000000c01a0930,0x00000000c5580000)
 Metaspace       used 5893K, capacity 6960K, committed 7040K, reserved 1056768K
  class space    used 580K, capacity 616K, committed 640K, reserved 1048576K
Event: 6.277 GC heap after
Heap after GC invocations=2 (full 0):
 PSYoungGen      total 71680K, used 5106K [0x00000000eab00000, 0x00000000ef600000, 0x0000000100000000)
  eden space 66560K, 0% used [0x00000000eab00000,0x00000000eab00000,0x00000000eec00000)
  from space 5120K, 99% used [0x00000000ef100000,0x00000000ef5fc8b0,0x00000000ef600000)
  to   space 5120K, 0% used [0x00000000eec00000,0x00000000eec00000,0x00000000ef100000)
 ParOldGen       total 87552K, used 12659K [0x00000000c0000000, 0x00000000c5580000, 0x00000000eab00000)
  object space 87552K, 14% used [0x00000000c0000000,0x00000000c0c5ce48,0x00000000c5580000)
 Metaspace       used 5893K, capacity 6960K, committed 7040K, reserved 1056768K
  class space    used 580K, capacity 616K, committed 640K, reserved 1048576K
}
Event: 6.690 GC heap before
{Heap before GC invocations=3 (full 0):
 PSYoungGen      total 71680K, used 71666K [0x00000000eab00000, 0x00000000ef600000, 0x0000000100000000)
  eden space 66560K, 100% used [0x00000000eab00000,0x00000000eec00000,0x00000000eec00000)
  from space 5120K, 99% used [0x00000000ef100000,0x00000000ef5fc8b0,0x00000000ef600000)
  to   space 5120K, 0% used [0x00000000eec00000,0x00000000eec00000,0x00000000ef100000)
 ParOldGen       total 87552K, used 12659K [0x00000000c0000000, 0x00000000c5580000, 0x00000000eab00000)
  object space 87552K, 14% used [0x00000000c0000000,0x00000000c0c5ce48,0x00000000c5580000)
 Metaspace       used 5912K, capacity 6960K, committed 7040K, reserved 1056768K
  class space    used 583K, capacity 616K, committed 640K, reserved 1048576K
Event: 6.804 GC heap after
Heap after GC invocations=3 (full 0):
 PSYoungGen      total 71680K, used 5106K [0x00000000eab00000, 0x00000000ef600000, 0x0000000100000000)
  eden space 66560K, 0% used [0x00000000eab00000,0x00000000eab00000,0x00000000eec00000)
  from space 5120K, 99% used [0x00000000eec00000,0x00000000ef0fc8b0,0x00000000ef100000)
  to   space 5120K, 0% used [0x00000000ef100000,0x00000000ef100000,0x00000000ef600000)
 ParOldGen       total 87552K, used 36310K [0x00000000c0000000, 0x00000000c5580000, 0x00000000eab00000)
  object space 87552K, 41% used [0x00000000c0000000,0x00000000c2375888,0x00000000c5580000)
 Metaspace       used 5912K, capacity 6960K, committed 7040K, reserved 1056768K
  class space    used 583K, capacity 616K, committed 640K, reserved 1048576K
}

Deoptimization events (10 events):
Event: 6.371 Thread 0x0000000056ea4800 Uncommon trap: reason=unstable_if action=reinterpret pc=0x0000000002c468d0 method=com.android.dx.ssa.SetFactory.makeLivenessSet(I)Lcom/android/dx/util/IntSet; @ 4
Event: 6.371 Thread 0x0000000056ea4800 Uncommon trap: reason=unstable_if action=reinterpret pc=0x0000000002c62320 method=com.android.dx.ssa.SetFactory.makeLivenessSet(I)Lcom/android/dx/util/IntSet; @ 4
Event: 6.372 Thread 0x0000000056ea4800 Uncommon trap: reason=unstable_if action=reinterpret pc=0x0000000002cfbe80 method=com.android.dx.util.IntList.binarysearch(I)I @ 105
Event: 6.656 Thread 0x0000000056ea4800 Uncommon trap: reason=class_check action=maybe_recompile pc=0x0000000002f3031c method=com.android.dx.ssa.NormalSsaInsn.accept(Lcom/android/dx/ssa/SsaInsn$Visitor;)V @ 9
Event: 6.658 Thread 0x0000000056ea4800 Uncommon trap: reason=unstable_if action=reinterpret pc=0x0000000002df5c9c method=com.android.dx.util.BitIntSet.has(I)Z @ 8
Event: 6.658 Thread 0x0000000056ea4800 Uncommon trap: reason=class_check action=maybe_recompile pc=0x0000000002f3031c method=com.android.dx.ssa.NormalSsaInsn.accept(Lcom/android/dx/ssa/SsaInsn$Visitor;)V @ 9
Event: 6.658 Thread 0x0000000056ea4800 Uncommon trap: reason=class_check action=maybe_recompile pc=0x0000000002f3031c method=com.android.dx.ssa.NormalSsaInsn.accept(Lcom/android/dx/ssa/SsaInsn$Visitor;)V @ 9
Event: 6.658 Thread 0x0000000056ea4800 Uncommon trap: reason=class_check action=maybe_recompile pc=0x0000000002f3031c method=com.android.dx.ssa.NormalSsaInsn.accept(Lcom/android/dx/ssa/SsaInsn$Visitor;)V @ 9
Event: 6.660 Thread 0x0000000056ea4800 Uncommon trap: reason=unstable_if action=reinterpret pc=0x0000000002db6608 method=com.android.dx.util.BitIntSet.has(I)Z @ 8
Event: 6.809 Thread 0x000000000221e800 Uncommon trap: reason=unloaded action=reinterpret pc=0x0000000002d65be8 method=com.android.dx.cf.cst.ConstantPoolParser.parse0(ILjava/util/BitSet;)Lcom/android/dx/rop/cst/Constant; @ 198

Internal exceptions (3 events):
Event: 0.121 Thread 0x000000000221e800 Exception <a 'java/lang/NoSuchMethodError': Method sun.misc.Unsafe.defineClass(Ljava/lang/String;[BII)Ljava/lang/Class; name or signature does not match> (0x00000000eab0d518) thrown at [C:\re\workspace\8-2-build-windows-amd64-cygwin\jdk8u51\3951\hotspot\sr±¨¯”‡æ?
Event: 0.121 Thread 0x000000000221e800 Exception <a 'java/lang/NoSuchMethodError': Method sun.misc.Unsafe.prefetchRead(Ljava/lang/Object;J)V name or signature does not match> (0x00000000eab0d7a8) thrown at [C:\re\workspace\8-2-build-windows-amd64-cygwin\jdk8u51\3951\hotspot\src\share\vm\prims\j»AìÁ…@
Event: 5.947 Thread 0x0000000056ea4800 Implicit null exception at 0x0000000002b88269 to 0x0000000002b89bfd

Events (10 events):
Event: 6.660 Thread 0x0000000056ea4800 DEOPT UNPACKING pc=0x000000000294582a sp=0x0000000011fce370 mode 2
Event: 6.673 Thread 0x0000000056e97800 DEOPT PACKING pc=0x0000000002f43c14 sp=0x000000005775e590
Event: 6.673 Thread 0x0000000056e97800 DEOPT UNPACKING pc=0x000000000294787f sp=0x000000005775e290 mode 0
Event: 6.689 Executing VM operation: ParallelGCFailedAllocation
Event: 6.804 Executing VM operation: ParallelGCFailedAllocation done
Event: 6.809 Thread 0x000000000221e800 Uncommon trap: trap_request=0x000000d0 fr.pc=0x0000000002d65be8
Event: 6.809 Thread 0x000000000221e800 DEOPT PACKING pc=0x0000000002d65be8 sp=0x000000000262e350
Event: 6.809 Thread 0x000000000221e800 DEOPT UNPACKING pc=0x000000000294582a sp=0x000000000262e2f8 mode 2
Event: 6.811 loading class com/android/dx/cf/direct/DirectClassFile$DcfTypeList
Event: 6.811 loading class com/android/dx/cf/direct/DirectClassFile$DcfTypeList done


Dynamic libraries:
0x000000013f060000 - 0x000000013f097000 	C:\java\jdk8u51\bin\java.exe
0x0000000077bd0000 - 0x0000000077d7a000 	C:\Windows\SYSTEM32\ntdll.dll
0x0000000077ab0000 - 0x0000000077bcf000 	C:\Windows\system32\kernel32.dll
0x000007fefd970000 - 0x000007fefd9da000 	C:\Windows\system32\KERNELBASE.dll
0x000007feff040000 - 0x000007feff11b000 	C:\Windows\system32\ADVAPI32.dll
0x000007feffbd0000 - 0x000007feffc6f000 	C:\Windows\system32\msvcrt.dll
0x000007feff1a0000 - 0x000007feff1bf000 	C:\Windows\SYSTEM32\sechost.dll
0x000007feff880000 - 0x000007feff9ad000 	C:\Windows\system32\RPCRT4.dll
0x00000000779b0000 - 0x0000000077aaa000 	C:\Windows\system32\USER32.dll
0x000007feff1c0000 - 0x000007feff227000 	C:\Windows\system32\GDI32.dll
0x000007fefed60000 - 0x000007fefed6e000 	C:\Windows\system32\LPK.dll
0x000007feff230000 - 0x000007feff2fa000 	C:\Windows\system32\USP10.dll
0x000007fefc220000 - 0x000007fefc414000 	C:\Windows\WinSxS\amd64_microsoft.windows.common-controls_6595b64144ccf1df_6.0.7601.18837_none_fa3b1e3d17594757\COMCTL32.dll
0x000007feffc70000 - 0x000007feffce1000 	C:\Windows\system32\SHLWAPI.dll
0x000007feffba0000 - 0x000007feffbce000 	C:\Windows\system32\IMM32.DLL
0x000007feffdd0000 - 0x000007feffed9000 	C:\Windows\system32\MSCTF.dll
0x0000000061990000 - 0x0000000061a62000 	C:\java\jdk8u51\jre\bin\msvcr100.dll
0x0000000065280000 - 0x0000000065b03000 	C:\java\jdk8u51\jre\bin\server\jvm.dll
0x000007fef8df0000 - 0x000007fef8df9000 	C:\Windows\system32\WSOCK32.dll
0x000007fefea60000 - 0x000007fefeaad000 	C:\Windows\system32\WS2_32.dll
0x000007fefeb50000 - 0x000007fefeb58000 	C:\Windows\system32\NSI.dll
0x000007fefb090000 - 0x000007fefb0cb000 	C:\Windows\system32\WINMM.dll
0x000007fefc840000 - 0x000007fefc84c000 	C:\Windows\system32\VERSION.dll
0x0000000077da0000 - 0x0000000077da7000 	C:\Windows\system32\PSAPI.DLL
0x0000000066d40000 - 0x0000000066d4f000 	C:\java\jdk8u51\jre\bin\verify.dll
0x0000000066be0000 - 0x0000000066c09000 	C:\java\jdk8u51\jre\bin\java.dll
0x0000000066bc0000 - 0x0000000066bd6000 	C:\java\jdk8u51\jre\bin\zip.dll
0x000007fefdcd0000 - 0x000007fefea59000 	C:\Windows\system32\SHELL32.dll
0x000007feff300000 - 0x000007feff503000 	C:\Windows\system32\ole32.dll
0x000007fefd920000 - 0x000007fefd92f000 	C:\Windows\system32\profapi.dll

VM Arguments:
jvm_args: -Djava.awt.headless=true -Xmx1024M -Dfile.encoding=windows-1252 -Duser.country=GB -Duser.language=en -Duser.variant 
java_command: com.android.dx.command.Main --dex --force-jumbo --num-threads=4 --output C:\LoicDev\Ancien_Dico_Stage\app\build\intermediates\pre-dexed\debug\main_c0076ade9c50942ce2da00946c25bc8d474487d5.jar C:\LoicDev\Ancien_Dico_Stage\app\build\intermediates\transforms\instantRun\debug\folders\1\5\main
java_class_path (initial): C:\AndroidSDK\build-tools\23.0.3\lib\dx.jar
Launcher Type: SUN_STANDARD

Environment Variables:
JAVA_HOME=C:\java\jdk8u51
PATH=C:\Program Files (x86)\Intel\iCLS Client\;C:\Program Files\Intel\iCLS Client\;C:\ProgramData\Oracle\Java\javapath;C:\Windows\system32;C:\Windows;C:\Windows\System32\Wbem;C:\Windows\System32\WindowsPowerShell\v1.0\;C:\Program Files (x86)\AMD\ATI.ACE\Core-Static;C:\java\jdk8u51\bin;C:\Program Files (x86)\Windows Kits\8.1\Windows Performance Toolkit\;C:\Program Files\Microsoft SQL Server\110\Tools\Binn\;C:\Program Files (x86)\Microsoft SDKs\TypeScript\1.0\;C:\Program Files\Microsoft SQL Server\120\Tools\Binn\;C:\Program Files\Intel\Intel(R) Management Engine Components\DAL;C:\Program Files\Intel\Intel(R) Management Engine Components\IPT;C:\Program Files (x86)\Intel\Intel(R) Management Engine Components\DAL;C:\Program Files (x86)\Intel\Intel(R) Management Engine Components\IPT;C:\Program Files\Git\cmd;C:\Program Files (x86)\WinMerge
USERNAME=dineen
OS=Windows_NT
PROCESSOR_IDENTIFIER=Intel64 Family 6 Model 58 Stepping 9, GenuineIntel



---------------  S Y S T E M  ---------------

OS: Windows 7 , 64 bit Build 7601 (6.1.7601.23418)

CPU:total 4 (4 cores per cpu, 1 threads per core) family 6 model 58 stepping 9, cmov, cx8, fxsr, mmx, sse, sse2, sse3, ssse3, sse4.1, sse4.2, popcnt, avx, aes, clmul, erms, tsc, tscinvbit, tscinv

Memory: 4k page, physical 8342068k(707972k free), swap 10437360k(4916k free)

vm_info: Java HotSpot(TM) 64-Bit Server VM (25.51-b03) for windows-amd64 JRE (1.8.0_51-b16), built on Jun  8 2015 18:03:07 by "java_re" with MS VC++ 10.0 (VS2010)

time: Wed Aug 03 14:23:59 2016
elapsed time: 6 seconds (0d 0h 0m 6s)

