#
# There is insufficient memory for the Java Runtime Environment to continue.
# Native memory allocation (malloc) failed to allocate 214896 bytes for Chunk::new
# Possible reasons:
#   The system is out of physical RAM or swap space
#   In 32 bit mode, the process size limit was hit
# Possible solutions:
#   Reduce memory load on the system
#   Increase physical memory or swap space
#   Check if swap backing store is full
#   Use 64 bit Java on a 64 bit OS
#   Decrease Java heap size (-Xmx/-Xms)
#   Decrease number of Java threads
#   Decrease Java thread stack sizes (-Xss)
#   Set larger code cache with -XX:ReservedCodeCacheSize=
# This output file may be truncated or incomplete.
#
#  Out of Memory Error (allocation.cpp:390), pid=4644, tid=5664
#
# JRE version: Java(TM) SE Runtime Environment (8.0_51-b16) (build 1.8.0_51-b16)
# Java VM: Java HotSpot(TM) 64-Bit Server VM (25.51-b03 mixed mode windows-amd64 compressed oops)
# Failed to write core dump. Minidumps are not enabled by default on client versions of Windows
#

---------------  T H R E A D  ---------------

Current thread (0x0000000054fde000):  JavaThread "C2 CompilerThread0" daemon [_thread_in_native, id=5664, stack(0x00000000567e0000,0x00000000568e0000)]

Stack: [0x00000000567e0000,0x00000000568e0000]
Native frames: (J=compiled Java code, j=interpreted, Vv=VM code, C=native code)
V  [jvm.dll+0x32b4ca]


Current CompileTask:
C2:    912 1163       4       com.android.dx.ssa.back.LivenessAnalyzer::run (231 bytes)


---------------  P R O C E S S  ---------------

Java Threads: ( => current thread )
  0x0000000056de3800 JavaThread "pool-2-thread-4" [_thread_blocked, id=4284, stack(0x00000000576e0000,0x00000000577e0000)]
  0x0000000056dcf000 JavaThread "pool-2-thread-3" [_thread_blocked, id=1132, stack(0x0000000057570000,0x0000000057670000)]
  0x0000000056dc8000 JavaThread "pool-2-thread-2" [_thread_blocked, id=1488, stack(0x0000000057280000,0x0000000057380000)]
  0x0000000056cb1800 JavaThread "pool-3-thread-1" [_thread_blocked, id=4352, stack(0x0000000057410000,0x0000000057510000)]
  0x0000000056cb0800 JavaThread "pool-2-thread-1" [_thread_in_Java, id=216, stack(0x0000000057180000,0x0000000057280000)]
  0x0000000056b92000 JavaThread "Service Thread" daemon [_thread_blocked, id=6052, stack(0x00000000566b0000,0x00000000567b0000)]
  0x0000000056b75000 JavaThread "C1 CompilerThread2" daemon [_thread_blocked, id=452, stack(0x0000000057020000,0x0000000057120000)]
  0x0000000054fe3000 JavaThread "C2 CompilerThread1" daemon [_thread_blocked, id=3704, stack(0x0000000056a20000,0x0000000056b20000)]
=>0x0000000054fde000 JavaThread "C2 CompilerThread0" daemon [_thread_in_native, id=5664, stack(0x00000000567e0000,0x00000000568e0000)]
  0x0000000054fee800 JavaThread "Attach Listener" daemon [_thread_blocked, id=4712, stack(0x0000000056590000,0x0000000056690000)]
  0x0000000054fed000 JavaThread "Signal Dispatcher" daemon [_thread_blocked, id=3520, stack(0x0000000056030000,0x0000000056130000)]
  0x0000000054f87000 JavaThread "Finalizer" daemon [_thread_blocked, id=4204, stack(0x00000000563a0000,0x00000000564a0000)]
  0x0000000054f80000 JavaThread "Reference Handler" daemon [_thread_blocked, id=4444, stack(0x0000000056200000,0x0000000056300000)]
  0x00000000021de800 JavaThread "main" [_thread_in_native, id=4844, stack(0x0000000002440000,0x0000000002540000)]

Other Threads:
  0x0000000054f7a800 VMThread [stack: 0x0000000055f20000,0x0000000056020000] [id=3324]
  0x0000000056b96000 WatcherThread [stack: 0x0000000056900000,0x0000000056a00000] [id=4764]

VM state:not at safepoint (normal execution)

VM Mutex/Monitor currently owned by a thread: None

Heap:
 PSYoungGen      total 38400K, used 10412K [0x00000000eab00000, 0x00000000ed580000, 0x0000000100000000)
  eden space 33280K, 15% used [0x00000000eab00000,0x00000000eb033178,0x00000000ecb80000)
  from space 5120K, 99% used [0x00000000ecb80000,0x00000000ed078048,0x00000000ed080000)
  to   space 5120K, 0% used [0x00000000ed080000,0x00000000ed080000,0x00000000ed580000)
 ParOldGen       total 87552K, used 1384K [0x00000000c0000000, 0x00000000c5580000, 0x00000000eab00000)
  object space 87552K, 1% used [0x00000000c0000000,0x00000000c015a0e0,0x00000000c5580000)
 Metaspace       used 5777K, capacity 6832K, committed 7040K, reserved 1056768K
  class space    used 582K, capacity 616K, committed 640K, reserved 1048576K

Card table byte_map: [0x0000000011bd0000,0x0000000011de0000] byte_map_base: 0x00000000115d0000

Marking Bits: (ParMarkBitMap*) 0x00000000625c4040
 Begin Bits: [0x00000000123f0000, 0x00000000133f0000)
 End Bits:   [0x00000000133f0000, 0x00000000143f0000)

Polling page: 0x0000000000330000

CodeCache: size=245760Kb used=4592Kb max_used=4592Kb free=241167Kb
 bounds [0x0000000002810000, 0x0000000002c90000, 0x0000000011810000]
 total_blobs=1449 nmethods=1178 adapters=182
 compilation: disabled (not enough contiguous free space left)

Compilation events (10 events):
Event: 0.889 Thread 0x0000000056b75000 nmethod 1183 0x0000000002c7bb50 code [0x0000000002c7bca0, 0x0000000002c7bdb0]
Event: 0.889 Thread 0x0000000056b75000 1184       3       com.android.dx.dex.code.RopTranslator$TranslationVisitor::visitThrowingInsn (118 bytes)
Event: 0.890 Thread 0x0000000056b75000 nmethod 1184 0x0000000002c8cb50 code [0x0000000002c8ce60, 0x0000000002c8e728]
Event: 0.890 Thread 0x0000000056b75000 1186       3       com.android.dx.cf.code.ConcreteMethod::getMaxStack (8 bytes)
Event: 0.890 Thread 0x0000000056b75000 nmethod 1186 0x0000000002c8f550 code [0x0000000002c8f6a0, 0x0000000002c8f890]
Event: 0.890 Thread 0x0000000056b75000 1185       3       com.android.dx.cf.code.ConcreteMethod::getCode (8 bytes)
Event: 0.890 Thread 0x0000000056b75000 nmethod 1185 0x0000000002c8f950 code [0x0000000002c8faa0, 0x0000000002c8fc90]
Event: 0.891 Thread 0x0000000056b75000 1187       3       com.android.dx.dex.file.IdItem::<init> (24 bytes)
Event: 0.892 Thread 0x0000000056b75000 

Event: 0.894 Thread 0x0000000054fe3000 


GC Heap History (2 events):
Event: 0.768 GC heap before
{Heap before GC invocations=1 (full 0):
 PSYoungGen      total 38400K, used 33280K [0x00000000eab00000, 0x00000000ed580000, 0x0000000100000000)
  eden space 33280K, 100% used [0x00000000eab00000,0x00000000ecb80000,0x00000000ecb80000)
  from space 5120K, 0% used [0x00000000ed080000,0x00000000ed080000,0x00000000ed580000)
  to   space 5120K, 0% used [0x00000000ecb80000,0x00000000ecb80000,0x00000000ed080000)
 ParOldGen       total 87552K, used 0K [0x00000000c0000000, 0x00000000c5580000, 0x00000000eab00000)
  object space 87552K, 0% used [0x00000000c0000000,0x00000000c0000000,0x00000000c5580000)
 Metaspace       used 5761K, capacity 6832K, committed 7040K, reserved 1056768K
  class space    used 581K, capacity 616K, committed 640K, reserved 1048576K
Event: 0.887 GC heap after
Heap after GC invocations=1 (full 0):
 PSYoungGen      total 38400K, used 5088K [0x00000000eab00000, 0x00000000ed580000, 0x0000000100000000)
  eden space 33280K, 0% used [0x00000000eab00000,0x00000000eab00000,0x00000000ecb80000)
  from space 5120K, 99% used [0x00000000ecb80000,0x00000000ed078048,0x00000000ed080000)
  to   space 5120K, 0% used [0x00000000ed080000,0x00000000ed080000,0x00000000ed580000)
 ParOldGen       total 87552K, used 1384K [0x00000000c0000000, 0x00000000c5580000, 0x00000000eab00000)
  object space 87552K, 1% used [0x00000000c0000000,0x00000000c015a0e0,0x00000000c5580000)
 Metaspace       used 5761K, capacity 6832K, committed 7040K, reserved 1056768K
  class space    used 581K, capacity 616K, committed 640K, reserved 1048576K
}

Deoptimization events (10 events):
Event: 0.406 Thread 0x0000000056dc8000 Uncommon trap: reason=unstable_if action=reinterpret pc=0x0000000002a33ca0 method=java.util.BitSet.ensureCapacity(I)V @ 6
Event: 0.558 Thread 0x0000000056de3800 Uncommon trap: reason=unstable_if action=reinterpret pc=0x0000000002c06d6c method=com.android.dx.rop.code.RegisterSpec.withReg(I)Lcom/android/dx/rop/code/RegisterSpec; @ 5
Event: 0.563 Thread 0x0000000056de3800 Uncommon trap: reason=class_check action=maybe_recompile pc=0x0000000002b2fa98 method=com.android.dx.ssa.NormalSsaInsn.accept(Lcom/android/dx/ssa/SsaInsn$Visitor;)V @ 9
Event: 0.563 Thread 0x0000000056de3800 Uncommon trap: reason=class_check action=maybe_recompile pc=0x0000000002b2fa98 method=com.android.dx.ssa.NormalSsaInsn.accept(Lcom/android/dx/ssa/SsaInsn$Visitor;)V @ 9
Event: 0.896 Thread 0x0000000056cb0800 Uncommon trap: reason=uninitialized action=reinterpret pc=0x0000000002c65e5c method=com.android.dx.cf.code.BytecodeArray.parseInstruction(ILcom/android/dx/cf/code/BytecodeArray$Visitor;)I @ 999
Event: 0.897 Thread 0x0000000056cb0800 Uncommon trap: reason=unstable_if action=reinterpret pc=0x0000000002ac22a4 method=com.android.dx.rop.code.RegisterSpec.equals(ILcom/android/dx/rop/type/TypeBearer;Lcom/android/dx/rop/code/LocalItem;)Z @ 16
Event: 0.897 Thread 0x0000000056cb0800 Uncommon trap: reason=unstable_if action=reinterpret pc=0x0000000002b39ea0 method=com.android.dx.rop.code.RegisterSpec.equals(ILcom/android/dx/rop/type/TypeBearer;Lcom/android/dx/rop/code/LocalItem;)Z @ 16
Event: 0.898 Thread 0x0000000056cb0800 Uncommon trap: reason=unstable_if action=reinterpret pc=0x0000000002a34c78 method=com.android.dx.rop.code.RegisterSpec.equals(ILcom/android/dx/rop/type/TypeBearer;Lcom/android/dx/rop/code/LocalItem;)Z @ 16
Event: 0.898 Thread 0x0000000056cb0800 Uncommon trap: reason=unstable_if action=reinterpret pc=0x0000000002a3672c method=com.android.dx.rop.code.RegisterSpec.equals(ILcom/android/dx/rop/type/TypeBearer;Lcom/android/dx/rop/code/LocalItem;)Z @ 16
Event: 0.899 Thread 0x0000000056dc8000 Uncommon trap: reason=unstable_if action=reinterpret pc=0x0000000002c74244 method=com.android.dx.util.BitIntSet.has(I)Z @ 8

Internal exceptions (2 events):
Event: 0.027 Thread 0x00000000021de800 Exception <a 'java/lang/NoSuchMethodError': Method sun.misc.Unsafe.defineClass(Ljava/lang/String;[BII)Ljava/lang/Class; name or signature does not match> (0x00000000eab0d520) thrown at [C:\re\workspace\8-2-build-windows-amd64-cygwin\jdk8u51\3951\hotspot\srCSQ½”›?
Event: 0.027 Thread 0x00000000021de800 Exception <a 'java/lang/NoSuchMethodError': Method sun.misc.Unsafe.prefetchRead(Ljava/lang/Object;J)V name or signature does not match> (0x00000000eab0d7b0) thrown at [C:\re\workspace\8-2-build-windows-amd64-cygwin\jdk8u51\3951\hotspot\src\share\vm\prims\j

Events (10 events):
Event: 0.898 Thread 0x0000000056cb0800 DEOPT PACKING pc=0x0000000002a34c78 sp=0x000000005727e7e0
Event: 0.898 Thread 0x0000000056cb0800 DEOPT UNPACKING pc=0x000000000285582a sp=0x000000005727e5c8 mode 2
Event: 0.898 Thread 0x0000000056cb0800 Uncommon trap: trap_request=0xffffff65 fr.pc=0x0000000002a3672c
Event: 0.898 Thread 0x0000000056cb0800 DEOPT PACKING pc=0x0000000002a3672c sp=0x000000005727e640
Event: 0.898 Thread 0x0000000056cb0800 DEOPT UNPACKING pc=0x000000000285582a sp=0x000000005727e498 mode 2
Event: 0.899 Thread 0x0000000056dc8000 Uncommon trap: trap_request=0xffffff65 fr.pc=0x0000000002c74244
Event: 0.899 Thread 0x0000000056dc8000 DEOPT PACKING pc=0x0000000002c74244 sp=0x000000005737e8a0
Event: 0.899 Thread 0x0000000056dc8000 DEOPT UNPACKING pc=0x000000000285582a sp=0x000000005737e760 mode 2
Event: 0.911 Thread 0x0000000056cb0800 DEOPT PACKING pc=0x0000000002b944b4 sp=0x000000005727e8c0
Event: 0.911 Thread 0x0000000056cb0800 DEOPT UNPACKING pc=0x000000000285787f sp=0x000000005727e688 mode 0


Dynamic libraries:
0x000000013f6a0000 - 0x000000013f6d7000 	C:\java\jdk8u51\bin\java.exe
0x0000000077b00000 - 0x0000000077caa000 	C:\Windows\SYSTEM32\ntdll.dll
0x00000000778e0000 - 0x00000000779ff000 	C:\Windows\system32\kernel32.dll
0x000007fefdbb0000 - 0x000007fefdc1a000 	C:\Windows\system32\KERNELBASE.dll
0x000007feffd30000 - 0x000007feffe0b000 	C:\Windows\system32\ADVAPI32.dll
0x000007fefef40000 - 0x000007fefefdf000 	C:\Windows\system32\msvcrt.dll
0x000007feffd10000 - 0x000007feffd2f000 	C:\Windows\SYSTEM32\sechost.dll
0x000007feff180000 - 0x000007feff2ad000 	C:\Windows\system32\RPCRT4.dll
0x0000000077a00000 - 0x0000000077afa000 	C:\Windows\system32\USER32.dll
0x000007fefecf0000 - 0x000007fefed57000 	C:\Windows\system32\GDI32.dll
0x000007feff5c0000 - 0x000007feff5ce000 	C:\Windows\system32\LPK.dll
0x000007fefee70000 - 0x000007fefef3a000 	C:\Windows\system32\USP10.dll
0x000007fefc190000 - 0x000007fefc384000 	C:\Windows\WinSxS\amd64_microsoft.windows.common-controls_6595b64144ccf1df_6.0.7601.18837_none_fa3b1e3d17594757\COMCTL32.dll
0x000007feff2e0000 - 0x000007feff351000 	C:\Windows\system32\SHLWAPI.dll
0x000007feff2b0000 - 0x000007feff2de000 	C:\Windows\system32\IMM32.DLL
0x000007fefed60000 - 0x000007fefee69000 	C:\Windows\system32\MSCTF.dll
0x0000000067770000 - 0x0000000067842000 	C:\java\jdk8u51\jre\bin\msvcr100.dll
0x0000000061dc0000 - 0x0000000062643000 	C:\java\jdk8u51\jre\bin\server\jvm.dll
0x000007fef9cf0000 - 0x000007fef9cf9000 	C:\Windows\system32\WSOCK32.dll
0x000007fefeca0000 - 0x000007fefeced000 	C:\Windows\system32\WS2_32.dll
0x000007feff670000 - 0x000007feff678000 	C:\Windows\system32\NSI.dll
0x000007fefaad0000 - 0x000007fefab0b000 	C:\Windows\system32\WINMM.dll
0x000007fefcb00000 - 0x000007fefcb0c000 	C:\Windows\system32\VERSION.dll
0x0000000077cc0000 - 0x0000000077cc7000 	C:\Windows\system32\PSAPI.DLL
0x0000000071bc0000 - 0x0000000071bcf000 	C:\java\jdk8u51\jre\bin\verify.dll
0x0000000071b30000 - 0x0000000071b59000 	C:\java\jdk8u51\jre\bin\java.dll
0x0000000071ba0000 - 0x0000000071bb6000 	C:\java\jdk8u51\jre\bin\zip.dll
0x000007fefdf10000 - 0x000007fefec99000 	C:\Windows\system32\SHELL32.dll
0x000007feff680000 - 0x000007feff883000 	C:\Windows\system32\ole32.dll
0x000007fefd880000 - 0x000007fefd88f000 	C:\Windows\system32\profapi.dll

VM Arguments:
jvm_args: -Djava.awt.headless=true -Xmx1024M -Dfile.encoding=windows-1252 -Duser.country=GB -Duser.language=en -Duser.variant 
java_command: com.android.dx.command.Main --dex --force-jumbo --num-threads=4 --multi-dex --output C:\Users\dineen\Desktop\Android_Dictionary-master\app\build\intermediates\transforms\dex\debug\folders\1000\5\slice_3 C:\Users\dineen\Desktop\Android_Dictionary-master\app\build\intermediates\transforms\instantRunSlicer\debug\folders\1\5\slice_3
java_class_path (initial): C:\AndroidSDK\build-tools\23.0.3\lib\dx.jar
Launcher Type: SUN_STANDARD

Environment Variables:
JAVA_HOME=C:\java\jdk8u51
PATH=C:\Program Files (x86)\Intel\iCLS Client\;C:\Program Files\Intel\iCLS Client\;C:\ProgramData\Oracle\Java\javapath;C:\Windows\system32;C:\Windows;C:\Windows\System32\Wbem;C:\Windows\System32\WindowsPowerShell\v1.0\;C:\Program Files (x86)\AMD\ATI.ACE\Core-Static;C:\java\jdk8u51\bin;C:\Program Files (x86)\Windows Kits\8.1\Windows Performance Toolkit\;C:\Program Files\Microsoft SQL Server\110\Tools\Binn\;C:\Program Files (x86)\Microsoft SDKs\TypeScript\1.0\;C:\Program Files\Microsoft SQL Server\120\Tools\Binn\;C:\Program Files\Intel\Intel(R) Management Engine Components\DAL;C:\Program Files\Intel\Intel(R) Management Engine Components\IPT;C:\Program Files (x86)\Intel\Intel(R) Management Engine Components\DAL;C:\Program Files (x86)\Intel\Intel(R) Management Engine Components\IPT
USERNAME=dineen
OS=Windows_NT
PROCESSOR_IDENTIFIER=Intel64 Family 6 Model 58 Stepping 9, GenuineIntel



---------------  S Y S T E M  ---------------

OS: Windows 7 , 64 bit Build 7601 (6.1.7601.23418)

CPU:total 4 (4 cores per cpu, 1 threads per core) family 6 model 58 stepping 9, cmov, cx8, fxsr, mmx, sse, sse2, sse3, ssse3, sse4.1, sse4.2, popcnt, avx, aes, clmul, erms, tsc, tscinvbit, tscinv

Memory: 4k page, physical 8342068k(1205460k free), swap 10437360k(4800k free)

vm_info: Java HotSpot(TM) 64-Bit Server VM (25.51-b03) for windows-amd64 JRE (1.8.0_51-b16), built on Jun  8 2015 18:03:07 by "java_re" with MS VC++ 10.0 (VS2010)

time: Fri Jun 10 11:48:09 2016
elapsed time: 0 seconds (0d 0h 0m 0s)

